[2024-10-29T23:09:21.292+0000] {taskinstance.py:1083} INFO - Dependencies all met for <TaskInstance: dagrundag1.tsk1 manual__2024-10-29T23:09:19.498092+00:00 [queued]>
[2024-10-29T23:09:21.313+0000] {taskinstance.py:1083} INFO - Dependencies all met for <TaskInstance: dagrundag1.tsk1 manual__2024-10-29T23:09:19.498092+00:00 [queued]>
[2024-10-29T23:09:21.313+0000] {taskinstance.py:1279} INFO - 
--------------------------------------------------------------------------------
[2024-10-29T23:09:21.314+0000] {taskinstance.py:1280} INFO - Starting attempt 1 of 1
[2024-10-29T23:09:21.314+0000] {taskinstance.py:1281} INFO - 
--------------------------------------------------------------------------------
[2024-10-29T23:09:21.340+0000] {taskinstance.py:1300} INFO - Executing <Task(BashOperator): tsk1> on 2024-10-29 23:09:19.498092+00:00
[2024-10-29T23:09:21.349+0000] {standard_task_runner.py:55} INFO - Started process 848 to run task
[2024-10-29T23:09:21.356+0000] {standard_task_runner.py:82} INFO - Running: ['***', 'tasks', 'run', 'dagrundag1', 'tsk1', 'manual__2024-10-29T23:09:19.498092+00:00', '--job-id', '32', '--raw', '--subdir', 'DAGS_FOLDER/dagrundag1.py', '--cfg-path', '/tmp/tmpnf_mbc4y']
[2024-10-29T23:09:21.356+0000] {standard_task_runner.py:83} INFO - Job 32: Subtask tsk1
[2024-10-29T23:09:21.436+0000] {task_command.py:388} INFO - Running <TaskInstance: dagrundag1.tsk1 manual__2024-10-29T23:09:19.498092+00:00 [running]> on host 55e2175811f2
[2024-10-29T23:09:21.537+0000] {taskinstance.py:1509} INFO - Exporting the following env vars:
AIRFLOW_CTX_DAG_OWNER=***
AIRFLOW_CTX_DAG_ID=dagrundag1
AIRFLOW_CTX_TASK_ID=tsk1
AIRFLOW_CTX_EXECUTION_DATE=2024-10-29T23:09:19.498092+00:00
AIRFLOW_CTX_TRY_NUMBER=1
AIRFLOW_CTX_DAG_RUN_ID=manual__2024-10-29T23:09:19.498092+00:00
[2024-10-29T23:09:21.539+0000] {subprocess.py:63} INFO - Tmp dir root location: 
 /tmp
[2024-10-29T23:09:21.540+0000] {subprocess.py:75} INFO - Running command: ['/bin/bash', '-c', 'sleep 5']
[2024-10-29T23:09:21.561+0000] {subprocess.py:86} INFO - Output:
[2024-10-29T23:09:26.566+0000] {subprocess.py:97} INFO - Command exited with return code 0
[2024-10-29T23:09:26.602+0000] {taskinstance.py:1323} INFO - Marking task as SUCCESS. dag_id=dagrundag1, task_id=tsk1, execution_date=20241029T230919, start_date=20241029T230921, end_date=20241029T230926
[2024-10-29T23:09:26.645+0000] {local_task_job.py:208} INFO - Task exited with return code 0
[2024-10-29T23:09:26.669+0000] {taskinstance.py:2578} INFO - 1 downstream tasks scheduled from follow-on schedule check
