[2024-10-10T18:02:23.535+0000] {taskinstance.py:1083} INFO - Dependencies all met for <TaskInstance: defaultargs.tsk1 scheduled__2024-10-10T17:00:00+00:00 [queued]>
[2024-10-10T18:02:23.544+0000] {taskinstance.py:1083} INFO - Dependencies all met for <TaskInstance: defaultargs.tsk1 scheduled__2024-10-10T17:00:00+00:00 [queued]>
[2024-10-10T18:02:23.544+0000] {taskinstance.py:1279} INFO - 
--------------------------------------------------------------------------------
[2024-10-10T18:02:23.544+0000] {taskinstance.py:1280} INFO - Starting attempt 1 of 4
[2024-10-10T18:02:23.544+0000] {taskinstance.py:1281} INFO - 
--------------------------------------------------------------------------------
[2024-10-10T18:02:23.553+0000] {taskinstance.py:1300} INFO - Executing <Task(BashOperator): tsk1> on 2024-10-10 17:00:00+00:00
[2024-10-10T18:02:23.558+0000] {standard_task_runner.py:55} INFO - Started process 300 to run task
[2024-10-10T18:02:23.560+0000] {standard_task_runner.py:82} INFO - Running: ['***', 'tasks', 'run', 'defaultargs', 'tsk1', 'scheduled__2024-10-10T17:00:00+00:00', '--job-id', '7', '--raw', '--subdir', 'DAGS_FOLDER/defaultargs.py', '--cfg-path', '/tmp/tmplit8rc2d']
[2024-10-10T18:02:23.561+0000] {standard_task_runner.py:83} INFO - Job 7: Subtask tsk1
[2024-10-10T18:02:23.645+0000] {task_command.py:388} INFO - Running <TaskInstance: defaultargs.tsk1 scheduled__2024-10-10T17:00:00+00:00 [running]> on host 58e2146e6cdc
[2024-10-10T18:02:23.771+0000] {taskinstance.py:1509} INFO - Exporting the following env vars:
AIRFLOW_CTX_DAG_EMAIL=test@test.com
AIRFLOW_CTX_DAG_OWNER=***
AIRFLOW_CTX_DAG_ID=defaultargs
AIRFLOW_CTX_TASK_ID=tsk1
AIRFLOW_CTX_EXECUTION_DATE=2024-10-10T17:00:00+00:00
AIRFLOW_CTX_TRY_NUMBER=1
AIRFLOW_CTX_DAG_RUN_ID=scheduled__2024-10-10T17:00:00+00:00
[2024-10-10T18:02:23.772+0000] {subprocess.py:63} INFO - Tmp dir root location: 
 /tmp
[2024-10-10T18:02:23.773+0000] {subprocess.py:75} INFO - Running command: ['/bin/bash', '-c', 'sleep 5']
[2024-10-10T18:02:23.789+0000] {subprocess.py:86} INFO - Output:
