[2024-10-29T23:29:36.445+0000] {taskinstance.py:1083} INFO - Dependencies all met for <TaskInstance: triggerdag2.tsk3 manual__2024-10-29T23:29:33.122355+00:00 [queued]>
[2024-10-29T23:29:36.462+0000] {taskinstance.py:1083} INFO - Dependencies all met for <TaskInstance: triggerdag2.tsk3 manual__2024-10-29T23:29:33.122355+00:00 [queued]>
[2024-10-29T23:29:36.463+0000] {taskinstance.py:1279} INFO - 
--------------------------------------------------------------------------------
[2024-10-29T23:29:36.463+0000] {taskinstance.py:1280} INFO - Starting attempt 1 of 1
[2024-10-29T23:29:36.463+0000] {taskinstance.py:1281} INFO - 
--------------------------------------------------------------------------------
[2024-10-29T23:29:36.484+0000] {taskinstance.py:1300} INFO - Executing <Task(BashOperator): tsk3> on 2024-10-29 23:29:33.122355+00:00
[2024-10-29T23:29:36.490+0000] {standard_task_runner.py:55} INFO - Started process 1008 to run task
[2024-10-29T23:29:36.495+0000] {standard_task_runner.py:82} INFO - Running: ['***', 'tasks', 'run', 'triggerdag2', 'tsk3', 'manual__2024-10-29T23:29:33.122355+00:00', '--job-id', '104', '--raw', '--subdir', 'DAGS_FOLDER/triggerDag2.py', '--cfg-path', '/tmp/tmp6ld3lr5w']
[2024-10-29T23:29:36.498+0000] {standard_task_runner.py:83} INFO - Job 104: Subtask tsk3
[2024-10-29T23:29:36.575+0000] {task_command.py:388} INFO - Running <TaskInstance: triggerdag2.tsk3 manual__2024-10-29T23:29:33.122355+00:00 [running]> on host 55e2175811f2
[2024-10-29T23:29:36.660+0000] {taskinstance.py:1509} INFO - Exporting the following env vars:
AIRFLOW_CTX_DAG_OWNER=***
AIRFLOW_CTX_DAG_ID=triggerdag2
AIRFLOW_CTX_TASK_ID=tsk3
AIRFLOW_CTX_EXECUTION_DATE=2024-10-29T23:29:33.122355+00:00
AIRFLOW_CTX_TRY_NUMBER=1
AIRFLOW_CTX_DAG_RUN_ID=manual__2024-10-29T23:29:33.122355+00:00
[2024-10-29T23:29:36.661+0000] {subprocess.py:63} INFO - Tmp dir root location: 
 /tmp
[2024-10-29T23:29:36.662+0000] {subprocess.py:75} INFO - Running command: ['/bin/bash', '-c', 'sleep 5']
[2024-10-29T23:29:36.680+0000] {subprocess.py:86} INFO - Output:
[2024-10-29T23:29:41.685+0000] {subprocess.py:97} INFO - Command exited with return code 0
[2024-10-29T23:29:41.704+0000] {taskinstance.py:1323} INFO - Marking task as SUCCESS. dag_id=triggerdag2, task_id=tsk3, execution_date=20241029T232933, start_date=20241029T232936, end_date=20241029T232941
[2024-10-29T23:29:41.720+0000] {local_task_job.py:208} INFO - Task exited with return code 0
[2024-10-29T23:29:41.733+0000] {taskinstance.py:2578} INFO - 0 downstream tasks scheduled from follow-on schedule check
