[2024-10-29T23:33:51.173+0000] {taskinstance.py:1083} INFO - Dependencies all met for <TaskInstance: pool.tsk4 manual__2024-10-29T23:10:01.265751+00:00 [queued]>
[2024-10-29T23:33:51.188+0000] {taskinstance.py:1083} INFO - Dependencies all met for <TaskInstance: pool.tsk4 manual__2024-10-29T23:10:01.265751+00:00 [queued]>
[2024-10-29T23:33:51.189+0000] {taskinstance.py:1279} INFO - 
--------------------------------------------------------------------------------
[2024-10-29T23:33:51.189+0000] {taskinstance.py:1280} INFO - Starting attempt 1 of 1
[2024-10-29T23:33:51.189+0000] {taskinstance.py:1281} INFO - 
--------------------------------------------------------------------------------
[2024-10-29T23:33:51.210+0000] {taskinstance.py:1300} INFO - Executing <Task(BashOperator): tsk4> on 2024-10-29 23:10:01.265751+00:00
[2024-10-29T23:33:51.220+0000] {standard_task_runner.py:55} INFO - Started process 1488 to run task
[2024-10-29T23:33:51.222+0000] {standard_task_runner.py:82} INFO - Running: ['***', 'tasks', 'run', 'pool', 'tsk4', 'manual__2024-10-29T23:10:01.265751+00:00', '--job-id', '117', '--raw', '--subdir', 'DAGS_FOLDER/pools.py', '--cfg-path', '/tmp/tmpec3d3o12']
[2024-10-29T23:33:51.224+0000] {standard_task_runner.py:83} INFO - Job 117: Subtask tsk4
[2024-10-29T23:33:51.312+0000] {task_command.py:388} INFO - Running <TaskInstance: pool.tsk4 manual__2024-10-29T23:10:01.265751+00:00 [running]> on host 55e2175811f2
[2024-10-29T23:33:51.432+0000] {taskinstance.py:1509} INFO - Exporting the following env vars:
AIRFLOW_CTX_DAG_OWNER=***
AIRFLOW_CTX_DAG_ID=pool
AIRFLOW_CTX_TASK_ID=tsk4
AIRFLOW_CTX_EXECUTION_DATE=2024-10-29T23:10:01.265751+00:00
AIRFLOW_CTX_TRY_NUMBER=1
AIRFLOW_CTX_DAG_RUN_ID=manual__2024-10-29T23:10:01.265751+00:00
[2024-10-29T23:33:51.434+0000] {subprocess.py:63} INFO - Tmp dir root location: 
 /tmp
[2024-10-29T23:33:51.435+0000] {subprocess.py:75} INFO - Running command: ['/bin/bash', '-c', 'sleep 5']
[2024-10-29T23:33:51.456+0000] {subprocess.py:86} INFO - Output:
[2024-10-29T23:33:56.461+0000] {subprocess.py:97} INFO - Command exited with return code 0
[2024-10-29T23:33:56.505+0000] {taskinstance.py:1323} INFO - Marking task as SUCCESS. dag_id=pool, task_id=tsk4, execution_date=20241029T231001, start_date=20241029T233351, end_date=20241029T233356
[2024-10-29T23:33:56.540+0000] {local_task_job.py:208} INFO - Task exited with return code 0
[2024-10-29T23:33:56.564+0000] {taskinstance.py:2578} INFO - 0 downstream tasks scheduled from follow-on schedule check
