[2024-10-29T23:21:58.271+0000] {taskinstance.py:1083} INFO - Dependencies all met for <TaskInstance: bancodedados.insert_data manual__2024-10-29T23:21:56.326275+00:00 [queued]>
[2024-10-29T23:21:58.280+0000] {taskinstance.py:1083} INFO - Dependencies all met for <TaskInstance: bancodedados.insert_data manual__2024-10-29T23:21:56.326275+00:00 [queued]>
[2024-10-29T23:21:58.280+0000] {taskinstance.py:1279} INFO - 
--------------------------------------------------------------------------------
[2024-10-29T23:21:58.280+0000] {taskinstance.py:1280} INFO - Starting attempt 1 of 1
[2024-10-29T23:21:58.280+0000] {taskinstance.py:1281} INFO - 
--------------------------------------------------------------------------------
[2024-10-29T23:21:58.291+0000] {taskinstance.py:1300} INFO - Executing <Task(PostgresOperator): insert_data> on 2024-10-29 23:21:56.326275+00:00
[2024-10-29T23:21:58.296+0000] {standard_task_runner.py:55} INFO - Started process 144 to run task
[2024-10-29T23:21:58.299+0000] {standard_task_runner.py:82} INFO - Running: ['***', 'tasks', 'run', 'bancodedados', 'insert_data', 'manual__2024-10-29T23:21:56.326275+00:00', '--job-id', '86', '--raw', '--subdir', 'DAGS_FOLDER/bancodedados.py', '--cfg-path', '/tmp/tmpp3hehkta']
[2024-10-29T23:21:58.300+0000] {standard_task_runner.py:83} INFO - Job 86: Subtask insert_data
[2024-10-29T23:21:58.345+0000] {task_command.py:388} INFO - Running <TaskInstance: bancodedados.insert_data manual__2024-10-29T23:21:56.326275+00:00 [running]> on host 55e2175811f2
[2024-10-29T23:21:58.393+0000] {taskinstance.py:1509} INFO - Exporting the following env vars:
AIRFLOW_CTX_DAG_OWNER=***
AIRFLOW_CTX_DAG_ID=bancodedados
AIRFLOW_CTX_TASK_ID=insert_data
AIRFLOW_CTX_EXECUTION_DATE=2024-10-29T23:21:56.326275+00:00
AIRFLOW_CTX_TRY_NUMBER=1
AIRFLOW_CTX_DAG_RUN_ID=manual__2024-10-29T23:21:56.326275+00:00
[2024-10-29T23:21:58.393+0000] {sql.py:254} INFO - Executing: insert into teste values(1);
[2024-10-29T23:21:58.401+0000] {base.py:73} INFO - Using connection ID 'postgres' for task execution.
[2024-10-29T23:21:58.511+0000] {base.py:73} INFO - Using connection ID 'postgres' for task execution.
[2024-10-29T23:21:58.514+0000] {sql.py:375} INFO - Running statement: insert into teste values(1);, parameters: None
[2024-10-29T23:21:58.515+0000] {sql.py:384} INFO - Rows affected: 1
[2024-10-29T23:21:58.523+0000] {taskinstance.py:1323} INFO - Marking task as SUCCESS. dag_id=bancodedados, task_id=insert_data, execution_date=20241029T232156, start_date=20241029T232158, end_date=20241029T232158
[2024-10-29T23:21:58.551+0000] {local_task_job.py:208} INFO - Task exited with return code 0
[2024-10-29T23:21:58.574+0000] {taskinstance.py:2578} INFO - 1 downstream tasks scheduled from follow-on schedule check
