[2024-10-29T23:09:44.853+0000] {taskinstance.py:1083} INFO - Dependencies all met for <TaskInstance: daggroup.tsk_group.tsk7 manual__2024-10-29T23:09:17.718653+00:00 [queued]>
[2024-10-29T23:09:44.869+0000] {taskinstance.py:1083} INFO - Dependencies all met for <TaskInstance: daggroup.tsk_group.tsk7 manual__2024-10-29T23:09:17.718653+00:00 [queued]>
[2024-10-29T23:09:44.870+0000] {taskinstance.py:1279} INFO - 
--------------------------------------------------------------------------------
[2024-10-29T23:09:44.870+0000] {taskinstance.py:1280} INFO - Starting attempt 1 of 1
[2024-10-29T23:09:44.870+0000] {taskinstance.py:1281} INFO - 
--------------------------------------------------------------------------------
[2024-10-29T23:09:44.895+0000] {taskinstance.py:1300} INFO - Executing <Task(BashOperator): tsk_group.tsk7> on 2024-10-29 23:09:17.718653+00:00
[2024-10-29T23:09:44.903+0000] {standard_task_runner.py:55} INFO - Started process 986 to run task
[2024-10-29T23:09:44.908+0000] {standard_task_runner.py:82} INFO - Running: ['***', 'tasks', 'run', 'daggroup', 'tsk_group.tsk7', 'manual__2024-10-29T23:09:17.718653+00:00', '--job-id', '66', '--raw', '--subdir', 'DAGS_FOLDER/daggroup.py', '--cfg-path', '/tmp/tmpc3kfd2ps']
[2024-10-29T23:09:44.908+0000] {standard_task_runner.py:83} INFO - Job 66: Subtask tsk_group.tsk7
[2024-10-29T23:09:44.999+0000] {task_command.py:388} INFO - Running <TaskInstance: daggroup.tsk_group.tsk7 manual__2024-10-29T23:09:17.718653+00:00 [running]> on host 55e2175811f2
[2024-10-29T23:09:45.102+0000] {taskinstance.py:1509} INFO - Exporting the following env vars:
AIRFLOW_CTX_DAG_OWNER=***
AIRFLOW_CTX_DAG_ID=daggroup
AIRFLOW_CTX_TASK_ID=tsk_group.tsk7
AIRFLOW_CTX_EXECUTION_DATE=2024-10-29T23:09:17.718653+00:00
AIRFLOW_CTX_TRY_NUMBER=1
AIRFLOW_CTX_DAG_RUN_ID=manual__2024-10-29T23:09:17.718653+00:00
[2024-10-29T23:09:45.103+0000] {subprocess.py:63} INFO - Tmp dir root location: 
 /tmp
[2024-10-29T23:09:45.104+0000] {subprocess.py:75} INFO - Running command: ['/bin/bash', '-c', 'sleep 5']
[2024-10-29T23:09:45.113+0000] {subprocess.py:86} INFO - Output:
[2024-10-29T23:09:50.118+0000] {subprocess.py:97} INFO - Command exited with return code 0
[2024-10-29T23:09:50.147+0000] {taskinstance.py:1323} INFO - Marking task as SUCCESS. dag_id=daggroup, task_id=tsk_group.tsk7, execution_date=20241029T230917, start_date=20241029T230944, end_date=20241029T230950
[2024-10-29T23:09:50.175+0000] {local_task_job.py:208} INFO - Task exited with return code 0
[2024-10-29T23:09:50.191+0000] {taskinstance.py:2578} INFO - 0 downstream tasks scheduled from follow-on schedule check
