[2024-10-29T23:09:03.634+0000] {taskinstance.py:1083} INFO - Dependencies all met for <TaskInstance: segunda_dag.tsk1 manual__2024-10-29T23:09:02.922957+00:00 [queued]>
[2024-10-29T23:09:03.646+0000] {taskinstance.py:1083} INFO - Dependencies all met for <TaskInstance: segunda_dag.tsk1 manual__2024-10-29T23:09:02.922957+00:00 [queued]>
[2024-10-29T23:09:03.647+0000] {taskinstance.py:1279} INFO - 
--------------------------------------------------------------------------------
[2024-10-29T23:09:03.647+0000] {taskinstance.py:1280} INFO - Starting attempt 1 of 1
[2024-10-29T23:09:03.647+0000] {taskinstance.py:1281} INFO - 
--------------------------------------------------------------------------------
[2024-10-29T23:09:03.663+0000] {taskinstance.py:1300} INFO - Executing <Task(BashOperator): tsk1> on 2024-10-29 23:09:02.922957+00:00
[2024-10-29T23:09:03.671+0000] {standard_task_runner.py:55} INFO - Started process 790 to run task
[2024-10-29T23:09:03.675+0000] {standard_task_runner.py:82} INFO - Running: ['***', 'tasks', 'run', 'segunda_dag', 'tsk1', 'manual__2024-10-29T23:09:02.922957+00:00', '--job-id', '19', '--raw', '--subdir', 'DAGS_FOLDER/segundadag.py', '--cfg-path', '/tmp/tmphr_4g4ls']
[2024-10-29T23:09:03.676+0000] {standard_task_runner.py:83} INFO - Job 19: Subtask tsk1
[2024-10-29T23:09:03.739+0000] {task_command.py:388} INFO - Running <TaskInstance: segunda_dag.tsk1 manual__2024-10-29T23:09:02.922957+00:00 [running]> on host 55e2175811f2
[2024-10-29T23:09:03.838+0000] {taskinstance.py:1509} INFO - Exporting the following env vars:
AIRFLOW_CTX_DAG_OWNER=***
AIRFLOW_CTX_DAG_ID=segunda_dag
AIRFLOW_CTX_TASK_ID=tsk1
AIRFLOW_CTX_EXECUTION_DATE=2024-10-29T23:09:02.922957+00:00
AIRFLOW_CTX_TRY_NUMBER=1
AIRFLOW_CTX_DAG_RUN_ID=manual__2024-10-29T23:09:02.922957+00:00
[2024-10-29T23:09:03.838+0000] {subprocess.py:63} INFO - Tmp dir root location: 
 /tmp
[2024-10-29T23:09:03.839+0000] {subprocess.py:75} INFO - Running command: ['/bin/bash', '-c', 'sleep 5']
[2024-10-29T23:09:03.850+0000] {subprocess.py:86} INFO - Output:
[2024-10-29T23:09:08.856+0000] {subprocess.py:97} INFO - Command exited with return code 0
[2024-10-29T23:09:08.899+0000] {taskinstance.py:1323} INFO - Marking task as SUCCESS. dag_id=segunda_dag, task_id=tsk1, execution_date=20241029T230902, start_date=20241029T230903, end_date=20241029T230908
[2024-10-29T23:09:08.970+0000] {local_task_job.py:208} INFO - Task exited with return code 0
[2024-10-29T23:09:09.042+0000] {taskinstance.py:2578} INFO - 2 downstream tasks scheduled from follow-on schedule check
