[2024-10-29T23:29:07.626+0000] {taskinstance.py:1083} INFO - Dependencies all met for <TaskInstance: variaveis.tsk1 manual__2024-10-29T23:29:05.836338+00:00 [queued]>
[2024-10-29T23:29:07.637+0000] {taskinstance.py:1083} INFO - Dependencies all met for <TaskInstance: variaveis.tsk1 manual__2024-10-29T23:29:05.836338+00:00 [queued]>
[2024-10-29T23:29:07.637+0000] {taskinstance.py:1279} INFO - 
--------------------------------------------------------------------------------
[2024-10-29T23:29:07.637+0000] {taskinstance.py:1280} INFO - Starting attempt 1 of 1
[2024-10-29T23:29:07.637+0000] {taskinstance.py:1281} INFO - 
--------------------------------------------------------------------------------
[2024-10-29T23:29:07.650+0000] {taskinstance.py:1300} INFO - Executing <Task(PythonOperator): tsk1> on 2024-10-29 23:29:05.836338+00:00
[2024-10-29T23:29:07.658+0000] {standard_task_runner.py:55} INFO - Started process 917 to run task
[2024-10-29T23:29:07.661+0000] {standard_task_runner.py:82} INFO - Running: ['***', 'tasks', 'run', 'variaveis', 'tsk1', 'manual__2024-10-29T23:29:05.836338+00:00', '--job-id', '94', '--raw', '--subdir', 'DAGS_FOLDER/variaveis.py', '--cfg-path', '/tmp/tmp_kmq_pse']
[2024-10-29T23:29:07.664+0000] {standard_task_runner.py:83} INFO - Job 94: Subtask tsk1
[2024-10-29T23:29:07.738+0000] {task_command.py:388} INFO - Running <TaskInstance: variaveis.tsk1 manual__2024-10-29T23:29:05.836338+00:00 [running]> on host 55e2175811f2
[2024-10-29T23:29:07.825+0000] {taskinstance.py:1509} INFO - Exporting the following env vars:
AIRFLOW_CTX_DAG_OWNER=***
AIRFLOW_CTX_DAG_ID=variaveis
AIRFLOW_CTX_TASK_ID=tsk1
AIRFLOW_CTX_EXECUTION_DATE=2024-10-29T23:29:05.836338+00:00
AIRFLOW_CTX_TRY_NUMBER=1
AIRFLOW_CTX_DAG_RUN_ID=manual__2024-10-29T23:29:05.836338+00:00
[2024-10-29T23:29:07.835+0000] {logging_mixin.py:137} INFO - O valor da variável é: /opt/***/dags
[2024-10-29T23:29:07.836+0000] {python.py:177} INFO - Done. Returned value was: None
[2024-10-29T23:29:07.848+0000] {taskinstance.py:1323} INFO - Marking task as SUCCESS. dag_id=variaveis, task_id=tsk1, execution_date=20241029T232905, start_date=20241029T232907, end_date=20241029T232907
[2024-10-29T23:29:07.873+0000] {local_task_job.py:208} INFO - Task exited with return code 0
[2024-10-29T23:29:07.896+0000] {taskinstance.py:2578} INFO - 0 downstream tasks scheduled from follow-on schedule check
