[2024-10-29T23:09:16.100+0000] {taskinstance.py:1083} INFO - Dependencies all met for <TaskInstance: dagcomplexa.tsk3 manual__2024-10-29T23:09:14.896033+00:00 [queued]>
[2024-10-29T23:09:16.117+0000] {taskinstance.py:1083} INFO - Dependencies all met for <TaskInstance: dagcomplexa.tsk3 manual__2024-10-29T23:09:14.896033+00:00 [queued]>
[2024-10-29T23:09:16.117+0000] {taskinstance.py:1279} INFO - 
--------------------------------------------------------------------------------
[2024-10-29T23:09:16.117+0000] {taskinstance.py:1280} INFO - Starting attempt 1 of 1
[2024-10-29T23:09:16.118+0000] {taskinstance.py:1281} INFO - 
--------------------------------------------------------------------------------
[2024-10-29T23:09:16.140+0000] {taskinstance.py:1300} INFO - Executing <Task(BashOperator): tsk3> on 2024-10-29 23:09:14.896033+00:00
[2024-10-29T23:09:16.146+0000] {standard_task_runner.py:55} INFO - Started process 837 to run task
[2024-10-29T23:09:16.151+0000] {standard_task_runner.py:82} INFO - Running: ['***', 'tasks', 'run', 'dagcomplexa', 'tsk3', 'manual__2024-10-29T23:09:14.896033+00:00', '--job-id', '28', '--raw', '--subdir', 'DAGS_FOLDER/dagcomplexa.py', '--cfg-path', '/tmp/tmpqrqimrlj']
[2024-10-29T23:09:16.151+0000] {standard_task_runner.py:83} INFO - Job 28: Subtask tsk3
[2024-10-29T23:09:16.241+0000] {task_command.py:388} INFO - Running <TaskInstance: dagcomplexa.tsk3 manual__2024-10-29T23:09:14.896033+00:00 [running]> on host 55e2175811f2
[2024-10-29T23:09:16.331+0000] {taskinstance.py:1509} INFO - Exporting the following env vars:
AIRFLOW_CTX_DAG_OWNER=***
AIRFLOW_CTX_DAG_ID=dagcomplexa
AIRFLOW_CTX_TASK_ID=tsk3
AIRFLOW_CTX_EXECUTION_DATE=2024-10-29T23:09:14.896033+00:00
AIRFLOW_CTX_TRY_NUMBER=1
AIRFLOW_CTX_DAG_RUN_ID=manual__2024-10-29T23:09:14.896033+00:00
[2024-10-29T23:09:16.332+0000] {subprocess.py:63} INFO - Tmp dir root location: 
 /tmp
[2024-10-29T23:09:16.333+0000] {subprocess.py:75} INFO - Running command: ['/bin/bash', '-c', 'sleep 5']
[2024-10-29T23:09:16.345+0000] {subprocess.py:86} INFO - Output:
[2024-10-29T23:09:21.351+0000] {subprocess.py:97} INFO - Command exited with return code 0
[2024-10-29T23:09:21.392+0000] {taskinstance.py:1323} INFO - Marking task as SUCCESS. dag_id=dagcomplexa, task_id=tsk3, execution_date=20241029T230914, start_date=20241029T230916, end_date=20241029T230921
[2024-10-29T23:09:21.444+0000] {local_task_job.py:208} INFO - Task exited with return code 0
[2024-10-29T23:09:21.494+0000] {taskinstance.py:2578} INFO - 1 downstream tasks scheduled from follow-on schedule check
