[2024-10-29T23:08:51.684+0000] {taskinstance.py:1083} INFO - Dependencies all met for <TaskInstance: triggerdag1.tsk2 manual__2024-10-29T23:08:50.870504+00:00 [queued]>
[2024-10-29T23:08:51.701+0000] {taskinstance.py:1083} INFO - Dependencies all met for <TaskInstance: triggerdag1.tsk2 manual__2024-10-29T23:08:50.870504+00:00 [queued]>
[2024-10-29T23:08:51.701+0000] {taskinstance.py:1279} INFO - 
--------------------------------------------------------------------------------
[2024-10-29T23:08:51.701+0000] {taskinstance.py:1280} INFO - Starting attempt 1 of 1
[2024-10-29T23:08:51.702+0000] {taskinstance.py:1281} INFO - 
--------------------------------------------------------------------------------
[2024-10-29T23:08:51.725+0000] {taskinstance.py:1300} INFO - Executing <Task(BashOperator): tsk2> on 2024-10-29 23:08:50.870504+00:00
[2024-10-29T23:08:51.735+0000] {standard_task_runner.py:55} INFO - Started process 759 to run task
[2024-10-29T23:08:51.739+0000] {standard_task_runner.py:82} INFO - Running: ['***', 'tasks', 'run', 'triggerdag1', 'tsk2', 'manual__2024-10-29T23:08:50.870504+00:00', '--job-id', '14', '--raw', '--subdir', 'DAGS_FOLDER/triggerDag1.py', '--cfg-path', '/tmp/tmp5s6q__2q']
[2024-10-29T23:08:51.740+0000] {standard_task_runner.py:83} INFO - Job 14: Subtask tsk2
[2024-10-29T23:08:51.826+0000] {task_command.py:388} INFO - Running <TaskInstance: triggerdag1.tsk2 manual__2024-10-29T23:08:50.870504+00:00 [running]> on host 55e2175811f2
[2024-10-29T23:08:51.927+0000] {taskinstance.py:1509} INFO - Exporting the following env vars:
AIRFLOW_CTX_DAG_OWNER=***
AIRFLOW_CTX_DAG_ID=triggerdag1
AIRFLOW_CTX_TASK_ID=tsk2
AIRFLOW_CTX_EXECUTION_DATE=2024-10-29T23:08:50.870504+00:00
AIRFLOW_CTX_TRY_NUMBER=1
AIRFLOW_CTX_DAG_RUN_ID=manual__2024-10-29T23:08:50.870504+00:00
[2024-10-29T23:08:51.928+0000] {subprocess.py:63} INFO - Tmp dir root location: 
 /tmp
[2024-10-29T23:08:51.929+0000] {subprocess.py:75} INFO - Running command: ['/bin/bash', '-c', 'sleep 5']
[2024-10-29T23:08:51.946+0000] {subprocess.py:86} INFO - Output:
[2024-10-29T23:08:56.953+0000] {subprocess.py:97} INFO - Command exited with return code 0
[2024-10-29T23:08:57.027+0000] {taskinstance.py:1323} INFO - Marking task as SUCCESS. dag_id=triggerdag1, task_id=tsk2, execution_date=20241029T230850, start_date=20241029T230851, end_date=20241029T230857
[2024-10-29T23:08:57.081+0000] {local_task_job.py:208} INFO - Task exited with return code 0
[2024-10-29T23:08:57.125+0000] {taskinstance.py:2578} INFO - 0 downstream tasks scheduled from follow-on schedule check
