[2024-10-29T23:21:57.200+0000] {taskinstance.py:1083} INFO - Dependencies all met for <TaskInstance: bancodedados.create_table manual__2024-10-29T23:21:56.326275+00:00 [queued]>
[2024-10-29T23:21:57.207+0000] {taskinstance.py:1083} INFO - Dependencies all met for <TaskInstance: bancodedados.create_table manual__2024-10-29T23:21:56.326275+00:00 [queued]>
[2024-10-29T23:21:57.207+0000] {taskinstance.py:1279} INFO - 
--------------------------------------------------------------------------------
[2024-10-29T23:21:57.208+0000] {taskinstance.py:1280} INFO - Starting attempt 1 of 1
[2024-10-29T23:21:57.208+0000] {taskinstance.py:1281} INFO - 
--------------------------------------------------------------------------------
[2024-10-29T23:21:57.220+0000] {taskinstance.py:1300} INFO - Executing <Task(PostgresOperator): create_table> on 2024-10-29 23:21:56.326275+00:00
[2024-10-29T23:21:57.226+0000] {standard_task_runner.py:55} INFO - Started process 141 to run task
[2024-10-29T23:21:57.230+0000] {standard_task_runner.py:82} INFO - Running: ['***', 'tasks', 'run', 'bancodedados', 'create_table', 'manual__2024-10-29T23:21:56.326275+00:00', '--job-id', '85', '--raw', '--subdir', 'DAGS_FOLDER/bancodedados.py', '--cfg-path', '/tmp/tmpyhw9qkeq']
[2024-10-29T23:21:57.232+0000] {standard_task_runner.py:83} INFO - Job 85: Subtask create_table
[2024-10-29T23:21:57.295+0000] {task_command.py:388} INFO - Running <TaskInstance: bancodedados.create_table manual__2024-10-29T23:21:56.326275+00:00 [running]> on host 55e2175811f2
[2024-10-29T23:21:57.387+0000] {taskinstance.py:1509} INFO - Exporting the following env vars:
AIRFLOW_CTX_DAG_OWNER=***
AIRFLOW_CTX_DAG_ID=bancodedados
AIRFLOW_CTX_TASK_ID=create_table
AIRFLOW_CTX_EXECUTION_DATE=2024-10-29T23:21:56.326275+00:00
AIRFLOW_CTX_TRY_NUMBER=1
AIRFLOW_CTX_DAG_RUN_ID=manual__2024-10-29T23:21:56.326275+00:00
[2024-10-29T23:21:57.388+0000] {sql.py:254} INFO - Executing: create table if not exists teste(id int);
[2024-10-29T23:21:57.397+0000] {base.py:73} INFO - Using connection ID 'postgres' for task execution.
[2024-10-29T23:21:57.546+0000] {base.py:73} INFO - Using connection ID 'postgres' for task execution.
[2024-10-29T23:21:57.550+0000] {sql.py:375} INFO - Running statement: create table if not exists teste(id int);, parameters: None
[2024-10-29T23:21:57.560+0000] {taskinstance.py:1323} INFO - Marking task as SUCCESS. dag_id=bancodedados, task_id=create_table, execution_date=20241029T232156, start_date=20241029T232157, end_date=20241029T232157
[2024-10-29T23:21:57.602+0000] {local_task_job.py:208} INFO - Task exited with return code 0
[2024-10-29T23:21:57.627+0000] {taskinstance.py:2578} INFO - 1 downstream tasks scheduled from follow-on schedule check
