[2024-10-29T23:10:19.519+0000] {taskinstance.py:1083} INFO - Dependencies all met for <TaskInstance: primeira_dag.tsk3 manual__2024-10-29T23:10:06.049735+00:00 [queued]>
[2024-10-29T23:10:19.525+0000] {taskinstance.py:1083} INFO - Dependencies all met for <TaskInstance: primeira_dag.tsk3 manual__2024-10-29T23:10:06.049735+00:00 [queued]>
[2024-10-29T23:10:19.525+0000] {taskinstance.py:1279} INFO - 
--------------------------------------------------------------------------------
[2024-10-29T23:10:19.525+0000] {taskinstance.py:1280} INFO - Starting attempt 1 of 1
[2024-10-29T23:10:19.525+0000] {taskinstance.py:1281} INFO - 
--------------------------------------------------------------------------------
[2024-10-29T23:10:19.533+0000] {taskinstance.py:1300} INFO - Executing <Task(BashOperator): tsk3> on 2024-10-29 23:10:06.049735+00:00
[2024-10-29T23:10:19.539+0000] {standard_task_runner.py:55} INFO - Started process 1082 to run task
[2024-10-29T23:10:19.541+0000] {standard_task_runner.py:82} INFO - Running: ['***', 'tasks', 'run', 'primeira_dag', 'tsk3', 'manual__2024-10-29T23:10:06.049735+00:00', '--job-id', '79', '--raw', '--subdir', 'DAGS_FOLDER/primeiradag.py', '--cfg-path', '/tmp/tmp7w6f_nod']
[2024-10-29T23:10:19.542+0000] {standard_task_runner.py:83} INFO - Job 79: Subtask tsk3
[2024-10-29T23:10:19.592+0000] {task_command.py:388} INFO - Running <TaskInstance: primeira_dag.tsk3 manual__2024-10-29T23:10:06.049735+00:00 [running]> on host 55e2175811f2
[2024-10-29T23:10:19.651+0000] {taskinstance.py:1509} INFO - Exporting the following env vars:
AIRFLOW_CTX_DAG_OWNER=***
AIRFLOW_CTX_DAG_ID=primeira_dag
AIRFLOW_CTX_TASK_ID=tsk3
AIRFLOW_CTX_EXECUTION_DATE=2024-10-29T23:10:06.049735+00:00
AIRFLOW_CTX_TRY_NUMBER=1
AIRFLOW_CTX_DAG_RUN_ID=manual__2024-10-29T23:10:06.049735+00:00
[2024-10-29T23:10:19.652+0000] {subprocess.py:63} INFO - Tmp dir root location: 
 /tmp
[2024-10-29T23:10:19.653+0000] {subprocess.py:75} INFO - Running command: ['/bin/bash', '-c', 'sleep 5']
[2024-10-29T23:10:19.663+0000] {subprocess.py:86} INFO - Output:
[2024-10-29T23:10:24.667+0000] {subprocess.py:97} INFO - Command exited with return code 0
[2024-10-29T23:10:24.694+0000] {taskinstance.py:1323} INFO - Marking task as SUCCESS. dag_id=primeira_dag, task_id=tsk3, execution_date=20241029T231006, start_date=20241029T231019, end_date=20241029T231024
[2024-10-29T23:10:24.733+0000] {local_task_job.py:208} INFO - Task exited with return code 0
[2024-10-29T23:10:24.750+0000] {taskinstance.py:2578} INFO - 0 downstream tasks scheduled from follow-on schedule check
