[2024-10-29T23:09:35.807+0000] {taskinstance.py:1083} INFO - Dependencies all met for <TaskInstance: dagcomplexa.tsk6 manual__2024-10-29T23:09:14.896033+00:00 [queued]>
[2024-10-29T23:09:35.822+0000] {taskinstance.py:1083} INFO - Dependencies all met for <TaskInstance: dagcomplexa.tsk6 manual__2024-10-29T23:09:14.896033+00:00 [queued]>
[2024-10-29T23:09:35.822+0000] {taskinstance.py:1279} INFO - 
--------------------------------------------------------------------------------
[2024-10-29T23:09:35.822+0000] {taskinstance.py:1280} INFO - Starting attempt 1 of 1
[2024-10-29T23:09:35.822+0000] {taskinstance.py:1281} INFO - 
--------------------------------------------------------------------------------
[2024-10-29T23:09:35.848+0000] {taskinstance.py:1300} INFO - Executing <Task(BashOperator): tsk6> on 2024-10-29 23:09:14.896033+00:00
[2024-10-29T23:09:35.859+0000] {standard_task_runner.py:55} INFO - Started process 941 to run task
[2024-10-29T23:09:35.866+0000] {standard_task_runner.py:82} INFO - Running: ['***', 'tasks', 'run', 'dagcomplexa', 'tsk6', 'manual__2024-10-29T23:09:14.896033+00:00', '--job-id', '50', '--raw', '--subdir', 'DAGS_FOLDER/dagcomplexa.py', '--cfg-path', '/tmp/tmptwon5tl1']
[2024-10-29T23:09:35.867+0000] {standard_task_runner.py:83} INFO - Job 50: Subtask tsk6
[2024-10-29T23:09:35.987+0000] {task_command.py:388} INFO - Running <TaskInstance: dagcomplexa.tsk6 manual__2024-10-29T23:09:14.896033+00:00 [running]> on host 55e2175811f2
[2024-10-29T23:09:36.099+0000] {taskinstance.py:1509} INFO - Exporting the following env vars:
AIRFLOW_CTX_DAG_OWNER=***
AIRFLOW_CTX_DAG_ID=dagcomplexa
AIRFLOW_CTX_TASK_ID=tsk6
AIRFLOW_CTX_EXECUTION_DATE=2024-10-29T23:09:14.896033+00:00
AIRFLOW_CTX_TRY_NUMBER=1
AIRFLOW_CTX_DAG_RUN_ID=manual__2024-10-29T23:09:14.896033+00:00
[2024-10-29T23:09:36.100+0000] {subprocess.py:63} INFO - Tmp dir root location: 
 /tmp
[2024-10-29T23:09:36.101+0000] {subprocess.py:75} INFO - Running command: ['/bin/bash', '-c', 'sleep 5']
[2024-10-29T23:09:36.118+0000] {subprocess.py:86} INFO - Output:
[2024-10-29T23:09:41.126+0000] {subprocess.py:97} INFO - Command exited with return code 0
[2024-10-29T23:09:41.149+0000] {taskinstance.py:1323} INFO - Marking task as SUCCESS. dag_id=dagcomplexa, task_id=tsk6, execution_date=20241029T230914, start_date=20241029T230935, end_date=20241029T230941
[2024-10-29T23:09:41.183+0000] {local_task_job.py:208} INFO - Task exited with return code 0
[2024-10-29T23:09:41.208+0000] {taskinstance.py:2578} INFO - 2 downstream tasks scheduled from follow-on schedule check
