[2024-10-29T23:08:57.229+0000] {taskinstance.py:1083} INFO - Dependencies all met for <TaskInstance: terceira_dag.tsk2 manual__2024-10-29T23:08:55.905519+00:00 [queued]>
[2024-10-29T23:08:57.247+0000] {taskinstance.py:1083} INFO - Dependencies all met for <TaskInstance: terceira_dag.tsk2 manual__2024-10-29T23:08:55.905519+00:00 [queued]>
[2024-10-29T23:08:57.247+0000] {taskinstance.py:1279} INFO - 
--------------------------------------------------------------------------------
[2024-10-29T23:08:57.248+0000] {taskinstance.py:1280} INFO - Starting attempt 1 of 1
[2024-10-29T23:08:57.248+0000] {taskinstance.py:1281} INFO - 
--------------------------------------------------------------------------------
[2024-10-29T23:08:57.268+0000] {taskinstance.py:1300} INFO - Executing <Task(BashOperator): tsk2> on 2024-10-29 23:08:55.905519+00:00
[2024-10-29T23:08:57.275+0000] {standard_task_runner.py:55} INFO - Started process 785 to run task
[2024-10-29T23:08:57.280+0000] {standard_task_runner.py:82} INFO - Running: ['***', 'tasks', 'run', 'terceira_dag', 'tsk2', 'manual__2024-10-29T23:08:55.905519+00:00', '--job-id', '17', '--raw', '--subdir', 'DAGS_FOLDER/terceiradag.py', '--cfg-path', '/tmp/tmp88ynguoi']
[2024-10-29T23:08:57.280+0000] {standard_task_runner.py:83} INFO - Job 17: Subtask tsk2
[2024-10-29T23:08:57.376+0000] {task_command.py:388} INFO - Running <TaskInstance: terceira_dag.tsk2 manual__2024-10-29T23:08:55.905519+00:00 [running]> on host 55e2175811f2
[2024-10-29T23:08:57.468+0000] {taskinstance.py:1509} INFO - Exporting the following env vars:
AIRFLOW_CTX_DAG_OWNER=***
AIRFLOW_CTX_DAG_ID=terceira_dag
AIRFLOW_CTX_TASK_ID=tsk2
AIRFLOW_CTX_EXECUTION_DATE=2024-10-29T23:08:55.905519+00:00
AIRFLOW_CTX_TRY_NUMBER=1
AIRFLOW_CTX_DAG_RUN_ID=manual__2024-10-29T23:08:55.905519+00:00
[2024-10-29T23:08:57.470+0000] {subprocess.py:63} INFO - Tmp dir root location: 
 /tmp
[2024-10-29T23:08:57.470+0000] {subprocess.py:75} INFO - Running command: ['/bin/bash', '-c', 'sleep 5']
[2024-10-29T23:08:57.487+0000] {subprocess.py:86} INFO - Output:
[2024-10-29T23:09:02.491+0000] {subprocess.py:97} INFO - Command exited with return code 0
[2024-10-29T23:09:02.515+0000] {taskinstance.py:1323} INFO - Marking task as SUCCESS. dag_id=terceira_dag, task_id=tsk2, execution_date=20241029T230855, start_date=20241029T230857, end_date=20241029T230902
[2024-10-29T23:09:02.545+0000] {local_task_job.py:208} INFO - Task exited with return code 0
[2024-10-29T23:09:02.561+0000] {taskinstance.py:2578} INFO - 0 downstream tasks scheduled from follow-on schedule check
