[2024-10-29T23:09:48.274+0000] {taskinstance.py:1083} INFO - Dependencies all met for <TaskInstance: quarta_dag.tsk3 manual__2024-10-29T23:09:47.497955+00:00 [queued]>
[2024-10-29T23:09:48.291+0000] {taskinstance.py:1083} INFO - Dependencies all met for <TaskInstance: quarta_dag.tsk3 manual__2024-10-29T23:09:47.497955+00:00 [queued]>
[2024-10-29T23:09:48.291+0000] {taskinstance.py:1279} INFO - 
--------------------------------------------------------------------------------
[2024-10-29T23:09:48.291+0000] {taskinstance.py:1280} INFO - Starting attempt 1 of 1
[2024-10-29T23:09:48.291+0000] {taskinstance.py:1281} INFO - 
--------------------------------------------------------------------------------
[2024-10-29T23:09:48.312+0000] {taskinstance.py:1300} INFO - Executing <Task(BashOperator): tsk3> on 2024-10-29 23:09:47.497955+00:00
[2024-10-29T23:09:48.319+0000] {standard_task_runner.py:55} INFO - Started process 1010 to run task
[2024-10-29T23:09:48.324+0000] {standard_task_runner.py:82} INFO - Running: ['***', 'tasks', 'run', 'quarta_dag', 'tsk3', 'manual__2024-10-29T23:09:47.497955+00:00', '--job-id', '67', '--raw', '--subdir', 'DAGS_FOLDER/quartadag.py', '--cfg-path', '/tmp/tmpd3r7gbyt']
[2024-10-29T23:09:48.324+0000] {standard_task_runner.py:83} INFO - Job 67: Subtask tsk3
[2024-10-29T23:09:48.453+0000] {task_command.py:388} INFO - Running <TaskInstance: quarta_dag.tsk3 manual__2024-10-29T23:09:47.497955+00:00 [running]> on host 55e2175811f2
[2024-10-29T23:09:48.586+0000] {taskinstance.py:1509} INFO - Exporting the following env vars:
AIRFLOW_CTX_DAG_OWNER=***
AIRFLOW_CTX_DAG_ID=quarta_dag
AIRFLOW_CTX_TASK_ID=tsk3
AIRFLOW_CTX_EXECUTION_DATE=2024-10-29T23:09:47.497955+00:00
AIRFLOW_CTX_TRY_NUMBER=1
AIRFLOW_CTX_DAG_RUN_ID=manual__2024-10-29T23:09:47.497955+00:00
[2024-10-29T23:09:48.588+0000] {subprocess.py:63} INFO - Tmp dir root location: 
 /tmp
[2024-10-29T23:09:48.590+0000] {subprocess.py:75} INFO - Running command: ['/bin/bash', '-c', 'sleep 5']
[2024-10-29T23:09:48.621+0000] {subprocess.py:86} INFO - Output:
[2024-10-29T23:09:53.629+0000] {subprocess.py:97} INFO - Command exited with return code 0
[2024-10-29T23:09:53.661+0000] {taskinstance.py:1323} INFO - Marking task as SUCCESS. dag_id=quarta_dag, task_id=tsk3, execution_date=20241029T230947, start_date=20241029T230948, end_date=20241029T230953
[2024-10-29T23:09:53.718+0000] {local_task_job.py:208} INFO - Task exited with return code 0
[2024-10-29T23:09:53.748+0000] {taskinstance.py:2578} INFO - 1 downstream tasks scheduled from follow-on schedule check
