[2024-10-29T23:09:41.909+0000] {taskinstance.py:1083} INFO - Dependencies all met for <TaskInstance: defaultargs.tsk3 scheduled__2024-10-29T22:00:00+00:00 [queued]>
[2024-10-29T23:09:41.937+0000] {taskinstance.py:1083} INFO - Dependencies all met for <TaskInstance: defaultargs.tsk3 scheduled__2024-10-29T22:00:00+00:00 [queued]>
[2024-10-29T23:09:41.938+0000] {taskinstance.py:1279} INFO - 
--------------------------------------------------------------------------------
[2024-10-29T23:09:41.938+0000] {taskinstance.py:1280} INFO - Starting attempt 1 of 2
[2024-10-29T23:09:41.938+0000] {taskinstance.py:1281} INFO - 
--------------------------------------------------------------------------------
[2024-10-29T23:09:41.970+0000] {taskinstance.py:1300} INFO - Executing <Task(BashOperator): tsk3> on 2024-10-29 22:00:00+00:00
[2024-10-29T23:09:41.988+0000] {standard_task_runner.py:55} INFO - Started process 970 to run task
[2024-10-29T23:09:42.000+0000] {standard_task_runner.py:82} INFO - Running: ['***', 'tasks', 'run', 'defaultargs', 'tsk3', 'scheduled__2024-10-29T22:00:00+00:00', '--job-id', '60', '--raw', '--subdir', 'DAGS_FOLDER/defaultargs.py', '--cfg-path', '/tmp/tmpwzp1wlo3']
[2024-10-29T23:09:42.002+0000] {standard_task_runner.py:83} INFO - Job 60: Subtask tsk3
[2024-10-29T23:09:42.186+0000] {task_command.py:388} INFO - Running <TaskInstance: defaultargs.tsk3 scheduled__2024-10-29T22:00:00+00:00 [running]> on host 55e2175811f2
[2024-10-29T23:09:42.344+0000] {taskinstance.py:1509} INFO - Exporting the following env vars:
AIRFLOW_CTX_DAG_EMAIL=test@test.com
AIRFLOW_CTX_DAG_OWNER=***
AIRFLOW_CTX_DAG_ID=defaultargs
AIRFLOW_CTX_TASK_ID=tsk3
AIRFLOW_CTX_EXECUTION_DATE=2024-10-29T22:00:00+00:00
AIRFLOW_CTX_TRY_NUMBER=1
AIRFLOW_CTX_DAG_RUN_ID=scheduled__2024-10-29T22:00:00+00:00
[2024-10-29T23:09:42.346+0000] {subprocess.py:63} INFO - Tmp dir root location: 
 /tmp
[2024-10-29T23:09:42.347+0000] {subprocess.py:75} INFO - Running command: ['/bin/bash', '-c', 'sleep 5']
[2024-10-29T23:09:42.367+0000] {subprocess.py:86} INFO - Output:
[2024-10-29T23:09:47.371+0000] {subprocess.py:97} INFO - Command exited with return code 0
[2024-10-29T23:09:47.406+0000] {taskinstance.py:1323} INFO - Marking task as SUCCESS. dag_id=defaultargs, task_id=tsk3, execution_date=20241029T220000, start_date=20241029T230941, end_date=20241029T230947
[2024-10-29T23:09:47.444+0000] {local_task_job.py:208} INFO - Task exited with return code 0
[2024-10-29T23:09:47.462+0000] {taskinstance.py:2578} INFO - 0 downstream tasks scheduled from follow-on schedule check
