[2024-10-29T23:09:31.444+0000] {taskinstance.py:1083} INFO - Dependencies all met for <TaskInstance: dagrundag2.tsk2 manual__2024-10-29T23:09:24.137566+00:00 [queued]>
[2024-10-29T23:09:31.460+0000] {taskinstance.py:1083} INFO - Dependencies all met for <TaskInstance: dagrundag2.tsk2 manual__2024-10-29T23:09:24.137566+00:00 [queued]>
[2024-10-29T23:09:31.460+0000] {taskinstance.py:1279} INFO - 
--------------------------------------------------------------------------------
[2024-10-29T23:09:31.460+0000] {taskinstance.py:1280} INFO - Starting attempt 1 of 1
[2024-10-29T23:09:31.460+0000] {taskinstance.py:1281} INFO - 
--------------------------------------------------------------------------------
[2024-10-29T23:09:31.481+0000] {taskinstance.py:1300} INFO - Executing <Task(BashOperator): tsk2> on 2024-10-29 23:09:24.137566+00:00
[2024-10-29T23:09:31.489+0000] {standard_task_runner.py:55} INFO - Started process 901 to run task
[2024-10-29T23:09:31.494+0000] {standard_task_runner.py:82} INFO - Running: ['***', 'tasks', 'run', 'dagrundag2', 'tsk2', 'manual__2024-10-29T23:09:24.137566+00:00', '--job-id', '43', '--raw', '--subdir', 'DAGS_FOLDER/dagrundag2.py', '--cfg-path', '/tmp/tmptcbyb9qe']
[2024-10-29T23:09:31.495+0000] {standard_task_runner.py:83} INFO - Job 43: Subtask tsk2
[2024-10-29T23:09:31.572+0000] {task_command.py:388} INFO - Running <TaskInstance: dagrundag2.tsk2 manual__2024-10-29T23:09:24.137566+00:00 [running]> on host 55e2175811f2
[2024-10-29T23:09:31.663+0000] {taskinstance.py:1509} INFO - Exporting the following env vars:
AIRFLOW_CTX_DAG_OWNER=***
AIRFLOW_CTX_DAG_ID=dagrundag2
AIRFLOW_CTX_TASK_ID=tsk2
AIRFLOW_CTX_EXECUTION_DATE=2024-10-29T23:09:24.137566+00:00
AIRFLOW_CTX_TRY_NUMBER=1
AIRFLOW_CTX_DAG_RUN_ID=manual__2024-10-29T23:09:24.137566+00:00
[2024-10-29T23:09:31.664+0000] {subprocess.py:63} INFO - Tmp dir root location: 
 /tmp
[2024-10-29T23:09:31.665+0000] {subprocess.py:75} INFO - Running command: ['/bin/bash', '-c', 'sleep 5']
[2024-10-29T23:09:31.677+0000] {subprocess.py:86} INFO - Output:
[2024-10-29T23:09:36.680+0000] {subprocess.py:97} INFO - Command exited with return code 0
[2024-10-29T23:09:36.713+0000] {taskinstance.py:1323} INFO - Marking task as SUCCESS. dag_id=dagrundag2, task_id=tsk2, execution_date=20241029T230924, start_date=20241029T230931, end_date=20241029T230936
[2024-10-29T23:09:36.733+0000] {local_task_job.py:208} INFO - Task exited with return code 0
[2024-10-29T23:09:36.751+0000] {taskinstance.py:2578} INFO - 0 downstream tasks scheduled from follow-on schedule check
