[2024-10-10T17:58:50.892+0000] {processor.py:153} INFO - Started process (PID=49) to work on /opt/airflow/dags/dagcomplexa.py
[2024-10-10T17:58:50.893+0000] {processor.py:743} INFO - Processing file /opt/airflow/dags/dagcomplexa.py for tasks to queue
[2024-10-10T17:58:50.893+0000] {logging_mixin.py:137} INFO - [2024-10-10T17:58:50.893+0000] {dagbag.py:538} INFO - Filling up the DagBag from /opt/airflow/dags/dagcomplexa.py
[2024-10-10T17:58:50.904+0000] {processor.py:753} INFO - DAG(s) dict_keys(['dagcomplexa']) retrieved from /opt/airflow/dags/dagcomplexa.py
[2024-10-10T17:58:50.978+0000] {logging_mixin.py:137} INFO - [2024-10-10T17:58:50.977+0000] {dag.py:2690} INFO - Sync 1 DAGs
[2024-10-10T17:58:51.006+0000] {logging_mixin.py:137} INFO - [2024-10-10T17:58:51.006+0000] {dag.py:3441} INFO - Setting next_dagrun for dagcomplexa to None, run_after=None
[2024-10-10T17:58:51.030+0000] {processor.py:175} INFO - Processing /opt/airflow/dags/dagcomplexa.py took 0.142 seconds
[2024-10-10T17:58:56.946+0000] {processor.py:153} INFO - Started process (PID=85) to work on /opt/airflow/dags/dagcomplexa.py
[2024-10-10T17:58:56.947+0000] {processor.py:743} INFO - Processing file /opt/airflow/dags/dagcomplexa.py for tasks to queue
[2024-10-10T17:58:56.948+0000] {logging_mixin.py:137} INFO - [2024-10-10T17:58:56.948+0000] {dagbag.py:538} INFO - Filling up the DagBag from /opt/airflow/dags/dagcomplexa.py
[2024-10-10T17:58:56.963+0000] {processor.py:753} INFO - DAG(s) dict_keys(['dagcomplexa']) retrieved from /opt/airflow/dags/dagcomplexa.py
[2024-10-10T17:58:56.974+0000] {logging_mixin.py:137} INFO - [2024-10-10T17:58:56.974+0000] {dag.py:2690} INFO - Sync 1 DAGs
[2024-10-10T17:58:56.999+0000] {logging_mixin.py:137} INFO - [2024-10-10T17:58:56.998+0000] {dag.py:3441} INFO - Setting next_dagrun for dagcomplexa to None, run_after=None
[2024-10-10T17:58:57.023+0000] {processor.py:175} INFO - Processing /opt/airflow/dags/dagcomplexa.py took 0.081 seconds
[2024-10-10T17:59:02.752+0000] {processor.py:153} INFO - Started process (PID=101) to work on /opt/airflow/dags/dagcomplexa.py
[2024-10-10T17:59:02.753+0000] {processor.py:743} INFO - Processing file /opt/airflow/dags/dagcomplexa.py for tasks to queue
[2024-10-10T17:59:02.754+0000] {logging_mixin.py:137} INFO - [2024-10-10T17:59:02.754+0000] {dagbag.py:538} INFO - Filling up the DagBag from /opt/airflow/dags/dagcomplexa.py
[2024-10-10T17:59:02.765+0000] {processor.py:753} INFO - DAG(s) dict_keys(['dagcomplexa']) retrieved from /opt/airflow/dags/dagcomplexa.py
[2024-10-10T17:59:02.778+0000] {logging_mixin.py:137} INFO - [2024-10-10T17:59:02.778+0000] {dag.py:2690} INFO - Sync 1 DAGs
[2024-10-10T17:59:02.797+0000] {logging_mixin.py:137} INFO - [2024-10-10T17:59:02.797+0000] {dag.py:3441} INFO - Setting next_dagrun for dagcomplexa to None, run_after=None
[2024-10-10T17:59:02.811+0000] {processor.py:175} INFO - Processing /opt/airflow/dags/dagcomplexa.py took 0.061 seconds
[2024-10-10T18:00:01.150+0000] {processor.py:153} INFO - Started process (PID=49) to work on /opt/airflow/dags/dagcomplexa.py
[2024-10-10T18:00:01.151+0000] {processor.py:743} INFO - Processing file /opt/airflow/dags/dagcomplexa.py for tasks to queue
[2024-10-10T18:00:01.152+0000] {logging_mixin.py:137} INFO - [2024-10-10T18:00:01.152+0000] {dagbag.py:538} INFO - Filling up the DagBag from /opt/airflow/dags/dagcomplexa.py
[2024-10-10T18:00:01.177+0000] {processor.py:753} INFO - DAG(s) dict_keys(['dagcomplexa']) retrieved from /opt/airflow/dags/dagcomplexa.py
[2024-10-10T18:00:01.230+0000] {logging_mixin.py:137} INFO - [2024-10-10T18:00:01.230+0000] {dag.py:2690} INFO - Sync 1 DAGs
[2024-10-10T18:00:01.266+0000] {logging_mixin.py:137} INFO - [2024-10-10T18:00:01.265+0000] {dag.py:3441} INFO - Setting next_dagrun for dagcomplexa to None, run_after=None
[2024-10-10T18:00:01.290+0000] {processor.py:175} INFO - Processing /opt/airflow/dags/dagcomplexa.py took 0.144 seconds
[2024-10-10T18:00:06.499+0000] {processor.py:153} INFO - Started process (PID=74) to work on /opt/airflow/dags/dagcomplexa.py
[2024-10-10T18:00:06.500+0000] {processor.py:743} INFO - Processing file /opt/airflow/dags/dagcomplexa.py for tasks to queue
[2024-10-10T18:00:06.501+0000] {logging_mixin.py:137} INFO - [2024-10-10T18:00:06.501+0000] {dagbag.py:538} INFO - Filling up the DagBag from /opt/airflow/dags/dagcomplexa.py
[2024-10-10T18:00:06.522+0000] {processor.py:753} INFO - DAG(s) dict_keys(['dagcomplexa']) retrieved from /opt/airflow/dags/dagcomplexa.py
[2024-10-10T18:00:06.539+0000] {logging_mixin.py:137} INFO - [2024-10-10T18:00:06.539+0000] {dag.py:2690} INFO - Sync 1 DAGs
[2024-10-10T18:00:06.571+0000] {logging_mixin.py:137} INFO - [2024-10-10T18:00:06.571+0000] {dag.py:3441} INFO - Setting next_dagrun for dagcomplexa to None, run_after=None
[2024-10-10T18:00:06.594+0000] {processor.py:175} INFO - Processing /opt/airflow/dags/dagcomplexa.py took 0.100 seconds
[2024-10-10T18:00:11.653+0000] {processor.py:153} INFO - Started process (PID=101) to work on /opt/airflow/dags/dagcomplexa.py
[2024-10-10T18:00:11.654+0000] {processor.py:743} INFO - Processing file /opt/airflow/dags/dagcomplexa.py for tasks to queue
[2024-10-10T18:00:11.654+0000] {logging_mixin.py:137} INFO - [2024-10-10T18:00:11.654+0000] {dagbag.py:538} INFO - Filling up the DagBag from /opt/airflow/dags/dagcomplexa.py
[2024-10-10T18:00:11.668+0000] {processor.py:753} INFO - DAG(s) dict_keys(['dagcomplexa']) retrieved from /opt/airflow/dags/dagcomplexa.py
[2024-10-10T18:00:11.680+0000] {logging_mixin.py:137} INFO - [2024-10-10T18:00:11.680+0000] {dag.py:2690} INFO - Sync 1 DAGs
[2024-10-10T18:00:11.705+0000] {logging_mixin.py:137} INFO - [2024-10-10T18:00:11.705+0000] {dag.py:3441} INFO - Setting next_dagrun for dagcomplexa to None, run_after=None
[2024-10-10T18:00:11.724+0000] {processor.py:175} INFO - Processing /opt/airflow/dags/dagcomplexa.py took 0.074 seconds
[2024-10-10T18:00:16.801+0000] {processor.py:153} INFO - Started process (PID=117) to work on /opt/airflow/dags/dagcomplexa.py
[2024-10-10T18:00:16.802+0000] {processor.py:743} INFO - Processing file /opt/airflow/dags/dagcomplexa.py for tasks to queue
[2024-10-10T18:00:16.803+0000] {logging_mixin.py:137} INFO - [2024-10-10T18:00:16.803+0000] {dagbag.py:538} INFO - Filling up the DagBag from /opt/airflow/dags/dagcomplexa.py
[2024-10-10T18:00:16.819+0000] {processor.py:753} INFO - DAG(s) dict_keys(['dagcomplexa']) retrieved from /opt/airflow/dags/dagcomplexa.py
[2024-10-10T18:00:16.833+0000] {logging_mixin.py:137} INFO - [2024-10-10T18:00:16.833+0000] {dag.py:2690} INFO - Sync 1 DAGs
[2024-10-10T18:00:16.861+0000] {logging_mixin.py:137} INFO - [2024-10-10T18:00:16.861+0000] {dag.py:3441} INFO - Setting next_dagrun for dagcomplexa to None, run_after=None
[2024-10-10T18:00:16.886+0000] {processor.py:175} INFO - Processing /opt/airflow/dags/dagcomplexa.py took 0.088 seconds
[2024-10-10T18:00:21.910+0000] {processor.py:153} INFO - Started process (PID=153) to work on /opt/airflow/dags/dagcomplexa.py
[2024-10-10T18:00:21.911+0000] {processor.py:743} INFO - Processing file /opt/airflow/dags/dagcomplexa.py for tasks to queue
[2024-10-10T18:00:21.911+0000] {logging_mixin.py:137} INFO - [2024-10-10T18:00:21.911+0000] {dagbag.py:538} INFO - Filling up the DagBag from /opt/airflow/dags/dagcomplexa.py
[2024-10-10T18:00:21.927+0000] {processor.py:753} INFO - DAG(s) dict_keys(['dagcomplexa']) retrieved from /opt/airflow/dags/dagcomplexa.py
[2024-10-10T18:00:21.940+0000] {logging_mixin.py:137} INFO - [2024-10-10T18:00:21.940+0000] {dag.py:2690} INFO - Sync 1 DAGs
[2024-10-10T18:00:21.958+0000] {logging_mixin.py:137} INFO - [2024-10-10T18:00:21.958+0000] {dag.py:3441} INFO - Setting next_dagrun for dagcomplexa to None, run_after=None
[2024-10-10T18:00:21.972+0000] {processor.py:175} INFO - Processing /opt/airflow/dags/dagcomplexa.py took 0.066 seconds
[2024-10-10T18:00:27.757+0000] {processor.py:153} INFO - Started process (PID=169) to work on /opt/airflow/dags/dagcomplexa.py
[2024-10-10T18:00:27.757+0000] {processor.py:743} INFO - Processing file /opt/airflow/dags/dagcomplexa.py for tasks to queue
[2024-10-10T18:00:27.758+0000] {logging_mixin.py:137} INFO - [2024-10-10T18:00:27.758+0000] {dagbag.py:538} INFO - Filling up the DagBag from /opt/airflow/dags/dagcomplexa.py
[2024-10-10T18:00:27.768+0000] {processor.py:753} INFO - DAG(s) dict_keys(['dagcomplexa']) retrieved from /opt/airflow/dags/dagcomplexa.py
[2024-10-10T18:00:27.781+0000] {logging_mixin.py:137} INFO - [2024-10-10T18:00:27.781+0000] {dag.py:2690} INFO - Sync 1 DAGs
[2024-10-10T18:00:27.809+0000] {logging_mixin.py:137} INFO - [2024-10-10T18:00:27.809+0000] {dag.py:3441} INFO - Setting next_dagrun for dagcomplexa to None, run_after=None
[2024-10-10T18:00:27.826+0000] {processor.py:175} INFO - Processing /opt/airflow/dags/dagcomplexa.py took 0.071 seconds
[2024-10-10T18:00:33.698+0000] {processor.py:153} INFO - Started process (PID=205) to work on /opt/airflow/dags/dagcomplexa.py
[2024-10-10T18:00:33.699+0000] {processor.py:743} INFO - Processing file /opt/airflow/dags/dagcomplexa.py for tasks to queue
[2024-10-10T18:00:33.699+0000] {logging_mixin.py:137} INFO - [2024-10-10T18:00:33.699+0000] {dagbag.py:538} INFO - Filling up the DagBag from /opt/airflow/dags/dagcomplexa.py
[2024-10-10T18:00:33.710+0000] {processor.py:753} INFO - DAG(s) dict_keys(['dagcomplexa']) retrieved from /opt/airflow/dags/dagcomplexa.py
[2024-10-10T18:00:33.734+0000] {logging_mixin.py:137} INFO - [2024-10-10T18:00:33.733+0000] {dag.py:2690} INFO - Sync 1 DAGs
[2024-10-10T18:00:33.758+0000] {logging_mixin.py:137} INFO - [2024-10-10T18:00:33.758+0000] {dag.py:3441} INFO - Setting next_dagrun for dagcomplexa to None, run_after=None
[2024-10-10T18:00:33.778+0000] {processor.py:175} INFO - Processing /opt/airflow/dags/dagcomplexa.py took 0.084 seconds
[2024-10-10T18:00:39.623+0000] {processor.py:153} INFO - Started process (PID=221) to work on /opt/airflow/dags/dagcomplexa.py
[2024-10-10T18:00:39.624+0000] {processor.py:743} INFO - Processing file /opt/airflow/dags/dagcomplexa.py for tasks to queue
[2024-10-10T18:00:39.624+0000] {logging_mixin.py:137} INFO - [2024-10-10T18:00:39.624+0000] {dagbag.py:538} INFO - Filling up the DagBag from /opt/airflow/dags/dagcomplexa.py
[2024-10-10T18:00:39.636+0000] {processor.py:753} INFO - DAG(s) dict_keys(['dagcomplexa']) retrieved from /opt/airflow/dags/dagcomplexa.py
[2024-10-10T18:00:39.669+0000] {logging_mixin.py:137} INFO - [2024-10-10T18:00:39.668+0000] {dag.py:2690} INFO - Sync 1 DAGs
[2024-10-10T18:00:39.696+0000] {logging_mixin.py:137} INFO - [2024-10-10T18:00:39.696+0000] {dag.py:3441} INFO - Setting next_dagrun for dagcomplexa to None, run_after=None
[2024-10-10T18:00:39.715+0000] {processor.py:175} INFO - Processing /opt/airflow/dags/dagcomplexa.py took 0.096 seconds
[2024-10-10T18:00:44.773+0000] {processor.py:153} INFO - Started process (PID=256) to work on /opt/airflow/dags/dagcomplexa.py
[2024-10-10T18:00:44.774+0000] {processor.py:743} INFO - Processing file /opt/airflow/dags/dagcomplexa.py for tasks to queue
[2024-10-10T18:00:44.774+0000] {logging_mixin.py:137} INFO - [2024-10-10T18:00:44.774+0000] {dagbag.py:538} INFO - Filling up the DagBag from /opt/airflow/dags/dagcomplexa.py
[2024-10-10T18:00:44.785+0000] {processor.py:753} INFO - DAG(s) dict_keys(['dagcomplexa']) retrieved from /opt/airflow/dags/dagcomplexa.py
[2024-10-10T18:00:44.809+0000] {logging_mixin.py:137} INFO - [2024-10-10T18:00:44.809+0000] {dag.py:2690} INFO - Sync 1 DAGs
[2024-10-10T18:00:44.838+0000] {logging_mixin.py:137} INFO - [2024-10-10T18:00:44.838+0000] {dag.py:3441} INFO - Setting next_dagrun for dagcomplexa to None, run_after=None
[2024-10-10T18:00:44.857+0000] {processor.py:175} INFO - Processing /opt/airflow/dags/dagcomplexa.py took 0.086 seconds
[2024-10-10T18:00:49.905+0000] {processor.py:153} INFO - Started process (PID=272) to work on /opt/airflow/dags/dagcomplexa.py
[2024-10-10T18:00:49.905+0000] {processor.py:743} INFO - Processing file /opt/airflow/dags/dagcomplexa.py for tasks to queue
[2024-10-10T18:00:49.906+0000] {logging_mixin.py:137} INFO - [2024-10-10T18:00:49.906+0000] {dagbag.py:538} INFO - Filling up the DagBag from /opt/airflow/dags/dagcomplexa.py
[2024-10-10T18:00:49.918+0000] {processor.py:753} INFO - DAG(s) dict_keys(['dagcomplexa']) retrieved from /opt/airflow/dags/dagcomplexa.py
[2024-10-10T18:00:49.945+0000] {logging_mixin.py:137} INFO - [2024-10-10T18:00:49.945+0000] {dag.py:2690} INFO - Sync 1 DAGs
[2024-10-10T18:00:49.976+0000] {logging_mixin.py:137} INFO - [2024-10-10T18:00:49.976+0000] {dag.py:3441} INFO - Setting next_dagrun for dagcomplexa to None, run_after=None
[2024-10-10T18:00:49.998+0000] {processor.py:175} INFO - Processing /opt/airflow/dags/dagcomplexa.py took 0.095 seconds
[2024-10-10T18:00:55.110+0000] {processor.py:153} INFO - Started process (PID=308) to work on /opt/airflow/dags/dagcomplexa.py
[2024-10-10T18:00:55.111+0000] {processor.py:743} INFO - Processing file /opt/airflow/dags/dagcomplexa.py for tasks to queue
[2024-10-10T18:00:55.111+0000] {logging_mixin.py:137} INFO - [2024-10-10T18:00:55.111+0000] {dagbag.py:538} INFO - Filling up the DagBag from /opt/airflow/dags/dagcomplexa.py
[2024-10-10T18:00:55.129+0000] {processor.py:753} INFO - DAG(s) dict_keys(['dagcomplexa']) retrieved from /opt/airflow/dags/dagcomplexa.py
[2024-10-10T18:00:55.156+0000] {logging_mixin.py:137} INFO - [2024-10-10T18:00:55.155+0000] {dag.py:2690} INFO - Sync 1 DAGs
[2024-10-10T18:00:55.183+0000] {logging_mixin.py:137} INFO - [2024-10-10T18:00:55.183+0000] {dag.py:3441} INFO - Setting next_dagrun for dagcomplexa to None, run_after=None
[2024-10-10T18:00:55.204+0000] {processor.py:175} INFO - Processing /opt/airflow/dags/dagcomplexa.py took 0.098 seconds
[2024-10-10T18:01:00.247+0000] {processor.py:153} INFO - Started process (PID=324) to work on /opt/airflow/dags/dagcomplexa.py
[2024-10-10T18:01:00.248+0000] {processor.py:743} INFO - Processing file /opt/airflow/dags/dagcomplexa.py for tasks to queue
[2024-10-10T18:01:00.248+0000] {logging_mixin.py:137} INFO - [2024-10-10T18:01:00.248+0000] {dagbag.py:538} INFO - Filling up the DagBag from /opt/airflow/dags/dagcomplexa.py
[2024-10-10T18:01:00.265+0000] {processor.py:753} INFO - DAG(s) dict_keys(['dagcomplexa']) retrieved from /opt/airflow/dags/dagcomplexa.py
[2024-10-10T18:01:00.289+0000] {logging_mixin.py:137} INFO - [2024-10-10T18:01:00.289+0000] {dag.py:2690} INFO - Sync 1 DAGs
[2024-10-10T18:01:00.305+0000] {logging_mixin.py:137} INFO - [2024-10-10T18:01:00.305+0000] {dag.py:3441} INFO - Setting next_dagrun for dagcomplexa to None, run_after=None
[2024-10-10T18:01:00.322+0000] {processor.py:175} INFO - Processing /opt/airflow/dags/dagcomplexa.py took 0.078 seconds
[2024-10-10T18:01:06.219+0000] {processor.py:153} INFO - Started process (PID=360) to work on /opt/airflow/dags/dagcomplexa.py
[2024-10-10T18:01:06.220+0000] {processor.py:743} INFO - Processing file /opt/airflow/dags/dagcomplexa.py for tasks to queue
[2024-10-10T18:01:06.220+0000] {logging_mixin.py:137} INFO - [2024-10-10T18:01:06.220+0000] {dagbag.py:538} INFO - Filling up the DagBag from /opt/airflow/dags/dagcomplexa.py
[2024-10-10T18:01:06.230+0000] {processor.py:753} INFO - DAG(s) dict_keys(['dagcomplexa']) retrieved from /opt/airflow/dags/dagcomplexa.py
[2024-10-10T18:01:06.252+0000] {logging_mixin.py:137} INFO - [2024-10-10T18:01:06.252+0000] {dag.py:2690} INFO - Sync 1 DAGs
[2024-10-10T18:01:06.274+0000] {logging_mixin.py:137} INFO - [2024-10-10T18:01:06.274+0000] {dag.py:3441} INFO - Setting next_dagrun for dagcomplexa to None, run_after=None
[2024-10-10T18:01:06.295+0000] {processor.py:175} INFO - Processing /opt/airflow/dags/dagcomplexa.py took 0.078 seconds
[2024-10-10T18:01:12.194+0000] {processor.py:153} INFO - Started process (PID=376) to work on /opt/airflow/dags/dagcomplexa.py
[2024-10-10T18:01:12.194+0000] {processor.py:743} INFO - Processing file /opt/airflow/dags/dagcomplexa.py for tasks to queue
[2024-10-10T18:01:12.195+0000] {logging_mixin.py:137} INFO - [2024-10-10T18:01:12.195+0000] {dagbag.py:538} INFO - Filling up the DagBag from /opt/airflow/dags/dagcomplexa.py
[2024-10-10T18:01:12.205+0000] {processor.py:753} INFO - DAG(s) dict_keys(['dagcomplexa']) retrieved from /opt/airflow/dags/dagcomplexa.py
[2024-10-10T18:01:12.232+0000] {logging_mixin.py:137} INFO - [2024-10-10T18:01:12.232+0000] {dag.py:2690} INFO - Sync 1 DAGs
[2024-10-10T18:01:12.258+0000] {logging_mixin.py:137} INFO - [2024-10-10T18:01:12.258+0000] {dag.py:3441} INFO - Setting next_dagrun for dagcomplexa to None, run_after=None
[2024-10-10T18:01:12.279+0000] {processor.py:175} INFO - Processing /opt/airflow/dags/dagcomplexa.py took 0.087 seconds
[2024-10-10T18:01:18.058+0000] {processor.py:153} INFO - Started process (PID=412) to work on /opt/airflow/dags/dagcomplexa.py
[2024-10-10T18:01:18.058+0000] {processor.py:743} INFO - Processing file /opt/airflow/dags/dagcomplexa.py for tasks to queue
[2024-10-10T18:01:18.059+0000] {logging_mixin.py:137} INFO - [2024-10-10T18:01:18.059+0000] {dagbag.py:538} INFO - Filling up the DagBag from /opt/airflow/dags/dagcomplexa.py
[2024-10-10T18:01:18.070+0000] {processor.py:753} INFO - DAG(s) dict_keys(['dagcomplexa']) retrieved from /opt/airflow/dags/dagcomplexa.py
[2024-10-10T18:01:18.097+0000] {logging_mixin.py:137} INFO - [2024-10-10T18:01:18.097+0000] {dag.py:2690} INFO - Sync 1 DAGs
[2024-10-10T18:01:18.124+0000] {logging_mixin.py:137} INFO - [2024-10-10T18:01:18.123+0000] {dag.py:3441} INFO - Setting next_dagrun for dagcomplexa to None, run_after=None
[2024-10-10T18:01:18.147+0000] {processor.py:175} INFO - Processing /opt/airflow/dags/dagcomplexa.py took 0.092 seconds
[2024-10-10T18:01:23.931+0000] {processor.py:153} INFO - Started process (PID=428) to work on /opt/airflow/dags/dagcomplexa.py
[2024-10-10T18:01:23.931+0000] {processor.py:743} INFO - Processing file /opt/airflow/dags/dagcomplexa.py for tasks to queue
[2024-10-10T18:01:23.932+0000] {logging_mixin.py:137} INFO - [2024-10-10T18:01:23.932+0000] {dagbag.py:538} INFO - Filling up the DagBag from /opt/airflow/dags/dagcomplexa.py
[2024-10-10T18:01:23.941+0000] {processor.py:753} INFO - DAG(s) dict_keys(['dagcomplexa']) retrieved from /opt/airflow/dags/dagcomplexa.py
[2024-10-10T18:01:23.973+0000] {logging_mixin.py:137} INFO - [2024-10-10T18:01:23.972+0000] {dag.py:2690} INFO - Sync 1 DAGs
[2024-10-10T18:01:23.994+0000] {logging_mixin.py:137} INFO - [2024-10-10T18:01:23.994+0000] {dag.py:3441} INFO - Setting next_dagrun for dagcomplexa to None, run_after=None
[2024-10-10T18:01:24.012+0000] {processor.py:175} INFO - Processing /opt/airflow/dags/dagcomplexa.py took 0.084 seconds
[2024-10-10T18:01:29.783+0000] {processor.py:153} INFO - Started process (PID=464) to work on /opt/airflow/dags/dagcomplexa.py
[2024-10-10T18:01:29.784+0000] {processor.py:743} INFO - Processing file /opt/airflow/dags/dagcomplexa.py for tasks to queue
[2024-10-10T18:01:29.785+0000] {logging_mixin.py:137} INFO - [2024-10-10T18:01:29.785+0000] {dagbag.py:538} INFO - Filling up the DagBag from /opt/airflow/dags/dagcomplexa.py
[2024-10-10T18:01:29.799+0000] {processor.py:753} INFO - DAG(s) dict_keys(['dagcomplexa']) retrieved from /opt/airflow/dags/dagcomplexa.py
[2024-10-10T18:01:29.828+0000] {logging_mixin.py:137} INFO - [2024-10-10T18:01:29.828+0000] {dag.py:2690} INFO - Sync 1 DAGs
[2024-10-10T18:01:29.857+0000] {logging_mixin.py:137} INFO - [2024-10-10T18:01:29.857+0000] {dag.py:3441} INFO - Setting next_dagrun for dagcomplexa to None, run_after=None
[2024-10-10T18:01:29.877+0000] {processor.py:175} INFO - Processing /opt/airflow/dags/dagcomplexa.py took 0.098 seconds
[2024-10-10T18:01:35.627+0000] {processor.py:153} INFO - Started process (PID=480) to work on /opt/airflow/dags/dagcomplexa.py
[2024-10-10T18:01:35.628+0000] {processor.py:743} INFO - Processing file /opt/airflow/dags/dagcomplexa.py for tasks to queue
[2024-10-10T18:01:35.628+0000] {logging_mixin.py:137} INFO - [2024-10-10T18:01:35.628+0000] {dagbag.py:538} INFO - Filling up the DagBag from /opt/airflow/dags/dagcomplexa.py
[2024-10-10T18:01:35.638+0000] {processor.py:753} INFO - DAG(s) dict_keys(['dagcomplexa']) retrieved from /opt/airflow/dags/dagcomplexa.py
[2024-10-10T18:01:35.660+0000] {logging_mixin.py:137} INFO - [2024-10-10T18:01:35.660+0000] {dag.py:2690} INFO - Sync 1 DAGs
[2024-10-10T18:01:35.690+0000] {logging_mixin.py:137} INFO - [2024-10-10T18:01:35.690+0000] {dag.py:3441} INFO - Setting next_dagrun for dagcomplexa to None, run_after=None
[2024-10-10T18:01:35.717+0000] {processor.py:175} INFO - Processing /opt/airflow/dags/dagcomplexa.py took 0.092 seconds
[2024-10-10T18:01:41.490+0000] {processor.py:153} INFO - Started process (PID=516) to work on /opt/airflow/dags/dagcomplexa.py
[2024-10-10T18:01:41.491+0000] {processor.py:743} INFO - Processing file /opt/airflow/dags/dagcomplexa.py for tasks to queue
[2024-10-10T18:01:41.491+0000] {logging_mixin.py:137} INFO - [2024-10-10T18:01:41.491+0000] {dagbag.py:538} INFO - Filling up the DagBag from /opt/airflow/dags/dagcomplexa.py
[2024-10-10T18:01:41.501+0000] {processor.py:753} INFO - DAG(s) dict_keys(['dagcomplexa']) retrieved from /opt/airflow/dags/dagcomplexa.py
[2024-10-10T18:01:41.524+0000] {logging_mixin.py:137} INFO - [2024-10-10T18:01:41.524+0000] {dag.py:2690} INFO - Sync 1 DAGs
[2024-10-10T18:01:41.550+0000] {logging_mixin.py:137} INFO - [2024-10-10T18:01:41.550+0000] {dag.py:3441} INFO - Setting next_dagrun for dagcomplexa to None, run_after=None
[2024-10-10T18:01:41.570+0000] {processor.py:175} INFO - Processing /opt/airflow/dags/dagcomplexa.py took 0.081 seconds
[2024-10-10T18:01:47.371+0000] {processor.py:153} INFO - Started process (PID=532) to work on /opt/airflow/dags/dagcomplexa.py
[2024-10-10T18:01:47.372+0000] {processor.py:743} INFO - Processing file /opt/airflow/dags/dagcomplexa.py for tasks to queue
[2024-10-10T18:01:47.372+0000] {logging_mixin.py:137} INFO - [2024-10-10T18:01:47.372+0000] {dagbag.py:538} INFO - Filling up the DagBag from /opt/airflow/dags/dagcomplexa.py
[2024-10-10T18:01:47.382+0000] {processor.py:753} INFO - DAG(s) dict_keys(['dagcomplexa']) retrieved from /opt/airflow/dags/dagcomplexa.py
[2024-10-10T18:01:47.411+0000] {logging_mixin.py:137} INFO - [2024-10-10T18:01:47.410+0000] {dag.py:2690} INFO - Sync 1 DAGs
[2024-10-10T18:01:47.437+0000] {logging_mixin.py:137} INFO - [2024-10-10T18:01:47.437+0000] {dag.py:3441} INFO - Setting next_dagrun for dagcomplexa to None, run_after=None
[2024-10-10T18:01:47.459+0000] {processor.py:175} INFO - Processing /opt/airflow/dags/dagcomplexa.py took 0.090 seconds
[2024-10-10T18:01:53.223+0000] {processor.py:153} INFO - Started process (PID=568) to work on /opt/airflow/dags/dagcomplexa.py
[2024-10-10T18:01:53.224+0000] {processor.py:743} INFO - Processing file /opt/airflow/dags/dagcomplexa.py for tasks to queue
[2024-10-10T18:01:53.224+0000] {logging_mixin.py:137} INFO - [2024-10-10T18:01:53.224+0000] {dagbag.py:538} INFO - Filling up the DagBag from /opt/airflow/dags/dagcomplexa.py
[2024-10-10T18:01:53.234+0000] {processor.py:753} INFO - DAG(s) dict_keys(['dagcomplexa']) retrieved from /opt/airflow/dags/dagcomplexa.py
[2024-10-10T18:01:53.263+0000] {logging_mixin.py:137} INFO - [2024-10-10T18:01:53.262+0000] {dag.py:2690} INFO - Sync 1 DAGs
[2024-10-10T18:01:53.293+0000] {logging_mixin.py:137} INFO - [2024-10-10T18:01:53.292+0000] {dag.py:3441} INFO - Setting next_dagrun for dagcomplexa to None, run_after=None
[2024-10-10T18:01:53.312+0000] {processor.py:175} INFO - Processing /opt/airflow/dags/dagcomplexa.py took 0.091 seconds
[2024-10-10T18:01:59.088+0000] {processor.py:153} INFO - Started process (PID=584) to work on /opt/airflow/dags/dagcomplexa.py
[2024-10-10T18:01:59.088+0000] {processor.py:743} INFO - Processing file /opt/airflow/dags/dagcomplexa.py for tasks to queue
[2024-10-10T18:01:59.088+0000] {logging_mixin.py:137} INFO - [2024-10-10T18:01:59.088+0000] {dagbag.py:538} INFO - Filling up the DagBag from /opt/airflow/dags/dagcomplexa.py
[2024-10-10T18:01:59.097+0000] {processor.py:753} INFO - DAG(s) dict_keys(['dagcomplexa']) retrieved from /opt/airflow/dags/dagcomplexa.py
[2024-10-10T18:01:59.123+0000] {logging_mixin.py:137} INFO - [2024-10-10T18:01:59.123+0000] {dag.py:2690} INFO - Sync 1 DAGs
[2024-10-10T18:01:59.145+0000] {logging_mixin.py:137} INFO - [2024-10-10T18:01:59.145+0000] {dag.py:3441} INFO - Setting next_dagrun for dagcomplexa to None, run_after=None
[2024-10-10T18:01:59.166+0000] {processor.py:175} INFO - Processing /opt/airflow/dags/dagcomplexa.py took 0.081 seconds
[2024-10-10T18:02:05.145+0000] {processor.py:153} INFO - Started process (PID=620) to work on /opt/airflow/dags/dagcomplexa.py
[2024-10-10T18:02:05.146+0000] {processor.py:743} INFO - Processing file /opt/airflow/dags/dagcomplexa.py for tasks to queue
[2024-10-10T18:02:05.146+0000] {logging_mixin.py:137} INFO - [2024-10-10T18:02:05.146+0000] {dagbag.py:538} INFO - Filling up the DagBag from /opt/airflow/dags/dagcomplexa.py
[2024-10-10T18:02:05.158+0000] {processor.py:753} INFO - DAG(s) dict_keys(['dagcomplexa']) retrieved from /opt/airflow/dags/dagcomplexa.py
[2024-10-10T18:02:05.181+0000] {logging_mixin.py:137} INFO - [2024-10-10T18:02:05.181+0000] {dag.py:2690} INFO - Sync 1 DAGs
[2024-10-10T18:02:05.206+0000] {logging_mixin.py:137} INFO - [2024-10-10T18:02:05.206+0000] {dag.py:3441} INFO - Setting next_dagrun for dagcomplexa to None, run_after=None
[2024-10-10T18:02:05.225+0000] {processor.py:175} INFO - Processing /opt/airflow/dags/dagcomplexa.py took 0.082 seconds
[2024-10-10T18:02:11.130+0000] {processor.py:153} INFO - Started process (PID=636) to work on /opt/airflow/dags/dagcomplexa.py
[2024-10-10T18:02:11.130+0000] {processor.py:743} INFO - Processing file /opt/airflow/dags/dagcomplexa.py for tasks to queue
[2024-10-10T18:02:11.131+0000] {logging_mixin.py:137} INFO - [2024-10-10T18:02:11.131+0000] {dagbag.py:538} INFO - Filling up the DagBag from /opt/airflow/dags/dagcomplexa.py
[2024-10-10T18:02:11.140+0000] {processor.py:753} INFO - DAG(s) dict_keys(['dagcomplexa']) retrieved from /opt/airflow/dags/dagcomplexa.py
[2024-10-10T18:02:11.161+0000] {logging_mixin.py:137} INFO - [2024-10-10T18:02:11.161+0000] {dag.py:2690} INFO - Sync 1 DAGs
[2024-10-10T18:02:11.180+0000] {logging_mixin.py:137} INFO - [2024-10-10T18:02:11.180+0000] {dag.py:3441} INFO - Setting next_dagrun for dagcomplexa to None, run_after=None
[2024-10-10T18:02:11.198+0000] {processor.py:175} INFO - Processing /opt/airflow/dags/dagcomplexa.py took 0.070 seconds
[2024-10-10T18:02:16.948+0000] {processor.py:153} INFO - Started process (PID=672) to work on /opt/airflow/dags/dagcomplexa.py
[2024-10-10T18:02:16.949+0000] {processor.py:743} INFO - Processing file /opt/airflow/dags/dagcomplexa.py for tasks to queue
[2024-10-10T18:02:16.950+0000] {logging_mixin.py:137} INFO - [2024-10-10T18:02:16.950+0000] {dagbag.py:538} INFO - Filling up the DagBag from /opt/airflow/dags/dagcomplexa.py
[2024-10-10T18:02:16.971+0000] {processor.py:753} INFO - DAG(s) dict_keys(['dagcomplexa']) retrieved from /opt/airflow/dags/dagcomplexa.py
[2024-10-10T18:02:16.999+0000] {logging_mixin.py:137} INFO - [2024-10-10T18:02:16.999+0000] {dag.py:2690} INFO - Sync 1 DAGs
[2024-10-10T18:02:17.026+0000] {logging_mixin.py:137} INFO - [2024-10-10T18:02:17.026+0000] {dag.py:3441} INFO - Setting next_dagrun for dagcomplexa to None, run_after=None
[2024-10-10T18:02:17.051+0000] {processor.py:175} INFO - Processing /opt/airflow/dags/dagcomplexa.py took 0.107 seconds
[2024-10-10T18:02:22.924+0000] {processor.py:153} INFO - Started process (PID=688) to work on /opt/airflow/dags/dagcomplexa.py
[2024-10-10T18:02:22.926+0000] {processor.py:743} INFO - Processing file /opt/airflow/dags/dagcomplexa.py for tasks to queue
[2024-10-10T18:02:22.927+0000] {logging_mixin.py:137} INFO - [2024-10-10T18:02:22.926+0000] {dagbag.py:538} INFO - Filling up the DagBag from /opt/airflow/dags/dagcomplexa.py
[2024-10-10T18:02:22.942+0000] {processor.py:753} INFO - DAG(s) dict_keys(['dagcomplexa']) retrieved from /opt/airflow/dags/dagcomplexa.py
[2024-10-10T18:02:22.961+0000] {logging_mixin.py:137} INFO - [2024-10-10T18:02:22.961+0000] {dag.py:2690} INFO - Sync 1 DAGs
[2024-10-10T18:02:22.977+0000] {logging_mixin.py:137} INFO - [2024-10-10T18:02:22.977+0000] {dag.py:3441} INFO - Setting next_dagrun for dagcomplexa to None, run_after=None
[2024-10-10T18:02:22.988+0000] {processor.py:175} INFO - Processing /opt/airflow/dags/dagcomplexa.py took 0.068 seconds
