[2024-10-10T17:58:50.887+0000] {processor.py:153} INFO - Started process (PID=48) to work on /opt/airflow/dags/daggroup.py
[2024-10-10T17:58:50.888+0000] {processor.py:743} INFO - Processing file /opt/airflow/dags/daggroup.py for tasks to queue
[2024-10-10T17:58:50.888+0000] {logging_mixin.py:137} INFO - [2024-10-10T17:58:50.888+0000] {dagbag.py:538} INFO - Filling up the DagBag from /opt/airflow/dags/daggroup.py
[2024-10-10T17:58:50.904+0000] {processor.py:753} INFO - DAG(s) dict_keys(['daggroup']) retrieved from /opt/airflow/dags/daggroup.py
[2024-10-10T17:58:50.960+0000] {logging_mixin.py:137} INFO - [2024-10-10T17:58:50.960+0000] {dag.py:2690} INFO - Sync 1 DAGs
[2024-10-10T17:58:50.986+0000] {logging_mixin.py:137} INFO - [2024-10-10T17:58:50.986+0000] {dag.py:3441} INFO - Setting next_dagrun for daggroup to None, run_after=None
[2024-10-10T17:58:51.009+0000] {processor.py:175} INFO - Processing /opt/airflow/dags/daggroup.py took 0.126 seconds
[2024-10-10T17:58:56.941+0000] {processor.py:153} INFO - Started process (PID=84) to work on /opt/airflow/dags/daggroup.py
[2024-10-10T17:58:56.941+0000] {processor.py:743} INFO - Processing file /opt/airflow/dags/daggroup.py for tasks to queue
[2024-10-10T17:58:56.942+0000] {logging_mixin.py:137} INFO - [2024-10-10T17:58:56.942+0000] {dagbag.py:538} INFO - Filling up the DagBag from /opt/airflow/dags/daggroup.py
[2024-10-10T17:58:56.960+0000] {processor.py:753} INFO - DAG(s) dict_keys(['daggroup']) retrieved from /opt/airflow/dags/daggroup.py
[2024-10-10T17:58:56.973+0000] {logging_mixin.py:137} INFO - [2024-10-10T17:58:56.973+0000] {dag.py:2690} INFO - Sync 1 DAGs
[2024-10-10T17:58:56.999+0000] {logging_mixin.py:137} INFO - [2024-10-10T17:58:56.999+0000] {dag.py:3441} INFO - Setting next_dagrun for daggroup to None, run_after=None
[2024-10-10T17:58:57.022+0000] {processor.py:175} INFO - Processing /opt/airflow/dags/daggroup.py took 0.086 seconds
[2024-10-10T17:59:02.748+0000] {processor.py:153} INFO - Started process (PID=100) to work on /opt/airflow/dags/daggroup.py
[2024-10-10T17:59:02.749+0000] {processor.py:743} INFO - Processing file /opt/airflow/dags/daggroup.py for tasks to queue
[2024-10-10T17:59:02.750+0000] {logging_mixin.py:137} INFO - [2024-10-10T17:59:02.750+0000] {dagbag.py:538} INFO - Filling up the DagBag from /opt/airflow/dags/daggroup.py
[2024-10-10T17:59:02.763+0000] {processor.py:753} INFO - DAG(s) dict_keys(['daggroup']) retrieved from /opt/airflow/dags/daggroup.py
[2024-10-10T17:59:02.777+0000] {logging_mixin.py:137} INFO - [2024-10-10T17:59:02.776+0000] {dag.py:2690} INFO - Sync 1 DAGs
[2024-10-10T17:59:02.807+0000] {logging_mixin.py:137} INFO - [2024-10-10T17:59:02.807+0000] {dag.py:3441} INFO - Setting next_dagrun for daggroup to None, run_after=None
[2024-10-10T17:59:02.827+0000] {processor.py:175} INFO - Processing /opt/airflow/dags/daggroup.py took 0.083 seconds
[2024-10-10T18:00:01.132+0000] {processor.py:153} INFO - Started process (PID=48) to work on /opt/airflow/dags/daggroup.py
[2024-10-10T18:00:01.133+0000] {processor.py:743} INFO - Processing file /opt/airflow/dags/daggroup.py for tasks to queue
[2024-10-10T18:00:01.133+0000] {logging_mixin.py:137} INFO - [2024-10-10T18:00:01.133+0000] {dagbag.py:538} INFO - Filling up the DagBag from /opt/airflow/dags/daggroup.py
[2024-10-10T18:00:01.156+0000] {processor.py:753} INFO - DAG(s) dict_keys(['daggroup']) retrieved from /opt/airflow/dags/daggroup.py
[2024-10-10T18:00:01.239+0000] {logging_mixin.py:137} INFO - [2024-10-10T18:00:01.238+0000] {dag.py:2690} INFO - Sync 1 DAGs
[2024-10-10T18:00:01.268+0000] {logging_mixin.py:137} INFO - [2024-10-10T18:00:01.268+0000] {dag.py:3441} INFO - Setting next_dagrun for daggroup to None, run_after=None
[2024-10-10T18:00:01.292+0000] {processor.py:175} INFO - Processing /opt/airflow/dags/daggroup.py took 0.164 seconds
[2024-10-10T18:00:06.481+0000] {processor.py:153} INFO - Started process (PID=73) to work on /opt/airflow/dags/daggroup.py
[2024-10-10T18:00:06.482+0000] {processor.py:743} INFO - Processing file /opt/airflow/dags/daggroup.py for tasks to queue
[2024-10-10T18:00:06.483+0000] {logging_mixin.py:137} INFO - [2024-10-10T18:00:06.483+0000] {dagbag.py:538} INFO - Filling up the DagBag from /opt/airflow/dags/daggroup.py
[2024-10-10T18:00:06.505+0000] {processor.py:753} INFO - DAG(s) dict_keys(['daggroup']) retrieved from /opt/airflow/dags/daggroup.py
[2024-10-10T18:00:06.521+0000] {logging_mixin.py:137} INFO - [2024-10-10T18:00:06.521+0000] {dag.py:2690} INFO - Sync 1 DAGs
[2024-10-10T18:00:06.558+0000] {logging_mixin.py:137} INFO - [2024-10-10T18:00:06.558+0000] {dag.py:3441} INFO - Setting next_dagrun for daggroup to None, run_after=None
[2024-10-10T18:00:06.580+0000] {processor.py:175} INFO - Processing /opt/airflow/dags/daggroup.py took 0.103 seconds
[2024-10-10T18:00:11.637+0000] {processor.py:153} INFO - Started process (PID=100) to work on /opt/airflow/dags/daggroup.py
[2024-10-10T18:00:11.638+0000] {processor.py:743} INFO - Processing file /opt/airflow/dags/daggroup.py for tasks to queue
[2024-10-10T18:00:11.638+0000] {logging_mixin.py:137} INFO - [2024-10-10T18:00:11.638+0000] {dagbag.py:538} INFO - Filling up the DagBag from /opt/airflow/dags/daggroup.py
[2024-10-10T18:00:11.653+0000] {processor.py:753} INFO - DAG(s) dict_keys(['daggroup']) retrieved from /opt/airflow/dags/daggroup.py
[2024-10-10T18:00:11.669+0000] {logging_mixin.py:137} INFO - [2024-10-10T18:00:11.669+0000] {dag.py:2690} INFO - Sync 1 DAGs
[2024-10-10T18:00:11.694+0000] {logging_mixin.py:137} INFO - [2024-10-10T18:00:11.694+0000] {dag.py:3441} INFO - Setting next_dagrun for daggroup to None, run_after=None
[2024-10-10T18:00:11.717+0000] {processor.py:175} INFO - Processing /opt/airflow/dags/daggroup.py took 0.084 seconds
[2024-10-10T18:00:16.762+0000] {processor.py:153} INFO - Started process (PID=116) to work on /opt/airflow/dags/daggroup.py
[2024-10-10T18:00:16.764+0000] {processor.py:743} INFO - Processing file /opt/airflow/dags/daggroup.py for tasks to queue
[2024-10-10T18:00:16.764+0000] {logging_mixin.py:137} INFO - [2024-10-10T18:00:16.764+0000] {dagbag.py:538} INFO - Filling up the DagBag from /opt/airflow/dags/daggroup.py
[2024-10-10T18:00:16.788+0000] {processor.py:753} INFO - DAG(s) dict_keys(['daggroup']) retrieved from /opt/airflow/dags/daggroup.py
[2024-10-10T18:00:16.801+0000] {logging_mixin.py:137} INFO - [2024-10-10T18:00:16.801+0000] {dag.py:2690} INFO - Sync 1 DAGs
[2024-10-10T18:00:16.830+0000] {logging_mixin.py:137} INFO - [2024-10-10T18:00:16.830+0000] {dag.py:3441} INFO - Setting next_dagrun for daggroup to None, run_after=None
[2024-10-10T18:00:16.850+0000] {processor.py:175} INFO - Processing /opt/airflow/dags/daggroup.py took 0.091 seconds
[2024-10-10T18:00:21.891+0000] {processor.py:153} INFO - Started process (PID=152) to work on /opt/airflow/dags/daggroup.py
[2024-10-10T18:00:21.892+0000] {processor.py:743} INFO - Processing file /opt/airflow/dags/daggroup.py for tasks to queue
[2024-10-10T18:00:21.893+0000] {logging_mixin.py:137} INFO - [2024-10-10T18:00:21.893+0000] {dagbag.py:538} INFO - Filling up the DagBag from /opt/airflow/dags/daggroup.py
[2024-10-10T18:00:21.905+0000] {processor.py:753} INFO - DAG(s) dict_keys(['daggroup']) retrieved from /opt/airflow/dags/daggroup.py
[2024-10-10T18:00:21.918+0000] {logging_mixin.py:137} INFO - [2024-10-10T18:00:21.917+0000] {dag.py:2690} INFO - Sync 1 DAGs
[2024-10-10T18:00:21.946+0000] {logging_mixin.py:137} INFO - [2024-10-10T18:00:21.946+0000] {dag.py:3441} INFO - Setting next_dagrun for daggroup to None, run_after=None
[2024-10-10T18:00:21.965+0000] {processor.py:175} INFO - Processing /opt/airflow/dags/daggroup.py took 0.078 seconds
[2024-10-10T18:00:27.688+0000] {processor.py:153} INFO - Started process (PID=168) to work on /opt/airflow/dags/daggroup.py
[2024-10-10T18:00:27.688+0000] {processor.py:743} INFO - Processing file /opt/airflow/dags/daggroup.py for tasks to queue
[2024-10-10T18:00:27.689+0000] {logging_mixin.py:137} INFO - [2024-10-10T18:00:27.689+0000] {dagbag.py:538} INFO - Filling up the DagBag from /opt/airflow/dags/daggroup.py
[2024-10-10T18:00:27.698+0000] {processor.py:753} INFO - DAG(s) dict_keys(['daggroup']) retrieved from /opt/airflow/dags/daggroup.py
[2024-10-10T18:00:27.711+0000] {logging_mixin.py:137} INFO - [2024-10-10T18:00:27.710+0000] {dag.py:2690} INFO - Sync 1 DAGs
[2024-10-10T18:00:27.740+0000] {logging_mixin.py:137} INFO - [2024-10-10T18:00:27.740+0000] {dag.py:3441} INFO - Setting next_dagrun for daggroup to None, run_after=None
[2024-10-10T18:00:27.761+0000] {processor.py:175} INFO - Processing /opt/airflow/dags/daggroup.py took 0.076 seconds
[2024-10-10T18:00:33.597+0000] {processor.py:153} INFO - Started process (PID=204) to work on /opt/airflow/dags/daggroup.py
[2024-10-10T18:00:33.597+0000] {processor.py:743} INFO - Processing file /opt/airflow/dags/daggroup.py for tasks to queue
[2024-10-10T18:00:33.598+0000] {logging_mixin.py:137} INFO - [2024-10-10T18:00:33.598+0000] {dagbag.py:538} INFO - Filling up the DagBag from /opt/airflow/dags/daggroup.py
[2024-10-10T18:00:33.607+0000] {processor.py:753} INFO - DAG(s) dict_keys(['daggroup']) retrieved from /opt/airflow/dags/daggroup.py
[2024-10-10T18:00:33.632+0000] {logging_mixin.py:137} INFO - [2024-10-10T18:00:33.631+0000] {dag.py:2690} INFO - Sync 1 DAGs
[2024-10-10T18:00:33.657+0000] {logging_mixin.py:137} INFO - [2024-10-10T18:00:33.657+0000] {dag.py:3441} INFO - Setting next_dagrun for daggroup to None, run_after=None
[2024-10-10T18:00:33.676+0000] {processor.py:175} INFO - Processing /opt/airflow/dags/daggroup.py took 0.081 seconds
[2024-10-10T18:00:39.516+0000] {processor.py:153} INFO - Started process (PID=220) to work on /opt/airflow/dags/daggroup.py
[2024-10-10T18:00:39.517+0000] {processor.py:743} INFO - Processing file /opt/airflow/dags/daggroup.py for tasks to queue
[2024-10-10T18:00:39.518+0000] {logging_mixin.py:137} INFO - [2024-10-10T18:00:39.518+0000] {dagbag.py:538} INFO - Filling up the DagBag from /opt/airflow/dags/daggroup.py
[2024-10-10T18:00:39.531+0000] {processor.py:753} INFO - DAG(s) dict_keys(['daggroup']) retrieved from /opt/airflow/dags/daggroup.py
[2024-10-10T18:00:39.557+0000] {logging_mixin.py:137} INFO - [2024-10-10T18:00:39.557+0000] {dag.py:2690} INFO - Sync 1 DAGs
[2024-10-10T18:00:39.580+0000] {logging_mixin.py:137} INFO - [2024-10-10T18:00:39.580+0000] {dag.py:3441} INFO - Setting next_dagrun for daggroup to None, run_after=None
[2024-10-10T18:00:39.601+0000] {processor.py:175} INFO - Processing /opt/airflow/dags/daggroup.py took 0.089 seconds
[2024-10-10T18:00:44.675+0000] {processor.py:153} INFO - Started process (PID=255) to work on /opt/airflow/dags/daggroup.py
[2024-10-10T18:00:44.676+0000] {processor.py:743} INFO - Processing file /opt/airflow/dags/daggroup.py for tasks to queue
[2024-10-10T18:00:44.677+0000] {logging_mixin.py:137} INFO - [2024-10-10T18:00:44.677+0000] {dagbag.py:538} INFO - Filling up the DagBag from /opt/airflow/dags/daggroup.py
[2024-10-10T18:00:44.690+0000] {processor.py:753} INFO - DAG(s) dict_keys(['daggroup']) retrieved from /opt/airflow/dags/daggroup.py
[2024-10-10T18:00:44.717+0000] {logging_mixin.py:137} INFO - [2024-10-10T18:00:44.717+0000] {dag.py:2690} INFO - Sync 1 DAGs
[2024-10-10T18:00:44.748+0000] {logging_mixin.py:137} INFO - [2024-10-10T18:00:44.748+0000] {dag.py:3441} INFO - Setting next_dagrun for daggroup to None, run_after=None
[2024-10-10T18:00:44.769+0000] {processor.py:175} INFO - Processing /opt/airflow/dags/daggroup.py took 0.098 seconds
[2024-10-10T18:00:49.814+0000] {processor.py:153} INFO - Started process (PID=271) to work on /opt/airflow/dags/daggroup.py
[2024-10-10T18:00:49.815+0000] {processor.py:743} INFO - Processing file /opt/airflow/dags/daggroup.py for tasks to queue
[2024-10-10T18:00:49.816+0000] {logging_mixin.py:137} INFO - [2024-10-10T18:00:49.816+0000] {dagbag.py:538} INFO - Filling up the DagBag from /opt/airflow/dags/daggroup.py
[2024-10-10T18:00:49.825+0000] {processor.py:753} INFO - DAG(s) dict_keys(['daggroup']) retrieved from /opt/airflow/dags/daggroup.py
[2024-10-10T18:00:49.852+0000] {logging_mixin.py:137} INFO - [2024-10-10T18:00:49.852+0000] {dag.py:2690} INFO - Sync 1 DAGs
[2024-10-10T18:00:49.874+0000] {logging_mixin.py:137} INFO - [2024-10-10T18:00:49.874+0000] {dag.py:3441} INFO - Setting next_dagrun for daggroup to None, run_after=None
[2024-10-10T18:00:49.895+0000] {processor.py:175} INFO - Processing /opt/airflow/dags/daggroup.py took 0.084 seconds
[2024-10-10T18:00:55.104+0000] {processor.py:153} INFO - Started process (PID=307) to work on /opt/airflow/dags/daggroup.py
[2024-10-10T18:00:55.105+0000] {processor.py:743} INFO - Processing file /opt/airflow/dags/daggroup.py for tasks to queue
[2024-10-10T18:00:55.106+0000] {logging_mixin.py:137} INFO - [2024-10-10T18:00:55.106+0000] {dagbag.py:538} INFO - Filling up the DagBag from /opt/airflow/dags/daggroup.py
[2024-10-10T18:00:55.116+0000] {processor.py:753} INFO - DAG(s) dict_keys(['daggroup']) retrieved from /opt/airflow/dags/daggroup.py
[2024-10-10T18:00:55.138+0000] {logging_mixin.py:137} INFO - [2024-10-10T18:00:55.137+0000] {dag.py:2690} INFO - Sync 1 DAGs
[2024-10-10T18:00:55.163+0000] {logging_mixin.py:137} INFO - [2024-10-10T18:00:55.163+0000] {dag.py:3441} INFO - Setting next_dagrun for daggroup to None, run_after=None
[2024-10-10T18:00:55.183+0000] {processor.py:175} INFO - Processing /opt/airflow/dags/daggroup.py took 0.082 seconds
[2024-10-10T18:01:00.243+0000] {processor.py:153} INFO - Started process (PID=323) to work on /opt/airflow/dags/daggroup.py
[2024-10-10T18:01:00.244+0000] {processor.py:743} INFO - Processing file /opt/airflow/dags/daggroup.py for tasks to queue
[2024-10-10T18:01:00.245+0000] {logging_mixin.py:137} INFO - [2024-10-10T18:01:00.245+0000] {dagbag.py:538} INFO - Filling up the DagBag from /opt/airflow/dags/daggroup.py
[2024-10-10T18:01:00.259+0000] {processor.py:753} INFO - DAG(s) dict_keys(['daggroup']) retrieved from /opt/airflow/dags/daggroup.py
[2024-10-10T18:01:00.289+0000] {logging_mixin.py:137} INFO - [2024-10-10T18:01:00.289+0000] {dag.py:2690} INFO - Sync 1 DAGs
[2024-10-10T18:01:00.314+0000] {logging_mixin.py:137} INFO - [2024-10-10T18:01:00.313+0000] {dag.py:3441} INFO - Setting next_dagrun for daggroup to None, run_after=None
[2024-10-10T18:01:00.330+0000] {processor.py:175} INFO - Processing /opt/airflow/dags/daggroup.py took 0.090 seconds
[2024-10-10T18:01:06.147+0000] {processor.py:153} INFO - Started process (PID=359) to work on /opt/airflow/dags/daggroup.py
[2024-10-10T18:01:06.148+0000] {processor.py:743} INFO - Processing file /opt/airflow/dags/daggroup.py for tasks to queue
[2024-10-10T18:01:06.149+0000] {logging_mixin.py:137} INFO - [2024-10-10T18:01:06.149+0000] {dagbag.py:538} INFO - Filling up the DagBag from /opt/airflow/dags/daggroup.py
[2024-10-10T18:01:06.166+0000] {processor.py:753} INFO - DAG(s) dict_keys(['daggroup']) retrieved from /opt/airflow/dags/daggroup.py
[2024-10-10T18:01:06.196+0000] {logging_mixin.py:137} INFO - [2024-10-10T18:01:06.196+0000] {dag.py:2690} INFO - Sync 1 DAGs
[2024-10-10T18:01:06.227+0000] {logging_mixin.py:137} INFO - [2024-10-10T18:01:06.227+0000] {dag.py:3441} INFO - Setting next_dagrun for daggroup to None, run_after=None
[2024-10-10T18:01:06.247+0000] {processor.py:175} INFO - Processing /opt/airflow/dags/daggroup.py took 0.103 seconds
[2024-10-10T18:01:12.099+0000] {processor.py:153} INFO - Started process (PID=375) to work on /opt/airflow/dags/daggroup.py
[2024-10-10T18:01:12.100+0000] {processor.py:743} INFO - Processing file /opt/airflow/dags/daggroup.py for tasks to queue
[2024-10-10T18:01:12.101+0000] {logging_mixin.py:137} INFO - [2024-10-10T18:01:12.101+0000] {dagbag.py:538} INFO - Filling up the DagBag from /opt/airflow/dags/daggroup.py
[2024-10-10T18:01:12.113+0000] {processor.py:753} INFO - DAG(s) dict_keys(['daggroup']) retrieved from /opt/airflow/dags/daggroup.py
[2024-10-10T18:01:12.137+0000] {logging_mixin.py:137} INFO - [2024-10-10T18:01:12.137+0000] {dag.py:2690} INFO - Sync 1 DAGs
[2024-10-10T18:01:12.154+0000] {logging_mixin.py:137} INFO - [2024-10-10T18:01:12.154+0000] {dag.py:3441} INFO - Setting next_dagrun for daggroup to None, run_after=None
[2024-10-10T18:01:12.171+0000] {processor.py:175} INFO - Processing /opt/airflow/dags/daggroup.py took 0.075 seconds
[2024-10-10T18:01:17.991+0000] {processor.py:153} INFO - Started process (PID=411) to work on /opt/airflow/dags/daggroup.py
[2024-10-10T18:01:17.992+0000] {processor.py:743} INFO - Processing file /opt/airflow/dags/daggroup.py for tasks to queue
[2024-10-10T18:01:17.993+0000] {logging_mixin.py:137} INFO - [2024-10-10T18:01:17.992+0000] {dagbag.py:538} INFO - Filling up the DagBag from /opt/airflow/dags/daggroup.py
[2024-10-10T18:01:18.002+0000] {processor.py:753} INFO - DAG(s) dict_keys(['daggroup']) retrieved from /opt/airflow/dags/daggroup.py
[2024-10-10T18:01:18.025+0000] {logging_mixin.py:137} INFO - [2024-10-10T18:01:18.025+0000] {dag.py:2690} INFO - Sync 1 DAGs
[2024-10-10T18:01:18.052+0000] {logging_mixin.py:137} INFO - [2024-10-10T18:01:18.052+0000] {dag.py:3441} INFO - Setting next_dagrun for daggroup to None, run_after=None
[2024-10-10T18:01:18.076+0000] {processor.py:175} INFO - Processing /opt/airflow/dags/daggroup.py took 0.088 seconds
[2024-10-10T18:01:23.929+0000] {processor.py:153} INFO - Started process (PID=427) to work on /opt/airflow/dags/daggroup.py
[2024-10-10T18:01:23.930+0000] {processor.py:743} INFO - Processing file /opt/airflow/dags/daggroup.py for tasks to queue
[2024-10-10T18:01:23.931+0000] {logging_mixin.py:137} INFO - [2024-10-10T18:01:23.931+0000] {dagbag.py:538} INFO - Filling up the DagBag from /opt/airflow/dags/daggroup.py
[2024-10-10T18:01:23.941+0000] {processor.py:753} INFO - DAG(s) dict_keys(['daggroup']) retrieved from /opt/airflow/dags/daggroup.py
[2024-10-10T18:01:23.973+0000] {logging_mixin.py:137} INFO - [2024-10-10T18:01:23.972+0000] {dag.py:2690} INFO - Sync 1 DAGs
[2024-10-10T18:01:24.002+0000] {logging_mixin.py:137} INFO - [2024-10-10T18:01:24.002+0000] {dag.py:3441} INFO - Setting next_dagrun for daggroup to None, run_after=None
[2024-10-10T18:01:24.023+0000] {processor.py:175} INFO - Processing /opt/airflow/dags/daggroup.py took 0.098 seconds
[2024-10-10T18:01:29.704+0000] {processor.py:153} INFO - Started process (PID=463) to work on /opt/airflow/dags/daggroup.py
[2024-10-10T18:01:29.704+0000] {processor.py:743} INFO - Processing file /opt/airflow/dags/daggroup.py for tasks to queue
[2024-10-10T18:01:29.705+0000] {logging_mixin.py:137} INFO - [2024-10-10T18:01:29.705+0000] {dagbag.py:538} INFO - Filling up the DagBag from /opt/airflow/dags/daggroup.py
[2024-10-10T18:01:29.714+0000] {processor.py:753} INFO - DAG(s) dict_keys(['daggroup']) retrieved from /opt/airflow/dags/daggroup.py
[2024-10-10T18:01:29.731+0000] {logging_mixin.py:137} INFO - [2024-10-10T18:01:29.730+0000] {dag.py:2690} INFO - Sync 1 DAGs
[2024-10-10T18:01:29.757+0000] {logging_mixin.py:137} INFO - [2024-10-10T18:01:29.757+0000] {dag.py:3441} INFO - Setting next_dagrun for daggroup to None, run_after=None
[2024-10-10T18:01:29.776+0000] {processor.py:175} INFO - Processing /opt/airflow/dags/daggroup.py took 0.074 seconds
[2024-10-10T18:01:35.618+0000] {processor.py:153} INFO - Started process (PID=479) to work on /opt/airflow/dags/daggroup.py
[2024-10-10T18:01:35.619+0000] {processor.py:743} INFO - Processing file /opt/airflow/dags/daggroup.py for tasks to queue
[2024-10-10T18:01:35.620+0000] {logging_mixin.py:137} INFO - [2024-10-10T18:01:35.619+0000] {dagbag.py:538} INFO - Filling up the DagBag from /opt/airflow/dags/daggroup.py
[2024-10-10T18:01:35.631+0000] {processor.py:753} INFO - DAG(s) dict_keys(['daggroup']) retrieved from /opt/airflow/dags/daggroup.py
[2024-10-10T18:01:35.654+0000] {logging_mixin.py:137} INFO - [2024-10-10T18:01:35.653+0000] {dag.py:2690} INFO - Sync 1 DAGs
[2024-10-10T18:01:35.679+0000] {logging_mixin.py:137} INFO - [2024-10-10T18:01:35.679+0000] {dag.py:3441} INFO - Setting next_dagrun for daggroup to None, run_after=None
[2024-10-10T18:01:35.705+0000] {processor.py:175} INFO - Processing /opt/airflow/dags/daggroup.py took 0.090 seconds
[2024-10-10T18:01:41.412+0000] {processor.py:153} INFO - Started process (PID=515) to work on /opt/airflow/dags/daggroup.py
[2024-10-10T18:01:41.413+0000] {processor.py:743} INFO - Processing file /opt/airflow/dags/daggroup.py for tasks to queue
[2024-10-10T18:01:41.414+0000] {logging_mixin.py:137} INFO - [2024-10-10T18:01:41.413+0000] {dagbag.py:538} INFO - Filling up the DagBag from /opt/airflow/dags/daggroup.py
[2024-10-10T18:01:41.424+0000] {processor.py:753} INFO - DAG(s) dict_keys(['daggroup']) retrieved from /opt/airflow/dags/daggroup.py
[2024-10-10T18:01:41.449+0000] {logging_mixin.py:137} INFO - [2024-10-10T18:01:41.449+0000] {dag.py:2690} INFO - Sync 1 DAGs
[2024-10-10T18:01:41.477+0000] {logging_mixin.py:137} INFO - [2024-10-10T18:01:41.477+0000] {dag.py:3441} INFO - Setting next_dagrun for daggroup to None, run_after=None
[2024-10-10T18:01:41.495+0000] {processor.py:175} INFO - Processing /opt/airflow/dags/daggroup.py took 0.087 seconds
[2024-10-10T18:01:47.296+0000] {processor.py:153} INFO - Started process (PID=531) to work on /opt/airflow/dags/daggroup.py
[2024-10-10T18:01:47.297+0000] {processor.py:743} INFO - Processing file /opt/airflow/dags/daggroup.py for tasks to queue
[2024-10-10T18:01:47.298+0000] {logging_mixin.py:137} INFO - [2024-10-10T18:01:47.298+0000] {dagbag.py:538} INFO - Filling up the DagBag from /opt/airflow/dags/daggroup.py
[2024-10-10T18:01:47.307+0000] {processor.py:753} INFO - DAG(s) dict_keys(['daggroup']) retrieved from /opt/airflow/dags/daggroup.py
[2024-10-10T18:01:47.329+0000] {logging_mixin.py:137} INFO - [2024-10-10T18:01:47.329+0000] {dag.py:2690} INFO - Sync 1 DAGs
[2024-10-10T18:01:47.344+0000] {logging_mixin.py:137} INFO - [2024-10-10T18:01:47.344+0000] {dag.py:3441} INFO - Setting next_dagrun for daggroup to None, run_after=None
[2024-10-10T18:01:47.358+0000] {processor.py:175} INFO - Processing /opt/airflow/dags/daggroup.py took 0.064 seconds
[2024-10-10T18:01:53.140+0000] {processor.py:153} INFO - Started process (PID=567) to work on /opt/airflow/dags/daggroup.py
[2024-10-10T18:01:53.141+0000] {processor.py:743} INFO - Processing file /opt/airflow/dags/daggroup.py for tasks to queue
[2024-10-10T18:01:53.141+0000] {logging_mixin.py:137} INFO - [2024-10-10T18:01:53.141+0000] {dagbag.py:538} INFO - Filling up the DagBag from /opt/airflow/dags/daggroup.py
[2024-10-10T18:01:53.151+0000] {processor.py:753} INFO - DAG(s) dict_keys(['daggroup']) retrieved from /opt/airflow/dags/daggroup.py
[2024-10-10T18:01:53.170+0000] {logging_mixin.py:137} INFO - [2024-10-10T18:01:53.170+0000] {dag.py:2690} INFO - Sync 1 DAGs
[2024-10-10T18:01:53.193+0000] {logging_mixin.py:137} INFO - [2024-10-10T18:01:53.193+0000] {dag.py:3441} INFO - Setting next_dagrun for daggroup to None, run_after=None
[2024-10-10T18:01:53.212+0000] {processor.py:175} INFO - Processing /opt/airflow/dags/daggroup.py took 0.076 seconds
[2024-10-10T18:01:59.012+0000] {processor.py:153} INFO - Started process (PID=583) to work on /opt/airflow/dags/daggroup.py
[2024-10-10T18:01:59.013+0000] {processor.py:743} INFO - Processing file /opt/airflow/dags/daggroup.py for tasks to queue
[2024-10-10T18:01:59.014+0000] {logging_mixin.py:137} INFO - [2024-10-10T18:01:59.013+0000] {dagbag.py:538} INFO - Filling up the DagBag from /opt/airflow/dags/daggroup.py
[2024-10-10T18:01:59.031+0000] {processor.py:753} INFO - DAG(s) dict_keys(['daggroup']) retrieved from /opt/airflow/dags/daggroup.py
[2024-10-10T18:01:59.053+0000] {logging_mixin.py:137} INFO - [2024-10-10T18:01:59.053+0000] {dag.py:2690} INFO - Sync 1 DAGs
[2024-10-10T18:01:59.080+0000] {logging_mixin.py:137} INFO - [2024-10-10T18:01:59.079+0000] {dag.py:3441} INFO - Setting next_dagrun for daggroup to None, run_after=None
[2024-10-10T18:01:59.100+0000] {processor.py:175} INFO - Processing /opt/airflow/dags/daggroup.py took 0.092 seconds
[2024-10-10T18:02:05.036+0000] {processor.py:153} INFO - Started process (PID=619) to work on /opt/airflow/dags/daggroup.py
[2024-10-10T18:02:05.037+0000] {processor.py:743} INFO - Processing file /opt/airflow/dags/daggroup.py for tasks to queue
[2024-10-10T18:02:05.037+0000] {logging_mixin.py:137} INFO - [2024-10-10T18:02:05.037+0000] {dagbag.py:538} INFO - Filling up the DagBag from /opt/airflow/dags/daggroup.py
[2024-10-10T18:02:05.056+0000] {processor.py:753} INFO - DAG(s) dict_keys(['daggroup']) retrieved from /opt/airflow/dags/daggroup.py
[2024-10-10T18:02:05.093+0000] {logging_mixin.py:137} INFO - [2024-10-10T18:02:05.093+0000] {dag.py:2690} INFO - Sync 1 DAGs
[2024-10-10T18:02:05.122+0000] {logging_mixin.py:137} INFO - [2024-10-10T18:02:05.121+0000] {dag.py:3441} INFO - Setting next_dagrun for daggroup to None, run_after=None
[2024-10-10T18:02:05.144+0000] {processor.py:175} INFO - Processing /opt/airflow/dags/daggroup.py took 0.112 seconds
[2024-10-10T18:02:11.055+0000] {processor.py:153} INFO - Started process (PID=635) to work on /opt/airflow/dags/daggroup.py
[2024-10-10T18:02:11.055+0000] {processor.py:743} INFO - Processing file /opt/airflow/dags/daggroup.py for tasks to queue
[2024-10-10T18:02:11.056+0000] {logging_mixin.py:137} INFO - [2024-10-10T18:02:11.056+0000] {dagbag.py:538} INFO - Filling up the DagBag from /opt/airflow/dags/daggroup.py
[2024-10-10T18:02:11.067+0000] {processor.py:753} INFO - DAG(s) dict_keys(['daggroup']) retrieved from /opt/airflow/dags/daggroup.py
[2024-10-10T18:02:11.094+0000] {logging_mixin.py:137} INFO - [2024-10-10T18:02:11.094+0000] {dag.py:2690} INFO - Sync 1 DAGs
[2024-10-10T18:02:11.115+0000] {logging_mixin.py:137} INFO - [2024-10-10T18:02:11.115+0000] {dag.py:3441} INFO - Setting next_dagrun for daggroup to None, run_after=None
[2024-10-10T18:02:11.135+0000] {processor.py:175} INFO - Processing /opt/airflow/dags/daggroup.py took 0.083 seconds
[2024-10-10T18:02:16.924+0000] {processor.py:153} INFO - Started process (PID=671) to work on /opt/airflow/dags/daggroup.py
[2024-10-10T18:02:16.926+0000] {processor.py:743} INFO - Processing file /opt/airflow/dags/daggroup.py for tasks to queue
[2024-10-10T18:02:16.926+0000] {logging_mixin.py:137} INFO - [2024-10-10T18:02:16.926+0000] {dagbag.py:538} INFO - Filling up the DagBag from /opt/airflow/dags/daggroup.py
[2024-10-10T18:02:16.938+0000] {processor.py:753} INFO - DAG(s) dict_keys(['daggroup']) retrieved from /opt/airflow/dags/daggroup.py
[2024-10-10T18:02:16.972+0000] {logging_mixin.py:137} INFO - [2024-10-10T18:02:16.971+0000] {dag.py:2690} INFO - Sync 1 DAGs
[2024-10-10T18:02:16.993+0000] {logging_mixin.py:137} INFO - [2024-10-10T18:02:16.993+0000] {dag.py:3441} INFO - Setting next_dagrun for daggroup to None, run_after=None
[2024-10-10T18:02:17.013+0000] {processor.py:175} INFO - Processing /opt/airflow/dags/daggroup.py took 0.092 seconds
[2024-10-10T18:02:22.823+0000] {processor.py:153} INFO - Started process (PID=687) to work on /opt/airflow/dags/daggroup.py
[2024-10-10T18:02:22.824+0000] {processor.py:743} INFO - Processing file /opt/airflow/dags/daggroup.py for tasks to queue
[2024-10-10T18:02:22.824+0000] {logging_mixin.py:137} INFO - [2024-10-10T18:02:22.824+0000] {dagbag.py:538} INFO - Filling up the DagBag from /opt/airflow/dags/daggroup.py
[2024-10-10T18:02:22.835+0000] {processor.py:753} INFO - DAG(s) dict_keys(['daggroup']) retrieved from /opt/airflow/dags/daggroup.py
[2024-10-10T18:02:22.863+0000] {logging_mixin.py:137} INFO - [2024-10-10T18:02:22.863+0000] {dag.py:2690} INFO - Sync 1 DAGs
[2024-10-10T18:02:22.887+0000] {logging_mixin.py:137} INFO - [2024-10-10T18:02:22.886+0000] {dag.py:3441} INFO - Setting next_dagrun for daggroup to None, run_after=None
[2024-10-10T18:02:22.906+0000] {processor.py:175} INFO - Processing /opt/airflow/dags/daggroup.py took 0.085 seconds
