[2024-10-10T17:58:50.740+0000] {processor.py:153} INFO - Started process (PID=47) to work on /opt/airflow/dags/dagrundag2.py
[2024-10-10T17:58:50.741+0000] {processor.py:743} INFO - Processing file /opt/airflow/dags/dagrundag2.py for tasks to queue
[2024-10-10T17:58:50.741+0000] {logging_mixin.py:137} INFO - [2024-10-10T17:58:50.741+0000] {dagbag.py:538} INFO - Filling up the DagBag from /opt/airflow/dags/dagrundag2.py
[2024-10-10T17:58:50.756+0000] {processor.py:753} INFO - DAG(s) dict_keys(['dagrundag2']) retrieved from /opt/airflow/dags/dagrundag2.py
[2024-10-10T17:58:50.817+0000] {logging_mixin.py:137} INFO - [2024-10-10T17:58:50.817+0000] {dag.py:2690} INFO - Sync 1 DAGs
[2024-10-10T17:58:50.842+0000] {logging_mixin.py:137} INFO - [2024-10-10T17:58:50.842+0000] {dag.py:3441} INFO - Setting next_dagrun for dagrundag2 to None, run_after=None
[2024-10-10T17:58:50.865+0000] {processor.py:175} INFO - Processing /opt/airflow/dags/dagrundag2.py took 0.128 seconds
[2024-10-10T17:58:55.926+0000] {processor.py:153} INFO - Started process (PID=83) to work on /opt/airflow/dags/dagrundag2.py
[2024-10-10T17:58:55.927+0000] {processor.py:743} INFO - Processing file /opt/airflow/dags/dagrundag2.py for tasks to queue
[2024-10-10T17:58:55.927+0000] {logging_mixin.py:137} INFO - [2024-10-10T17:58:55.927+0000] {dagbag.py:538} INFO - Filling up the DagBag from /opt/airflow/dags/dagrundag2.py
[2024-10-10T17:58:55.936+0000] {processor.py:753} INFO - DAG(s) dict_keys(['dagrundag2']) retrieved from /opt/airflow/dags/dagrundag2.py
[2024-10-10T17:58:55.951+0000] {logging_mixin.py:137} INFO - [2024-10-10T17:58:55.951+0000] {dag.py:2690} INFO - Sync 1 DAGs
[2024-10-10T17:58:55.971+0000] {logging_mixin.py:137} INFO - [2024-10-10T17:58:55.971+0000] {dag.py:3441} INFO - Setting next_dagrun for dagrundag2 to None, run_after=None
[2024-10-10T17:58:55.985+0000] {processor.py:175} INFO - Processing /opt/airflow/dags/dagrundag2.py took 0.062 seconds
[2024-10-10T17:59:01.730+0000] {processor.py:153} INFO - Started process (PID=99) to work on /opt/airflow/dags/dagrundag2.py
[2024-10-10T17:59:01.731+0000] {processor.py:743} INFO - Processing file /opt/airflow/dags/dagrundag2.py for tasks to queue
[2024-10-10T17:59:01.731+0000] {logging_mixin.py:137} INFO - [2024-10-10T17:59:01.731+0000] {dagbag.py:538} INFO - Filling up the DagBag from /opt/airflow/dags/dagrundag2.py
[2024-10-10T17:59:01.740+0000] {processor.py:753} INFO - DAG(s) dict_keys(['dagrundag2']) retrieved from /opt/airflow/dags/dagrundag2.py
[2024-10-10T17:59:01.753+0000] {logging_mixin.py:137} INFO - [2024-10-10T17:59:01.753+0000] {dag.py:2690} INFO - Sync 1 DAGs
[2024-10-10T17:59:01.777+0000] {logging_mixin.py:137} INFO - [2024-10-10T17:59:01.777+0000] {dag.py:3441} INFO - Setting next_dagrun for dagrundag2 to None, run_after=None
[2024-10-10T17:59:01.797+0000] {processor.py:175} INFO - Processing /opt/airflow/dags/dagrundag2.py took 0.069 seconds
[2024-10-10T17:59:07.529+0000] {processor.py:153} INFO - Started process (PID=135) to work on /opt/airflow/dags/dagrundag2.py
[2024-10-10T17:59:07.530+0000] {processor.py:743} INFO - Processing file /opt/airflow/dags/dagrundag2.py for tasks to queue
[2024-10-10T17:59:07.531+0000] {logging_mixin.py:137} INFO - [2024-10-10T17:59:07.531+0000] {dagbag.py:538} INFO - Filling up the DagBag from /opt/airflow/dags/dagrundag2.py
[2024-10-10T17:59:07.555+0000] {processor.py:753} INFO - DAG(s) dict_keys(['dagrundag2']) retrieved from /opt/airflow/dags/dagrundag2.py
[2024-10-10T17:59:07.578+0000] {logging_mixin.py:137} INFO - [2024-10-10T17:59:07.577+0000] {dag.py:2690} INFO - Sync 1 DAGs
[2024-10-10T17:59:07.616+0000] {logging_mixin.py:137} INFO - [2024-10-10T17:59:07.615+0000] {dag.py:3441} INFO - Setting next_dagrun for dagrundag2 to None, run_after=None
[2024-10-10T17:59:07.648+0000] {processor.py:175} INFO - Processing /opt/airflow/dags/dagrundag2.py took 0.125 seconds
[2024-10-10T18:00:00.969+0000] {processor.py:153} INFO - Started process (PID=47) to work on /opt/airflow/dags/dagrundag2.py
[2024-10-10T18:00:00.970+0000] {processor.py:743} INFO - Processing file /opt/airflow/dags/dagrundag2.py for tasks to queue
[2024-10-10T18:00:00.971+0000] {logging_mixin.py:137} INFO - [2024-10-10T18:00:00.971+0000] {dagbag.py:538} INFO - Filling up the DagBag from /opt/airflow/dags/dagrundag2.py
[2024-10-10T18:00:00.992+0000] {processor.py:753} INFO - DAG(s) dict_keys(['dagrundag2']) retrieved from /opt/airflow/dags/dagrundag2.py
[2024-10-10T18:00:01.066+0000] {logging_mixin.py:137} INFO - [2024-10-10T18:00:01.066+0000] {dag.py:2690} INFO - Sync 1 DAGs
[2024-10-10T18:00:01.097+0000] {logging_mixin.py:137} INFO - [2024-10-10T18:00:01.097+0000] {dag.py:3441} INFO - Setting next_dagrun for dagrundag2 to None, run_after=None
[2024-10-10T18:00:01.122+0000] {processor.py:175} INFO - Processing /opt/airflow/dags/dagrundag2.py took 0.157 seconds
[2024-10-10T18:00:06.384+0000] {processor.py:153} INFO - Started process (PID=72) to work on /opt/airflow/dags/dagrundag2.py
[2024-10-10T18:00:06.385+0000] {processor.py:743} INFO - Processing file /opt/airflow/dags/dagrundag2.py for tasks to queue
[2024-10-10T18:00:06.386+0000] {logging_mixin.py:137} INFO - [2024-10-10T18:00:06.385+0000] {dagbag.py:538} INFO - Filling up the DagBag from /opt/airflow/dags/dagrundag2.py
[2024-10-10T18:00:06.401+0000] {processor.py:753} INFO - DAG(s) dict_keys(['dagrundag2']) retrieved from /opt/airflow/dags/dagrundag2.py
[2024-10-10T18:00:06.415+0000] {logging_mixin.py:137} INFO - [2024-10-10T18:00:06.414+0000] {dag.py:2690} INFO - Sync 1 DAGs
[2024-10-10T18:00:06.444+0000] {logging_mixin.py:137} INFO - [2024-10-10T18:00:06.443+0000] {dag.py:3441} INFO - Setting next_dagrun for dagrundag2 to None, run_after=None
[2024-10-10T18:00:06.468+0000] {processor.py:175} INFO - Processing /opt/airflow/dags/dagrundag2.py took 0.087 seconds
[2024-10-10T18:00:11.563+0000] {processor.py:153} INFO - Started process (PID=99) to work on /opt/airflow/dags/dagrundag2.py
[2024-10-10T18:00:11.563+0000] {processor.py:743} INFO - Processing file /opt/airflow/dags/dagrundag2.py for tasks to queue
[2024-10-10T18:00:11.564+0000] {logging_mixin.py:137} INFO - [2024-10-10T18:00:11.564+0000] {dagbag.py:538} INFO - Filling up the DagBag from /opt/airflow/dags/dagrundag2.py
[2024-10-10T18:00:11.572+0000] {processor.py:753} INFO - DAG(s) dict_keys(['dagrundag2']) retrieved from /opt/airflow/dags/dagrundag2.py
[2024-10-10T18:00:11.585+0000] {logging_mixin.py:137} INFO - [2024-10-10T18:00:11.585+0000] {dag.py:2690} INFO - Sync 1 DAGs
[2024-10-10T18:00:11.609+0000] {logging_mixin.py:137} INFO - [2024-10-10T18:00:11.609+0000] {dag.py:3441} INFO - Setting next_dagrun for dagrundag2 to None, run_after=None
[2024-10-10T18:00:11.631+0000] {processor.py:175} INFO - Processing /opt/airflow/dags/dagrundag2.py took 0.070 seconds
[2024-10-10T18:00:16.704+0000] {processor.py:153} INFO - Started process (PID=115) to work on /opt/airflow/dags/dagrundag2.py
[2024-10-10T18:00:16.705+0000] {processor.py:743} INFO - Processing file /opt/airflow/dags/dagrundag2.py for tasks to queue
[2024-10-10T18:00:16.705+0000] {logging_mixin.py:137} INFO - [2024-10-10T18:00:16.705+0000] {dagbag.py:538} INFO - Filling up the DagBag from /opt/airflow/dags/dagrundag2.py
[2024-10-10T18:00:16.714+0000] {processor.py:753} INFO - DAG(s) dict_keys(['dagrundag2']) retrieved from /opt/airflow/dags/dagrundag2.py
[2024-10-10T18:00:16.726+0000] {logging_mixin.py:137} INFO - [2024-10-10T18:00:16.725+0000] {dag.py:2690} INFO - Sync 1 DAGs
[2024-10-10T18:00:16.753+0000] {logging_mixin.py:137} INFO - [2024-10-10T18:00:16.753+0000] {dag.py:3441} INFO - Setting next_dagrun for dagrundag2 to None, run_after=None
[2024-10-10T18:00:16.782+0000] {processor.py:175} INFO - Processing /opt/airflow/dags/dagrundag2.py took 0.081 seconds
[2024-10-10T18:00:21.820+0000] {processor.py:153} INFO - Started process (PID=151) to work on /opt/airflow/dags/dagrundag2.py
[2024-10-10T18:00:21.821+0000] {processor.py:743} INFO - Processing file /opt/airflow/dags/dagrundag2.py for tasks to queue
[2024-10-10T18:00:21.821+0000] {logging_mixin.py:137} INFO - [2024-10-10T18:00:21.821+0000] {dagbag.py:538} INFO - Filling up the DagBag from /opt/airflow/dags/dagrundag2.py
[2024-10-10T18:00:21.829+0000] {processor.py:753} INFO - DAG(s) dict_keys(['dagrundag2']) retrieved from /opt/airflow/dags/dagrundag2.py
[2024-10-10T18:00:21.842+0000] {logging_mixin.py:137} INFO - [2024-10-10T18:00:21.842+0000] {dag.py:2690} INFO - Sync 1 DAGs
[2024-10-10T18:00:21.865+0000] {logging_mixin.py:137} INFO - [2024-10-10T18:00:21.865+0000] {dag.py:3441} INFO - Setting next_dagrun for dagrundag2 to None, run_after=None
[2024-10-10T18:00:21.886+0000] {processor.py:175} INFO - Processing /opt/airflow/dags/dagrundag2.py took 0.070 seconds
[2024-10-10T18:00:27.672+0000] {processor.py:153} INFO - Started process (PID=167) to work on /opt/airflow/dags/dagrundag2.py
[2024-10-10T18:00:27.673+0000] {processor.py:743} INFO - Processing file /opt/airflow/dags/dagrundag2.py for tasks to queue
[2024-10-10T18:00:27.673+0000] {logging_mixin.py:137} INFO - [2024-10-10T18:00:27.673+0000] {dagbag.py:538} INFO - Filling up the DagBag from /opt/airflow/dags/dagrundag2.py
[2024-10-10T18:00:27.683+0000] {processor.py:753} INFO - DAG(s) dict_keys(['dagrundag2']) retrieved from /opt/airflow/dags/dagrundag2.py
[2024-10-10T18:00:27.694+0000] {logging_mixin.py:137} INFO - [2024-10-10T18:00:27.694+0000] {dag.py:2690} INFO - Sync 1 DAGs
[2024-10-10T18:00:27.721+0000] {logging_mixin.py:137} INFO - [2024-10-10T18:00:27.720+0000] {dag.py:3441} INFO - Setting next_dagrun for dagrundag2 to None, run_after=None
[2024-10-10T18:00:27.741+0000] {processor.py:175} INFO - Processing /opt/airflow/dags/dagrundag2.py took 0.071 seconds
[2024-10-10T18:00:33.503+0000] {processor.py:153} INFO - Started process (PID=203) to work on /opt/airflow/dags/dagrundag2.py
[2024-10-10T18:00:33.504+0000] {processor.py:743} INFO - Processing file /opt/airflow/dags/dagrundag2.py for tasks to queue
[2024-10-10T18:00:33.504+0000] {logging_mixin.py:137} INFO - [2024-10-10T18:00:33.504+0000] {dagbag.py:538} INFO - Filling up the DagBag from /opt/airflow/dags/dagrundag2.py
[2024-10-10T18:00:33.513+0000] {processor.py:753} INFO - DAG(s) dict_keys(['dagrundag2']) retrieved from /opt/airflow/dags/dagrundag2.py
[2024-10-10T18:00:33.535+0000] {logging_mixin.py:137} INFO - [2024-10-10T18:00:33.535+0000] {dag.py:2690} INFO - Sync 1 DAGs
[2024-10-10T18:00:33.562+0000] {logging_mixin.py:137} INFO - [2024-10-10T18:00:33.561+0000] {dag.py:3441} INFO - Setting next_dagrun for dagrundag2 to None, run_after=None
[2024-10-10T18:00:33.580+0000] {processor.py:175} INFO - Processing /opt/airflow/dags/dagrundag2.py took 0.079 seconds
[2024-10-10T18:00:39.511+0000] {processor.py:153} INFO - Started process (PID=219) to work on /opt/airflow/dags/dagrundag2.py
[2024-10-10T18:00:39.512+0000] {processor.py:743} INFO - Processing file /opt/airflow/dags/dagrundag2.py for tasks to queue
[2024-10-10T18:00:39.513+0000] {logging_mixin.py:137} INFO - [2024-10-10T18:00:39.513+0000] {dagbag.py:538} INFO - Filling up the DagBag from /opt/airflow/dags/dagrundag2.py
[2024-10-10T18:00:39.528+0000] {processor.py:753} INFO - DAG(s) dict_keys(['dagrundag2']) retrieved from /opt/airflow/dags/dagrundag2.py
[2024-10-10T18:00:39.556+0000] {logging_mixin.py:137} INFO - [2024-10-10T18:00:39.556+0000] {dag.py:2690} INFO - Sync 1 DAGs
[2024-10-10T18:00:39.584+0000] {logging_mixin.py:137} INFO - [2024-10-10T18:00:39.584+0000] {dag.py:3441} INFO - Setting next_dagrun for dagrundag2 to None, run_after=None
[2024-10-10T18:00:39.604+0000] {processor.py:175} INFO - Processing /opt/airflow/dags/dagrundag2.py took 0.097 seconds
[2024-10-10T18:00:44.670+0000] {processor.py:153} INFO - Started process (PID=254) to work on /opt/airflow/dags/dagrundag2.py
[2024-10-10T18:00:44.671+0000] {processor.py:743} INFO - Processing file /opt/airflow/dags/dagrundag2.py for tasks to queue
[2024-10-10T18:00:44.672+0000] {logging_mixin.py:137} INFO - [2024-10-10T18:00:44.672+0000] {dagbag.py:538} INFO - Filling up the DagBag from /opt/airflow/dags/dagrundag2.py
[2024-10-10T18:00:44.684+0000] {processor.py:753} INFO - DAG(s) dict_keys(['dagrundag2']) retrieved from /opt/airflow/dags/dagrundag2.py
[2024-10-10T18:00:44.710+0000] {logging_mixin.py:137} INFO - [2024-10-10T18:00:44.709+0000] {dag.py:2690} INFO - Sync 1 DAGs
[2024-10-10T18:00:44.735+0000] {logging_mixin.py:137} INFO - [2024-10-10T18:00:44.735+0000] {dag.py:3441} INFO - Setting next_dagrun for dagrundag2 to None, run_after=None
[2024-10-10T18:00:44.755+0000] {processor.py:175} INFO - Processing /opt/airflow/dags/dagrundag2.py took 0.089 seconds
[2024-10-10T18:00:49.810+0000] {processor.py:153} INFO - Started process (PID=270) to work on /opt/airflow/dags/dagrundag2.py
[2024-10-10T18:00:49.811+0000] {processor.py:743} INFO - Processing file /opt/airflow/dags/dagrundag2.py for tasks to queue
[2024-10-10T18:00:49.811+0000] {logging_mixin.py:137} INFO - [2024-10-10T18:00:49.811+0000] {dagbag.py:538} INFO - Filling up the DagBag from /opt/airflow/dags/dagrundag2.py
[2024-10-10T18:00:49.821+0000] {processor.py:753} INFO - DAG(s) dict_keys(['dagrundag2']) retrieved from /opt/airflow/dags/dagrundag2.py
[2024-10-10T18:00:49.847+0000] {logging_mixin.py:137} INFO - [2024-10-10T18:00:49.846+0000] {dag.py:2690} INFO - Sync 1 DAGs
[2024-10-10T18:00:49.865+0000] {logging_mixin.py:137} INFO - [2024-10-10T18:00:49.865+0000] {dag.py:3441} INFO - Setting next_dagrun for dagrundag2 to None, run_after=None
[2024-10-10T18:00:49.884+0000] {processor.py:175} INFO - Processing /opt/airflow/dags/dagrundag2.py took 0.076 seconds
[2024-10-10T18:00:55.007+0000] {processor.py:153} INFO - Started process (PID=306) to work on /opt/airflow/dags/dagrundag2.py
[2024-10-10T18:00:55.008+0000] {processor.py:743} INFO - Processing file /opt/airflow/dags/dagrundag2.py for tasks to queue
[2024-10-10T18:00:55.008+0000] {logging_mixin.py:137} INFO - [2024-10-10T18:00:55.008+0000] {dagbag.py:538} INFO - Filling up the DagBag from /opt/airflow/dags/dagrundag2.py
[2024-10-10T18:00:55.016+0000] {processor.py:753} INFO - DAG(s) dict_keys(['dagrundag2']) retrieved from /opt/airflow/dags/dagrundag2.py
[2024-10-10T18:00:55.039+0000] {logging_mixin.py:137} INFO - [2024-10-10T18:00:55.039+0000] {dag.py:2690} INFO - Sync 1 DAGs
[2024-10-10T18:00:55.068+0000] {logging_mixin.py:137} INFO - [2024-10-10T18:00:55.067+0000] {dag.py:3441} INFO - Setting next_dagrun for dagrundag2 to None, run_after=None
[2024-10-10T18:00:55.087+0000] {processor.py:175} INFO - Processing /opt/airflow/dags/dagrundag2.py took 0.082 seconds
[2024-10-10T18:01:00.171+0000] {processor.py:153} INFO - Started process (PID=322) to work on /opt/airflow/dags/dagrundag2.py
[2024-10-10T18:01:00.172+0000] {processor.py:743} INFO - Processing file /opt/airflow/dags/dagrundag2.py for tasks to queue
[2024-10-10T18:01:00.172+0000] {logging_mixin.py:137} INFO - [2024-10-10T18:01:00.172+0000] {dagbag.py:538} INFO - Filling up the DagBag from /opt/airflow/dags/dagrundag2.py
[2024-10-10T18:01:00.183+0000] {processor.py:753} INFO - DAG(s) dict_keys(['dagrundag2']) retrieved from /opt/airflow/dags/dagrundag2.py
[2024-10-10T18:01:00.199+0000] {logging_mixin.py:137} INFO - [2024-10-10T18:01:00.199+0000] {dag.py:2690} INFO - Sync 1 DAGs
[2024-10-10T18:01:00.214+0000] {logging_mixin.py:137} INFO - [2024-10-10T18:01:00.214+0000] {dag.py:3441} INFO - Setting next_dagrun for dagrundag2 to None, run_after=None
[2024-10-10T18:01:00.228+0000] {processor.py:175} INFO - Processing /opt/airflow/dags/dagrundag2.py took 0.059 seconds
[2024-10-10T18:01:06.106+0000] {processor.py:153} INFO - Started process (PID=358) to work on /opt/airflow/dags/dagrundag2.py
[2024-10-10T18:01:06.107+0000] {processor.py:743} INFO - Processing file /opt/airflow/dags/dagrundag2.py for tasks to queue
[2024-10-10T18:01:06.108+0000] {logging_mixin.py:137} INFO - [2024-10-10T18:01:06.107+0000] {dagbag.py:538} INFO - Filling up the DagBag from /opt/airflow/dags/dagrundag2.py
[2024-10-10T18:01:06.126+0000] {processor.py:753} INFO - DAG(s) dict_keys(['dagrundag2']) retrieved from /opt/airflow/dags/dagrundag2.py
[2024-10-10T18:01:06.151+0000] {logging_mixin.py:137} INFO - [2024-10-10T18:01:06.151+0000] {dag.py:2690} INFO - Sync 1 DAGs
[2024-10-10T18:01:06.179+0000] {logging_mixin.py:137} INFO - [2024-10-10T18:01:06.178+0000] {dag.py:3441} INFO - Setting next_dagrun for dagrundag2 to None, run_after=None
[2024-10-10T18:01:06.200+0000] {processor.py:175} INFO - Processing /opt/airflow/dags/dagrundag2.py took 0.098 seconds
[2024-10-10T18:01:12.095+0000] {processor.py:153} INFO - Started process (PID=374) to work on /opt/airflow/dags/dagrundag2.py
[2024-10-10T18:01:12.096+0000] {processor.py:743} INFO - Processing file /opt/airflow/dags/dagrundag2.py for tasks to queue
[2024-10-10T18:01:12.097+0000] {logging_mixin.py:137} INFO - [2024-10-10T18:01:12.096+0000] {dagbag.py:538} INFO - Filling up the DagBag from /opt/airflow/dags/dagrundag2.py
[2024-10-10T18:01:12.107+0000] {processor.py:753} INFO - DAG(s) dict_keys(['dagrundag2']) retrieved from /opt/airflow/dags/dagrundag2.py
[2024-10-10T18:01:12.137+0000] {logging_mixin.py:137} INFO - [2024-10-10T18:01:12.137+0000] {dag.py:2690} INFO - Sync 1 DAGs
[2024-10-10T18:01:12.162+0000] {logging_mixin.py:137} INFO - [2024-10-10T18:01:12.162+0000] {dag.py:3441} INFO - Setting next_dagrun for dagrundag2 to None, run_after=None
[2024-10-10T18:01:12.188+0000] {processor.py:175} INFO - Processing /opt/airflow/dags/dagrundag2.py took 0.097 seconds
[2024-10-10T18:01:17.967+0000] {processor.py:153} INFO - Started process (PID=410) to work on /opt/airflow/dags/dagrundag2.py
[2024-10-10T18:01:17.968+0000] {processor.py:743} INFO - Processing file /opt/airflow/dags/dagrundag2.py for tasks to queue
[2024-10-10T18:01:17.969+0000] {logging_mixin.py:137} INFO - [2024-10-10T18:01:17.969+0000] {dagbag.py:538} INFO - Filling up the DagBag from /opt/airflow/dags/dagrundag2.py
[2024-10-10T18:01:17.977+0000] {processor.py:753} INFO - DAG(s) dict_keys(['dagrundag2']) retrieved from /opt/airflow/dags/dagrundag2.py
[2024-10-10T18:01:17.994+0000] {logging_mixin.py:137} INFO - [2024-10-10T18:01:17.994+0000] {dag.py:2690} INFO - Sync 1 DAGs
[2024-10-10T18:01:18.014+0000] {logging_mixin.py:137} INFO - [2024-10-10T18:01:18.014+0000] {dag.py:3441} INFO - Setting next_dagrun for dagrundag2 to None, run_after=None
[2024-10-10T18:01:18.037+0000] {processor.py:175} INFO - Processing /opt/airflow/dags/dagrundag2.py took 0.073 seconds
[2024-10-10T18:01:23.813+0000] {processor.py:153} INFO - Started process (PID=426) to work on /opt/airflow/dags/dagrundag2.py
[2024-10-10T18:01:23.813+0000] {processor.py:743} INFO - Processing file /opt/airflow/dags/dagrundag2.py for tasks to queue
[2024-10-10T18:01:23.814+0000] {logging_mixin.py:137} INFO - [2024-10-10T18:01:23.814+0000] {dagbag.py:538} INFO - Filling up the DagBag from /opt/airflow/dags/dagrundag2.py
[2024-10-10T18:01:23.829+0000] {processor.py:753} INFO - DAG(s) dict_keys(['dagrundag2']) retrieved from /opt/airflow/dags/dagrundag2.py
[2024-10-10T18:01:23.859+0000] {logging_mixin.py:137} INFO - [2024-10-10T18:01:23.859+0000] {dag.py:2690} INFO - Sync 1 DAGs
[2024-10-10T18:01:23.888+0000] {logging_mixin.py:137} INFO - [2024-10-10T18:01:23.887+0000] {dag.py:3441} INFO - Setting next_dagrun for dagrundag2 to None, run_after=None
[2024-10-10T18:01:23.907+0000] {processor.py:175} INFO - Processing /opt/airflow/dags/dagrundag2.py took 0.099 seconds
[2024-10-10T18:01:29.691+0000] {processor.py:153} INFO - Started process (PID=462) to work on /opt/airflow/dags/dagrundag2.py
[2024-10-10T18:01:29.691+0000] {processor.py:743} INFO - Processing file /opt/airflow/dags/dagrundag2.py for tasks to queue
[2024-10-10T18:01:29.692+0000] {logging_mixin.py:137} INFO - [2024-10-10T18:01:29.692+0000] {dagbag.py:538} INFO - Filling up the DagBag from /opt/airflow/dags/dagrundag2.py
[2024-10-10T18:01:29.707+0000] {processor.py:753} INFO - DAG(s) dict_keys(['dagrundag2']) retrieved from /opt/airflow/dags/dagrundag2.py
[2024-10-10T18:01:29.731+0000] {logging_mixin.py:137} INFO - [2024-10-10T18:01:29.731+0000] {dag.py:2690} INFO - Sync 1 DAGs
[2024-10-10T18:01:29.747+0000] {logging_mixin.py:137} INFO - [2024-10-10T18:01:29.747+0000] {dag.py:3441} INFO - Setting next_dagrun for dagrundag2 to None, run_after=None
[2024-10-10T18:01:29.762+0000] {processor.py:175} INFO - Processing /opt/airflow/dags/dagrundag2.py took 0.074 seconds
[2024-10-10T18:01:35.518+0000] {processor.py:153} INFO - Started process (PID=478) to work on /opt/airflow/dags/dagrundag2.py
[2024-10-10T18:01:35.519+0000] {processor.py:743} INFO - Processing file /opt/airflow/dags/dagrundag2.py for tasks to queue
[2024-10-10T18:01:35.520+0000] {logging_mixin.py:137} INFO - [2024-10-10T18:01:35.520+0000] {dagbag.py:538} INFO - Filling up the DagBag from /opt/airflow/dags/dagrundag2.py
[2024-10-10T18:01:35.533+0000] {processor.py:753} INFO - DAG(s) dict_keys(['dagrundag2']) retrieved from /opt/airflow/dags/dagrundag2.py
[2024-10-10T18:01:35.562+0000] {logging_mixin.py:137} INFO - [2024-10-10T18:01:35.562+0000] {dag.py:2690} INFO - Sync 1 DAGs
[2024-10-10T18:01:35.586+0000] {logging_mixin.py:137} INFO - [2024-10-10T18:01:35.586+0000] {dag.py:3441} INFO - Setting next_dagrun for dagrundag2 to None, run_after=None
[2024-10-10T18:01:35.607+0000] {processor.py:175} INFO - Processing /opt/airflow/dags/dagrundag2.py took 0.093 seconds
[2024-10-10T18:01:41.373+0000] {processor.py:153} INFO - Started process (PID=514) to work on /opt/airflow/dags/dagrundag2.py
[2024-10-10T18:01:41.374+0000] {processor.py:743} INFO - Processing file /opt/airflow/dags/dagrundag2.py for tasks to queue
[2024-10-10T18:01:41.374+0000] {logging_mixin.py:137} INFO - [2024-10-10T18:01:41.374+0000] {dagbag.py:538} INFO - Filling up the DagBag from /opt/airflow/dags/dagrundag2.py
[2024-10-10T18:01:41.383+0000] {processor.py:753} INFO - DAG(s) dict_keys(['dagrundag2']) retrieved from /opt/airflow/dags/dagrundag2.py
[2024-10-10T18:01:41.412+0000] {logging_mixin.py:137} INFO - [2024-10-10T18:01:41.412+0000] {dag.py:2690} INFO - Sync 1 DAGs
[2024-10-10T18:01:41.438+0000] {logging_mixin.py:137} INFO - [2024-10-10T18:01:41.437+0000] {dag.py:3441} INFO - Setting next_dagrun for dagrundag2 to None, run_after=None
[2024-10-10T18:01:41.457+0000] {processor.py:175} INFO - Processing /opt/airflow/dags/dagrundag2.py took 0.087 seconds
[2024-10-10T18:01:47.212+0000] {processor.py:153} INFO - Started process (PID=530) to work on /opt/airflow/dags/dagrundag2.py
[2024-10-10T18:01:47.213+0000] {processor.py:743} INFO - Processing file /opt/airflow/dags/dagrundag2.py for tasks to queue
[2024-10-10T18:01:47.214+0000] {logging_mixin.py:137} INFO - [2024-10-10T18:01:47.214+0000] {dagbag.py:538} INFO - Filling up the DagBag from /opt/airflow/dags/dagrundag2.py
[2024-10-10T18:01:47.230+0000] {processor.py:753} INFO - DAG(s) dict_keys(['dagrundag2']) retrieved from /opt/airflow/dags/dagrundag2.py
[2024-10-10T18:01:47.247+0000] {logging_mixin.py:137} INFO - [2024-10-10T18:01:47.247+0000] {dag.py:2690} INFO - Sync 1 DAGs
[2024-10-10T18:01:47.262+0000] {logging_mixin.py:137} INFO - [2024-10-10T18:01:47.262+0000] {dag.py:3441} INFO - Setting next_dagrun for dagrundag2 to None, run_after=None
[2024-10-10T18:01:47.280+0000] {processor.py:175} INFO - Processing /opt/airflow/dags/dagrundag2.py took 0.071 seconds
[2024-10-10T18:01:53.129+0000] {processor.py:153} INFO - Started process (PID=566) to work on /opt/airflow/dags/dagrundag2.py
[2024-10-10T18:01:53.130+0000] {processor.py:743} INFO - Processing file /opt/airflow/dags/dagrundag2.py for tasks to queue
[2024-10-10T18:01:53.130+0000] {logging_mixin.py:137} INFO - [2024-10-10T18:01:53.130+0000] {dagbag.py:538} INFO - Filling up the DagBag from /opt/airflow/dags/dagrundag2.py
[2024-10-10T18:01:53.141+0000] {processor.py:753} INFO - DAG(s) dict_keys(['dagrundag2']) retrieved from /opt/airflow/dags/dagrundag2.py
[2024-10-10T18:01:53.166+0000] {logging_mixin.py:137} INFO - [2024-10-10T18:01:53.166+0000] {dag.py:2690} INFO - Sync 1 DAGs
[2024-10-10T18:01:53.189+0000] {logging_mixin.py:137} INFO - [2024-10-10T18:01:53.189+0000] {dag.py:3441} INFO - Setting next_dagrun for dagrundag2 to None, run_after=None
[2024-10-10T18:01:53.209+0000] {processor.py:175} INFO - Processing /opt/airflow/dags/dagrundag2.py took 0.084 seconds
[2024-10-10T18:01:58.982+0000] {processor.py:153} INFO - Started process (PID=582) to work on /opt/airflow/dags/dagrundag2.py
[2024-10-10T18:01:58.983+0000] {processor.py:743} INFO - Processing file /opt/airflow/dags/dagrundag2.py for tasks to queue
[2024-10-10T18:01:58.984+0000] {logging_mixin.py:137} INFO - [2024-10-10T18:01:58.983+0000] {dagbag.py:538} INFO - Filling up the DagBag from /opt/airflow/dags/dagrundag2.py
[2024-10-10T18:01:58.994+0000] {processor.py:753} INFO - DAG(s) dict_keys(['dagrundag2']) retrieved from /opt/airflow/dags/dagrundag2.py
[2024-10-10T18:01:59.018+0000] {logging_mixin.py:137} INFO - [2024-10-10T18:01:59.018+0000] {dag.py:2690} INFO - Sync 1 DAGs
[2024-10-10T18:01:59.045+0000] {logging_mixin.py:137} INFO - [2024-10-10T18:01:59.044+0000] {dag.py:3441} INFO - Setting next_dagrun for dagrundag2 to None, run_after=None
[2024-10-10T18:01:59.065+0000] {processor.py:175} INFO - Processing /opt/airflow/dags/dagrundag2.py took 0.087 seconds
[2024-10-10T18:02:05.029+0000] {processor.py:153} INFO - Started process (PID=618) to work on /opt/airflow/dags/dagrundag2.py
[2024-10-10T18:02:05.030+0000] {processor.py:743} INFO - Processing file /opt/airflow/dags/dagrundag2.py for tasks to queue
[2024-10-10T18:02:05.030+0000] {logging_mixin.py:137} INFO - [2024-10-10T18:02:05.030+0000] {dagbag.py:538} INFO - Filling up the DagBag from /opt/airflow/dags/dagrundag2.py
[2024-10-10T18:02:05.039+0000] {processor.py:753} INFO - DAG(s) dict_keys(['dagrundag2']) retrieved from /opt/airflow/dags/dagrundag2.py
[2024-10-10T18:02:05.063+0000] {logging_mixin.py:137} INFO - [2024-10-10T18:02:05.062+0000] {dag.py:2690} INFO - Sync 1 DAGs
[2024-10-10T18:02:05.097+0000] {logging_mixin.py:137} INFO - [2024-10-10T18:02:05.097+0000] {dag.py:3441} INFO - Setting next_dagrun for dagrundag2 to None, run_after=None
[2024-10-10T18:02:05.121+0000] {processor.py:175} INFO - Processing /opt/airflow/dags/dagrundag2.py took 0.096 seconds
[2024-10-10T18:02:11.051+0000] {processor.py:153} INFO - Started process (PID=634) to work on /opt/airflow/dags/dagrundag2.py
[2024-10-10T18:02:11.052+0000] {processor.py:743} INFO - Processing file /opt/airflow/dags/dagrundag2.py for tasks to queue
[2024-10-10T18:02:11.052+0000] {logging_mixin.py:137} INFO - [2024-10-10T18:02:11.052+0000] {dagbag.py:538} INFO - Filling up the DagBag from /opt/airflow/dags/dagrundag2.py
[2024-10-10T18:02:11.062+0000] {processor.py:753} INFO - DAG(s) dict_keys(['dagrundag2']) retrieved from /opt/airflow/dags/dagrundag2.py
[2024-10-10T18:02:11.084+0000] {logging_mixin.py:137} INFO - [2024-10-10T18:02:11.084+0000] {dag.py:2690} INFO - Sync 1 DAGs
[2024-10-10T18:02:11.101+0000] {logging_mixin.py:137} INFO - [2024-10-10T18:02:11.101+0000] {dag.py:3441} INFO - Setting next_dagrun for dagrundag2 to None, run_after=None
[2024-10-10T18:02:11.113+0000] {processor.py:175} INFO - Processing /opt/airflow/dags/dagrundag2.py took 0.064 seconds
[2024-10-10T18:02:16.832+0000] {processor.py:153} INFO - Started process (PID=670) to work on /opt/airflow/dags/dagrundag2.py
[2024-10-10T18:02:16.833+0000] {processor.py:743} INFO - Processing file /opt/airflow/dags/dagrundag2.py for tasks to queue
[2024-10-10T18:02:16.833+0000] {logging_mixin.py:137} INFO - [2024-10-10T18:02:16.833+0000] {dagbag.py:538} INFO - Filling up the DagBag from /opt/airflow/dags/dagrundag2.py
[2024-10-10T18:02:16.849+0000] {processor.py:753} INFO - DAG(s) dict_keys(['dagrundag2']) retrieved from /opt/airflow/dags/dagrundag2.py
[2024-10-10T18:02:16.874+0000] {logging_mixin.py:137} INFO - [2024-10-10T18:02:16.874+0000] {dag.py:2690} INFO - Sync 1 DAGs
[2024-10-10T18:02:16.898+0000] {logging_mixin.py:137} INFO - [2024-10-10T18:02:16.898+0000] {dag.py:3441} INFO - Setting next_dagrun for dagrundag2 to None, run_after=None
[2024-10-10T18:02:16.920+0000] {processor.py:175} INFO - Processing /opt/airflow/dags/dagrundag2.py took 0.093 seconds
[2024-10-10T18:02:22.821+0000] {processor.py:153} INFO - Started process (PID=686) to work on /opt/airflow/dags/dagrundag2.py
[2024-10-10T18:02:22.822+0000] {processor.py:743} INFO - Processing file /opt/airflow/dags/dagrundag2.py for tasks to queue
[2024-10-10T18:02:22.823+0000] {logging_mixin.py:137} INFO - [2024-10-10T18:02:22.822+0000] {dagbag.py:538} INFO - Filling up the DagBag from /opt/airflow/dags/dagrundag2.py
[2024-10-10T18:02:22.834+0000] {processor.py:753} INFO - DAG(s) dict_keys(['dagrundag2']) retrieved from /opt/airflow/dags/dagrundag2.py
[2024-10-10T18:02:22.863+0000] {logging_mixin.py:137} INFO - [2024-10-10T18:02:22.863+0000] {dag.py:2690} INFO - Sync 1 DAGs
[2024-10-10T18:02:22.890+0000] {logging_mixin.py:137} INFO - [2024-10-10T18:02:22.890+0000] {dag.py:3441} INFO - Setting next_dagrun for dagrundag2 to None, run_after=None
[2024-10-10T18:02:22.911+0000] {processor.py:175} INFO - Processing /opt/airflow/dags/dagrundag2.py took 0.093 seconds
