[2024-10-10T17:58:50.559+0000] {processor.py:153} INFO - Started process (PID=45) to work on /opt/airflow/dags/defaultargs.py
[2024-10-10T17:58:50.559+0000] {processor.py:743} INFO - Processing file /opt/airflow/dags/defaultargs.py for tasks to queue
[2024-10-10T17:58:50.560+0000] {logging_mixin.py:137} INFO - [2024-10-10T17:58:50.560+0000] {dagbag.py:538} INFO - Filling up the DagBag from /opt/airflow/dags/defaultargs.py
[2024-10-10T17:58:50.578+0000] {processor.py:753} INFO - DAG(s) dict_keys(['defaultargs']) retrieved from /opt/airflow/dags/defaultargs.py
[2024-10-10T17:58:50.657+0000] {logging_mixin.py:137} INFO - [2024-10-10T17:58:50.656+0000] {dag.py:2690} INFO - Sync 1 DAGs
[2024-10-10T17:58:50.690+0000] {logging_mixin.py:137} INFO - [2024-10-10T17:58:50.689+0000] {dag.py:3441} INFO - Setting next_dagrun for defaultargs to 2024-10-10T16:00:00+00:00, run_after=2024-10-10T17:00:00+00:00
[2024-10-10T17:58:50.717+0000] {processor.py:175} INFO - Processing /opt/airflow/dags/defaultargs.py took 0.161 seconds
[2024-10-10T17:58:55.823+0000] {processor.py:153} INFO - Started process (PID=81) to work on /opt/airflow/dags/defaultargs.py
[2024-10-10T17:58:55.824+0000] {processor.py:743} INFO - Processing file /opt/airflow/dags/defaultargs.py for tasks to queue
[2024-10-10T17:58:55.825+0000] {logging_mixin.py:137} INFO - [2024-10-10T17:58:55.825+0000] {dagbag.py:538} INFO - Filling up the DagBag from /opt/airflow/dags/defaultargs.py
[2024-10-10T17:58:55.838+0000] {processor.py:753} INFO - DAG(s) dict_keys(['defaultargs']) retrieved from /opt/airflow/dags/defaultargs.py
[2024-10-10T17:58:55.851+0000] {logging_mixin.py:137} INFO - [2024-10-10T17:58:55.851+0000] {dag.py:2690} INFO - Sync 1 DAGs
[2024-10-10T17:58:55.880+0000] {logging_mixin.py:137} INFO - [2024-10-10T17:58:55.880+0000] {dag.py:3441} INFO - Setting next_dagrun for defaultargs to 2024-10-10T16:00:00+00:00, run_after=2024-10-10T17:00:00+00:00
[2024-10-10T17:58:55.904+0000] {processor.py:175} INFO - Processing /opt/airflow/dags/defaultargs.py took 0.085 seconds
[2024-10-10T17:59:01.638+0000] {processor.py:153} INFO - Started process (PID=97) to work on /opt/airflow/dags/defaultargs.py
[2024-10-10T17:59:01.638+0000] {processor.py:743} INFO - Processing file /opt/airflow/dags/defaultargs.py for tasks to queue
[2024-10-10T17:59:01.639+0000] {logging_mixin.py:137} INFO - [2024-10-10T17:59:01.639+0000] {dagbag.py:538} INFO - Filling up the DagBag from /opt/airflow/dags/defaultargs.py
[2024-10-10T17:59:01.650+0000] {processor.py:753} INFO - DAG(s) dict_keys(['defaultargs']) retrieved from /opt/airflow/dags/defaultargs.py
[2024-10-10T17:59:01.663+0000] {logging_mixin.py:137} INFO - [2024-10-10T17:59:01.663+0000] {dag.py:2690} INFO - Sync 1 DAGs
[2024-10-10T17:59:01.692+0000] {logging_mixin.py:137} INFO - [2024-10-10T17:59:01.692+0000] {dag.py:3441} INFO - Setting next_dagrun for defaultargs to 2024-10-10T16:00:00+00:00, run_after=2024-10-10T17:00:00+00:00
[2024-10-10T17:59:01.713+0000] {processor.py:175} INFO - Processing /opt/airflow/dags/defaultargs.py took 0.078 seconds
[2024-10-10T17:59:07.368+0000] {processor.py:153} INFO - Started process (PID=133) to work on /opt/airflow/dags/defaultargs.py
[2024-10-10T17:59:07.370+0000] {processor.py:743} INFO - Processing file /opt/airflow/dags/defaultargs.py for tasks to queue
[2024-10-10T17:59:07.371+0000] {logging_mixin.py:137} INFO - [2024-10-10T17:59:07.370+0000] {dagbag.py:538} INFO - Filling up the DagBag from /opt/airflow/dags/defaultargs.py
[2024-10-10T17:59:07.401+0000] {processor.py:753} INFO - DAG(s) dict_keys(['defaultargs']) retrieved from /opt/airflow/dags/defaultargs.py
[2024-10-10T17:59:07.421+0000] {logging_mixin.py:137} INFO - [2024-10-10T17:59:07.421+0000] {dag.py:2690} INFO - Sync 1 DAGs
[2024-10-10T17:59:07.460+0000] {logging_mixin.py:137} INFO - [2024-10-10T17:59:07.460+0000] {dag.py:3441} INFO - Setting next_dagrun for defaultargs to 2024-10-10T16:00:00+00:00, run_after=2024-10-10T17:00:00+00:00
[2024-10-10T17:59:07.490+0000] {processor.py:175} INFO - Processing /opt/airflow/dags/defaultargs.py took 0.125 seconds
[2024-10-10T18:00:00.791+0000] {processor.py:153} INFO - Started process (PID=45) to work on /opt/airflow/dags/defaultargs.py
[2024-10-10T18:00:00.792+0000] {processor.py:743} INFO - Processing file /opt/airflow/dags/defaultargs.py for tasks to queue
[2024-10-10T18:00:00.793+0000] {logging_mixin.py:137} INFO - [2024-10-10T18:00:00.793+0000] {dagbag.py:538} INFO - Filling up the DagBag from /opt/airflow/dags/defaultargs.py
[2024-10-10T18:00:00.809+0000] {processor.py:753} INFO - DAG(s) dict_keys(['defaultargs']) retrieved from /opt/airflow/dags/defaultargs.py
[2024-10-10T18:00:00.881+0000] {logging_mixin.py:137} INFO - [2024-10-10T18:00:00.881+0000] {dag.py:2690} INFO - Sync 1 DAGs
[2024-10-10T18:00:00.911+0000] {logging_mixin.py:137} INFO - [2024-10-10T18:00:00.911+0000] {dag.py:3441} INFO - Setting next_dagrun for defaultargs to 2024-10-10T17:00:00+00:00, run_after=2024-10-10T18:00:00+00:00
[2024-10-10T18:00:00.936+0000] {processor.py:175} INFO - Processing /opt/airflow/dags/defaultargs.py took 0.148 seconds
[2024-10-10T18:00:06.266+0000] {processor.py:153} INFO - Started process (PID=70) to work on /opt/airflow/dags/defaultargs.py
[2024-10-10T18:00:06.267+0000] {processor.py:743} INFO - Processing file /opt/airflow/dags/defaultargs.py for tasks to queue
[2024-10-10T18:00:06.268+0000] {logging_mixin.py:137} INFO - [2024-10-10T18:00:06.268+0000] {dagbag.py:538} INFO - Filling up the DagBag from /opt/airflow/dags/defaultargs.py
[2024-10-10T18:00:06.288+0000] {processor.py:753} INFO - DAG(s) dict_keys(['defaultargs']) retrieved from /opt/airflow/dags/defaultargs.py
[2024-10-10T18:00:06.302+0000] {logging_mixin.py:137} INFO - [2024-10-10T18:00:06.302+0000] {dag.py:2690} INFO - Sync 1 DAGs
[2024-10-10T18:00:06.334+0000] {logging_mixin.py:137} INFO - [2024-10-10T18:00:06.334+0000] {dag.py:3441} INFO - Setting next_dagrun for defaultargs to 2024-10-10T17:00:00+00:00, run_after=2024-10-10T18:00:00+00:00
[2024-10-10T18:00:06.359+0000] {processor.py:175} INFO - Processing /opt/airflow/dags/defaultargs.py took 0.097 seconds
[2024-10-10T18:00:11.445+0000] {processor.py:153} INFO - Started process (PID=97) to work on /opt/airflow/dags/defaultargs.py
[2024-10-10T18:00:11.446+0000] {processor.py:743} INFO - Processing file /opt/airflow/dags/defaultargs.py for tasks to queue
[2024-10-10T18:00:11.447+0000] {logging_mixin.py:137} INFO - [2024-10-10T18:00:11.447+0000] {dagbag.py:538} INFO - Filling up the DagBag from /opt/airflow/dags/defaultargs.py
[2024-10-10T18:00:11.466+0000] {processor.py:753} INFO - DAG(s) dict_keys(['defaultargs']) retrieved from /opt/airflow/dags/defaultargs.py
[2024-10-10T18:00:11.480+0000] {logging_mixin.py:137} INFO - [2024-10-10T18:00:11.479+0000] {dag.py:2690} INFO - Sync 1 DAGs
[2024-10-10T18:00:11.517+0000] {logging_mixin.py:137} INFO - [2024-10-10T18:00:11.517+0000] {dag.py:3441} INFO - Setting next_dagrun for defaultargs to 2024-10-10T17:00:00+00:00, run_after=2024-10-10T18:00:00+00:00
[2024-10-10T18:00:11.542+0000] {processor.py:175} INFO - Processing /opt/airflow/dags/defaultargs.py took 0.101 seconds
[2024-10-10T18:00:16.599+0000] {processor.py:153} INFO - Started process (PID=113) to work on /opt/airflow/dags/defaultargs.py
[2024-10-10T18:00:16.601+0000] {processor.py:743} INFO - Processing file /opt/airflow/dags/defaultargs.py for tasks to queue
[2024-10-10T18:00:16.602+0000] {logging_mixin.py:137} INFO - [2024-10-10T18:00:16.601+0000] {dagbag.py:538} INFO - Filling up the DagBag from /opt/airflow/dags/defaultargs.py
[2024-10-10T18:00:16.618+0000] {processor.py:753} INFO - DAG(s) dict_keys(['defaultargs']) retrieved from /opt/airflow/dags/defaultargs.py
[2024-10-10T18:00:16.629+0000] {logging_mixin.py:137} INFO - [2024-10-10T18:00:16.629+0000] {dag.py:2690} INFO - Sync 1 DAGs
[2024-10-10T18:00:16.658+0000] {logging_mixin.py:137} INFO - [2024-10-10T18:00:16.658+0000] {dag.py:3441} INFO - Setting next_dagrun for defaultargs to 2024-10-10T17:00:00+00:00, run_after=2024-10-10T18:00:00+00:00
[2024-10-10T18:00:16.681+0000] {processor.py:175} INFO - Processing /opt/airflow/dags/defaultargs.py took 0.087 seconds
[2024-10-10T18:00:21.717+0000] {processor.py:153} INFO - Started process (PID=149) to work on /opt/airflow/dags/defaultargs.py
[2024-10-10T18:00:21.718+0000] {processor.py:743} INFO - Processing file /opt/airflow/dags/defaultargs.py for tasks to queue
[2024-10-10T18:00:21.719+0000] {logging_mixin.py:137} INFO - [2024-10-10T18:00:21.719+0000] {dagbag.py:538} INFO - Filling up the DagBag from /opt/airflow/dags/defaultargs.py
[2024-10-10T18:00:21.731+0000] {processor.py:753} INFO - DAG(s) dict_keys(['defaultargs']) retrieved from /opt/airflow/dags/defaultargs.py
[2024-10-10T18:00:21.745+0000] {logging_mixin.py:137} INFO - [2024-10-10T18:00:21.745+0000] {dag.py:2690} INFO - Sync 1 DAGs
[2024-10-10T18:00:21.776+0000] {logging_mixin.py:137} INFO - [2024-10-10T18:00:21.776+0000] {dag.py:3441} INFO - Setting next_dagrun for defaultargs to 2024-10-10T17:00:00+00:00, run_after=2024-10-10T18:00:00+00:00
[2024-10-10T18:00:21.797+0000] {processor.py:175} INFO - Processing /opt/airflow/dags/defaultargs.py took 0.083 seconds
[2024-10-10T18:00:27.576+0000] {processor.py:153} INFO - Started process (PID=165) to work on /opt/airflow/dags/defaultargs.py
[2024-10-10T18:00:27.577+0000] {processor.py:743} INFO - Processing file /opt/airflow/dags/defaultargs.py for tasks to queue
[2024-10-10T18:00:27.577+0000] {logging_mixin.py:137} INFO - [2024-10-10T18:00:27.577+0000] {dagbag.py:538} INFO - Filling up the DagBag from /opt/airflow/dags/defaultargs.py
[2024-10-10T18:00:27.588+0000] {processor.py:753} INFO - DAG(s) dict_keys(['defaultargs']) retrieved from /opt/airflow/dags/defaultargs.py
[2024-10-10T18:00:27.600+0000] {logging_mixin.py:137} INFO - [2024-10-10T18:00:27.599+0000] {dag.py:2690} INFO - Sync 1 DAGs
[2024-10-10T18:00:27.631+0000] {logging_mixin.py:137} INFO - [2024-10-10T18:00:27.631+0000] {dag.py:3441} INFO - Setting next_dagrun for defaultargs to 2024-10-10T17:00:00+00:00, run_after=2024-10-10T18:00:00+00:00
[2024-10-10T18:00:27.651+0000] {processor.py:175} INFO - Processing /opt/airflow/dags/defaultargs.py took 0.078 seconds
[2024-10-10T18:00:33.408+0000] {processor.py:153} INFO - Started process (PID=201) to work on /opt/airflow/dags/defaultargs.py
[2024-10-10T18:00:33.410+0000] {processor.py:743} INFO - Processing file /opt/airflow/dags/defaultargs.py for tasks to queue
[2024-10-10T18:00:33.411+0000] {logging_mixin.py:137} INFO - [2024-10-10T18:00:33.411+0000] {dagbag.py:538} INFO - Filling up the DagBag from /opt/airflow/dags/defaultargs.py
[2024-10-10T18:00:33.421+0000] {processor.py:753} INFO - DAG(s) dict_keys(['defaultargs']) retrieved from /opt/airflow/dags/defaultargs.py
[2024-10-10T18:00:33.445+0000] {logging_mixin.py:137} INFO - [2024-10-10T18:00:33.445+0000] {dag.py:2690} INFO - Sync 1 DAGs
[2024-10-10T18:00:33.463+0000] {logging_mixin.py:137} INFO - [2024-10-10T18:00:33.463+0000] {dag.py:3441} INFO - Setting next_dagrun for defaultargs to 2024-10-10T17:00:00+00:00, run_after=2024-10-10T18:00:00+00:00
[2024-10-10T18:00:33.481+0000] {processor.py:175} INFO - Processing /opt/airflow/dags/defaultargs.py took 0.075 seconds
[2024-10-10T18:00:39.295+0000] {processor.py:153} INFO - Started process (PID=217) to work on /opt/airflow/dags/defaultargs.py
[2024-10-10T18:00:39.296+0000] {processor.py:743} INFO - Processing file /opt/airflow/dags/defaultargs.py for tasks to queue
[2024-10-10T18:00:39.297+0000] {logging_mixin.py:137} INFO - [2024-10-10T18:00:39.297+0000] {dagbag.py:538} INFO - Filling up the DagBag from /opt/airflow/dags/defaultargs.py
[2024-10-10T18:00:39.311+0000] {processor.py:753} INFO - DAG(s) dict_keys(['defaultargs']) retrieved from /opt/airflow/dags/defaultargs.py
[2024-10-10T18:00:39.339+0000] {logging_mixin.py:137} INFO - [2024-10-10T18:00:39.339+0000] {dag.py:2690} INFO - Sync 1 DAGs
[2024-10-10T18:00:39.368+0000] {logging_mixin.py:137} INFO - [2024-10-10T18:00:39.368+0000] {dag.py:3441} INFO - Setting next_dagrun for defaultargs to 2024-10-10T17:00:00+00:00, run_after=2024-10-10T18:00:00+00:00
[2024-10-10T18:00:39.390+0000] {processor.py:175} INFO - Processing /opt/airflow/dags/defaultargs.py took 0.099 seconds
[2024-10-10T18:00:44.449+0000] {processor.py:153} INFO - Started process (PID=252) to work on /opt/airflow/dags/defaultargs.py
[2024-10-10T18:00:44.449+0000] {processor.py:743} INFO - Processing file /opt/airflow/dags/defaultargs.py for tasks to queue
[2024-10-10T18:00:44.450+0000] {logging_mixin.py:137} INFO - [2024-10-10T18:00:44.450+0000] {dagbag.py:538} INFO - Filling up the DagBag from /opt/airflow/dags/defaultargs.py
[2024-10-10T18:00:44.462+0000] {processor.py:753} INFO - DAG(s) dict_keys(['defaultargs']) retrieved from /opt/airflow/dags/defaultargs.py
[2024-10-10T18:00:44.488+0000] {logging_mixin.py:137} INFO - [2024-10-10T18:00:44.488+0000] {dag.py:2690} INFO - Sync 1 DAGs
[2024-10-10T18:00:44.519+0000] {logging_mixin.py:137} INFO - [2024-10-10T18:00:44.519+0000] {dag.py:3441} INFO - Setting next_dagrun for defaultargs to 2024-10-10T17:00:00+00:00, run_after=2024-10-10T18:00:00+00:00
[2024-10-10T18:00:44.544+0000] {processor.py:175} INFO - Processing /opt/airflow/dags/defaultargs.py took 0.099 seconds
[2024-10-10T18:00:49.599+0000] {processor.py:153} INFO - Started process (PID=268) to work on /opt/airflow/dags/defaultargs.py
[2024-10-10T18:00:49.600+0000] {processor.py:743} INFO - Processing file /opt/airflow/dags/defaultargs.py for tasks to queue
[2024-10-10T18:00:49.601+0000] {logging_mixin.py:137} INFO - [2024-10-10T18:00:49.601+0000] {dagbag.py:538} INFO - Filling up the DagBag from /opt/airflow/dags/defaultargs.py
[2024-10-10T18:00:49.614+0000] {processor.py:753} INFO - DAG(s) dict_keys(['defaultargs']) retrieved from /opt/airflow/dags/defaultargs.py
[2024-10-10T18:00:49.636+0000] {logging_mixin.py:137} INFO - [2024-10-10T18:00:49.636+0000] {dag.py:2690} INFO - Sync 1 DAGs
[2024-10-10T18:00:49.664+0000] {logging_mixin.py:137} INFO - [2024-10-10T18:00:49.664+0000] {dag.py:3441} INFO - Setting next_dagrun for defaultargs to 2024-10-10T17:00:00+00:00, run_after=2024-10-10T18:00:00+00:00
[2024-10-10T18:00:49.687+0000] {processor.py:175} INFO - Processing /opt/airflow/dags/defaultargs.py took 0.092 seconds
[2024-10-10T18:00:54.910+0000] {processor.py:153} INFO - Started process (PID=304) to work on /opt/airflow/dags/defaultargs.py
[2024-10-10T18:00:54.911+0000] {processor.py:743} INFO - Processing file /opt/airflow/dags/defaultargs.py for tasks to queue
[2024-10-10T18:00:54.911+0000] {logging_mixin.py:137} INFO - [2024-10-10T18:00:54.911+0000] {dagbag.py:538} INFO - Filling up the DagBag from /opt/airflow/dags/defaultargs.py
[2024-10-10T18:00:54.923+0000] {processor.py:753} INFO - DAG(s) dict_keys(['defaultargs']) retrieved from /opt/airflow/dags/defaultargs.py
[2024-10-10T18:00:54.947+0000] {logging_mixin.py:137} INFO - [2024-10-10T18:00:54.947+0000] {dag.py:2690} INFO - Sync 1 DAGs
[2024-10-10T18:00:54.974+0000] {logging_mixin.py:137} INFO - [2024-10-10T18:00:54.974+0000] {dag.py:3441} INFO - Setting next_dagrun for defaultargs to 2024-10-10T17:00:00+00:00, run_after=2024-10-10T18:00:00+00:00
[2024-10-10T18:00:54.992+0000] {processor.py:175} INFO - Processing /opt/airflow/dags/defaultargs.py took 0.087 seconds
[2024-10-10T18:01:00.064+0000] {processor.py:153} INFO - Started process (PID=320) to work on /opt/airflow/dags/defaultargs.py
[2024-10-10T18:01:00.065+0000] {processor.py:743} INFO - Processing file /opt/airflow/dags/defaultargs.py for tasks to queue
[2024-10-10T18:01:00.066+0000] {logging_mixin.py:137} INFO - [2024-10-10T18:01:00.066+0000] {dagbag.py:538} INFO - Filling up the DagBag from /opt/airflow/dags/defaultargs.py
[2024-10-10T18:01:00.081+0000] {processor.py:753} INFO - DAG(s) dict_keys(['defaultargs']) retrieved from /opt/airflow/dags/defaultargs.py
[2024-10-10T18:01:00.105+0000] {logging_mixin.py:137} INFO - [2024-10-10T18:01:00.105+0000] {dag.py:2690} INFO - Sync 1 DAGs
[2024-10-10T18:01:00.136+0000] {logging_mixin.py:137} INFO - [2024-10-10T18:01:00.136+0000] {dag.py:3441} INFO - Setting next_dagrun for defaultargs to 2024-10-10T17:00:00+00:00, run_after=2024-10-10T18:00:00+00:00
[2024-10-10T18:01:00.156+0000] {processor.py:175} INFO - Processing /opt/airflow/dags/defaultargs.py took 0.093 seconds
[2024-10-10T18:01:05.991+0000] {processor.py:153} INFO - Started process (PID=356) to work on /opt/airflow/dags/defaultargs.py
[2024-10-10T18:01:05.992+0000] {processor.py:743} INFO - Processing file /opt/airflow/dags/defaultargs.py for tasks to queue
[2024-10-10T18:01:05.992+0000] {logging_mixin.py:137} INFO - [2024-10-10T18:01:05.992+0000] {dagbag.py:538} INFO - Filling up the DagBag from /opt/airflow/dags/defaultargs.py
[2024-10-10T18:01:06.005+0000] {processor.py:753} INFO - DAG(s) dict_keys(['defaultargs']) retrieved from /opt/airflow/dags/defaultargs.py
[2024-10-10T18:01:06.027+0000] {logging_mixin.py:137} INFO - [2024-10-10T18:01:06.027+0000] {dag.py:2690} INFO - Sync 1 DAGs
[2024-10-10T18:01:06.058+0000] {logging_mixin.py:137} INFO - [2024-10-10T18:01:06.057+0000] {dag.py:3441} INFO - Setting next_dagrun for defaultargs to 2024-10-10T17:00:00+00:00, run_after=2024-10-10T18:00:00+00:00
[2024-10-10T18:01:06.081+0000] {processor.py:175} INFO - Processing /opt/airflow/dags/defaultargs.py took 0.092 seconds
[2024-10-10T18:01:11.855+0000] {processor.py:153} INFO - Started process (PID=372) to work on /opt/airflow/dags/defaultargs.py
[2024-10-10T18:01:11.856+0000] {processor.py:743} INFO - Processing file /opt/airflow/dags/defaultargs.py for tasks to queue
[2024-10-10T18:01:11.857+0000] {logging_mixin.py:137} INFO - [2024-10-10T18:01:11.857+0000] {dagbag.py:538} INFO - Filling up the DagBag from /opt/airflow/dags/defaultargs.py
[2024-10-10T18:01:11.868+0000] {processor.py:753} INFO - DAG(s) dict_keys(['defaultargs']) retrieved from /opt/airflow/dags/defaultargs.py
[2024-10-10T18:01:11.894+0000] {logging_mixin.py:137} INFO - [2024-10-10T18:01:11.894+0000] {dag.py:2690} INFO - Sync 1 DAGs
[2024-10-10T18:01:11.924+0000] {logging_mixin.py:137} INFO - [2024-10-10T18:01:11.924+0000] {dag.py:3441} INFO - Setting next_dagrun for defaultargs to 2024-10-10T17:00:00+00:00, run_after=2024-10-10T18:00:00+00:00
[2024-10-10T18:01:11.946+0000] {processor.py:175} INFO - Processing /opt/airflow/dags/defaultargs.py took 0.094 seconds
[2024-10-10T18:01:17.855+0000] {processor.py:153} INFO - Started process (PID=408) to work on /opt/airflow/dags/defaultargs.py
[2024-10-10T18:01:17.855+0000] {processor.py:743} INFO - Processing file /opt/airflow/dags/defaultargs.py for tasks to queue
[2024-10-10T18:01:17.856+0000] {logging_mixin.py:137} INFO - [2024-10-10T18:01:17.856+0000] {dagbag.py:538} INFO - Filling up the DagBag from /opt/airflow/dags/defaultargs.py
[2024-10-10T18:01:17.870+0000] {processor.py:753} INFO - DAG(s) dict_keys(['defaultargs']) retrieved from /opt/airflow/dags/defaultargs.py
[2024-10-10T18:01:17.895+0000] {logging_mixin.py:137} INFO - [2024-10-10T18:01:17.894+0000] {dag.py:2690} INFO - Sync 1 DAGs
[2024-10-10T18:01:17.922+0000] {logging_mixin.py:137} INFO - [2024-10-10T18:01:17.922+0000] {dag.py:3441} INFO - Setting next_dagrun for defaultargs to 2024-10-10T17:00:00+00:00, run_after=2024-10-10T18:00:00+00:00
[2024-10-10T18:01:17.945+0000] {processor.py:175} INFO - Processing /opt/airflow/dags/defaultargs.py took 0.094 seconds
[2024-10-10T18:01:23.708+0000] {processor.py:153} INFO - Started process (PID=424) to work on /opt/airflow/dags/defaultargs.py
[2024-10-10T18:01:23.709+0000] {processor.py:743} INFO - Processing file /opt/airflow/dags/defaultargs.py for tasks to queue
[2024-10-10T18:01:23.709+0000] {logging_mixin.py:137} INFO - [2024-10-10T18:01:23.709+0000] {dagbag.py:538} INFO - Filling up the DagBag from /opt/airflow/dags/defaultargs.py
[2024-10-10T18:01:23.721+0000] {processor.py:753} INFO - DAG(s) dict_keys(['defaultargs']) retrieved from /opt/airflow/dags/defaultargs.py
[2024-10-10T18:01:23.742+0000] {logging_mixin.py:137} INFO - [2024-10-10T18:01:23.741+0000] {dag.py:2690} INFO - Sync 1 DAGs
[2024-10-10T18:01:23.769+0000] {logging_mixin.py:137} INFO - [2024-10-10T18:01:23.769+0000] {dag.py:3441} INFO - Setting next_dagrun for defaultargs to 2024-10-10T17:00:00+00:00, run_after=2024-10-10T18:00:00+00:00
[2024-10-10T18:01:23.789+0000] {processor.py:175} INFO - Processing /opt/airflow/dags/defaultargs.py took 0.083 seconds
[2024-10-10T18:01:29.584+0000] {processor.py:153} INFO - Started process (PID=460) to work on /opt/airflow/dags/defaultargs.py
[2024-10-10T18:01:29.585+0000] {processor.py:743} INFO - Processing file /opt/airflow/dags/defaultargs.py for tasks to queue
[2024-10-10T18:01:29.585+0000] {logging_mixin.py:137} INFO - [2024-10-10T18:01:29.585+0000] {dagbag.py:538} INFO - Filling up the DagBag from /opt/airflow/dags/defaultargs.py
[2024-10-10T18:01:29.596+0000] {processor.py:753} INFO - DAG(s) dict_keys(['defaultargs']) retrieved from /opt/airflow/dags/defaultargs.py
[2024-10-10T18:01:29.620+0000] {logging_mixin.py:137} INFO - [2024-10-10T18:01:29.620+0000] {dag.py:2690} INFO - Sync 1 DAGs
[2024-10-10T18:01:29.651+0000] {logging_mixin.py:137} INFO - [2024-10-10T18:01:29.651+0000] {dag.py:3441} INFO - Setting next_dagrun for defaultargs to 2024-10-10T17:00:00+00:00, run_after=2024-10-10T18:00:00+00:00
[2024-10-10T18:01:29.669+0000] {processor.py:175} INFO - Processing /opt/airflow/dags/defaultargs.py took 0.087 seconds
[2024-10-10T18:01:35.404+0000] {processor.py:153} INFO - Started process (PID=476) to work on /opt/airflow/dags/defaultargs.py
[2024-10-10T18:01:35.405+0000] {processor.py:743} INFO - Processing file /opt/airflow/dags/defaultargs.py for tasks to queue
[2024-10-10T18:01:35.406+0000] {logging_mixin.py:137} INFO - [2024-10-10T18:01:35.406+0000] {dagbag.py:538} INFO - Filling up the DagBag from /opt/airflow/dags/defaultargs.py
[2024-10-10T18:01:35.418+0000] {processor.py:753} INFO - DAG(s) dict_keys(['defaultargs']) retrieved from /opt/airflow/dags/defaultargs.py
[2024-10-10T18:01:35.443+0000] {logging_mixin.py:137} INFO - [2024-10-10T18:01:35.442+0000] {dag.py:2690} INFO - Sync 1 DAGs
[2024-10-10T18:01:35.472+0000] {logging_mixin.py:137} INFO - [2024-10-10T18:01:35.472+0000] {dag.py:3441} INFO - Setting next_dagrun for defaultargs to 2024-10-10T17:00:00+00:00, run_after=2024-10-10T18:00:00+00:00
[2024-10-10T18:01:35.493+0000] {processor.py:175} INFO - Processing /opt/airflow/dags/defaultargs.py took 0.091 seconds
[2024-10-10T18:01:41.272+0000] {processor.py:153} INFO - Started process (PID=512) to work on /opt/airflow/dags/defaultargs.py
[2024-10-10T18:01:41.273+0000] {processor.py:743} INFO - Processing file /opt/airflow/dags/defaultargs.py for tasks to queue
[2024-10-10T18:01:41.273+0000] {logging_mixin.py:137} INFO - [2024-10-10T18:01:41.273+0000] {dagbag.py:538} INFO - Filling up the DagBag from /opt/airflow/dags/defaultargs.py
[2024-10-10T18:01:41.284+0000] {processor.py:753} INFO - DAG(s) dict_keys(['defaultargs']) retrieved from /opt/airflow/dags/defaultargs.py
[2024-10-10T18:01:41.304+0000] {logging_mixin.py:137} INFO - [2024-10-10T18:01:41.304+0000] {dag.py:2690} INFO - Sync 1 DAGs
[2024-10-10T18:01:41.331+0000] {logging_mixin.py:137} INFO - [2024-10-10T18:01:41.331+0000] {dag.py:3441} INFO - Setting next_dagrun for defaultargs to 2024-10-10T17:00:00+00:00, run_after=2024-10-10T18:00:00+00:00
[2024-10-10T18:01:41.353+0000] {processor.py:175} INFO - Processing /opt/airflow/dags/defaultargs.py took 0.083 seconds
[2024-10-10T18:01:47.102+0000] {processor.py:153} INFO - Started process (PID=528) to work on /opt/airflow/dags/defaultargs.py
[2024-10-10T18:01:47.102+0000] {processor.py:743} INFO - Processing file /opt/airflow/dags/defaultargs.py for tasks to queue
[2024-10-10T18:01:47.103+0000] {logging_mixin.py:137} INFO - [2024-10-10T18:01:47.103+0000] {dagbag.py:538} INFO - Filling up the DagBag from /opt/airflow/dags/defaultargs.py
[2024-10-10T18:01:47.118+0000] {processor.py:753} INFO - DAG(s) dict_keys(['defaultargs']) retrieved from /opt/airflow/dags/defaultargs.py
[2024-10-10T18:01:47.145+0000] {logging_mixin.py:137} INFO - [2024-10-10T18:01:47.144+0000] {dag.py:2690} INFO - Sync 1 DAGs
[2024-10-10T18:01:47.171+0000] {logging_mixin.py:137} INFO - [2024-10-10T18:01:47.171+0000] {dag.py:3441} INFO - Setting next_dagrun for defaultargs to 2024-10-10T17:00:00+00:00, run_after=2024-10-10T18:00:00+00:00
[2024-10-10T18:01:47.192+0000] {processor.py:175} INFO - Processing /opt/airflow/dags/defaultargs.py took 0.095 seconds
[2024-10-10T18:01:53.016+0000] {processor.py:153} INFO - Started process (PID=564) to work on /opt/airflow/dags/defaultargs.py
[2024-10-10T18:01:53.017+0000] {processor.py:743} INFO - Processing file /opt/airflow/dags/defaultargs.py for tasks to queue
[2024-10-10T18:01:53.017+0000] {logging_mixin.py:137} INFO - [2024-10-10T18:01:53.017+0000] {dagbag.py:538} INFO - Filling up the DagBag from /opt/airflow/dags/defaultargs.py
[2024-10-10T18:01:53.035+0000] {processor.py:753} INFO - DAG(s) dict_keys(['defaultargs']) retrieved from /opt/airflow/dags/defaultargs.py
[2024-10-10T18:01:53.058+0000] {logging_mixin.py:137} INFO - [2024-10-10T18:01:53.057+0000] {dag.py:2690} INFO - Sync 1 DAGs
[2024-10-10T18:01:53.088+0000] {logging_mixin.py:137} INFO - [2024-10-10T18:01:53.088+0000] {dag.py:3441} INFO - Setting next_dagrun for defaultargs to 2024-10-10T17:00:00+00:00, run_after=2024-10-10T18:00:00+00:00
[2024-10-10T18:01:53.108+0000] {processor.py:175} INFO - Processing /opt/airflow/dags/defaultargs.py took 0.094 seconds
[2024-10-10T18:01:58.867+0000] {processor.py:153} INFO - Started process (PID=580) to work on /opt/airflow/dags/defaultargs.py
[2024-10-10T18:01:58.868+0000] {processor.py:743} INFO - Processing file /opt/airflow/dags/defaultargs.py for tasks to queue
[2024-10-10T18:01:58.869+0000] {logging_mixin.py:137} INFO - [2024-10-10T18:01:58.869+0000] {dagbag.py:538} INFO - Filling up the DagBag from /opt/airflow/dags/defaultargs.py
[2024-10-10T18:01:58.880+0000] {processor.py:753} INFO - DAG(s) dict_keys(['defaultargs']) retrieved from /opt/airflow/dags/defaultargs.py
[2024-10-10T18:01:58.903+0000] {logging_mixin.py:137} INFO - [2024-10-10T18:01:58.903+0000] {dag.py:2690} INFO - Sync 1 DAGs
[2024-10-10T18:01:58.938+0000] {logging_mixin.py:137} INFO - [2024-10-10T18:01:58.938+0000] {dag.py:3441} INFO - Setting next_dagrun for defaultargs to 2024-10-10T17:00:00+00:00, run_after=2024-10-10T18:00:00+00:00
[2024-10-10T18:01:58.960+0000] {processor.py:175} INFO - Processing /opt/airflow/dags/defaultargs.py took 0.096 seconds
[2024-10-10T18:02:04.791+0000] {processor.py:153} INFO - Started process (PID=616) to work on /opt/airflow/dags/defaultargs.py
[2024-10-10T18:02:04.792+0000] {processor.py:743} INFO - Processing file /opt/airflow/dags/defaultargs.py for tasks to queue
[2024-10-10T18:02:04.793+0000] {logging_mixin.py:137} INFO - [2024-10-10T18:02:04.793+0000] {dagbag.py:538} INFO - Filling up the DagBag from /opt/airflow/dags/defaultargs.py
[2024-10-10T18:02:04.812+0000] {processor.py:753} INFO - DAG(s) dict_keys(['defaultargs']) retrieved from /opt/airflow/dags/defaultargs.py
[2024-10-10T18:02:04.833+0000] {logging_mixin.py:137} INFO - [2024-10-10T18:02:04.833+0000] {dag.py:2690} INFO - Sync 1 DAGs
[2024-10-10T18:02:04.861+0000] {logging_mixin.py:137} INFO - [2024-10-10T18:02:04.861+0000] {dag.py:3441} INFO - Setting next_dagrun for defaultargs to 2024-10-10T17:00:00+00:00, run_after=2024-10-10T18:00:00+00:00
[2024-10-10T18:02:04.889+0000] {processor.py:175} INFO - Processing /opt/airflow/dags/defaultargs.py took 0.102 seconds
[2024-10-10T18:02:10.842+0000] {processor.py:153} INFO - Started process (PID=632) to work on /opt/airflow/dags/defaultargs.py
[2024-10-10T18:02:10.843+0000] {processor.py:743} INFO - Processing file /opt/airflow/dags/defaultargs.py for tasks to queue
[2024-10-10T18:02:10.843+0000] {logging_mixin.py:137} INFO - [2024-10-10T18:02:10.843+0000] {dagbag.py:538} INFO - Filling up the DagBag from /opt/airflow/dags/defaultargs.py
[2024-10-10T18:02:10.859+0000] {processor.py:753} INFO - DAG(s) dict_keys(['defaultargs']) retrieved from /opt/airflow/dags/defaultargs.py
[2024-10-10T18:02:10.885+0000] {logging_mixin.py:137} INFO - [2024-10-10T18:02:10.885+0000] {dag.py:2690} INFO - Sync 1 DAGs
[2024-10-10T18:02:10.907+0000] {logging_mixin.py:137} INFO - [2024-10-10T18:02:10.907+0000] {dag.py:3441} INFO - Setting next_dagrun for defaultargs to 2024-10-10T17:00:00+00:00, run_after=2024-10-10T18:00:00+00:00
[2024-10-10T18:02:10.925+0000] {processor.py:175} INFO - Processing /opt/airflow/dags/defaultargs.py took 0.089 seconds
[2024-10-10T18:02:16.725+0000] {processor.py:153} INFO - Started process (PID=668) to work on /opt/airflow/dags/defaultargs.py
[2024-10-10T18:02:16.726+0000] {processor.py:743} INFO - Processing file /opt/airflow/dags/defaultargs.py for tasks to queue
[2024-10-10T18:02:16.727+0000] {logging_mixin.py:137} INFO - [2024-10-10T18:02:16.727+0000] {dagbag.py:538} INFO - Filling up the DagBag from /opt/airflow/dags/defaultargs.py
[2024-10-10T18:02:16.742+0000] {processor.py:753} INFO - DAG(s) dict_keys(['defaultargs']) retrieved from /opt/airflow/dags/defaultargs.py
[2024-10-10T18:02:16.768+0000] {logging_mixin.py:137} INFO - [2024-10-10T18:02:16.768+0000] {dag.py:2690} INFO - Sync 1 DAGs
[2024-10-10T18:02:16.792+0000] {logging_mixin.py:137} INFO - [2024-10-10T18:02:16.792+0000] {dag.py:3441} INFO - Setting next_dagrun for defaultargs to 2024-10-10T17:00:00+00:00, run_after=2024-10-10T18:00:00+00:00
[2024-10-10T18:02:16.804+0000] {processor.py:175} INFO - Processing /opt/airflow/dags/defaultargs.py took 0.084 seconds
[2024-10-10T18:02:22.594+0000] {processor.py:153} INFO - Started process (PID=684) to work on /opt/airflow/dags/defaultargs.py
[2024-10-10T18:02:22.595+0000] {processor.py:743} INFO - Processing file /opt/airflow/dags/defaultargs.py for tasks to queue
[2024-10-10T18:02:22.596+0000] {logging_mixin.py:137} INFO - [2024-10-10T18:02:22.596+0000] {dagbag.py:538} INFO - Filling up the DagBag from /opt/airflow/dags/defaultargs.py
[2024-10-10T18:02:22.608+0000] {processor.py:753} INFO - DAG(s) dict_keys(['defaultargs']) retrieved from /opt/airflow/dags/defaultargs.py
[2024-10-10T18:02:22.637+0000] {logging_mixin.py:137} INFO - [2024-10-10T18:02:22.637+0000] {dag.py:2690} INFO - Sync 1 DAGs
[2024-10-10T18:02:22.665+0000] {logging_mixin.py:137} INFO - [2024-10-10T18:02:22.664+0000] {dag.py:3441} INFO - Setting next_dagrun for defaultargs to 2024-10-10T17:00:00+00:00, run_after=2024-10-10T18:00:00+00:00
[2024-10-10T18:02:22.685+0000] {processor.py:175} INFO - Processing /opt/airflow/dags/defaultargs.py took 0.094 seconds
[2024-10-10T18:02:28.538+0000] {processor.py:153} INFO - Started process (PID=720) to work on /opt/airflow/dags/defaultargs.py
[2024-10-10T18:02:28.539+0000] {processor.py:743} INFO - Processing file /opt/airflow/dags/defaultargs.py for tasks to queue
[2024-10-10T18:02:28.539+0000] {logging_mixin.py:137} INFO - [2024-10-10T18:02:28.539+0000] {dagbag.py:538} INFO - Filling up the DagBag from /opt/airflow/dags/defaultargs.py
[2024-10-10T18:02:28.549+0000] {processor.py:753} INFO - DAG(s) dict_keys(['defaultargs']) retrieved from /opt/airflow/dags/defaultargs.py
[2024-10-10T18:02:28.572+0000] {logging_mixin.py:137} INFO - [2024-10-10T18:02:28.572+0000] {dag.py:2690} INFO - Sync 1 DAGs
[2024-10-10T18:02:28.591+0000] {logging_mixin.py:137} INFO - [2024-10-10T18:02:28.591+0000] {dag.py:3441} INFO - Setting next_dagrun for defaultargs to 2024-10-10T18:00:00+00:00, run_after=2024-10-10T19:00:00+00:00
[2024-10-10T18:02:28.612+0000] {processor.py:175} INFO - Processing /opt/airflow/dags/defaultargs.py took 0.075 seconds
