[2024-10-10T17:58:50.190+0000] {processor.py:153} INFO - Started process (PID=42) to work on /opt/airflow/dags/dummy.py
[2024-10-10T17:58:50.191+0000] {processor.py:743} INFO - Processing file /opt/airflow/dags/dummy.py for tasks to queue
[2024-10-10T17:58:50.192+0000] {logging_mixin.py:137} INFO - [2024-10-10T17:58:50.191+0000] {dagbag.py:538} INFO - Filling up the DagBag from /opt/airflow/dags/dummy.py
[2024-10-10T17:58:50.218+0000] {processor.py:753} INFO - DAG(s) dict_keys(['dummy']) retrieved from /opt/airflow/dags/dummy.py
[2024-10-10T17:58:50.307+0000] {logging_mixin.py:137} INFO - [2024-10-10T17:58:50.307+0000] {dag.py:2690} INFO - Sync 1 DAGs
[2024-10-10T17:58:50.336+0000] {logging_mixin.py:137} INFO - [2024-10-10T17:58:50.335+0000] {dag.py:3441} INFO - Setting next_dagrun for dummy to None, run_after=None
[2024-10-10T17:58:50.362+0000] {processor.py:175} INFO - Processing /opt/airflow/dags/dummy.py took 0.176 seconds
[2024-10-10T17:58:55.540+0000] {processor.py:153} INFO - Started process (PID=78) to work on /opt/airflow/dags/dummy.py
[2024-10-10T17:58:55.541+0000] {processor.py:743} INFO - Processing file /opt/airflow/dags/dummy.py for tasks to queue
[2024-10-10T17:58:55.541+0000] {logging_mixin.py:137} INFO - [2024-10-10T17:58:55.541+0000] {dagbag.py:538} INFO - Filling up the DagBag from /opt/airflow/dags/dummy.py
[2024-10-10T17:58:55.550+0000] {processor.py:753} INFO - DAG(s) dict_keys(['dummy']) retrieved from /opt/airflow/dags/dummy.py
[2024-10-10T17:58:55.566+0000] {logging_mixin.py:137} INFO - [2024-10-10T17:58:55.565+0000] {dag.py:2690} INFO - Sync 1 DAGs
[2024-10-10T17:58:55.590+0000] {logging_mixin.py:137} INFO - [2024-10-10T17:58:55.590+0000] {dag.py:3441} INFO - Setting next_dagrun for dummy to None, run_after=None
[2024-10-10T17:58:55.610+0000] {processor.py:175} INFO - Processing /opt/airflow/dags/dummy.py took 0.071 seconds
[2024-10-10T17:59:01.457+0000] {processor.py:153} INFO - Started process (PID=94) to work on /opt/airflow/dags/dummy.py
[2024-10-10T17:59:01.458+0000] {processor.py:743} INFO - Processing file /opt/airflow/dags/dummy.py for tasks to queue
[2024-10-10T17:59:01.458+0000] {logging_mixin.py:137} INFO - [2024-10-10T17:59:01.458+0000] {dagbag.py:538} INFO - Filling up the DagBag from /opt/airflow/dags/dummy.py
[2024-10-10T17:59:01.469+0000] {processor.py:753} INFO - DAG(s) dict_keys(['dummy']) retrieved from /opt/airflow/dags/dummy.py
[2024-10-10T17:59:01.479+0000] {logging_mixin.py:137} INFO - [2024-10-10T17:59:01.479+0000] {dag.py:2690} INFO - Sync 1 DAGs
[2024-10-10T17:59:01.501+0000] {logging_mixin.py:137} INFO - [2024-10-10T17:59:01.501+0000] {dag.py:3441} INFO - Setting next_dagrun for dummy to None, run_after=None
[2024-10-10T17:59:01.520+0000] {processor.py:175} INFO - Processing /opt/airflow/dags/dummy.py took 0.065 seconds
[2024-10-10T17:59:07.163+0000] {processor.py:153} INFO - Started process (PID=130) to work on /opt/airflow/dags/dummy.py
[2024-10-10T17:59:07.164+0000] {processor.py:743} INFO - Processing file /opt/airflow/dags/dummy.py for tasks to queue
[2024-10-10T17:59:07.165+0000] {logging_mixin.py:137} INFO - [2024-10-10T17:59:07.165+0000] {dagbag.py:538} INFO - Filling up the DagBag from /opt/airflow/dags/dummy.py
[2024-10-10T17:59:07.181+0000] {processor.py:753} INFO - DAG(s) dict_keys(['dummy']) retrieved from /opt/airflow/dags/dummy.py
[2024-10-10T17:59:07.197+0000] {logging_mixin.py:137} INFO - [2024-10-10T17:59:07.196+0000] {dag.py:2690} INFO - Sync 1 DAGs
[2024-10-10T17:59:07.225+0000] {logging_mixin.py:137} INFO - [2024-10-10T17:59:07.225+0000] {dag.py:3441} INFO - Setting next_dagrun for dummy to None, run_after=None
[2024-10-10T17:59:07.250+0000] {processor.py:175} INFO - Processing /opt/airflow/dags/dummy.py took 0.091 seconds
[2024-10-10T18:00:00.472+0000] {processor.py:153} INFO - Started process (PID=42) to work on /opt/airflow/dags/dummy.py
[2024-10-10T18:00:00.473+0000] {processor.py:743} INFO - Processing file /opt/airflow/dags/dummy.py for tasks to queue
[2024-10-10T18:00:00.473+0000] {logging_mixin.py:137} INFO - [2024-10-10T18:00:00.473+0000] {dagbag.py:538} INFO - Filling up the DagBag from /opt/airflow/dags/dummy.py
[2024-10-10T18:00:00.488+0000] {processor.py:753} INFO - DAG(s) dict_keys(['dummy']) retrieved from /opt/airflow/dags/dummy.py
[2024-10-10T18:00:00.573+0000] {logging_mixin.py:137} INFO - [2024-10-10T18:00:00.572+0000] {dag.py:2690} INFO - Sync 1 DAGs
[2024-10-10T18:00:00.602+0000] {logging_mixin.py:137} INFO - [2024-10-10T18:00:00.602+0000] {dag.py:3441} INFO - Setting next_dagrun for dummy to None, run_after=None
[2024-10-10T18:00:00.622+0000] {processor.py:175} INFO - Processing /opt/airflow/dags/dummy.py took 0.152 seconds
[2024-10-10T18:00:06.038+0000] {processor.py:153} INFO - Started process (PID=67) to work on /opt/airflow/dags/dummy.py
[2024-10-10T18:00:06.039+0000] {processor.py:743} INFO - Processing file /opt/airflow/dags/dummy.py for tasks to queue
[2024-10-10T18:00:06.040+0000] {logging_mixin.py:137} INFO - [2024-10-10T18:00:06.040+0000] {dagbag.py:538} INFO - Filling up the DagBag from /opt/airflow/dags/dummy.py
[2024-10-10T18:00:06.057+0000] {processor.py:753} INFO - DAG(s) dict_keys(['dummy']) retrieved from /opt/airflow/dags/dummy.py
[2024-10-10T18:00:06.071+0000] {logging_mixin.py:137} INFO - [2024-10-10T18:00:06.071+0000] {dag.py:2690} INFO - Sync 1 DAGs
[2024-10-10T18:00:06.103+0000] {logging_mixin.py:137} INFO - [2024-10-10T18:00:06.103+0000] {dag.py:3441} INFO - Setting next_dagrun for dummy to None, run_after=None
[2024-10-10T18:00:06.130+0000] {processor.py:175} INFO - Processing /opt/airflow/dags/dummy.py took 0.095 seconds
[2024-10-10T18:00:11.252+0000] {processor.py:153} INFO - Started process (PID=94) to work on /opt/airflow/dags/dummy.py
[2024-10-10T18:00:11.253+0000] {processor.py:743} INFO - Processing file /opt/airflow/dags/dummy.py for tasks to queue
[2024-10-10T18:00:11.254+0000] {logging_mixin.py:137} INFO - [2024-10-10T18:00:11.254+0000] {dagbag.py:538} INFO - Filling up the DagBag from /opt/airflow/dags/dummy.py
[2024-10-10T18:00:11.270+0000] {processor.py:753} INFO - DAG(s) dict_keys(['dummy']) retrieved from /opt/airflow/dags/dummy.py
[2024-10-10T18:00:11.283+0000] {logging_mixin.py:137} INFO - [2024-10-10T18:00:11.283+0000] {dag.py:2690} INFO - Sync 1 DAGs
[2024-10-10T18:00:11.309+0000] {logging_mixin.py:137} INFO - [2024-10-10T18:00:11.309+0000] {dag.py:3441} INFO - Setting next_dagrun for dummy to None, run_after=None
[2024-10-10T18:00:11.339+0000] {processor.py:175} INFO - Processing /opt/airflow/dags/dummy.py took 0.091 seconds
[2024-10-10T18:00:16.408+0000] {processor.py:153} INFO - Started process (PID=110) to work on /opt/airflow/dags/dummy.py
[2024-10-10T18:00:16.409+0000] {processor.py:743} INFO - Processing file /opt/airflow/dags/dummy.py for tasks to queue
[2024-10-10T18:00:16.409+0000] {logging_mixin.py:137} INFO - [2024-10-10T18:00:16.409+0000] {dagbag.py:538} INFO - Filling up the DagBag from /opt/airflow/dags/dummy.py
[2024-10-10T18:00:16.419+0000] {processor.py:753} INFO - DAG(s) dict_keys(['dummy']) retrieved from /opt/airflow/dags/dummy.py
[2024-10-10T18:00:16.431+0000] {logging_mixin.py:137} INFO - [2024-10-10T18:00:16.431+0000] {dag.py:2690} INFO - Sync 1 DAGs
[2024-10-10T18:00:16.459+0000] {logging_mixin.py:137} INFO - [2024-10-10T18:00:16.459+0000] {dag.py:3441} INFO - Setting next_dagrun for dummy to None, run_after=None
[2024-10-10T18:00:16.483+0000] {processor.py:175} INFO - Processing /opt/airflow/dags/dummy.py took 0.078 seconds
[2024-10-10T18:00:21.525+0000] {processor.py:153} INFO - Started process (PID=146) to work on /opt/airflow/dags/dummy.py
[2024-10-10T18:00:21.526+0000] {processor.py:743} INFO - Processing file /opt/airflow/dags/dummy.py for tasks to queue
[2024-10-10T18:00:21.527+0000] {logging_mixin.py:137} INFO - [2024-10-10T18:00:21.526+0000] {dagbag.py:538} INFO - Filling up the DagBag from /opt/airflow/dags/dummy.py
[2024-10-10T18:00:21.543+0000] {processor.py:753} INFO - DAG(s) dict_keys(['dummy']) retrieved from /opt/airflow/dags/dummy.py
[2024-10-10T18:00:21.557+0000] {logging_mixin.py:137} INFO - [2024-10-10T18:00:21.557+0000] {dag.py:2690} INFO - Sync 1 DAGs
[2024-10-10T18:00:21.579+0000] {logging_mixin.py:137} INFO - [2024-10-10T18:00:21.579+0000] {dag.py:3441} INFO - Setting next_dagrun for dummy to None, run_after=None
[2024-10-10T18:00:21.598+0000] {processor.py:175} INFO - Processing /opt/airflow/dags/dummy.py took 0.077 seconds
[2024-10-10T18:00:27.412+0000] {processor.py:153} INFO - Started process (PID=162) to work on /opt/airflow/dags/dummy.py
[2024-10-10T18:00:27.413+0000] {processor.py:743} INFO - Processing file /opt/airflow/dags/dummy.py for tasks to queue
[2024-10-10T18:00:27.413+0000] {logging_mixin.py:137} INFO - [2024-10-10T18:00:27.413+0000] {dagbag.py:538} INFO - Filling up the DagBag from /opt/airflow/dags/dummy.py
[2024-10-10T18:00:27.423+0000] {processor.py:753} INFO - DAG(s) dict_keys(['dummy']) retrieved from /opt/airflow/dags/dummy.py
[2024-10-10T18:00:27.435+0000] {logging_mixin.py:137} INFO - [2024-10-10T18:00:27.434+0000] {dag.py:2690} INFO - Sync 1 DAGs
[2024-10-10T18:00:27.461+0000] {logging_mixin.py:137} INFO - [2024-10-10T18:00:27.461+0000] {dag.py:3441} INFO - Setting next_dagrun for dummy to None, run_after=None
[2024-10-10T18:00:27.483+0000] {processor.py:175} INFO - Processing /opt/airflow/dags/dummy.py took 0.075 seconds
[2024-10-10T18:00:33.203+0000] {processor.py:153} INFO - Started process (PID=198) to work on /opt/airflow/dags/dummy.py
[2024-10-10T18:00:33.204+0000] {processor.py:743} INFO - Processing file /opt/airflow/dags/dummy.py for tasks to queue
[2024-10-10T18:00:33.205+0000] {logging_mixin.py:137} INFO - [2024-10-10T18:00:33.205+0000] {dagbag.py:538} INFO - Filling up the DagBag from /opt/airflow/dags/dummy.py
[2024-10-10T18:00:33.216+0000] {processor.py:753} INFO - DAG(s) dict_keys(['dummy']) retrieved from /opt/airflow/dags/dummy.py
[2024-10-10T18:00:33.247+0000] {logging_mixin.py:137} INFO - [2024-10-10T18:00:33.247+0000] {dag.py:2690} INFO - Sync 1 DAGs
[2024-10-10T18:00:33.276+0000] {logging_mixin.py:137} INFO - [2024-10-10T18:00:33.276+0000] {dag.py:3441} INFO - Setting next_dagrun for dummy to None, run_after=None
[2024-10-10T18:00:33.296+0000] {processor.py:175} INFO - Processing /opt/airflow/dags/dummy.py took 0.095 seconds
[2024-10-10T18:00:39.085+0000] {processor.py:153} INFO - Started process (PID=214) to work on /opt/airflow/dags/dummy.py
[2024-10-10T18:00:39.087+0000] {processor.py:743} INFO - Processing file /opt/airflow/dags/dummy.py for tasks to queue
[2024-10-10T18:00:39.088+0000] {logging_mixin.py:137} INFO - [2024-10-10T18:00:39.087+0000] {dagbag.py:538} INFO - Filling up the DagBag from /opt/airflow/dags/dummy.py
[2024-10-10T18:00:39.104+0000] {processor.py:753} INFO - DAG(s) dict_keys(['dummy']) retrieved from /opt/airflow/dags/dummy.py
[2024-10-10T18:00:39.128+0000] {logging_mixin.py:137} INFO - [2024-10-10T18:00:39.127+0000] {dag.py:2690} INFO - Sync 1 DAGs
[2024-10-10T18:00:39.143+0000] {logging_mixin.py:137} INFO - [2024-10-10T18:00:39.143+0000] {dag.py:3441} INFO - Setting next_dagrun for dummy to None, run_after=None
[2024-10-10T18:00:39.165+0000] {processor.py:175} INFO - Processing /opt/airflow/dags/dummy.py took 0.086 seconds
[2024-10-10T18:00:44.264+0000] {processor.py:153} INFO - Started process (PID=249) to work on /opt/airflow/dags/dummy.py
[2024-10-10T18:00:44.265+0000] {processor.py:743} INFO - Processing file /opt/airflow/dags/dummy.py for tasks to queue
[2024-10-10T18:00:44.266+0000] {logging_mixin.py:137} INFO - [2024-10-10T18:00:44.266+0000] {dagbag.py:538} INFO - Filling up the DagBag from /opt/airflow/dags/dummy.py
[2024-10-10T18:00:44.278+0000] {processor.py:753} INFO - DAG(s) dict_keys(['dummy']) retrieved from /opt/airflow/dags/dummy.py
[2024-10-10T18:00:44.295+0000] {logging_mixin.py:137} INFO - [2024-10-10T18:00:44.294+0000] {dag.py:2690} INFO - Sync 1 DAGs
[2024-10-10T18:00:44.323+0000] {logging_mixin.py:137} INFO - [2024-10-10T18:00:44.323+0000] {dag.py:3441} INFO - Setting next_dagrun for dummy to None, run_after=None
[2024-10-10T18:00:44.343+0000] {processor.py:175} INFO - Processing /opt/airflow/dags/dummy.py took 0.084 seconds
[2024-10-10T18:00:49.417+0000] {processor.py:153} INFO - Started process (PID=265) to work on /opt/airflow/dags/dummy.py
[2024-10-10T18:00:49.418+0000] {processor.py:743} INFO - Processing file /opt/airflow/dags/dummy.py for tasks to queue
[2024-10-10T18:00:49.419+0000] {logging_mixin.py:137} INFO - [2024-10-10T18:00:49.419+0000] {dagbag.py:538} INFO - Filling up the DagBag from /opt/airflow/dags/dummy.py
[2024-10-10T18:00:49.435+0000] {processor.py:753} INFO - DAG(s) dict_keys(['dummy']) retrieved from /opt/airflow/dags/dummy.py
[2024-10-10T18:00:49.457+0000] {logging_mixin.py:137} INFO - [2024-10-10T18:00:49.457+0000] {dag.py:2690} INFO - Sync 1 DAGs
[2024-10-10T18:00:49.480+0000] {logging_mixin.py:137} INFO - [2024-10-10T18:00:49.480+0000] {dag.py:3441} INFO - Setting next_dagrun for dummy to None, run_after=None
[2024-10-10T18:00:49.502+0000] {processor.py:175} INFO - Processing /opt/airflow/dags/dummy.py took 0.089 seconds
[2024-10-10T18:00:54.591+0000] {processor.py:153} INFO - Started process (PID=301) to work on /opt/airflow/dags/dummy.py
[2024-10-10T18:00:54.592+0000] {processor.py:743} INFO - Processing file /opt/airflow/dags/dummy.py for tasks to queue
[2024-10-10T18:00:54.593+0000] {logging_mixin.py:137} INFO - [2024-10-10T18:00:54.593+0000] {dagbag.py:538} INFO - Filling up the DagBag from /opt/airflow/dags/dummy.py
[2024-10-10T18:00:54.603+0000] {processor.py:753} INFO - DAG(s) dict_keys(['dummy']) retrieved from /opt/airflow/dags/dummy.py
[2024-10-10T18:00:54.628+0000] {logging_mixin.py:137} INFO - [2024-10-10T18:00:54.628+0000] {dag.py:2690} INFO - Sync 1 DAGs
[2024-10-10T18:00:54.650+0000] {logging_mixin.py:137} INFO - [2024-10-10T18:00:54.650+0000] {dag.py:3441} INFO - Setting next_dagrun for dummy to None, run_after=None
[2024-10-10T18:00:54.672+0000] {processor.py:175} INFO - Processing /opt/airflow/dags/dummy.py took 0.085 seconds
[2024-10-10T18:00:59.766+0000] {processor.py:153} INFO - Started process (PID=317) to work on /opt/airflow/dags/dummy.py
[2024-10-10T18:00:59.767+0000] {processor.py:743} INFO - Processing file /opt/airflow/dags/dummy.py for tasks to queue
[2024-10-10T18:00:59.767+0000] {logging_mixin.py:137} INFO - [2024-10-10T18:00:59.767+0000] {dagbag.py:538} INFO - Filling up the DagBag from /opt/airflow/dags/dummy.py
[2024-10-10T18:00:59.779+0000] {processor.py:753} INFO - DAG(s) dict_keys(['dummy']) retrieved from /opt/airflow/dags/dummy.py
[2024-10-10T18:00:59.800+0000] {logging_mixin.py:137} INFO - [2024-10-10T18:00:59.799+0000] {dag.py:2690} INFO - Sync 1 DAGs
[2024-10-10T18:00:59.817+0000] {logging_mixin.py:137} INFO - [2024-10-10T18:00:59.817+0000] {dag.py:3441} INFO - Setting next_dagrun for dummy to None, run_after=None
[2024-10-10T18:00:59.830+0000] {processor.py:175} INFO - Processing /opt/airflow/dags/dummy.py took 0.069 seconds
[2024-10-10T18:01:05.787+0000] {processor.py:153} INFO - Started process (PID=353) to work on /opt/airflow/dags/dummy.py
[2024-10-10T18:01:05.787+0000] {processor.py:743} INFO - Processing file /opt/airflow/dags/dummy.py for tasks to queue
[2024-10-10T18:01:05.788+0000] {logging_mixin.py:137} INFO - [2024-10-10T18:01:05.788+0000] {dagbag.py:538} INFO - Filling up the DagBag from /opt/airflow/dags/dummy.py
[2024-10-10T18:01:05.799+0000] {processor.py:753} INFO - DAG(s) dict_keys(['dummy']) retrieved from /opt/airflow/dags/dummy.py
[2024-10-10T18:01:05.824+0000] {logging_mixin.py:137} INFO - [2024-10-10T18:01:05.824+0000] {dag.py:2690} INFO - Sync 1 DAGs
[2024-10-10T18:01:05.854+0000] {logging_mixin.py:137} INFO - [2024-10-10T18:01:05.854+0000] {dag.py:3441} INFO - Setting next_dagrun for dummy to None, run_after=None
[2024-10-10T18:01:05.879+0000] {processor.py:175} INFO - Processing /opt/airflow/dags/dummy.py took 0.096 seconds
[2024-10-10T18:01:11.629+0000] {processor.py:153} INFO - Started process (PID=369) to work on /opt/airflow/dags/dummy.py
[2024-10-10T18:01:11.629+0000] {processor.py:743} INFO - Processing file /opt/airflow/dags/dummy.py for tasks to queue
[2024-10-10T18:01:11.630+0000] {logging_mixin.py:137} INFO - [2024-10-10T18:01:11.630+0000] {dagbag.py:538} INFO - Filling up the DagBag from /opt/airflow/dags/dummy.py
[2024-10-10T18:01:11.638+0000] {processor.py:753} INFO - DAG(s) dict_keys(['dummy']) retrieved from /opt/airflow/dags/dummy.py
[2024-10-10T18:01:11.663+0000] {logging_mixin.py:137} INFO - [2024-10-10T18:01:11.663+0000] {dag.py:2690} INFO - Sync 1 DAGs
[2024-10-10T18:01:11.693+0000] {logging_mixin.py:137} INFO - [2024-10-10T18:01:11.693+0000] {dag.py:3441} INFO - Setting next_dagrun for dummy to None, run_after=None
[2024-10-10T18:01:11.715+0000] {processor.py:175} INFO - Processing /opt/airflow/dags/dummy.py took 0.088 seconds
[2024-10-10T18:01:17.644+0000] {processor.py:153} INFO - Started process (PID=405) to work on /opt/airflow/dags/dummy.py
[2024-10-10T18:01:17.645+0000] {processor.py:743} INFO - Processing file /opt/airflow/dags/dummy.py for tasks to queue
[2024-10-10T18:01:17.646+0000] {logging_mixin.py:137} INFO - [2024-10-10T18:01:17.646+0000] {dagbag.py:538} INFO - Filling up the DagBag from /opt/airflow/dags/dummy.py
[2024-10-10T18:01:17.663+0000] {processor.py:753} INFO - DAG(s) dict_keys(['dummy']) retrieved from /opt/airflow/dags/dummy.py
[2024-10-10T18:01:17.689+0000] {logging_mixin.py:137} INFO - [2024-10-10T18:01:17.689+0000] {dag.py:2690} INFO - Sync 1 DAGs
[2024-10-10T18:01:17.718+0000] {logging_mixin.py:137} INFO - [2024-10-10T18:01:17.717+0000] {dag.py:3441} INFO - Setting next_dagrun for dummy to None, run_after=None
[2024-10-10T18:01:17.741+0000] {processor.py:175} INFO - Processing /opt/airflow/dags/dummy.py took 0.102 seconds
[2024-10-10T18:01:23.502+0000] {processor.py:153} INFO - Started process (PID=421) to work on /opt/airflow/dags/dummy.py
[2024-10-10T18:01:23.503+0000] {processor.py:743} INFO - Processing file /opt/airflow/dags/dummy.py for tasks to queue
[2024-10-10T18:01:23.504+0000] {logging_mixin.py:137} INFO - [2024-10-10T18:01:23.504+0000] {dagbag.py:538} INFO - Filling up the DagBag from /opt/airflow/dags/dummy.py
[2024-10-10T18:01:23.517+0000] {processor.py:753} INFO - DAG(s) dict_keys(['dummy']) retrieved from /opt/airflow/dags/dummy.py
[2024-10-10T18:01:23.545+0000] {logging_mixin.py:137} INFO - [2024-10-10T18:01:23.545+0000] {dag.py:2690} INFO - Sync 1 DAGs
[2024-10-10T18:01:23.574+0000] {logging_mixin.py:137} INFO - [2024-10-10T18:01:23.574+0000] {dag.py:3441} INFO - Setting next_dagrun for dummy to None, run_after=None
[2024-10-10T18:01:23.596+0000] {processor.py:175} INFO - Processing /opt/airflow/dags/dummy.py took 0.099 seconds
[2024-10-10T18:01:29.403+0000] {processor.py:153} INFO - Started process (PID=457) to work on /opt/airflow/dags/dummy.py
[2024-10-10T18:01:29.404+0000] {processor.py:743} INFO - Processing file /opt/airflow/dags/dummy.py for tasks to queue
[2024-10-10T18:01:29.404+0000] {logging_mixin.py:137} INFO - [2024-10-10T18:01:29.404+0000] {dagbag.py:538} INFO - Filling up the DagBag from /opt/airflow/dags/dummy.py
[2024-10-10T18:01:29.413+0000] {processor.py:753} INFO - DAG(s) dict_keys(['dummy']) retrieved from /opt/airflow/dags/dummy.py
[2024-10-10T18:01:29.436+0000] {logging_mixin.py:137} INFO - [2024-10-10T18:01:29.436+0000] {dag.py:2690} INFO - Sync 1 DAGs
[2024-10-10T18:01:29.458+0000] {logging_mixin.py:137} INFO - [2024-10-10T18:01:29.458+0000] {dag.py:3441} INFO - Setting next_dagrun for dummy to None, run_after=None
[2024-10-10T18:01:29.478+0000] {processor.py:175} INFO - Processing /opt/airflow/dags/dummy.py took 0.077 seconds
[2024-10-10T18:01:35.204+0000] {processor.py:153} INFO - Started process (PID=473) to work on /opt/airflow/dags/dummy.py
[2024-10-10T18:01:35.204+0000] {processor.py:743} INFO - Processing file /opt/airflow/dags/dummy.py for tasks to queue
[2024-10-10T18:01:35.205+0000] {logging_mixin.py:137} INFO - [2024-10-10T18:01:35.205+0000] {dagbag.py:538} INFO - Filling up the DagBag from /opt/airflow/dags/dummy.py
[2024-10-10T18:01:35.217+0000] {processor.py:753} INFO - DAG(s) dict_keys(['dummy']) retrieved from /opt/airflow/dags/dummy.py
[2024-10-10T18:01:35.240+0000] {logging_mixin.py:137} INFO - [2024-10-10T18:01:35.240+0000] {dag.py:2690} INFO - Sync 1 DAGs
[2024-10-10T18:01:35.270+0000] {logging_mixin.py:137} INFO - [2024-10-10T18:01:35.270+0000] {dag.py:3441} INFO - Setting next_dagrun for dummy to None, run_after=None
[2024-10-10T18:01:35.288+0000] {processor.py:175} INFO - Processing /opt/airflow/dags/dummy.py took 0.088 seconds
[2024-10-10T18:01:41.086+0000] {processor.py:153} INFO - Started process (PID=509) to work on /opt/airflow/dags/dummy.py
[2024-10-10T18:01:41.087+0000] {processor.py:743} INFO - Processing file /opt/airflow/dags/dummy.py for tasks to queue
[2024-10-10T18:01:41.087+0000] {logging_mixin.py:137} INFO - [2024-10-10T18:01:41.087+0000] {dagbag.py:538} INFO - Filling up the DagBag from /opt/airflow/dags/dummy.py
[2024-10-10T18:01:41.104+0000] {processor.py:753} INFO - DAG(s) dict_keys(['dummy']) retrieved from /opt/airflow/dags/dummy.py
[2024-10-10T18:01:41.129+0000] {logging_mixin.py:137} INFO - [2024-10-10T18:01:41.129+0000] {dag.py:2690} INFO - Sync 1 DAGs
[2024-10-10T18:01:41.151+0000] {logging_mixin.py:137} INFO - [2024-10-10T18:01:41.151+0000] {dag.py:3441} INFO - Setting next_dagrun for dummy to None, run_after=None
[2024-10-10T18:01:41.175+0000] {processor.py:175} INFO - Processing /opt/airflow/dags/dummy.py took 0.091 seconds
[2024-10-10T18:01:46.886+0000] {processor.py:153} INFO - Started process (PID=525) to work on /opt/airflow/dags/dummy.py
[2024-10-10T18:01:46.887+0000] {processor.py:743} INFO - Processing file /opt/airflow/dags/dummy.py for tasks to queue
[2024-10-10T18:01:46.887+0000] {logging_mixin.py:137} INFO - [2024-10-10T18:01:46.887+0000] {dagbag.py:538} INFO - Filling up the DagBag from /opt/airflow/dags/dummy.py
[2024-10-10T18:01:46.899+0000] {processor.py:753} INFO - DAG(s) dict_keys(['dummy']) retrieved from /opt/airflow/dags/dummy.py
[2024-10-10T18:01:46.923+0000] {logging_mixin.py:137} INFO - [2024-10-10T18:01:46.923+0000] {dag.py:2690} INFO - Sync 1 DAGs
[2024-10-10T18:01:46.952+0000] {logging_mixin.py:137} INFO - [2024-10-10T18:01:46.952+0000] {dag.py:3441} INFO - Setting next_dagrun for dummy to None, run_after=None
[2024-10-10T18:01:46.975+0000] {processor.py:175} INFO - Processing /opt/airflow/dags/dummy.py took 0.093 seconds
[2024-10-10T18:01:52.820+0000] {processor.py:153} INFO - Started process (PID=561) to work on /opt/airflow/dags/dummy.py
[2024-10-10T18:01:52.820+0000] {processor.py:743} INFO - Processing file /opt/airflow/dags/dummy.py for tasks to queue
[2024-10-10T18:01:52.821+0000] {logging_mixin.py:137} INFO - [2024-10-10T18:01:52.821+0000] {dagbag.py:538} INFO - Filling up the DagBag from /opt/airflow/dags/dummy.py
[2024-10-10T18:01:52.830+0000] {processor.py:753} INFO - DAG(s) dict_keys(['dummy']) retrieved from /opt/airflow/dags/dummy.py
[2024-10-10T18:01:52.858+0000] {logging_mixin.py:137} INFO - [2024-10-10T18:01:52.857+0000] {dag.py:2690} INFO - Sync 1 DAGs
[2024-10-10T18:01:52.884+0000] {logging_mixin.py:137} INFO - [2024-10-10T18:01:52.884+0000] {dag.py:3441} INFO - Setting next_dagrun for dummy to None, run_after=None
[2024-10-10T18:01:52.905+0000] {processor.py:175} INFO - Processing /opt/airflow/dags/dummy.py took 0.088 seconds
[2024-10-10T18:01:58.656+0000] {processor.py:153} INFO - Started process (PID=577) to work on /opt/airflow/dags/dummy.py
[2024-10-10T18:01:58.656+0000] {processor.py:743} INFO - Processing file /opt/airflow/dags/dummy.py for tasks to queue
[2024-10-10T18:01:58.657+0000] {logging_mixin.py:137} INFO - [2024-10-10T18:01:58.657+0000] {dagbag.py:538} INFO - Filling up the DagBag from /opt/airflow/dags/dummy.py
[2024-10-10T18:01:58.673+0000] {processor.py:753} INFO - DAG(s) dict_keys(['dummy']) retrieved from /opt/airflow/dags/dummy.py
[2024-10-10T18:01:58.699+0000] {logging_mixin.py:137} INFO - [2024-10-10T18:01:58.699+0000] {dag.py:2690} INFO - Sync 1 DAGs
[2024-10-10T18:01:58.727+0000] {logging_mixin.py:137} INFO - [2024-10-10T18:01:58.727+0000] {dag.py:3441} INFO - Setting next_dagrun for dummy to None, run_after=None
[2024-10-10T18:01:58.748+0000] {processor.py:175} INFO - Processing /opt/airflow/dags/dummy.py took 0.096 seconds
[2024-10-10T18:02:04.578+0000] {processor.py:153} INFO - Started process (PID=613) to work on /opt/airflow/dags/dummy.py
[2024-10-10T18:02:04.579+0000] {processor.py:743} INFO - Processing file /opt/airflow/dags/dummy.py for tasks to queue
[2024-10-10T18:02:04.580+0000] {logging_mixin.py:137} INFO - [2024-10-10T18:02:04.580+0000] {dagbag.py:538} INFO - Filling up the DagBag from /opt/airflow/dags/dummy.py
[2024-10-10T18:02:04.594+0000] {processor.py:753} INFO - DAG(s) dict_keys(['dummy']) retrieved from /opt/airflow/dags/dummy.py
[2024-10-10T18:02:04.623+0000] {logging_mixin.py:137} INFO - [2024-10-10T18:02:04.623+0000] {dag.py:2690} INFO - Sync 1 DAGs
[2024-10-10T18:02:04.649+0000] {logging_mixin.py:137} INFO - [2024-10-10T18:02:04.648+0000] {dag.py:3441} INFO - Setting next_dagrun for dummy to None, run_after=None
[2024-10-10T18:02:04.679+0000] {processor.py:175} INFO - Processing /opt/airflow/dags/dummy.py took 0.105 seconds
[2024-10-10T18:02:10.593+0000] {processor.py:153} INFO - Started process (PID=629) to work on /opt/airflow/dags/dummy.py
[2024-10-10T18:02:10.594+0000] {processor.py:743} INFO - Processing file /opt/airflow/dags/dummy.py for tasks to queue
[2024-10-10T18:02:10.595+0000] {logging_mixin.py:137} INFO - [2024-10-10T18:02:10.594+0000] {dagbag.py:538} INFO - Filling up the DagBag from /opt/airflow/dags/dummy.py
[2024-10-10T18:02:10.607+0000] {processor.py:753} INFO - DAG(s) dict_keys(['dummy']) retrieved from /opt/airflow/dags/dummy.py
[2024-10-10T18:02:10.630+0000] {logging_mixin.py:137} INFO - [2024-10-10T18:02:10.630+0000] {dag.py:2690} INFO - Sync 1 DAGs
[2024-10-10T18:02:10.653+0000] {logging_mixin.py:137} INFO - [2024-10-10T18:02:10.653+0000] {dag.py:3441} INFO - Setting next_dagrun for dummy to None, run_after=None
[2024-10-10T18:02:10.674+0000] {processor.py:175} INFO - Processing /opt/airflow/dags/dummy.py took 0.086 seconds
[2024-10-10T18:02:16.519+0000] {processor.py:153} INFO - Started process (PID=665) to work on /opt/airflow/dags/dummy.py
[2024-10-10T18:02:16.520+0000] {processor.py:743} INFO - Processing file /opt/airflow/dags/dummy.py for tasks to queue
[2024-10-10T18:02:16.520+0000] {logging_mixin.py:137} INFO - [2024-10-10T18:02:16.520+0000] {dagbag.py:538} INFO - Filling up the DagBag from /opt/airflow/dags/dummy.py
[2024-10-10T18:02:16.537+0000] {processor.py:753} INFO - DAG(s) dict_keys(['dummy']) retrieved from /opt/airflow/dags/dummy.py
[2024-10-10T18:02:16.560+0000] {logging_mixin.py:137} INFO - [2024-10-10T18:02:16.560+0000] {dag.py:2690} INFO - Sync 1 DAGs
[2024-10-10T18:02:16.582+0000] {logging_mixin.py:137} INFO - [2024-10-10T18:02:16.582+0000] {dag.py:3441} INFO - Setting next_dagrun for dummy to None, run_after=None
[2024-10-10T18:02:16.602+0000] {processor.py:175} INFO - Processing /opt/airflow/dags/dummy.py took 0.090 seconds
[2024-10-10T18:02:22.373+0000] {processor.py:153} INFO - Started process (PID=681) to work on /opt/airflow/dags/dummy.py
[2024-10-10T18:02:22.374+0000] {processor.py:743} INFO - Processing file /opt/airflow/dags/dummy.py for tasks to queue
[2024-10-10T18:02:22.374+0000] {logging_mixin.py:137} INFO - [2024-10-10T18:02:22.374+0000] {dagbag.py:538} INFO - Filling up the DagBag from /opt/airflow/dags/dummy.py
[2024-10-10T18:02:22.387+0000] {processor.py:753} INFO - DAG(s) dict_keys(['dummy']) retrieved from /opt/airflow/dags/dummy.py
[2024-10-10T18:02:22.407+0000] {logging_mixin.py:137} INFO - [2024-10-10T18:02:22.407+0000] {dag.py:2690} INFO - Sync 1 DAGs
[2024-10-10T18:02:22.433+0000] {logging_mixin.py:137} INFO - [2024-10-10T18:02:22.433+0000] {dag.py:3441} INFO - Setting next_dagrun for dummy to None, run_after=None
[2024-10-10T18:02:22.450+0000] {processor.py:175} INFO - Processing /opt/airflow/dags/dummy.py took 0.079 seconds
[2024-10-10T18:02:28.327+0000] {processor.py:153} INFO - Started process (PID=717) to work on /opt/airflow/dags/dummy.py
[2024-10-10T18:02:28.328+0000] {processor.py:743} INFO - Processing file /opt/airflow/dags/dummy.py for tasks to queue
[2024-10-10T18:02:28.329+0000] {logging_mixin.py:137} INFO - [2024-10-10T18:02:28.329+0000] {dagbag.py:538} INFO - Filling up the DagBag from /opt/airflow/dags/dummy.py
[2024-10-10T18:02:28.343+0000] {processor.py:753} INFO - DAG(s) dict_keys(['dummy']) retrieved from /opt/airflow/dags/dummy.py
[2024-10-10T18:02:28.372+0000] {logging_mixin.py:137} INFO - [2024-10-10T18:02:28.371+0000] {dag.py:2690} INFO - Sync 1 DAGs
[2024-10-10T18:02:28.387+0000] {logging_mixin.py:137} INFO - [2024-10-10T18:02:28.387+0000] {dag.py:3441} INFO - Setting next_dagrun for dummy to None, run_after=None
[2024-10-10T18:02:28.404+0000] {processor.py:175} INFO - Processing /opt/airflow/dags/dummy.py took 0.083 seconds
