[2024-10-10T17:58:50.365+0000] {processor.py:153} INFO - Started process (PID=43) to work on /opt/airflow/dags/email.py
[2024-10-10T17:58:50.366+0000] {processor.py:743} INFO - Processing file /opt/airflow/dags/email.py for tasks to queue
[2024-10-10T17:58:50.367+0000] {logging_mixin.py:137} INFO - [2024-10-10T17:58:50.367+0000] {dagbag.py:538} INFO - Filling up the DagBag from /opt/airflow/dags/email.py
[2024-10-10T17:58:50.397+0000] {processor.py:753} INFO - DAG(s) dict_keys(['emailtest']) retrieved from /opt/airflow/dags/email.py
[2024-10-10T17:58:50.478+0000] {logging_mixin.py:137} INFO - [2024-10-10T17:58:50.478+0000] {dag.py:2690} INFO - Sync 1 DAGs
[2024-10-10T17:58:50.509+0000] {logging_mixin.py:137} INFO - [2024-10-10T17:58:50.509+0000] {dag.py:3441} INFO - Setting next_dagrun for emailtest to None, run_after=None
[2024-10-10T17:58:50.534+0000] {processor.py:175} INFO - Processing /opt/airflow/dags/email.py took 0.173 seconds
[2024-10-10T17:58:55.630+0000] {processor.py:153} INFO - Started process (PID=79) to work on /opt/airflow/dags/email.py
[2024-10-10T17:58:55.631+0000] {processor.py:743} INFO - Processing file /opt/airflow/dags/email.py for tasks to queue
[2024-10-10T17:58:55.631+0000] {logging_mixin.py:137} INFO - [2024-10-10T17:58:55.631+0000] {dagbag.py:538} INFO - Filling up the DagBag from /opt/airflow/dags/email.py
[2024-10-10T17:58:55.643+0000] {processor.py:753} INFO - DAG(s) dict_keys(['emailtest']) retrieved from /opt/airflow/dags/email.py
[2024-10-10T17:58:55.655+0000] {logging_mixin.py:137} INFO - [2024-10-10T17:58:55.654+0000] {dag.py:2690} INFO - Sync 1 DAGs
[2024-10-10T17:58:55.678+0000] {logging_mixin.py:137} INFO - [2024-10-10T17:58:55.678+0000] {dag.py:3441} INFO - Setting next_dagrun for emailtest to None, run_after=None
[2024-10-10T17:58:55.699+0000] {processor.py:175} INFO - Processing /opt/airflow/dags/email.py took 0.070 seconds
[2024-10-10T17:59:01.540+0000] {processor.py:153} INFO - Started process (PID=95) to work on /opt/airflow/dags/email.py
[2024-10-10T17:59:01.540+0000] {processor.py:743} INFO - Processing file /opt/airflow/dags/email.py for tasks to queue
[2024-10-10T17:59:01.541+0000] {logging_mixin.py:137} INFO - [2024-10-10T17:59:01.541+0000] {dagbag.py:538} INFO - Filling up the DagBag from /opt/airflow/dags/email.py
[2024-10-10T17:59:01.553+0000] {processor.py:753} INFO - DAG(s) dict_keys(['emailtest']) retrieved from /opt/airflow/dags/email.py
[2024-10-10T17:59:01.566+0000] {logging_mixin.py:137} INFO - [2024-10-10T17:59:01.566+0000] {dag.py:2690} INFO - Sync 1 DAGs
[2024-10-10T17:59:01.589+0000] {logging_mixin.py:137} INFO - [2024-10-10T17:59:01.588+0000] {dag.py:3441} INFO - Setting next_dagrun for emailtest to None, run_after=None
[2024-10-10T17:59:01.612+0000] {processor.py:175} INFO - Processing /opt/airflow/dags/email.py took 0.074 seconds
[2024-10-10T17:59:07.254+0000] {processor.py:153} INFO - Started process (PID=131) to work on /opt/airflow/dags/email.py
[2024-10-10T17:59:07.255+0000] {processor.py:743} INFO - Processing file /opt/airflow/dags/email.py for tasks to queue
[2024-10-10T17:59:07.255+0000] {logging_mixin.py:137} INFO - [2024-10-10T17:59:07.255+0000] {dagbag.py:538} INFO - Filling up the DagBag from /opt/airflow/dags/email.py
[2024-10-10T17:59:07.268+0000] {processor.py:753} INFO - DAG(s) dict_keys(['emailtest']) retrieved from /opt/airflow/dags/email.py
[2024-10-10T17:59:07.279+0000] {logging_mixin.py:137} INFO - [2024-10-10T17:59:07.279+0000] {dag.py:2690} INFO - Sync 1 DAGs
[2024-10-10T17:59:07.305+0000] {logging_mixin.py:137} INFO - [2024-10-10T17:59:07.305+0000] {dag.py:3441} INFO - Setting next_dagrun for emailtest to None, run_after=None
[2024-10-10T17:59:07.329+0000] {processor.py:175} INFO - Processing /opt/airflow/dags/email.py took 0.077 seconds
[2024-10-10T18:00:00.644+0000] {processor.py:153} INFO - Started process (PID=43) to work on /opt/airflow/dags/email.py
[2024-10-10T18:00:00.644+0000] {processor.py:743} INFO - Processing file /opt/airflow/dags/email.py for tasks to queue
[2024-10-10T18:00:00.645+0000] {logging_mixin.py:137} INFO - [2024-10-10T18:00:00.645+0000] {dagbag.py:538} INFO - Filling up the DagBag from /opt/airflow/dags/email.py
[2024-10-10T18:00:00.658+0000] {processor.py:753} INFO - DAG(s) dict_keys(['emailtest']) retrieved from /opt/airflow/dags/email.py
[2024-10-10T18:00:00.707+0000] {logging_mixin.py:137} INFO - [2024-10-10T18:00:00.707+0000] {dag.py:2690} INFO - Sync 1 DAGs
[2024-10-10T18:00:00.733+0000] {logging_mixin.py:137} INFO - [2024-10-10T18:00:00.733+0000] {dag.py:3441} INFO - Setting next_dagrun for emailtest to None, run_after=None
[2024-10-10T18:00:00.756+0000] {processor.py:175} INFO - Processing /opt/airflow/dags/email.py took 0.116 seconds
[2024-10-10T18:00:06.146+0000] {processor.py:153} INFO - Started process (PID=68) to work on /opt/airflow/dags/email.py
[2024-10-10T18:00:06.147+0000] {processor.py:743} INFO - Processing file /opt/airflow/dags/email.py for tasks to queue
[2024-10-10T18:00:06.148+0000] {logging_mixin.py:137} INFO - [2024-10-10T18:00:06.147+0000] {dagbag.py:538} INFO - Filling up the DagBag from /opt/airflow/dags/email.py
[2024-10-10T18:00:06.171+0000] {processor.py:753} INFO - DAG(s) dict_keys(['emailtest']) retrieved from /opt/airflow/dags/email.py
[2024-10-10T18:00:06.185+0000] {logging_mixin.py:137} INFO - [2024-10-10T18:00:06.185+0000] {dag.py:2690} INFO - Sync 1 DAGs
[2024-10-10T18:00:06.214+0000] {logging_mixin.py:137} INFO - [2024-10-10T18:00:06.214+0000] {dag.py:3441} INFO - Setting next_dagrun for emailtest to None, run_after=None
[2024-10-10T18:00:06.236+0000] {processor.py:175} INFO - Processing /opt/airflow/dags/email.py took 0.094 seconds
[2024-10-10T18:00:11.339+0000] {processor.py:153} INFO - Started process (PID=95) to work on /opt/airflow/dags/email.py
[2024-10-10T18:00:11.340+0000] {processor.py:743} INFO - Processing file /opt/airflow/dags/email.py for tasks to queue
[2024-10-10T18:00:11.341+0000] {logging_mixin.py:137} INFO - [2024-10-10T18:00:11.340+0000] {dagbag.py:538} INFO - Filling up the DagBag from /opt/airflow/dags/email.py
[2024-10-10T18:00:11.360+0000] {processor.py:753} INFO - DAG(s) dict_keys(['emailtest']) retrieved from /opt/airflow/dags/email.py
[2024-10-10T18:00:11.373+0000] {logging_mixin.py:137} INFO - [2024-10-10T18:00:11.373+0000] {dag.py:2690} INFO - Sync 1 DAGs
[2024-10-10T18:00:11.401+0000] {logging_mixin.py:137} INFO - [2024-10-10T18:00:11.401+0000] {dag.py:3441} INFO - Setting next_dagrun for emailtest to None, run_after=None
[2024-10-10T18:00:11.424+0000] {processor.py:175} INFO - Processing /opt/airflow/dags/email.py took 0.089 seconds
[2024-10-10T18:00:16.501+0000] {processor.py:153} INFO - Started process (PID=111) to work on /opt/airflow/dags/email.py
[2024-10-10T18:00:16.502+0000] {processor.py:743} INFO - Processing file /opt/airflow/dags/email.py for tasks to queue
[2024-10-10T18:00:16.503+0000] {logging_mixin.py:137} INFO - [2024-10-10T18:00:16.502+0000] {dagbag.py:538} INFO - Filling up the DagBag from /opt/airflow/dags/email.py
[2024-10-10T18:00:16.517+0000] {processor.py:753} INFO - DAG(s) dict_keys(['emailtest']) retrieved from /opt/airflow/dags/email.py
[2024-10-10T18:00:16.526+0000] {logging_mixin.py:137} INFO - [2024-10-10T18:00:16.526+0000] {dag.py:2690} INFO - Sync 1 DAGs
[2024-10-10T18:00:16.546+0000] {logging_mixin.py:137} INFO - [2024-10-10T18:00:16.546+0000] {dag.py:3441} INFO - Setting next_dagrun for emailtest to None, run_after=None
[2024-10-10T18:00:16.566+0000] {processor.py:175} INFO - Processing /opt/airflow/dags/email.py took 0.068 seconds
[2024-10-10T18:00:21.607+0000] {processor.py:153} INFO - Started process (PID=147) to work on /opt/airflow/dags/email.py
[2024-10-10T18:00:21.608+0000] {processor.py:743} INFO - Processing file /opt/airflow/dags/email.py for tasks to queue
[2024-10-10T18:00:21.609+0000] {logging_mixin.py:137} INFO - [2024-10-10T18:00:21.609+0000] {dagbag.py:538} INFO - Filling up the DagBag from /opt/airflow/dags/email.py
[2024-10-10T18:00:21.624+0000] {processor.py:753} INFO - DAG(s) dict_keys(['emailtest']) retrieved from /opt/airflow/dags/email.py
[2024-10-10T18:00:21.638+0000] {logging_mixin.py:137} INFO - [2024-10-10T18:00:21.638+0000] {dag.py:2690} INFO - Sync 1 DAGs
[2024-10-10T18:00:21.673+0000] {logging_mixin.py:137} INFO - [2024-10-10T18:00:21.673+0000] {dag.py:3441} INFO - Setting next_dagrun for emailtest to None, run_after=None
[2024-10-10T18:00:21.687+0000] {processor.py:175} INFO - Processing /opt/airflow/dags/email.py took 0.083 seconds
[2024-10-10T18:00:27.480+0000] {processor.py:153} INFO - Started process (PID=163) to work on /opt/airflow/dags/email.py
[2024-10-10T18:00:27.481+0000] {processor.py:743} INFO - Processing file /opt/airflow/dags/email.py for tasks to queue
[2024-10-10T18:00:27.481+0000] {logging_mixin.py:137} INFO - [2024-10-10T18:00:27.481+0000] {dagbag.py:538} INFO - Filling up the DagBag from /opt/airflow/dags/email.py
[2024-10-10T18:00:27.493+0000] {processor.py:753} INFO - DAG(s) dict_keys(['emailtest']) retrieved from /opt/airflow/dags/email.py
[2024-10-10T18:00:27.506+0000] {logging_mixin.py:137} INFO - [2024-10-10T18:00:27.506+0000] {dag.py:2690} INFO - Sync 1 DAGs
[2024-10-10T18:00:27.537+0000] {logging_mixin.py:137} INFO - [2024-10-10T18:00:27.536+0000] {dag.py:3441} INFO - Setting next_dagrun for emailtest to None, run_after=None
[2024-10-10T18:00:27.556+0000] {processor.py:175} INFO - Processing /opt/airflow/dags/email.py took 0.077 seconds
[2024-10-10T18:00:33.305+0000] {processor.py:153} INFO - Started process (PID=199) to work on /opt/airflow/dags/email.py
[2024-10-10T18:00:33.306+0000] {processor.py:743} INFO - Processing file /opt/airflow/dags/email.py for tasks to queue
[2024-10-10T18:00:33.307+0000] {logging_mixin.py:137} INFO - [2024-10-10T18:00:33.307+0000] {dagbag.py:538} INFO - Filling up the DagBag from /opt/airflow/dags/email.py
[2024-10-10T18:00:33.320+0000] {processor.py:753} INFO - DAG(s) dict_keys(['emailtest']) retrieved from /opt/airflow/dags/email.py
[2024-10-10T18:00:33.343+0000] {logging_mixin.py:137} INFO - [2024-10-10T18:00:33.342+0000] {dag.py:2690} INFO - Sync 1 DAGs
[2024-10-10T18:00:33.365+0000] {logging_mixin.py:137} INFO - [2024-10-10T18:00:33.365+0000] {dag.py:3441} INFO - Setting next_dagrun for emailtest to None, run_after=None
[2024-10-10T18:00:33.386+0000] {processor.py:175} INFO - Processing /opt/airflow/dags/email.py took 0.084 seconds
[2024-10-10T18:00:39.179+0000] {processor.py:153} INFO - Started process (PID=215) to work on /opt/airflow/dags/email.py
[2024-10-10T18:00:39.180+0000] {processor.py:743} INFO - Processing file /opt/airflow/dags/email.py for tasks to queue
[2024-10-10T18:00:39.181+0000] {logging_mixin.py:137} INFO - [2024-10-10T18:00:39.181+0000] {dagbag.py:538} INFO - Filling up the DagBag from /opt/airflow/dags/email.py
[2024-10-10T18:00:39.201+0000] {processor.py:753} INFO - DAG(s) dict_keys(['emailtest']) retrieved from /opt/airflow/dags/email.py
[2024-10-10T18:00:39.230+0000] {logging_mixin.py:137} INFO - [2024-10-10T18:00:39.230+0000] {dag.py:2690} INFO - Sync 1 DAGs
[2024-10-10T18:00:39.252+0000] {logging_mixin.py:137} INFO - [2024-10-10T18:00:39.252+0000] {dag.py:3441} INFO - Setting next_dagrun for emailtest to None, run_after=None
[2024-10-10T18:00:39.265+0000] {processor.py:175} INFO - Processing /opt/airflow/dags/email.py took 0.089 seconds
[2024-10-10T18:00:44.355+0000] {processor.py:153} INFO - Started process (PID=250) to work on /opt/airflow/dags/email.py
[2024-10-10T18:00:44.356+0000] {processor.py:743} INFO - Processing file /opt/airflow/dags/email.py for tasks to queue
[2024-10-10T18:00:44.356+0000] {logging_mixin.py:137} INFO - [2024-10-10T18:00:44.356+0000] {dagbag.py:538} INFO - Filling up the DagBag from /opt/airflow/dags/email.py
[2024-10-10T18:00:44.372+0000] {processor.py:753} INFO - DAG(s) dict_keys(['emailtest']) retrieved from /opt/airflow/dags/email.py
[2024-10-10T18:00:44.399+0000] {logging_mixin.py:137} INFO - [2024-10-10T18:00:44.399+0000] {dag.py:2690} INFO - Sync 1 DAGs
[2024-10-10T18:00:44.415+0000] {logging_mixin.py:137} INFO - [2024-10-10T18:00:44.415+0000] {dag.py:3441} INFO - Setting next_dagrun for emailtest to None, run_after=None
[2024-10-10T18:00:44.426+0000] {processor.py:175} INFO - Processing /opt/airflow/dags/email.py took 0.074 seconds
[2024-10-10T18:00:49.502+0000] {processor.py:153} INFO - Started process (PID=266) to work on /opt/airflow/dags/email.py
[2024-10-10T18:00:49.503+0000] {processor.py:743} INFO - Processing file /opt/airflow/dags/email.py for tasks to queue
[2024-10-10T18:00:49.503+0000] {logging_mixin.py:137} INFO - [2024-10-10T18:00:49.503+0000] {dagbag.py:538} INFO - Filling up the DagBag from /opt/airflow/dags/email.py
[2024-10-10T18:00:49.518+0000] {processor.py:753} INFO - DAG(s) dict_keys(['emailtest']) retrieved from /opt/airflow/dags/email.py
[2024-10-10T18:00:49.542+0000] {logging_mixin.py:137} INFO - [2024-10-10T18:00:49.542+0000] {dag.py:2690} INFO - Sync 1 DAGs
[2024-10-10T18:00:49.559+0000] {logging_mixin.py:137} INFO - [2024-10-10T18:00:49.559+0000] {dag.py:3441} INFO - Setting next_dagrun for emailtest to None, run_after=None
[2024-10-10T18:00:49.572+0000] {processor.py:175} INFO - Processing /opt/airflow/dags/email.py took 0.073 seconds
[2024-10-10T18:00:54.694+0000] {processor.py:153} INFO - Started process (PID=302) to work on /opt/airflow/dags/email.py
[2024-10-10T18:00:54.694+0000] {processor.py:743} INFO - Processing file /opt/airflow/dags/email.py for tasks to queue
[2024-10-10T18:00:54.695+0000] {logging_mixin.py:137} INFO - [2024-10-10T18:00:54.695+0000] {dagbag.py:538} INFO - Filling up the DagBag from /opt/airflow/dags/email.py
[2024-10-10T18:00:54.711+0000] {processor.py:753} INFO - DAG(s) dict_keys(['emailtest']) retrieved from /opt/airflow/dags/email.py
[2024-10-10T18:00:54.736+0000] {logging_mixin.py:137} INFO - [2024-10-10T18:00:54.736+0000] {dag.py:2690} INFO - Sync 1 DAGs
[2024-10-10T18:00:54.763+0000] {logging_mixin.py:137} INFO - [2024-10-10T18:00:54.763+0000] {dag.py:3441} INFO - Setting next_dagrun for emailtest to None, run_after=None
[2024-10-10T18:00:54.783+0000] {processor.py:175} INFO - Processing /opt/airflow/dags/email.py took 0.091 seconds
[2024-10-10T18:00:59.847+0000] {processor.py:153} INFO - Started process (PID=318) to work on /opt/airflow/dags/email.py
[2024-10-10T18:00:59.848+0000] {processor.py:743} INFO - Processing file /opt/airflow/dags/email.py for tasks to queue
[2024-10-10T18:00:59.849+0000] {logging_mixin.py:137} INFO - [2024-10-10T18:00:59.849+0000] {dagbag.py:538} INFO - Filling up the DagBag from /opt/airflow/dags/email.py
[2024-10-10T18:00:59.860+0000] {processor.py:753} INFO - DAG(s) dict_keys(['emailtest']) retrieved from /opt/airflow/dags/email.py
[2024-10-10T18:00:59.886+0000] {logging_mixin.py:137} INFO - [2024-10-10T18:00:59.886+0000] {dag.py:2690} INFO - Sync 1 DAGs
[2024-10-10T18:00:59.911+0000] {logging_mixin.py:137} INFO - [2024-10-10T18:00:59.911+0000] {dag.py:3441} INFO - Setting next_dagrun for emailtest to None, run_after=None
[2024-10-10T18:00:59.932+0000] {processor.py:175} INFO - Processing /opt/airflow/dags/email.py took 0.089 seconds
[2024-10-10T18:01:05.883+0000] {processor.py:153} INFO - Started process (PID=354) to work on /opt/airflow/dags/email.py
[2024-10-10T18:01:05.884+0000] {processor.py:743} INFO - Processing file /opt/airflow/dags/email.py for tasks to queue
[2024-10-10T18:01:05.884+0000] {logging_mixin.py:137} INFO - [2024-10-10T18:01:05.884+0000] {dagbag.py:538} INFO - Filling up the DagBag from /opt/airflow/dags/email.py
[2024-10-10T18:01:05.908+0000] {processor.py:753} INFO - DAG(s) dict_keys(['emailtest']) retrieved from /opt/airflow/dags/email.py
[2024-10-10T18:01:05.939+0000] {logging_mixin.py:137} INFO - [2024-10-10T18:01:05.938+0000] {dag.py:2690} INFO - Sync 1 DAGs
[2024-10-10T18:01:05.966+0000] {logging_mixin.py:137} INFO - [2024-10-10T18:01:05.966+0000] {dag.py:3441} INFO - Setting next_dagrun for emailtest to None, run_after=None
[2024-10-10T18:01:05.991+0000] {processor.py:175} INFO - Processing /opt/airflow/dags/email.py took 0.112 seconds
[2024-10-10T18:01:11.730+0000] {processor.py:153} INFO - Started process (PID=370) to work on /opt/airflow/dags/email.py
[2024-10-10T18:01:11.730+0000] {processor.py:743} INFO - Processing file /opt/airflow/dags/email.py for tasks to queue
[2024-10-10T18:01:11.731+0000] {logging_mixin.py:137} INFO - [2024-10-10T18:01:11.730+0000] {dagbag.py:538} INFO - Filling up the DagBag from /opt/airflow/dags/email.py
[2024-10-10T18:01:11.745+0000] {processor.py:753} INFO - DAG(s) dict_keys(['emailtest']) retrieved from /opt/airflow/dags/email.py
[2024-10-10T18:01:11.775+0000] {logging_mixin.py:137} INFO - [2024-10-10T18:01:11.775+0000] {dag.py:2690} INFO - Sync 1 DAGs
[2024-10-10T18:01:11.803+0000] {logging_mixin.py:137} INFO - [2024-10-10T18:01:11.803+0000] {dag.py:3441} INFO - Setting next_dagrun for emailtest to None, run_after=None
[2024-10-10T18:01:11.828+0000] {processor.py:175} INFO - Processing /opt/airflow/dags/email.py took 0.101 seconds
[2024-10-10T18:01:17.749+0000] {processor.py:153} INFO - Started process (PID=406) to work on /opt/airflow/dags/email.py
[2024-10-10T18:01:17.750+0000] {processor.py:743} INFO - Processing file /opt/airflow/dags/email.py for tasks to queue
[2024-10-10T18:01:17.751+0000] {logging_mixin.py:137} INFO - [2024-10-10T18:01:17.751+0000] {dagbag.py:538} INFO - Filling up the DagBag from /opt/airflow/dags/email.py
[2024-10-10T18:01:17.764+0000] {processor.py:753} INFO - DAG(s) dict_keys(['emailtest']) retrieved from /opt/airflow/dags/email.py
[2024-10-10T18:01:17.788+0000] {logging_mixin.py:137} INFO - [2024-10-10T18:01:17.788+0000] {dag.py:2690} INFO - Sync 1 DAGs
[2024-10-10T18:01:17.812+0000] {logging_mixin.py:137} INFO - [2024-10-10T18:01:17.811+0000] {dag.py:3441} INFO - Setting next_dagrun for emailtest to None, run_after=None
[2024-10-10T18:01:17.830+0000] {processor.py:175} INFO - Processing /opt/airflow/dags/email.py took 0.085 seconds
[2024-10-10T18:01:23.599+0000] {processor.py:153} INFO - Started process (PID=422) to work on /opt/airflow/dags/email.py
[2024-10-10T18:01:23.600+0000] {processor.py:743} INFO - Processing file /opt/airflow/dags/email.py for tasks to queue
[2024-10-10T18:01:23.600+0000] {logging_mixin.py:137} INFO - [2024-10-10T18:01:23.600+0000] {dagbag.py:538} INFO - Filling up the DagBag from /opt/airflow/dags/email.py
[2024-10-10T18:01:23.613+0000] {processor.py:753} INFO - DAG(s) dict_keys(['emailtest']) retrieved from /opt/airflow/dags/email.py
[2024-10-10T18:01:23.638+0000] {logging_mixin.py:137} INFO - [2024-10-10T18:01:23.638+0000] {dag.py:2690} INFO - Sync 1 DAGs
[2024-10-10T18:01:23.668+0000] {logging_mixin.py:137} INFO - [2024-10-10T18:01:23.668+0000] {dag.py:3441} INFO - Setting next_dagrun for emailtest to None, run_after=None
[2024-10-10T18:01:23.689+0000] {processor.py:175} INFO - Processing /opt/airflow/dags/email.py took 0.092 seconds
[2024-10-10T18:01:29.488+0000] {processor.py:153} INFO - Started process (PID=458) to work on /opt/airflow/dags/email.py
[2024-10-10T18:01:29.489+0000] {processor.py:743} INFO - Processing file /opt/airflow/dags/email.py for tasks to queue
[2024-10-10T18:01:29.489+0000] {logging_mixin.py:137} INFO - [2024-10-10T18:01:29.489+0000] {dagbag.py:538} INFO - Filling up the DagBag from /opt/airflow/dags/email.py
[2024-10-10T18:01:29.501+0000] {processor.py:753} INFO - DAG(s) dict_keys(['emailtest']) retrieved from /opt/airflow/dags/email.py
[2024-10-10T18:01:29.522+0000] {logging_mixin.py:137} INFO - [2024-10-10T18:01:29.522+0000] {dag.py:2690} INFO - Sync 1 DAGs
[2024-10-10T18:01:29.549+0000] {logging_mixin.py:137} INFO - [2024-10-10T18:01:29.549+0000] {dag.py:3441} INFO - Setting next_dagrun for emailtest to None, run_after=None
[2024-10-10T18:01:29.568+0000] {processor.py:175} INFO - Processing /opt/airflow/dags/email.py took 0.083 seconds
[2024-10-10T18:01:35.294+0000] {processor.py:153} INFO - Started process (PID=474) to work on /opt/airflow/dags/email.py
[2024-10-10T18:01:35.295+0000] {processor.py:743} INFO - Processing file /opt/airflow/dags/email.py for tasks to queue
[2024-10-10T18:01:35.295+0000] {logging_mixin.py:137} INFO - [2024-10-10T18:01:35.295+0000] {dagbag.py:538} INFO - Filling up the DagBag from /opt/airflow/dags/email.py
[2024-10-10T18:01:35.315+0000] {processor.py:753} INFO - DAG(s) dict_keys(['emailtest']) retrieved from /opt/airflow/dags/email.py
[2024-10-10T18:01:35.341+0000] {logging_mixin.py:137} INFO - [2024-10-10T18:01:35.341+0000] {dag.py:2690} INFO - Sync 1 DAGs
[2024-10-10T18:01:35.368+0000] {logging_mixin.py:137} INFO - [2024-10-10T18:01:35.368+0000] {dag.py:3441} INFO - Setting next_dagrun for emailtest to None, run_after=None
[2024-10-10T18:01:35.389+0000] {processor.py:175} INFO - Processing /opt/airflow/dags/email.py took 0.098 seconds
[2024-10-10T18:01:41.175+0000] {processor.py:153} INFO - Started process (PID=510) to work on /opt/airflow/dags/email.py
[2024-10-10T18:01:41.176+0000] {processor.py:743} INFO - Processing file /opt/airflow/dags/email.py for tasks to queue
[2024-10-10T18:01:41.177+0000] {logging_mixin.py:137} INFO - [2024-10-10T18:01:41.176+0000] {dagbag.py:538} INFO - Filling up the DagBag from /opt/airflow/dags/email.py
[2024-10-10T18:01:41.189+0000] {processor.py:753} INFO - DAG(s) dict_keys(['emailtest']) retrieved from /opt/airflow/dags/email.py
[2024-10-10T18:01:41.214+0000] {logging_mixin.py:137} INFO - [2024-10-10T18:01:41.214+0000] {dag.py:2690} INFO - Sync 1 DAGs
[2024-10-10T18:01:41.238+0000] {logging_mixin.py:137} INFO - [2024-10-10T18:01:41.238+0000] {dag.py:3441} INFO - Setting next_dagrun for emailtest to None, run_after=None
[2024-10-10T18:01:41.252+0000] {processor.py:175} INFO - Processing /opt/airflow/dags/email.py took 0.080 seconds
[2024-10-10T18:01:46.994+0000] {processor.py:153} INFO - Started process (PID=526) to work on /opt/airflow/dags/email.py
[2024-10-10T18:01:46.995+0000] {processor.py:743} INFO - Processing file /opt/airflow/dags/email.py for tasks to queue
[2024-10-10T18:01:46.996+0000] {logging_mixin.py:137} INFO - [2024-10-10T18:01:46.996+0000] {dagbag.py:538} INFO - Filling up the DagBag from /opt/airflow/dags/email.py
[2024-10-10T18:01:47.012+0000] {processor.py:753} INFO - DAG(s) dict_keys(['emailtest']) retrieved from /opt/airflow/dags/email.py
[2024-10-10T18:01:47.039+0000] {logging_mixin.py:137} INFO - [2024-10-10T18:01:47.039+0000] {dag.py:2690} INFO - Sync 1 DAGs
[2024-10-10T18:01:47.066+0000] {logging_mixin.py:137} INFO - [2024-10-10T18:01:47.066+0000] {dag.py:3441} INFO - Setting next_dagrun for emailtest to None, run_after=None
[2024-10-10T18:01:47.081+0000] {processor.py:175} INFO - Processing /opt/airflow/dags/email.py took 0.091 seconds
[2024-10-10T18:01:52.917+0000] {processor.py:153} INFO - Started process (PID=562) to work on /opt/airflow/dags/email.py
[2024-10-10T18:01:52.918+0000] {processor.py:743} INFO - Processing file /opt/airflow/dags/email.py for tasks to queue
[2024-10-10T18:01:52.919+0000] {logging_mixin.py:137} INFO - [2024-10-10T18:01:52.918+0000] {dagbag.py:538} INFO - Filling up the DagBag from /opt/airflow/dags/email.py
[2024-10-10T18:01:52.933+0000] {processor.py:753} INFO - DAG(s) dict_keys(['emailtest']) retrieved from /opt/airflow/dags/email.py
[2024-10-10T18:01:52.955+0000] {logging_mixin.py:137} INFO - [2024-10-10T18:01:52.955+0000] {dag.py:2690} INFO - Sync 1 DAGs
[2024-10-10T18:01:52.973+0000] {logging_mixin.py:137} INFO - [2024-10-10T18:01:52.973+0000] {dag.py:3441} INFO - Setting next_dagrun for emailtest to None, run_after=None
[2024-10-10T18:01:52.994+0000] {processor.py:175} INFO - Processing /opt/airflow/dags/email.py took 0.079 seconds
[2024-10-10T18:01:58.756+0000] {processor.py:153} INFO - Started process (PID=578) to work on /opt/airflow/dags/email.py
[2024-10-10T18:01:58.757+0000] {processor.py:743} INFO - Processing file /opt/airflow/dags/email.py for tasks to queue
[2024-10-10T18:01:58.757+0000] {logging_mixin.py:137} INFO - [2024-10-10T18:01:58.757+0000] {dagbag.py:538} INFO - Filling up the DagBag from /opt/airflow/dags/email.py
[2024-10-10T18:01:58.778+0000] {processor.py:753} INFO - DAG(s) dict_keys(['emailtest']) retrieved from /opt/airflow/dags/email.py
[2024-10-10T18:01:58.804+0000] {logging_mixin.py:137} INFO - [2024-10-10T18:01:58.804+0000] {dag.py:2690} INFO - Sync 1 DAGs
[2024-10-10T18:01:58.824+0000] {logging_mixin.py:137} INFO - [2024-10-10T18:01:58.824+0000] {dag.py:3441} INFO - Setting next_dagrun for emailtest to None, run_after=None
[2024-10-10T18:01:58.845+0000] {processor.py:175} INFO - Processing /opt/airflow/dags/email.py took 0.092 seconds
[2024-10-10T18:02:04.703+0000] {processor.py:153} INFO - Started process (PID=614) to work on /opt/airflow/dags/email.py
[2024-10-10T18:02:04.704+0000] {processor.py:743} INFO - Processing file /opt/airflow/dags/email.py for tasks to queue
[2024-10-10T18:02:04.705+0000] {logging_mixin.py:137} INFO - [2024-10-10T18:02:04.704+0000] {dagbag.py:538} INFO - Filling up the DagBag from /opt/airflow/dags/email.py
[2024-10-10T18:02:04.718+0000] {processor.py:753} INFO - DAG(s) dict_keys(['emailtest']) retrieved from /opt/airflow/dags/email.py
[2024-10-10T18:02:04.736+0000] {logging_mixin.py:137} INFO - [2024-10-10T18:02:04.736+0000] {dag.py:2690} INFO - Sync 1 DAGs
[2024-10-10T18:02:04.752+0000] {logging_mixin.py:137} INFO - [2024-10-10T18:02:04.752+0000] {dag.py:3441} INFO - Setting next_dagrun for emailtest to None, run_after=None
[2024-10-10T18:02:04.765+0000] {processor.py:175} INFO - Processing /opt/airflow/dags/email.py took 0.066 seconds
[2024-10-10T18:02:10.691+0000] {processor.py:153} INFO - Started process (PID=630) to work on /opt/airflow/dags/email.py
[2024-10-10T18:02:10.692+0000] {processor.py:743} INFO - Processing file /opt/airflow/dags/email.py for tasks to queue
[2024-10-10T18:02:10.692+0000] {logging_mixin.py:137} INFO - [2024-10-10T18:02:10.692+0000] {dagbag.py:538} INFO - Filling up the DagBag from /opt/airflow/dags/email.py
[2024-10-10T18:02:10.707+0000] {processor.py:753} INFO - DAG(s) dict_keys(['emailtest']) retrieved from /opt/airflow/dags/email.py
[2024-10-10T18:02:10.739+0000] {logging_mixin.py:137} INFO - [2024-10-10T18:02:10.739+0000] {dag.py:2690} INFO - Sync 1 DAGs
[2024-10-10T18:02:10.774+0000] {logging_mixin.py:137} INFO - [2024-10-10T18:02:10.774+0000] {dag.py:3441} INFO - Setting next_dagrun for emailtest to None, run_after=None
[2024-10-10T18:02:10.805+0000] {processor.py:175} INFO - Processing /opt/airflow/dags/email.py took 0.118 seconds
[2024-10-10T18:02:16.612+0000] {processor.py:153} INFO - Started process (PID=666) to work on /opt/airflow/dags/email.py
[2024-10-10T18:02:16.613+0000] {processor.py:743} INFO - Processing file /opt/airflow/dags/email.py for tasks to queue
[2024-10-10T18:02:16.613+0000] {logging_mixin.py:137} INFO - [2024-10-10T18:02:16.613+0000] {dagbag.py:538} INFO - Filling up the DagBag from /opt/airflow/dags/email.py
[2024-10-10T18:02:16.627+0000] {processor.py:753} INFO - DAG(s) dict_keys(['emailtest']) retrieved from /opt/airflow/dags/email.py
[2024-10-10T18:02:16.650+0000] {logging_mixin.py:137} INFO - [2024-10-10T18:02:16.650+0000] {dag.py:2690} INFO - Sync 1 DAGs
[2024-10-10T18:02:16.679+0000] {logging_mixin.py:137} INFO - [2024-10-10T18:02:16.679+0000] {dag.py:3441} INFO - Setting next_dagrun for emailtest to None, run_after=None
[2024-10-10T18:02:16.702+0000] {processor.py:175} INFO - Processing /opt/airflow/dags/email.py took 0.092 seconds
[2024-10-10T18:02:22.463+0000] {processor.py:153} INFO - Started process (PID=682) to work on /opt/airflow/dags/email.py
[2024-10-10T18:02:22.464+0000] {processor.py:743} INFO - Processing file /opt/airflow/dags/email.py for tasks to queue
[2024-10-10T18:02:22.464+0000] {logging_mixin.py:137} INFO - [2024-10-10T18:02:22.464+0000] {dagbag.py:538} INFO - Filling up the DagBag from /opt/airflow/dags/email.py
[2024-10-10T18:02:22.479+0000] {processor.py:753} INFO - DAG(s) dict_keys(['emailtest']) retrieved from /opt/airflow/dags/email.py
[2024-10-10T18:02:22.510+0000] {logging_mixin.py:137} INFO - [2024-10-10T18:02:22.509+0000] {dag.py:2690} INFO - Sync 1 DAGs
[2024-10-10T18:02:22.538+0000] {logging_mixin.py:137} INFO - [2024-10-10T18:02:22.538+0000] {dag.py:3441} INFO - Setting next_dagrun for emailtest to None, run_after=None
[2024-10-10T18:02:22.566+0000] {processor.py:175} INFO - Processing /opt/airflow/dags/email.py took 0.105 seconds
[2024-10-10T18:02:28.423+0000] {processor.py:153} INFO - Started process (PID=718) to work on /opt/airflow/dags/email.py
[2024-10-10T18:02:28.424+0000] {processor.py:743} INFO - Processing file /opt/airflow/dags/email.py for tasks to queue
[2024-10-10T18:02:28.425+0000] {logging_mixin.py:137} INFO - [2024-10-10T18:02:28.425+0000] {dagbag.py:538} INFO - Filling up the DagBag from /opt/airflow/dags/email.py
[2024-10-10T18:02:28.435+0000] {processor.py:753} INFO - DAG(s) dict_keys(['emailtest']) retrieved from /opt/airflow/dags/email.py
[2024-10-10T18:02:28.465+0000] {logging_mixin.py:137} INFO - [2024-10-10T18:02:28.465+0000] {dag.py:2690} INFO - Sync 1 DAGs
[2024-10-10T18:02:28.490+0000] {logging_mixin.py:137} INFO - [2024-10-10T18:02:28.490+0000] {dag.py:3441} INFO - Setting next_dagrun for emailtest to None, run_after=None
[2024-10-10T18:02:28.516+0000] {processor.py:175} INFO - Processing /opt/airflow/dags/email.py took 0.096 seconds
