[2024-10-10T17:58:51.459+0000] {processor.py:153} INFO - Started process (PID=56) to work on /opt/airflow/dags/primeiradag.py
[2024-10-10T17:58:51.459+0000] {processor.py:743} INFO - Processing file /opt/airflow/dags/primeiradag.py for tasks to queue
[2024-10-10T17:58:51.460+0000] {logging_mixin.py:137} INFO - [2024-10-10T17:58:51.460+0000] {dagbag.py:538} INFO - Filling up the DagBag from /opt/airflow/dags/primeiradag.py
[2024-10-10T17:58:51.470+0000] {processor.py:753} INFO - DAG(s) dict_keys(['primeira_dag']) retrieved from /opt/airflow/dags/primeiradag.py
[2024-10-10T17:58:51.548+0000] {logging_mixin.py:137} INFO - [2024-10-10T17:58:51.547+0000] {dag.py:2690} INFO - Sync 1 DAGs
[2024-10-10T17:58:51.572+0000] {logging_mixin.py:137} INFO - [2024-10-10T17:58:51.572+0000] {dag.py:3441} INFO - Setting next_dagrun for primeira_dag to None, run_after=None
[2024-10-10T17:58:51.597+0000] {processor.py:175} INFO - Processing /opt/airflow/dags/primeiradag.py took 0.141 seconds
[2024-10-10T17:58:57.417+0000] {processor.py:153} INFO - Started process (PID=92) to work on /opt/airflow/dags/primeiradag.py
[2024-10-10T17:58:57.417+0000] {processor.py:743} INFO - Processing file /opt/airflow/dags/primeiradag.py for tasks to queue
[2024-10-10T17:58:57.418+0000] {logging_mixin.py:137} INFO - [2024-10-10T17:58:57.418+0000] {dagbag.py:538} INFO - Filling up the DagBag from /opt/airflow/dags/primeiradag.py
[2024-10-10T17:58:57.427+0000] {processor.py:753} INFO - DAG(s) dict_keys(['primeira_dag']) retrieved from /opt/airflow/dags/primeiradag.py
[2024-10-10T17:58:57.440+0000] {logging_mixin.py:137} INFO - [2024-10-10T17:58:57.440+0000] {dag.py:2690} INFO - Sync 1 DAGs
[2024-10-10T17:58:57.463+0000] {logging_mixin.py:137} INFO - [2024-10-10T17:58:57.462+0000] {dag.py:3441} INFO - Setting next_dagrun for primeira_dag to None, run_after=None
[2024-10-10T17:58:57.483+0000] {processor.py:175} INFO - Processing /opt/airflow/dags/primeiradag.py took 0.069 seconds
[2024-10-10T17:59:03.098+0000] {processor.py:153} INFO - Started process (PID=108) to work on /opt/airflow/dags/primeiradag.py
[2024-10-10T17:59:03.098+0000] {processor.py:743} INFO - Processing file /opt/airflow/dags/primeiradag.py for tasks to queue
[2024-10-10T17:59:03.099+0000] {logging_mixin.py:137} INFO - [2024-10-10T17:59:03.099+0000] {dagbag.py:538} INFO - Filling up the DagBag from /opt/airflow/dags/primeiradag.py
[2024-10-10T17:59:03.110+0000] {processor.py:753} INFO - DAG(s) dict_keys(['primeira_dag']) retrieved from /opt/airflow/dags/primeiradag.py
[2024-10-10T17:59:03.122+0000] {logging_mixin.py:137} INFO - [2024-10-10T17:59:03.122+0000] {dag.py:2690} INFO - Sync 1 DAGs
[2024-10-10T17:59:03.145+0000] {logging_mixin.py:137} INFO - [2024-10-10T17:59:03.145+0000] {dag.py:3441} INFO - Setting next_dagrun for primeira_dag to None, run_after=None
[2024-10-10T17:59:03.165+0000] {processor.py:175} INFO - Processing /opt/airflow/dags/primeiradag.py took 0.069 seconds
[2024-10-10T18:00:01.972+0000] {processor.py:153} INFO - Started process (PID=56) to work on /opt/airflow/dags/primeiradag.py
[2024-10-10T18:00:01.972+0000] {processor.py:743} INFO - Processing file /opt/airflow/dags/primeiradag.py for tasks to queue
[2024-10-10T18:00:01.975+0000] {logging_mixin.py:137} INFO - [2024-10-10T18:00:01.975+0000] {dagbag.py:538} INFO - Filling up the DagBag from /opt/airflow/dags/primeiradag.py
[2024-10-10T18:00:01.985+0000] {processor.py:753} INFO - DAG(s) dict_keys(['primeira_dag']) retrieved from /opt/airflow/dags/primeiradag.py
[2024-10-10T18:00:02.062+0000] {logging_mixin.py:137} INFO - [2024-10-10T18:00:02.062+0000] {dag.py:2690} INFO - Sync 1 DAGs
[2024-10-10T18:00:02.091+0000] {logging_mixin.py:137} INFO - [2024-10-10T18:00:02.091+0000] {dag.py:3441} INFO - Setting next_dagrun for primeira_dag to None, run_after=None
[2024-10-10T18:00:02.116+0000] {processor.py:175} INFO - Processing /opt/airflow/dags/primeiradag.py took 0.146 seconds
[2024-10-10T18:00:07.201+0000] {processor.py:153} INFO - Started process (PID=92) to work on /opt/airflow/dags/primeiradag.py
[2024-10-10T18:00:07.202+0000] {processor.py:743} INFO - Processing file /opt/airflow/dags/primeiradag.py for tasks to queue
[2024-10-10T18:00:07.203+0000] {logging_mixin.py:137} INFO - [2024-10-10T18:00:07.203+0000] {dagbag.py:538} INFO - Filling up the DagBag from /opt/airflow/dags/primeiradag.py
[2024-10-10T18:00:07.218+0000] {processor.py:753} INFO - DAG(s) dict_keys(['primeira_dag']) retrieved from /opt/airflow/dags/primeiradag.py
[2024-10-10T18:00:07.232+0000] {logging_mixin.py:137} INFO - [2024-10-10T18:00:07.232+0000] {dag.py:2690} INFO - Sync 1 DAGs
[2024-10-10T18:00:07.260+0000] {logging_mixin.py:137} INFO - [2024-10-10T18:00:07.260+0000] {dag.py:3441} INFO - Setting next_dagrun for primeira_dag to None, run_after=None
[2024-10-10T18:00:07.280+0000] {processor.py:175} INFO - Processing /opt/airflow/dags/primeiradag.py took 0.083 seconds
[2024-10-10T18:00:12.297+0000] {processor.py:153} INFO - Started process (PID=108) to work on /opt/airflow/dags/primeiradag.py
[2024-10-10T18:00:12.299+0000] {processor.py:743} INFO - Processing file /opt/airflow/dags/primeiradag.py for tasks to queue
[2024-10-10T18:00:12.299+0000] {logging_mixin.py:137} INFO - [2024-10-10T18:00:12.299+0000] {dagbag.py:538} INFO - Filling up the DagBag from /opt/airflow/dags/primeiradag.py
[2024-10-10T18:00:12.309+0000] {processor.py:753} INFO - DAG(s) dict_keys(['primeira_dag']) retrieved from /opt/airflow/dags/primeiradag.py
[2024-10-10T18:00:12.322+0000] {logging_mixin.py:137} INFO - [2024-10-10T18:00:12.322+0000] {dag.py:2690} INFO - Sync 1 DAGs
[2024-10-10T18:00:12.348+0000] {logging_mixin.py:137} INFO - [2024-10-10T18:00:12.348+0000] {dag.py:3441} INFO - Setting next_dagrun for primeira_dag to None, run_after=None
[2024-10-10T18:00:12.374+0000] {processor.py:175} INFO - Processing /opt/airflow/dags/primeiradag.py took 0.080 seconds
[2024-10-10T18:00:17.466+0000] {processor.py:153} INFO - Started process (PID=124) to work on /opt/airflow/dags/primeiradag.py
[2024-10-10T18:00:17.467+0000] {processor.py:743} INFO - Processing file /opt/airflow/dags/primeiradag.py for tasks to queue
[2024-10-10T18:00:17.467+0000] {logging_mixin.py:137} INFO - [2024-10-10T18:00:17.467+0000] {dagbag.py:538} INFO - Filling up the DagBag from /opt/airflow/dags/primeiradag.py
[2024-10-10T18:00:17.481+0000] {processor.py:753} INFO - DAG(s) dict_keys(['primeira_dag']) retrieved from /opt/airflow/dags/primeiradag.py
[2024-10-10T18:00:17.493+0000] {logging_mixin.py:137} INFO - [2024-10-10T18:00:17.493+0000] {dag.py:2690} INFO - Sync 1 DAGs
[2024-10-10T18:00:17.518+0000] {logging_mixin.py:137} INFO - [2024-10-10T18:00:17.518+0000] {dag.py:3441} INFO - Setting next_dagrun for primeira_dag to None, run_after=None
[2024-10-10T18:00:17.539+0000] {processor.py:175} INFO - Processing /opt/airflow/dags/primeiradag.py took 0.076 seconds
[2024-10-10T18:00:23.285+0000] {processor.py:153} INFO - Started process (PID=160) to work on /opt/airflow/dags/primeiradag.py
[2024-10-10T18:00:23.286+0000] {processor.py:743} INFO - Processing file /opt/airflow/dags/primeiradag.py for tasks to queue
[2024-10-10T18:00:23.287+0000] {logging_mixin.py:137} INFO - [2024-10-10T18:00:23.287+0000] {dagbag.py:538} INFO - Filling up the DagBag from /opt/airflow/dags/primeiradag.py
[2024-10-10T18:00:23.296+0000] {processor.py:753} INFO - DAG(s) dict_keys(['primeira_dag']) retrieved from /opt/airflow/dags/primeiradag.py
[2024-10-10T18:00:23.311+0000] {logging_mixin.py:137} INFO - [2024-10-10T18:00:23.311+0000] {dag.py:2690} INFO - Sync 1 DAGs
[2024-10-10T18:00:23.339+0000] {logging_mixin.py:137} INFO - [2024-10-10T18:00:23.339+0000] {dag.py:3441} INFO - Setting next_dagrun for primeira_dag to None, run_after=None
[2024-10-10T18:00:23.364+0000] {processor.py:175} INFO - Processing /opt/airflow/dags/primeiradag.py took 0.082 seconds
[2024-10-10T18:00:29.080+0000] {processor.py:153} INFO - Started process (PID=176) to work on /opt/airflow/dags/primeiradag.py
[2024-10-10T18:00:29.081+0000] {processor.py:743} INFO - Processing file /opt/airflow/dags/primeiradag.py for tasks to queue
[2024-10-10T18:00:29.082+0000] {logging_mixin.py:137} INFO - [2024-10-10T18:00:29.082+0000] {dagbag.py:538} INFO - Filling up the DagBag from /opt/airflow/dags/primeiradag.py
[2024-10-10T18:00:29.097+0000] {processor.py:753} INFO - DAG(s) dict_keys(['primeira_dag']) retrieved from /opt/airflow/dags/primeiradag.py
[2024-10-10T18:00:29.107+0000] {logging_mixin.py:137} INFO - [2024-10-10T18:00:29.106+0000] {dag.py:2690} INFO - Sync 1 DAGs
[2024-10-10T18:00:29.126+0000] {logging_mixin.py:137} INFO - [2024-10-10T18:00:29.126+0000] {dag.py:3441} INFO - Setting next_dagrun for primeira_dag to None, run_after=None
[2024-10-10T18:00:29.143+0000] {processor.py:175} INFO - Processing /opt/airflow/dags/primeiradag.py took 0.066 seconds
[2024-10-10T18:00:35.019+0000] {processor.py:153} INFO - Started process (PID=212) to work on /opt/airflow/dags/primeiradag.py
[2024-10-10T18:00:35.020+0000] {processor.py:743} INFO - Processing file /opt/airflow/dags/primeiradag.py for tasks to queue
[2024-10-10T18:00:35.020+0000] {logging_mixin.py:137} INFO - [2024-10-10T18:00:35.020+0000] {dagbag.py:538} INFO - Filling up the DagBag from /opt/airflow/dags/primeiradag.py
[2024-10-10T18:00:35.030+0000] {processor.py:753} INFO - DAG(s) dict_keys(['primeira_dag']) retrieved from /opt/airflow/dags/primeiradag.py
[2024-10-10T18:00:35.057+0000] {logging_mixin.py:137} INFO - [2024-10-10T18:00:35.057+0000] {dag.py:2690} INFO - Sync 1 DAGs
[2024-10-10T18:00:35.087+0000] {logging_mixin.py:137} INFO - [2024-10-10T18:00:35.086+0000] {dag.py:3441} INFO - Setting next_dagrun for primeira_dag to None, run_after=None
[2024-10-10T18:00:35.109+0000] {processor.py:175} INFO - Processing /opt/airflow/dags/primeiradag.py took 0.094 seconds
[2024-10-10T18:00:41.108+0000] {processor.py:153} INFO - Started process (PID=228) to work on /opt/airflow/dags/primeiradag.py
[2024-10-10T18:00:41.109+0000] {processor.py:743} INFO - Processing file /opt/airflow/dags/primeiradag.py for tasks to queue
[2024-10-10T18:00:41.109+0000] {logging_mixin.py:137} INFO - [2024-10-10T18:00:41.109+0000] {dagbag.py:538} INFO - Filling up the DagBag from /opt/airflow/dags/primeiradag.py
[2024-10-10T18:00:41.124+0000] {processor.py:753} INFO - DAG(s) dict_keys(['primeira_dag']) retrieved from /opt/airflow/dags/primeiradag.py
[2024-10-10T18:00:41.153+0000] {logging_mixin.py:137} INFO - [2024-10-10T18:00:41.153+0000] {dag.py:2690} INFO - Sync 1 DAGs
[2024-10-10T18:00:41.188+0000] {logging_mixin.py:137} INFO - [2024-10-10T18:00:41.188+0000] {dag.py:3441} INFO - Setting next_dagrun for primeira_dag to None, run_after=None
[2024-10-10T18:00:41.212+0000] {processor.py:175} INFO - Processing /opt/airflow/dags/primeiradag.py took 0.108 seconds
[2024-10-10T18:00:46.304+0000] {processor.py:153} INFO - Started process (PID=263) to work on /opt/airflow/dags/primeiradag.py
[2024-10-10T18:00:46.305+0000] {processor.py:743} INFO - Processing file /opt/airflow/dags/primeiradag.py for tasks to queue
[2024-10-10T18:00:46.306+0000] {logging_mixin.py:137} INFO - [2024-10-10T18:00:46.306+0000] {dagbag.py:538} INFO - Filling up the DagBag from /opt/airflow/dags/primeiradag.py
[2024-10-10T18:00:46.315+0000] {processor.py:753} INFO - DAG(s) dict_keys(['primeira_dag']) retrieved from /opt/airflow/dags/primeiradag.py
[2024-10-10T18:00:46.340+0000] {logging_mixin.py:137} INFO - [2024-10-10T18:00:46.340+0000] {dag.py:2690} INFO - Sync 1 DAGs
[2024-10-10T18:00:46.355+0000] {logging_mixin.py:137} INFO - [2024-10-10T18:00:46.355+0000] {dag.py:3441} INFO - Setting next_dagrun for primeira_dag to None, run_after=None
[2024-10-10T18:00:46.369+0000] {processor.py:175} INFO - Processing /opt/airflow/dags/primeiradag.py took 0.067 seconds
[2024-10-10T18:00:51.449+0000] {processor.py:153} INFO - Started process (PID=279) to work on /opt/airflow/dags/primeiradag.py
[2024-10-10T18:00:51.450+0000] {processor.py:743} INFO - Processing file /opt/airflow/dags/primeiradag.py for tasks to queue
[2024-10-10T18:00:51.451+0000] {logging_mixin.py:137} INFO - [2024-10-10T18:00:51.451+0000] {dagbag.py:538} INFO - Filling up the DagBag from /opt/airflow/dags/primeiradag.py
[2024-10-10T18:00:51.465+0000] {processor.py:753} INFO - DAG(s) dict_keys(['primeira_dag']) retrieved from /opt/airflow/dags/primeiradag.py
[2024-10-10T18:00:51.493+0000] {logging_mixin.py:137} INFO - [2024-10-10T18:00:51.493+0000] {dag.py:2690} INFO - Sync 1 DAGs
[2024-10-10T18:00:51.523+0000] {logging_mixin.py:137} INFO - [2024-10-10T18:00:51.523+0000] {dag.py:3441} INFO - Setting next_dagrun for primeira_dag to None, run_after=None
[2024-10-10T18:00:51.544+0000] {processor.py:175} INFO - Processing /opt/airflow/dags/primeiradag.py took 0.099 seconds
[2024-10-10T18:00:56.627+0000] {processor.py:153} INFO - Started process (PID=315) to work on /opt/airflow/dags/primeiradag.py
[2024-10-10T18:00:56.628+0000] {processor.py:743} INFO - Processing file /opt/airflow/dags/primeiradag.py for tasks to queue
[2024-10-10T18:00:56.629+0000] {logging_mixin.py:137} INFO - [2024-10-10T18:00:56.629+0000] {dagbag.py:538} INFO - Filling up the DagBag from /opt/airflow/dags/primeiradag.py
[2024-10-10T18:00:56.637+0000] {processor.py:753} INFO - DAG(s) dict_keys(['primeira_dag']) retrieved from /opt/airflow/dags/primeiradag.py
[2024-10-10T18:00:56.665+0000] {logging_mixin.py:137} INFO - [2024-10-10T18:00:56.664+0000] {dag.py:2690} INFO - Sync 1 DAGs
[2024-10-10T18:00:56.692+0000] {logging_mixin.py:137} INFO - [2024-10-10T18:00:56.692+0000] {dag.py:3441} INFO - Setting next_dagrun for primeira_dag to None, run_after=None
[2024-10-10T18:00:56.711+0000] {processor.py:175} INFO - Processing /opt/airflow/dags/primeiradag.py took 0.087 seconds
[2024-10-10T18:01:01.755+0000] {processor.py:153} INFO - Started process (PID=331) to work on /opt/airflow/dags/primeiradag.py
[2024-10-10T18:01:01.756+0000] {processor.py:743} INFO - Processing file /opt/airflow/dags/primeiradag.py for tasks to queue
[2024-10-10T18:01:01.756+0000] {logging_mixin.py:137} INFO - [2024-10-10T18:01:01.756+0000] {dagbag.py:538} INFO - Filling up the DagBag from /opt/airflow/dags/primeiradag.py
[2024-10-10T18:01:01.766+0000] {processor.py:753} INFO - DAG(s) dict_keys(['primeira_dag']) retrieved from /opt/airflow/dags/primeiradag.py
[2024-10-10T18:01:01.781+0000] {logging_mixin.py:137} INFO - [2024-10-10T18:01:01.781+0000] {dag.py:2690} INFO - Sync 1 DAGs
[2024-10-10T18:01:01.796+0000] {logging_mixin.py:137} INFO - [2024-10-10T18:01:01.796+0000] {dag.py:3441} INFO - Setting next_dagrun for primeira_dag to None, run_after=None
[2024-10-10T18:01:01.808+0000] {processor.py:175} INFO - Processing /opt/airflow/dags/primeiradag.py took 0.056 seconds
[2024-10-10T18:01:07.589+0000] {processor.py:153} INFO - Started process (PID=367) to work on /opt/airflow/dags/primeiradag.py
[2024-10-10T18:01:07.590+0000] {processor.py:743} INFO - Processing file /opt/airflow/dags/primeiradag.py for tasks to queue
[2024-10-10T18:01:07.590+0000] {logging_mixin.py:137} INFO - [2024-10-10T18:01:07.590+0000] {dagbag.py:538} INFO - Filling up the DagBag from /opt/airflow/dags/primeiradag.py
[2024-10-10T18:01:07.599+0000] {processor.py:753} INFO - DAG(s) dict_keys(['primeira_dag']) retrieved from /opt/airflow/dags/primeiradag.py
[2024-10-10T18:01:07.622+0000] {logging_mixin.py:137} INFO - [2024-10-10T18:01:07.622+0000] {dag.py:2690} INFO - Sync 1 DAGs
[2024-10-10T18:01:07.646+0000] {logging_mixin.py:137} INFO - [2024-10-10T18:01:07.646+0000] {dag.py:3441} INFO - Setting next_dagrun for primeira_dag to None, run_after=None
[2024-10-10T18:01:07.666+0000] {processor.py:175} INFO - Processing /opt/airflow/dags/primeiradag.py took 0.081 seconds
[2024-10-10T18:01:13.529+0000] {processor.py:153} INFO - Started process (PID=383) to work on /opt/airflow/dags/primeiradag.py
[2024-10-10T18:01:13.529+0000] {processor.py:743} INFO - Processing file /opt/airflow/dags/primeiradag.py for tasks to queue
[2024-10-10T18:01:13.529+0000] {logging_mixin.py:137} INFO - [2024-10-10T18:01:13.529+0000] {dagbag.py:538} INFO - Filling up the DagBag from /opt/airflow/dags/primeiradag.py
[2024-10-10T18:01:13.538+0000] {processor.py:753} INFO - DAG(s) dict_keys(['primeira_dag']) retrieved from /opt/airflow/dags/primeiradag.py
[2024-10-10T18:01:13.558+0000] {logging_mixin.py:137} INFO - [2024-10-10T18:01:13.558+0000] {dag.py:2690} INFO - Sync 1 DAGs
[2024-10-10T18:01:13.584+0000] {logging_mixin.py:137} INFO - [2024-10-10T18:01:13.584+0000] {dag.py:3441} INFO - Setting next_dagrun for primeira_dag to None, run_after=None
[2024-10-10T18:01:13.606+0000] {processor.py:175} INFO - Processing /opt/airflow/dags/primeiradag.py took 0.081 seconds
[2024-10-10T18:01:19.424+0000] {processor.py:153} INFO - Started process (PID=419) to work on /opt/airflow/dags/primeiradag.py
[2024-10-10T18:01:19.425+0000] {processor.py:743} INFO - Processing file /opt/airflow/dags/primeiradag.py for tasks to queue
[2024-10-10T18:01:19.426+0000] {logging_mixin.py:137} INFO - [2024-10-10T18:01:19.425+0000] {dagbag.py:538} INFO - Filling up the DagBag from /opt/airflow/dags/primeiradag.py
[2024-10-10T18:01:19.442+0000] {processor.py:753} INFO - DAG(s) dict_keys(['primeira_dag']) retrieved from /opt/airflow/dags/primeiradag.py
[2024-10-10T18:01:19.462+0000] {logging_mixin.py:137} INFO - [2024-10-10T18:01:19.462+0000] {dag.py:2690} INFO - Sync 1 DAGs
[2024-10-10T18:01:19.477+0000] {logging_mixin.py:137} INFO - [2024-10-10T18:01:19.477+0000] {dag.py:3441} INFO - Setting next_dagrun for primeira_dag to None, run_after=None
[2024-10-10T18:01:19.491+0000] {processor.py:175} INFO - Processing /opt/airflow/dags/primeiradag.py took 0.071 seconds
[2024-10-10T18:01:25.354+0000] {processor.py:153} INFO - Started process (PID=435) to work on /opt/airflow/dags/primeiradag.py
[2024-10-10T18:01:25.355+0000] {processor.py:743} INFO - Processing file /opt/airflow/dags/primeiradag.py for tasks to queue
[2024-10-10T18:01:25.355+0000] {logging_mixin.py:137} INFO - [2024-10-10T18:01:25.355+0000] {dagbag.py:538} INFO - Filling up the DagBag from /opt/airflow/dags/primeiradag.py
[2024-10-10T18:01:25.364+0000] {processor.py:753} INFO - DAG(s) dict_keys(['primeira_dag']) retrieved from /opt/airflow/dags/primeiradag.py
[2024-10-10T18:01:25.388+0000] {logging_mixin.py:137} INFO - [2024-10-10T18:01:25.388+0000] {dag.py:2690} INFO - Sync 1 DAGs
[2024-10-10T18:01:25.412+0000] {logging_mixin.py:137} INFO - [2024-10-10T18:01:25.412+0000] {dag.py:3441} INFO - Setting next_dagrun for primeira_dag to None, run_after=None
[2024-10-10T18:01:25.436+0000] {processor.py:175} INFO - Processing /opt/airflow/dags/primeiradag.py took 0.084 seconds
[2024-10-10T18:01:31.137+0000] {processor.py:153} INFO - Started process (PID=471) to work on /opt/airflow/dags/primeiradag.py
[2024-10-10T18:01:31.138+0000] {processor.py:743} INFO - Processing file /opt/airflow/dags/primeiradag.py for tasks to queue
[2024-10-10T18:01:31.139+0000] {logging_mixin.py:137} INFO - [2024-10-10T18:01:31.138+0000] {dagbag.py:538} INFO - Filling up the DagBag from /opt/airflow/dags/primeiradag.py
[2024-10-10T18:01:31.152+0000] {processor.py:753} INFO - DAG(s) dict_keys(['primeira_dag']) retrieved from /opt/airflow/dags/primeiradag.py
[2024-10-10T18:01:31.182+0000] {logging_mixin.py:137} INFO - [2024-10-10T18:01:31.182+0000] {dag.py:2690} INFO - Sync 1 DAGs
[2024-10-10T18:01:31.213+0000] {logging_mixin.py:137} INFO - [2024-10-10T18:01:31.213+0000] {dag.py:3441} INFO - Setting next_dagrun for primeira_dag to None, run_after=None
[2024-10-10T18:01:31.232+0000] {processor.py:175} INFO - Processing /opt/airflow/dags/primeiradag.py took 0.099 seconds
[2024-10-10T18:01:37.049+0000] {processor.py:153} INFO - Started process (PID=487) to work on /opt/airflow/dags/primeiradag.py
[2024-10-10T18:01:37.049+0000] {processor.py:743} INFO - Processing file /opt/airflow/dags/primeiradag.py for tasks to queue
[2024-10-10T18:01:37.050+0000] {logging_mixin.py:137} INFO - [2024-10-10T18:01:37.050+0000] {dagbag.py:538} INFO - Filling up the DagBag from /opt/airflow/dags/primeiradag.py
[2024-10-10T18:01:37.061+0000] {processor.py:753} INFO - DAG(s) dict_keys(['primeira_dag']) retrieved from /opt/airflow/dags/primeiradag.py
[2024-10-10T18:01:37.086+0000] {logging_mixin.py:137} INFO - [2024-10-10T18:01:37.086+0000] {dag.py:2690} INFO - Sync 1 DAGs
[2024-10-10T18:01:37.117+0000] {logging_mixin.py:137} INFO - [2024-10-10T18:01:37.117+0000] {dag.py:3441} INFO - Setting next_dagrun for primeira_dag to None, run_after=None
[2024-10-10T18:01:37.138+0000] {processor.py:175} INFO - Processing /opt/airflow/dags/primeiradag.py took 0.093 seconds
[2024-10-10T18:01:42.822+0000] {processor.py:153} INFO - Started process (PID=523) to work on /opt/airflow/dags/primeiradag.py
[2024-10-10T18:01:42.822+0000] {processor.py:743} INFO - Processing file /opt/airflow/dags/primeiradag.py for tasks to queue
[2024-10-10T18:01:42.823+0000] {logging_mixin.py:137} INFO - [2024-10-10T18:01:42.823+0000] {dagbag.py:538} INFO - Filling up the DagBag from /opt/airflow/dags/primeiradag.py
[2024-10-10T18:01:42.831+0000] {processor.py:753} INFO - DAG(s) dict_keys(['primeira_dag']) retrieved from /opt/airflow/dags/primeiradag.py
[2024-10-10T18:01:42.855+0000] {logging_mixin.py:137} INFO - [2024-10-10T18:01:42.855+0000] {dag.py:2690} INFO - Sync 1 DAGs
[2024-10-10T18:01:42.886+0000] {logging_mixin.py:137} INFO - [2024-10-10T18:01:42.885+0000] {dag.py:3441} INFO - Setting next_dagrun for primeira_dag to None, run_after=None
[2024-10-10T18:01:42.906+0000] {processor.py:175} INFO - Processing /opt/airflow/dags/primeiradag.py took 0.086 seconds
[2024-10-10T18:01:48.696+0000] {processor.py:153} INFO - Started process (PID=539) to work on /opt/airflow/dags/primeiradag.py
[2024-10-10T18:01:48.697+0000] {processor.py:743} INFO - Processing file /opt/airflow/dags/primeiradag.py for tasks to queue
[2024-10-10T18:01:48.698+0000] {logging_mixin.py:137} INFO - [2024-10-10T18:01:48.697+0000] {dagbag.py:538} INFO - Filling up the DagBag from /opt/airflow/dags/primeiradag.py
[2024-10-10T18:01:48.714+0000] {processor.py:753} INFO - DAG(s) dict_keys(['primeira_dag']) retrieved from /opt/airflow/dags/primeiradag.py
[2024-10-10T18:01:48.741+0000] {logging_mixin.py:137} INFO - [2024-10-10T18:01:48.741+0000] {dag.py:2690} INFO - Sync 1 DAGs
[2024-10-10T18:01:48.769+0000] {logging_mixin.py:137} INFO - [2024-10-10T18:01:48.769+0000] {dag.py:3441} INFO - Setting next_dagrun for primeira_dag to None, run_after=None
[2024-10-10T18:01:48.790+0000] {processor.py:175} INFO - Processing /opt/airflow/dags/primeiradag.py took 0.099 seconds
[2024-10-10T18:01:54.620+0000] {processor.py:153} INFO - Started process (PID=575) to work on /opt/airflow/dags/primeiradag.py
[2024-10-10T18:01:54.622+0000] {processor.py:743} INFO - Processing file /opt/airflow/dags/primeiradag.py for tasks to queue
[2024-10-10T18:01:54.622+0000] {logging_mixin.py:137} INFO - [2024-10-10T18:01:54.622+0000] {dagbag.py:538} INFO - Filling up the DagBag from /opt/airflow/dags/primeiradag.py
[2024-10-10T18:01:54.641+0000] {processor.py:753} INFO - DAG(s) dict_keys(['primeira_dag']) retrieved from /opt/airflow/dags/primeiradag.py
[2024-10-10T18:01:54.675+0000] {logging_mixin.py:137} INFO - [2024-10-10T18:01:54.675+0000] {dag.py:2690} INFO - Sync 1 DAGs
[2024-10-10T18:01:54.709+0000] {logging_mixin.py:137} INFO - [2024-10-10T18:01:54.709+0000] {dag.py:3441} INFO - Setting next_dagrun for primeira_dag to None, run_after=None
[2024-10-10T18:01:54.733+0000] {processor.py:175} INFO - Processing /opt/airflow/dags/primeiradag.py took 0.116 seconds
[2024-10-10T18:02:00.522+0000] {processor.py:153} INFO - Started process (PID=591) to work on /opt/airflow/dags/primeiradag.py
[2024-10-10T18:02:00.523+0000] {processor.py:743} INFO - Processing file /opt/airflow/dags/primeiradag.py for tasks to queue
[2024-10-10T18:02:00.524+0000] {logging_mixin.py:137} INFO - [2024-10-10T18:02:00.524+0000] {dagbag.py:538} INFO - Filling up the DagBag from /opt/airflow/dags/primeiradag.py
[2024-10-10T18:02:00.534+0000] {processor.py:753} INFO - DAG(s) dict_keys(['primeira_dag']) retrieved from /opt/airflow/dags/primeiradag.py
[2024-10-10T18:02:00.556+0000] {logging_mixin.py:137} INFO - [2024-10-10T18:02:00.556+0000] {dag.py:2690} INFO - Sync 1 DAGs
[2024-10-10T18:02:00.582+0000] {logging_mixin.py:137} INFO - [2024-10-10T18:02:00.581+0000] {dag.py:3441} INFO - Setting next_dagrun for primeira_dag to None, run_after=None
[2024-10-10T18:02:00.605+0000] {processor.py:175} INFO - Processing /opt/airflow/dags/primeiradag.py took 0.085 seconds
[2024-10-10T18:02:06.495+0000] {processor.py:153} INFO - Started process (PID=627) to work on /opt/airflow/dags/primeiradag.py
[2024-10-10T18:02:06.496+0000] {processor.py:743} INFO - Processing file /opt/airflow/dags/primeiradag.py for tasks to queue
[2024-10-10T18:02:06.497+0000] {logging_mixin.py:137} INFO - [2024-10-10T18:02:06.497+0000] {dagbag.py:538} INFO - Filling up the DagBag from /opt/airflow/dags/primeiradag.py
[2024-10-10T18:02:06.507+0000] {processor.py:753} INFO - DAG(s) dict_keys(['primeira_dag']) retrieved from /opt/airflow/dags/primeiradag.py
[2024-10-10T18:02:06.535+0000] {logging_mixin.py:137} INFO - [2024-10-10T18:02:06.535+0000] {dag.py:2690} INFO - Sync 1 DAGs
[2024-10-10T18:02:06.562+0000] {logging_mixin.py:137} INFO - [2024-10-10T18:02:06.562+0000] {dag.py:3441} INFO - Setting next_dagrun for primeira_dag to None, run_after=None
[2024-10-10T18:02:06.583+0000] {processor.py:175} INFO - Processing /opt/airflow/dags/primeiradag.py took 0.091 seconds
[2024-10-10T18:02:12.475+0000] {processor.py:153} INFO - Started process (PID=643) to work on /opt/airflow/dags/primeiradag.py
[2024-10-10T18:02:12.476+0000] {processor.py:743} INFO - Processing file /opt/airflow/dags/primeiradag.py for tasks to queue
[2024-10-10T18:02:12.477+0000] {logging_mixin.py:137} INFO - [2024-10-10T18:02:12.477+0000] {dagbag.py:538} INFO - Filling up the DagBag from /opt/airflow/dags/primeiradag.py
[2024-10-10T18:02:12.486+0000] {processor.py:753} INFO - DAG(s) dict_keys(['primeira_dag']) retrieved from /opt/airflow/dags/primeiradag.py
[2024-10-10T18:02:12.513+0000] {logging_mixin.py:137} INFO - [2024-10-10T18:02:12.513+0000] {dag.py:2690} INFO - Sync 1 DAGs
[2024-10-10T18:02:12.539+0000] {logging_mixin.py:137} INFO - [2024-10-10T18:02:12.539+0000] {dag.py:3441} INFO - Setting next_dagrun for primeira_dag to None, run_after=None
[2024-10-10T18:02:12.562+0000] {processor.py:175} INFO - Processing /opt/airflow/dags/primeiradag.py took 0.091 seconds
[2024-10-10T18:02:18.317+0000] {processor.py:153} INFO - Started process (PID=679) to work on /opt/airflow/dags/primeiradag.py
[2024-10-10T18:02:18.318+0000] {processor.py:743} INFO - Processing file /opt/airflow/dags/primeiradag.py for tasks to queue
[2024-10-10T18:02:18.319+0000] {logging_mixin.py:137} INFO - [2024-10-10T18:02:18.318+0000] {dagbag.py:538} INFO - Filling up the DagBag from /opt/airflow/dags/primeiradag.py
[2024-10-10T18:02:18.328+0000] {processor.py:753} INFO - DAG(s) dict_keys(['primeira_dag']) retrieved from /opt/airflow/dags/primeiradag.py
[2024-10-10T18:02:18.357+0000] {logging_mixin.py:137} INFO - [2024-10-10T18:02:18.357+0000] {dag.py:2690} INFO - Sync 1 DAGs
[2024-10-10T18:02:18.395+0000] {logging_mixin.py:137} INFO - [2024-10-10T18:02:18.394+0000] {dag.py:3441} INFO - Setting next_dagrun for primeira_dag to None, run_after=None
[2024-10-10T18:02:18.437+0000] {processor.py:175} INFO - Processing /opt/airflow/dags/primeiradag.py took 0.122 seconds
[2024-10-10T18:02:24.278+0000] {processor.py:153} INFO - Started process (PID=695) to work on /opt/airflow/dags/primeiradag.py
[2024-10-10T18:02:24.279+0000] {processor.py:743} INFO - Processing file /opt/airflow/dags/primeiradag.py for tasks to queue
[2024-10-10T18:02:24.280+0000] {logging_mixin.py:137} INFO - [2024-10-10T18:02:24.280+0000] {dagbag.py:538} INFO - Filling up the DagBag from /opt/airflow/dags/primeiradag.py
[2024-10-10T18:02:24.292+0000] {processor.py:753} INFO - DAG(s) dict_keys(['primeira_dag']) retrieved from /opt/airflow/dags/primeiradag.py
[2024-10-10T18:02:24.315+0000] {logging_mixin.py:137} INFO - [2024-10-10T18:02:24.315+0000] {dag.py:2690} INFO - Sync 1 DAGs
[2024-10-10T18:02:24.345+0000] {logging_mixin.py:137} INFO - [2024-10-10T18:02:24.345+0000] {dag.py:3441} INFO - Setting next_dagrun for primeira_dag to None, run_after=None
[2024-10-10T18:02:24.367+0000] {processor.py:175} INFO - Processing /opt/airflow/dags/primeiradag.py took 0.093 seconds
