[2024-10-10T17:58:51.209+0000] {processor.py:153} INFO - Started process (PID=53) to work on /opt/airflow/dags/quartadag.py
[2024-10-10T17:58:51.210+0000] {processor.py:743} INFO - Processing file /opt/airflow/dags/quartadag.py for tasks to queue
[2024-10-10T17:58:51.211+0000] {logging_mixin.py:137} INFO - [2024-10-10T17:58:51.211+0000] {dagbag.py:538} INFO - Filling up the DagBag from /opt/airflow/dags/quartadag.py
[2024-10-10T17:58:51.226+0000] {processor.py:753} INFO - DAG(s) dict_keys(['quarta_dag']) retrieved from /opt/airflow/dags/quartadag.py
[2024-10-10T17:58:51.286+0000] {logging_mixin.py:137} INFO - [2024-10-10T17:58:51.286+0000] {dag.py:2690} INFO - Sync 1 DAGs
[2024-10-10T17:58:51.312+0000] {logging_mixin.py:137} INFO - [2024-10-10T17:58:51.312+0000] {dag.py:3441} INFO - Setting next_dagrun for quarta_dag to None, run_after=None
[2024-10-10T17:58:51.337+0000] {processor.py:175} INFO - Processing /opt/airflow/dags/quartadag.py took 0.131 seconds
[2024-10-10T17:58:57.234+0000] {processor.py:153} INFO - Started process (PID=89) to work on /opt/airflow/dags/quartadag.py
[2024-10-10T17:58:57.235+0000] {processor.py:743} INFO - Processing file /opt/airflow/dags/quartadag.py for tasks to queue
[2024-10-10T17:58:57.236+0000] {logging_mixin.py:137} INFO - [2024-10-10T17:58:57.236+0000] {dagbag.py:538} INFO - Filling up the DagBag from /opt/airflow/dags/quartadag.py
[2024-10-10T17:58:57.248+0000] {processor.py:753} INFO - DAG(s) dict_keys(['quarta_dag']) retrieved from /opt/airflow/dags/quartadag.py
[2024-10-10T17:58:57.259+0000] {logging_mixin.py:137} INFO - [2024-10-10T17:58:57.259+0000] {dag.py:2690} INFO - Sync 1 DAGs
[2024-10-10T17:58:57.285+0000] {logging_mixin.py:137} INFO - [2024-10-10T17:58:57.285+0000] {dag.py:3441} INFO - Setting next_dagrun for quarta_dag to None, run_after=None
[2024-10-10T17:58:57.305+0000] {processor.py:175} INFO - Processing /opt/airflow/dags/quartadag.py took 0.075 seconds
[2024-10-10T17:59:02.935+0000] {processor.py:153} INFO - Started process (PID=105) to work on /opt/airflow/dags/quartadag.py
[2024-10-10T17:59:02.936+0000] {processor.py:743} INFO - Processing file /opt/airflow/dags/quartadag.py for tasks to queue
[2024-10-10T17:59:02.937+0000] {logging_mixin.py:137} INFO - [2024-10-10T17:59:02.936+0000] {dagbag.py:538} INFO - Filling up the DagBag from /opt/airflow/dags/quartadag.py
[2024-10-10T17:59:02.948+0000] {processor.py:753} INFO - DAG(s) dict_keys(['quarta_dag']) retrieved from /opt/airflow/dags/quartadag.py
[2024-10-10T17:59:02.961+0000] {logging_mixin.py:137} INFO - [2024-10-10T17:59:02.961+0000] {dag.py:2690} INFO - Sync 1 DAGs
[2024-10-10T17:59:02.989+0000] {logging_mixin.py:137} INFO - [2024-10-10T17:59:02.989+0000] {dag.py:3441} INFO - Setting next_dagrun for quarta_dag to None, run_after=None
[2024-10-10T17:59:03.012+0000] {processor.py:175} INFO - Processing /opt/airflow/dags/quartadag.py took 0.079 seconds
[2024-10-10T18:00:01.650+0000] {processor.py:153} INFO - Started process (PID=53) to work on /opt/airflow/dags/quartadag.py
[2024-10-10T18:00:01.652+0000] {processor.py:743} INFO - Processing file /opt/airflow/dags/quartadag.py for tasks to queue
[2024-10-10T18:00:01.652+0000] {logging_mixin.py:137} INFO - [2024-10-10T18:00:01.652+0000] {dagbag.py:538} INFO - Filling up the DagBag from /opt/airflow/dags/quartadag.py
[2024-10-10T18:00:01.671+0000] {processor.py:753} INFO - DAG(s) dict_keys(['quarta_dag']) retrieved from /opt/airflow/dags/quartadag.py
[2024-10-10T18:00:01.732+0000] {logging_mixin.py:137} INFO - [2024-10-10T18:00:01.732+0000] {dag.py:2690} INFO - Sync 1 DAGs
[2024-10-10T18:00:01.763+0000] {logging_mixin.py:137} INFO - [2024-10-10T18:00:01.762+0000] {dag.py:3441} INFO - Setting next_dagrun for quarta_dag to None, run_after=None
[2024-10-10T18:00:01.790+0000] {processor.py:175} INFO - Processing /opt/airflow/dags/quartadag.py took 0.144 seconds
[2024-10-10T18:00:06.827+0000] {processor.py:153} INFO - Started process (PID=89) to work on /opt/airflow/dags/quartadag.py
[2024-10-10T18:00:06.829+0000] {processor.py:743} INFO - Processing file /opt/airflow/dags/quartadag.py for tasks to queue
[2024-10-10T18:00:06.830+0000] {logging_mixin.py:137} INFO - [2024-10-10T18:00:06.830+0000] {dagbag.py:538} INFO - Filling up the DagBag from /opt/airflow/dags/quartadag.py
[2024-10-10T18:00:06.866+0000] {processor.py:753} INFO - DAG(s) dict_keys(['quarta_dag']) retrieved from /opt/airflow/dags/quartadag.py
[2024-10-10T18:00:06.892+0000] {logging_mixin.py:137} INFO - [2024-10-10T18:00:06.892+0000] {dag.py:2690} INFO - Sync 1 DAGs
[2024-10-10T18:00:06.936+0000] {logging_mixin.py:137} INFO - [2024-10-10T18:00:06.935+0000] {dag.py:3441} INFO - Setting next_dagrun for quarta_dag to None, run_after=None
[2024-10-10T18:00:06.961+0000] {processor.py:175} INFO - Processing /opt/airflow/dags/quartadag.py took 0.144 seconds
[2024-10-10T18:00:12.023+0000] {processor.py:153} INFO - Started process (PID=105) to work on /opt/airflow/dags/quartadag.py
[2024-10-10T18:00:12.024+0000] {processor.py:743} INFO - Processing file /opt/airflow/dags/quartadag.py for tasks to queue
[2024-10-10T18:00:12.025+0000] {logging_mixin.py:137} INFO - [2024-10-10T18:00:12.024+0000] {dagbag.py:538} INFO - Filling up the DagBag from /opt/airflow/dags/quartadag.py
[2024-10-10T18:00:12.036+0000] {processor.py:753} INFO - DAG(s) dict_keys(['quarta_dag']) retrieved from /opt/airflow/dags/quartadag.py
[2024-10-10T18:00:12.049+0000] {logging_mixin.py:137} INFO - [2024-10-10T18:00:12.049+0000] {dag.py:2690} INFO - Sync 1 DAGs
[2024-10-10T18:00:12.072+0000] {logging_mixin.py:137} INFO - [2024-10-10T18:00:12.072+0000] {dag.py:3441} INFO - Setting next_dagrun for quarta_dag to None, run_after=None
[2024-10-10T18:00:12.098+0000] {processor.py:175} INFO - Processing /opt/airflow/dags/quartadag.py took 0.078 seconds
[2024-10-10T18:00:17.167+0000] {processor.py:153} INFO - Started process (PID=121) to work on /opt/airflow/dags/quartadag.py
[2024-10-10T18:00:17.168+0000] {processor.py:743} INFO - Processing file /opt/airflow/dags/quartadag.py for tasks to queue
[2024-10-10T18:00:17.169+0000] {logging_mixin.py:137} INFO - [2024-10-10T18:00:17.169+0000] {dagbag.py:538} INFO - Filling up the DagBag from /opt/airflow/dags/quartadag.py
[2024-10-10T18:00:17.184+0000] {processor.py:753} INFO - DAG(s) dict_keys(['quarta_dag']) retrieved from /opt/airflow/dags/quartadag.py
[2024-10-10T18:00:17.197+0000] {logging_mixin.py:137} INFO - [2024-10-10T18:00:17.196+0000] {dag.py:2690} INFO - Sync 1 DAGs
[2024-10-10T18:00:17.216+0000] {logging_mixin.py:137} INFO - [2024-10-10T18:00:17.216+0000] {dag.py:3441} INFO - Setting next_dagrun for quarta_dag to None, run_after=None
[2024-10-10T18:00:17.236+0000] {processor.py:175} INFO - Processing /opt/airflow/dags/quartadag.py took 0.072 seconds
[2024-10-10T18:00:23.091+0000] {processor.py:153} INFO - Started process (PID=157) to work on /opt/airflow/dags/quartadag.py
[2024-10-10T18:00:23.092+0000] {processor.py:743} INFO - Processing file /opt/airflow/dags/quartadag.py for tasks to queue
[2024-10-10T18:00:23.092+0000] {logging_mixin.py:137} INFO - [2024-10-10T18:00:23.092+0000] {dagbag.py:538} INFO - Filling up the DagBag from /opt/airflow/dags/quartadag.py
[2024-10-10T18:00:23.109+0000] {processor.py:753} INFO - DAG(s) dict_keys(['quarta_dag']) retrieved from /opt/airflow/dags/quartadag.py
[2024-10-10T18:00:23.123+0000] {logging_mixin.py:137} INFO - [2024-10-10T18:00:23.123+0000] {dag.py:2690} INFO - Sync 1 DAGs
[2024-10-10T18:00:23.153+0000] {logging_mixin.py:137} INFO - [2024-10-10T18:00:23.153+0000] {dag.py:3441} INFO - Setting next_dagrun for quarta_dag to None, run_after=None
[2024-10-10T18:00:23.173+0000] {processor.py:175} INFO - Processing /opt/airflow/dags/quartadag.py took 0.086 seconds
[2024-10-10T18:00:28.875+0000] {processor.py:153} INFO - Started process (PID=173) to work on /opt/airflow/dags/quartadag.py
[2024-10-10T18:00:28.876+0000] {processor.py:743} INFO - Processing file /opt/airflow/dags/quartadag.py for tasks to queue
[2024-10-10T18:00:28.877+0000] {logging_mixin.py:137} INFO - [2024-10-10T18:00:28.877+0000] {dagbag.py:538} INFO - Filling up the DagBag from /opt/airflow/dags/quartadag.py
[2024-10-10T18:00:28.892+0000] {processor.py:753} INFO - DAG(s) dict_keys(['quarta_dag']) retrieved from /opt/airflow/dags/quartadag.py
[2024-10-10T18:00:28.906+0000] {logging_mixin.py:137} INFO - [2024-10-10T18:00:28.906+0000] {dag.py:2690} INFO - Sync 1 DAGs
[2024-10-10T18:00:28.936+0000] {logging_mixin.py:137} INFO - [2024-10-10T18:00:28.936+0000] {dag.py:3441} INFO - Setting next_dagrun for quarta_dag to None, run_after=None
[2024-10-10T18:00:28.959+0000] {processor.py:175} INFO - Processing /opt/airflow/dags/quartadag.py took 0.087 seconds
[2024-10-10T18:00:34.835+0000] {processor.py:153} INFO - Started process (PID=209) to work on /opt/airflow/dags/quartadag.py
[2024-10-10T18:00:34.836+0000] {processor.py:743} INFO - Processing file /opt/airflow/dags/quartadag.py for tasks to queue
[2024-10-10T18:00:34.837+0000] {logging_mixin.py:137} INFO - [2024-10-10T18:00:34.837+0000] {dagbag.py:538} INFO - Filling up the DagBag from /opt/airflow/dags/quartadag.py
[2024-10-10T18:00:34.848+0000] {processor.py:753} INFO - DAG(s) dict_keys(['quarta_dag']) retrieved from /opt/airflow/dags/quartadag.py
[2024-10-10T18:00:34.863+0000] {logging_mixin.py:137} INFO - [2024-10-10T18:00:34.863+0000] {dag.py:2690} INFO - Sync 1 DAGs
[2024-10-10T18:00:34.879+0000] {logging_mixin.py:137} INFO - [2024-10-10T18:00:34.879+0000] {dag.py:3441} INFO - Setting next_dagrun for quarta_dag to None, run_after=None
[2024-10-10T18:00:34.891+0000] {processor.py:175} INFO - Processing /opt/airflow/dags/quartadag.py took 0.062 seconds
[2024-10-10T18:00:40.873+0000] {processor.py:153} INFO - Started process (PID=225) to work on /opt/airflow/dags/quartadag.py
[2024-10-10T18:00:40.874+0000] {processor.py:743} INFO - Processing file /opt/airflow/dags/quartadag.py for tasks to queue
[2024-10-10T18:00:40.874+0000] {logging_mixin.py:137} INFO - [2024-10-10T18:00:40.874+0000] {dagbag.py:538} INFO - Filling up the DagBag from /opt/airflow/dags/quartadag.py
[2024-10-10T18:00:40.891+0000] {processor.py:753} INFO - DAG(s) dict_keys(['quarta_dag']) retrieved from /opt/airflow/dags/quartadag.py
[2024-10-10T18:00:40.917+0000] {logging_mixin.py:137} INFO - [2024-10-10T18:00:40.917+0000] {dag.py:2690} INFO - Sync 1 DAGs
[2024-10-10T18:00:40.946+0000] {logging_mixin.py:137} INFO - [2024-10-10T18:00:40.945+0000] {dag.py:3441} INFO - Setting next_dagrun for quarta_dag to None, run_after=None
[2024-10-10T18:00:40.967+0000] {processor.py:175} INFO - Processing /opt/airflow/dags/quartadag.py took 0.098 seconds
[2024-10-10T18:00:46.001+0000] {processor.py:153} INFO - Started process (PID=260) to work on /opt/airflow/dags/quartadag.py
[2024-10-10T18:00:46.002+0000] {processor.py:743} INFO - Processing file /opt/airflow/dags/quartadag.py for tasks to queue
[2024-10-10T18:00:46.003+0000] {logging_mixin.py:137} INFO - [2024-10-10T18:00:46.003+0000] {dagbag.py:538} INFO - Filling up the DagBag from /opt/airflow/dags/quartadag.py
[2024-10-10T18:00:46.018+0000] {processor.py:753} INFO - DAG(s) dict_keys(['quarta_dag']) retrieved from /opt/airflow/dags/quartadag.py
[2024-10-10T18:00:46.046+0000] {logging_mixin.py:137} INFO - [2024-10-10T18:00:46.046+0000] {dag.py:2690} INFO - Sync 1 DAGs
[2024-10-10T18:00:46.069+0000] {logging_mixin.py:137} INFO - [2024-10-10T18:00:46.069+0000] {dag.py:3441} INFO - Setting next_dagrun for quarta_dag to None, run_after=None
[2024-10-10T18:00:46.090+0000] {processor.py:175} INFO - Processing /opt/airflow/dags/quartadag.py took 0.093 seconds
[2024-10-10T18:00:51.130+0000] {processor.py:153} INFO - Started process (PID=276) to work on /opt/airflow/dags/quartadag.py
[2024-10-10T18:00:51.131+0000] {processor.py:743} INFO - Processing file /opt/airflow/dags/quartadag.py for tasks to queue
[2024-10-10T18:00:51.132+0000] {logging_mixin.py:137} INFO - [2024-10-10T18:00:51.132+0000] {dagbag.py:538} INFO - Filling up the DagBag from /opt/airflow/dags/quartadag.py
[2024-10-10T18:00:51.142+0000] {processor.py:753} INFO - DAG(s) dict_keys(['quarta_dag']) retrieved from /opt/airflow/dags/quartadag.py
[2024-10-10T18:00:51.166+0000] {logging_mixin.py:137} INFO - [2024-10-10T18:00:51.166+0000] {dag.py:2690} INFO - Sync 1 DAGs
[2024-10-10T18:00:51.186+0000] {logging_mixin.py:137} INFO - [2024-10-10T18:00:51.186+0000] {dag.py:3441} INFO - Setting next_dagrun for quarta_dag to None, run_after=None
[2024-10-10T18:00:51.207+0000] {processor.py:175} INFO - Processing /opt/airflow/dags/quartadag.py took 0.083 seconds
[2024-10-10T18:00:56.314+0000] {processor.py:153} INFO - Started process (PID=312) to work on /opt/airflow/dags/quartadag.py
[2024-10-10T18:00:56.315+0000] {processor.py:743} INFO - Processing file /opt/airflow/dags/quartadag.py for tasks to queue
[2024-10-10T18:00:56.315+0000] {logging_mixin.py:137} INFO - [2024-10-10T18:00:56.315+0000] {dagbag.py:538} INFO - Filling up the DagBag from /opt/airflow/dags/quartadag.py
[2024-10-10T18:00:56.327+0000] {processor.py:753} INFO - DAG(s) dict_keys(['quarta_dag']) retrieved from /opt/airflow/dags/quartadag.py
[2024-10-10T18:00:56.351+0000] {logging_mixin.py:137} INFO - [2024-10-10T18:00:56.351+0000] {dag.py:2690} INFO - Sync 1 DAGs
[2024-10-10T18:00:56.377+0000] {logging_mixin.py:137} INFO - [2024-10-10T18:00:56.377+0000] {dag.py:3441} INFO - Setting next_dagrun for quarta_dag to None, run_after=None
[2024-10-10T18:00:56.398+0000] {processor.py:175} INFO - Processing /opt/airflow/dags/quartadag.py took 0.088 seconds
[2024-10-10T18:01:01.469+0000] {processor.py:153} INFO - Started process (PID=328) to work on /opt/airflow/dags/quartadag.py
[2024-10-10T18:01:01.470+0000] {processor.py:743} INFO - Processing file /opt/airflow/dags/quartadag.py for tasks to queue
[2024-10-10T18:01:01.470+0000] {logging_mixin.py:137} INFO - [2024-10-10T18:01:01.470+0000] {dagbag.py:538} INFO - Filling up the DagBag from /opt/airflow/dags/quartadag.py
[2024-10-10T18:01:01.478+0000] {processor.py:753} INFO - DAG(s) dict_keys(['quarta_dag']) retrieved from /opt/airflow/dags/quartadag.py
[2024-10-10T18:01:01.495+0000] {logging_mixin.py:137} INFO - [2024-10-10T18:01:01.495+0000] {dag.py:2690} INFO - Sync 1 DAGs
[2024-10-10T18:01:01.515+0000] {logging_mixin.py:137} INFO - [2024-10-10T18:01:01.515+0000] {dag.py:3441} INFO - Setting next_dagrun for quarta_dag to None, run_after=None
[2024-10-10T18:01:01.532+0000] {processor.py:175} INFO - Processing /opt/airflow/dags/quartadag.py took 0.066 seconds
[2024-10-10T18:01:07.387+0000] {processor.py:153} INFO - Started process (PID=364) to work on /opt/airflow/dags/quartadag.py
[2024-10-10T18:01:07.388+0000] {processor.py:743} INFO - Processing file /opt/airflow/dags/quartadag.py for tasks to queue
[2024-10-10T18:01:07.388+0000] {logging_mixin.py:137} INFO - [2024-10-10T18:01:07.388+0000] {dagbag.py:538} INFO - Filling up the DagBag from /opt/airflow/dags/quartadag.py
[2024-10-10T18:01:07.397+0000] {processor.py:753} INFO - DAG(s) dict_keys(['quarta_dag']) retrieved from /opt/airflow/dags/quartadag.py
[2024-10-10T18:01:07.413+0000] {logging_mixin.py:137} INFO - [2024-10-10T18:01:07.413+0000] {dag.py:2690} INFO - Sync 1 DAGs
[2024-10-10T18:01:07.433+0000] {logging_mixin.py:137} INFO - [2024-10-10T18:01:07.433+0000] {dag.py:3441} INFO - Setting next_dagrun for quarta_dag to None, run_after=None
[2024-10-10T18:01:07.454+0000] {processor.py:175} INFO - Processing /opt/airflow/dags/quartadag.py took 0.069 seconds
[2024-10-10T18:01:13.332+0000] {processor.py:153} INFO - Started process (PID=380) to work on /opt/airflow/dags/quartadag.py
[2024-10-10T18:01:13.334+0000] {processor.py:743} INFO - Processing file /opt/airflow/dags/quartadag.py for tasks to queue
[2024-10-10T18:01:13.334+0000] {logging_mixin.py:137} INFO - [2024-10-10T18:01:13.334+0000] {dagbag.py:538} INFO - Filling up the DagBag from /opt/airflow/dags/quartadag.py
[2024-10-10T18:01:13.347+0000] {processor.py:753} INFO - DAG(s) dict_keys(['quarta_dag']) retrieved from /opt/airflow/dags/quartadag.py
[2024-10-10T18:01:13.374+0000] {logging_mixin.py:137} INFO - [2024-10-10T18:01:13.373+0000] {dag.py:2690} INFO - Sync 1 DAGs
[2024-10-10T18:01:13.395+0000] {logging_mixin.py:137} INFO - [2024-10-10T18:01:13.395+0000] {dag.py:3441} INFO - Setting next_dagrun for quarta_dag to None, run_after=None
[2024-10-10T18:01:13.408+0000] {processor.py:175} INFO - Processing /opt/airflow/dags/quartadag.py took 0.080 seconds
[2024-10-10T18:01:19.233+0000] {processor.py:153} INFO - Started process (PID=416) to work on /opt/airflow/dags/quartadag.py
[2024-10-10T18:01:19.234+0000] {processor.py:743} INFO - Processing file /opt/airflow/dags/quartadag.py for tasks to queue
[2024-10-10T18:01:19.235+0000] {logging_mixin.py:137} INFO - [2024-10-10T18:01:19.235+0000] {dagbag.py:538} INFO - Filling up the DagBag from /opt/airflow/dags/quartadag.py
[2024-10-10T18:01:19.244+0000] {processor.py:753} INFO - DAG(s) dict_keys(['quarta_dag']) retrieved from /opt/airflow/dags/quartadag.py
[2024-10-10T18:01:19.273+0000] {logging_mixin.py:137} INFO - [2024-10-10T18:01:19.273+0000] {dag.py:2690} INFO - Sync 1 DAGs
[2024-10-10T18:01:19.300+0000] {logging_mixin.py:137} INFO - [2024-10-10T18:01:19.300+0000] {dag.py:3441} INFO - Setting next_dagrun for quarta_dag to None, run_after=None
[2024-10-10T18:01:19.322+0000] {processor.py:175} INFO - Processing /opt/airflow/dags/quartadag.py took 0.092 seconds
[2024-10-10T18:01:25.161+0000] {processor.py:153} INFO - Started process (PID=432) to work on /opt/airflow/dags/quartadag.py
[2024-10-10T18:01:25.162+0000] {processor.py:743} INFO - Processing file /opt/airflow/dags/quartadag.py for tasks to queue
[2024-10-10T18:01:25.163+0000] {logging_mixin.py:137} INFO - [2024-10-10T18:01:25.163+0000] {dagbag.py:538} INFO - Filling up the DagBag from /opt/airflow/dags/quartadag.py
[2024-10-10T18:01:25.175+0000] {processor.py:753} INFO - DAG(s) dict_keys(['quarta_dag']) retrieved from /opt/airflow/dags/quartadag.py
[2024-10-10T18:01:25.199+0000] {logging_mixin.py:137} INFO - [2024-10-10T18:01:25.199+0000] {dag.py:2690} INFO - Sync 1 DAGs
[2024-10-10T18:01:25.225+0000] {logging_mixin.py:137} INFO - [2024-10-10T18:01:25.225+0000] {dag.py:3441} INFO - Setting next_dagrun for quarta_dag to None, run_after=None
[2024-10-10T18:01:25.246+0000] {processor.py:175} INFO - Processing /opt/airflow/dags/quartadag.py took 0.090 seconds
[2024-10-10T18:01:30.920+0000] {processor.py:153} INFO - Started process (PID=468) to work on /opt/airflow/dags/quartadag.py
[2024-10-10T18:01:30.921+0000] {processor.py:743} INFO - Processing file /opt/airflow/dags/quartadag.py for tasks to queue
[2024-10-10T18:01:30.921+0000] {logging_mixin.py:137} INFO - [2024-10-10T18:01:30.921+0000] {dagbag.py:538} INFO - Filling up the DagBag from /opt/airflow/dags/quartadag.py
[2024-10-10T18:01:30.937+0000] {processor.py:753} INFO - DAG(s) dict_keys(['quarta_dag']) retrieved from /opt/airflow/dags/quartadag.py
[2024-10-10T18:01:30.967+0000] {logging_mixin.py:137} INFO - [2024-10-10T18:01:30.966+0000] {dag.py:2690} INFO - Sync 1 DAGs
[2024-10-10T18:01:31.001+0000] {logging_mixin.py:137} INFO - [2024-10-10T18:01:31.001+0000] {dag.py:3441} INFO - Setting next_dagrun for quarta_dag to None, run_after=None
[2024-10-10T18:01:31.025+0000] {processor.py:175} INFO - Processing /opt/airflow/dags/quartadag.py took 0.109 seconds
[2024-10-10T18:01:36.854+0000] {processor.py:153} INFO - Started process (PID=484) to work on /opt/airflow/dags/quartadag.py
[2024-10-10T18:01:36.855+0000] {processor.py:743} INFO - Processing file /opt/airflow/dags/quartadag.py for tasks to queue
[2024-10-10T18:01:36.855+0000] {logging_mixin.py:137} INFO - [2024-10-10T18:01:36.855+0000] {dagbag.py:538} INFO - Filling up the DagBag from /opt/airflow/dags/quartadag.py
[2024-10-10T18:01:36.867+0000] {processor.py:753} INFO - DAG(s) dict_keys(['quarta_dag']) retrieved from /opt/airflow/dags/quartadag.py
[2024-10-10T18:01:36.888+0000] {logging_mixin.py:137} INFO - [2024-10-10T18:01:36.887+0000] {dag.py:2690} INFO - Sync 1 DAGs
[2024-10-10T18:01:36.915+0000] {logging_mixin.py:137} INFO - [2024-10-10T18:01:36.915+0000] {dag.py:3441} INFO - Setting next_dagrun for quarta_dag to None, run_after=None
[2024-10-10T18:01:36.936+0000] {processor.py:175} INFO - Processing /opt/airflow/dags/quartadag.py took 0.084 seconds
[2024-10-10T18:01:42.629+0000] {processor.py:153} INFO - Started process (PID=520) to work on /opt/airflow/dags/quartadag.py
[2024-10-10T18:01:42.629+0000] {processor.py:743} INFO - Processing file /opt/airflow/dags/quartadag.py for tasks to queue
[2024-10-10T18:01:42.630+0000] {logging_mixin.py:137} INFO - [2024-10-10T18:01:42.630+0000] {dagbag.py:538} INFO - Filling up the DagBag from /opt/airflow/dags/quartadag.py
[2024-10-10T18:01:42.641+0000] {processor.py:753} INFO - DAG(s) dict_keys(['quarta_dag']) retrieved from /opt/airflow/dags/quartadag.py
[2024-10-10T18:01:42.669+0000] {logging_mixin.py:137} INFO - [2024-10-10T18:01:42.669+0000] {dag.py:2690} INFO - Sync 1 DAGs
[2024-10-10T18:01:42.698+0000] {logging_mixin.py:137} INFO - [2024-10-10T18:01:42.698+0000] {dag.py:3441} INFO - Setting next_dagrun for quarta_dag to None, run_after=None
[2024-10-10T18:01:42.719+0000] {processor.py:175} INFO - Processing /opt/airflow/dags/quartadag.py took 0.094 seconds
[2024-10-10T18:01:48.494+0000] {processor.py:153} INFO - Started process (PID=536) to work on /opt/airflow/dags/quartadag.py
[2024-10-10T18:01:48.495+0000] {processor.py:743} INFO - Processing file /opt/airflow/dags/quartadag.py for tasks to queue
[2024-10-10T18:01:48.496+0000] {logging_mixin.py:137} INFO - [2024-10-10T18:01:48.496+0000] {dagbag.py:538} INFO - Filling up the DagBag from /opt/airflow/dags/quartadag.py
[2024-10-10T18:01:48.506+0000] {processor.py:753} INFO - DAG(s) dict_keys(['quarta_dag']) retrieved from /opt/airflow/dags/quartadag.py
[2024-10-10T18:01:48.530+0000] {logging_mixin.py:137} INFO - [2024-10-10T18:01:48.530+0000] {dag.py:2690} INFO - Sync 1 DAGs
[2024-10-10T18:01:48.560+0000] {logging_mixin.py:137} INFO - [2024-10-10T18:01:48.560+0000] {dag.py:3441} INFO - Setting next_dagrun for quarta_dag to None, run_after=None
[2024-10-10T18:01:48.582+0000] {processor.py:175} INFO - Processing /opt/airflow/dags/quartadag.py took 0.092 seconds
[2024-10-10T18:01:54.441+0000] {processor.py:153} INFO - Started process (PID=572) to work on /opt/airflow/dags/quartadag.py
[2024-10-10T18:01:54.441+0000] {processor.py:743} INFO - Processing file /opt/airflow/dags/quartadag.py for tasks to queue
[2024-10-10T18:01:54.442+0000] {logging_mixin.py:137} INFO - [2024-10-10T18:01:54.442+0000] {dagbag.py:538} INFO - Filling up the DagBag from /opt/airflow/dags/quartadag.py
[2024-10-10T18:01:54.451+0000] {processor.py:753} INFO - DAG(s) dict_keys(['quarta_dag']) retrieved from /opt/airflow/dags/quartadag.py
[2024-10-10T18:01:54.473+0000] {logging_mixin.py:137} INFO - [2024-10-10T18:01:54.472+0000] {dag.py:2690} INFO - Sync 1 DAGs
[2024-10-10T18:01:54.492+0000] {logging_mixin.py:137} INFO - [2024-10-10T18:01:54.492+0000] {dag.py:3441} INFO - Setting next_dagrun for quarta_dag to None, run_after=None
[2024-10-10T18:01:54.513+0000] {processor.py:175} INFO - Processing /opt/airflow/dags/quartadag.py took 0.076 seconds
[2024-10-10T18:02:00.251+0000] {processor.py:153} INFO - Started process (PID=588) to work on /opt/airflow/dags/quartadag.py
[2024-10-10T18:02:00.252+0000] {processor.py:743} INFO - Processing file /opt/airflow/dags/quartadag.py for tasks to queue
[2024-10-10T18:02:00.252+0000] {logging_mixin.py:137} INFO - [2024-10-10T18:02:00.252+0000] {dagbag.py:538} INFO - Filling up the DagBag from /opt/airflow/dags/quartadag.py
[2024-10-10T18:02:00.267+0000] {processor.py:753} INFO - DAG(s) dict_keys(['quarta_dag']) retrieved from /opt/airflow/dags/quartadag.py
[2024-10-10T18:02:00.314+0000] {logging_mixin.py:137} INFO - [2024-10-10T18:02:00.313+0000] {dag.py:2690} INFO - Sync 1 DAGs
[2024-10-10T18:02:00.347+0000] {logging_mixin.py:137} INFO - [2024-10-10T18:02:00.347+0000] {dag.py:3441} INFO - Setting next_dagrun for quarta_dag to None, run_after=None
[2024-10-10T18:02:00.372+0000] {processor.py:175} INFO - Processing /opt/airflow/dags/quartadag.py took 0.123 seconds
[2024-10-10T18:02:06.289+0000] {processor.py:153} INFO - Started process (PID=624) to work on /opt/airflow/dags/quartadag.py
[2024-10-10T18:02:06.292+0000] {processor.py:743} INFO - Processing file /opt/airflow/dags/quartadag.py for tasks to queue
[2024-10-10T18:02:06.294+0000] {logging_mixin.py:137} INFO - [2024-10-10T18:02:06.293+0000] {dagbag.py:538} INFO - Filling up the DagBag from /opt/airflow/dags/quartadag.py
[2024-10-10T18:02:06.316+0000] {processor.py:753} INFO - DAG(s) dict_keys(['quarta_dag']) retrieved from /opt/airflow/dags/quartadag.py
[2024-10-10T18:02:06.336+0000] {logging_mixin.py:137} INFO - [2024-10-10T18:02:06.336+0000] {dag.py:2690} INFO - Sync 1 DAGs
[2024-10-10T18:02:06.356+0000] {logging_mixin.py:137} INFO - [2024-10-10T18:02:06.355+0000] {dag.py:3441} INFO - Setting next_dagrun for quarta_dag to None, run_after=None
[2024-10-10T18:02:06.370+0000] {processor.py:175} INFO - Processing /opt/airflow/dags/quartadag.py took 0.088 seconds
[2024-10-10T18:02:12.263+0000] {processor.py:153} INFO - Started process (PID=640) to work on /opt/airflow/dags/quartadag.py
[2024-10-10T18:02:12.264+0000] {processor.py:743} INFO - Processing file /opt/airflow/dags/quartadag.py for tasks to queue
[2024-10-10T18:02:12.264+0000] {logging_mixin.py:137} INFO - [2024-10-10T18:02:12.264+0000] {dagbag.py:538} INFO - Filling up the DagBag from /opt/airflow/dags/quartadag.py
[2024-10-10T18:02:12.280+0000] {processor.py:753} INFO - DAG(s) dict_keys(['quarta_dag']) retrieved from /opt/airflow/dags/quartadag.py
[2024-10-10T18:02:12.307+0000] {logging_mixin.py:137} INFO - [2024-10-10T18:02:12.307+0000] {dag.py:2690} INFO - Sync 1 DAGs
[2024-10-10T18:02:12.330+0000] {logging_mixin.py:137} INFO - [2024-10-10T18:02:12.330+0000] {dag.py:3441} INFO - Setting next_dagrun for quarta_dag to None, run_after=None
[2024-10-10T18:02:12.352+0000] {processor.py:175} INFO - Processing /opt/airflow/dags/quartadag.py took 0.093 seconds
[2024-10-10T18:02:18.098+0000] {processor.py:153} INFO - Started process (PID=676) to work on /opt/airflow/dags/quartadag.py
[2024-10-10T18:02:18.099+0000] {processor.py:743} INFO - Processing file /opt/airflow/dags/quartadag.py for tasks to queue
[2024-10-10T18:02:18.099+0000] {logging_mixin.py:137} INFO - [2024-10-10T18:02:18.099+0000] {dagbag.py:538} INFO - Filling up the DagBag from /opt/airflow/dags/quartadag.py
[2024-10-10T18:02:18.110+0000] {processor.py:753} INFO - DAG(s) dict_keys(['quarta_dag']) retrieved from /opt/airflow/dags/quartadag.py
[2024-10-10T18:02:18.144+0000] {logging_mixin.py:137} INFO - [2024-10-10T18:02:18.143+0000] {dag.py:2690} INFO - Sync 1 DAGs
[2024-10-10T18:02:18.170+0000] {logging_mixin.py:137} INFO - [2024-10-10T18:02:18.170+0000] {dag.py:3441} INFO - Setting next_dagrun for quarta_dag to None, run_after=None
[2024-10-10T18:02:18.192+0000] {processor.py:175} INFO - Processing /opt/airflow/dags/quartadag.py took 0.098 seconds
[2024-10-10T18:02:24.043+0000] {processor.py:153} INFO - Started process (PID=692) to work on /opt/airflow/dags/quartadag.py
[2024-10-10T18:02:24.044+0000] {processor.py:743} INFO - Processing file /opt/airflow/dags/quartadag.py for tasks to queue
[2024-10-10T18:02:24.044+0000] {logging_mixin.py:137} INFO - [2024-10-10T18:02:24.044+0000] {dagbag.py:538} INFO - Filling up the DagBag from /opt/airflow/dags/quartadag.py
[2024-10-10T18:02:24.053+0000] {processor.py:753} INFO - DAG(s) dict_keys(['quarta_dag']) retrieved from /opt/airflow/dags/quartadag.py
[2024-10-10T18:02:24.075+0000] {logging_mixin.py:137} INFO - [2024-10-10T18:02:24.075+0000] {dag.py:2690} INFO - Sync 1 DAGs
[2024-10-10T18:02:24.103+0000] {logging_mixin.py:137} INFO - [2024-10-10T18:02:24.103+0000] {dag.py:3441} INFO - Setting next_dagrun for quarta_dag to None, run_after=None
[2024-10-10T18:02:24.129+0000] {processor.py:175} INFO - Processing /opt/airflow/dags/quartadag.py took 0.089 seconds
