[2024-10-10T17:58:51.306+0000] {processor.py:153} INFO - Started process (PID=54) to work on /opt/airflow/dags/segundadag.py
[2024-10-10T17:58:51.307+0000] {processor.py:743} INFO - Processing file /opt/airflow/dags/segundadag.py for tasks to queue
[2024-10-10T17:58:51.307+0000] {logging_mixin.py:137} INFO - [2024-10-10T17:58:51.307+0000] {dagbag.py:538} INFO - Filling up the DagBag from /opt/airflow/dags/segundadag.py
[2024-10-10T17:58:51.316+0000] {processor.py:753} INFO - DAG(s) dict_keys(['segunda_dag']) retrieved from /opt/airflow/dags/segundadag.py
[2024-10-10T17:58:51.396+0000] {logging_mixin.py:137} INFO - [2024-10-10T17:58:51.396+0000] {dag.py:2690} INFO - Sync 1 DAGs
[2024-10-10T17:58:51.415+0000] {logging_mixin.py:137} INFO - [2024-10-10T17:58:51.415+0000] {dag.py:3441} INFO - Setting next_dagrun for segunda_dag to None, run_after=None
[2024-10-10T17:58:51.438+0000] {processor.py:175} INFO - Processing /opt/airflow/dags/segundadag.py took 0.134 seconds
[2024-10-10T17:58:57.248+0000] {processor.py:153} INFO - Started process (PID=90) to work on /opt/airflow/dags/segundadag.py
[2024-10-10T17:58:57.248+0000] {processor.py:743} INFO - Processing file /opt/airflow/dags/segundadag.py for tasks to queue
[2024-10-10T17:58:57.249+0000] {logging_mixin.py:137} INFO - [2024-10-10T17:58:57.249+0000] {dagbag.py:538} INFO - Filling up the DagBag from /opt/airflow/dags/segundadag.py
[2024-10-10T17:58:57.259+0000] {processor.py:753} INFO - DAG(s) dict_keys(['segunda_dag']) retrieved from /opt/airflow/dags/segundadag.py
[2024-10-10T17:58:57.269+0000] {logging_mixin.py:137} INFO - [2024-10-10T17:58:57.269+0000] {dag.py:2690} INFO - Sync 1 DAGs
[2024-10-10T17:58:57.291+0000] {logging_mixin.py:137} INFO - [2024-10-10T17:58:57.291+0000] {dag.py:3441} INFO - Setting next_dagrun for segunda_dag to None, run_after=None
[2024-10-10T17:58:57.309+0000] {processor.py:175} INFO - Processing /opt/airflow/dags/segundadag.py took 0.065 seconds
[2024-10-10T17:59:03.001+0000] {processor.py:153} INFO - Started process (PID=106) to work on /opt/airflow/dags/segundadag.py
[2024-10-10T17:59:03.002+0000] {processor.py:743} INFO - Processing file /opt/airflow/dags/segundadag.py for tasks to queue
[2024-10-10T17:59:03.002+0000] {logging_mixin.py:137} INFO - [2024-10-10T17:59:03.002+0000] {dagbag.py:538} INFO - Filling up the DagBag from /opt/airflow/dags/segundadag.py
[2024-10-10T17:59:03.012+0000] {processor.py:753} INFO - DAG(s) dict_keys(['segunda_dag']) retrieved from /opt/airflow/dags/segundadag.py
[2024-10-10T17:59:03.024+0000] {logging_mixin.py:137} INFO - [2024-10-10T17:59:03.024+0000] {dag.py:2690} INFO - Sync 1 DAGs
[2024-10-10T17:59:03.055+0000] {logging_mixin.py:137} INFO - [2024-10-10T17:59:03.055+0000] {dag.py:3441} INFO - Setting next_dagrun for segunda_dag to None, run_after=None
[2024-10-10T17:59:03.077+0000] {processor.py:175} INFO - Processing /opt/airflow/dags/segundadag.py took 0.077 seconds
[2024-10-10T18:00:01.814+0000] {processor.py:153} INFO - Started process (PID=54) to work on /opt/airflow/dags/segundadag.py
[2024-10-10T18:00:01.815+0000] {processor.py:743} INFO - Processing file /opt/airflow/dags/segundadag.py for tasks to queue
[2024-10-10T18:00:01.816+0000] {logging_mixin.py:137} INFO - [2024-10-10T18:00:01.816+0000] {dagbag.py:538} INFO - Filling up the DagBag from /opt/airflow/dags/segundadag.py
[2024-10-10T18:00:01.829+0000] {processor.py:753} INFO - DAG(s) dict_keys(['segunda_dag']) retrieved from /opt/airflow/dags/segundadag.py
[2024-10-10T18:00:01.897+0000] {logging_mixin.py:137} INFO - [2024-10-10T18:00:01.897+0000] {dag.py:2690} INFO - Sync 1 DAGs
[2024-10-10T18:00:01.919+0000] {logging_mixin.py:137} INFO - [2024-10-10T18:00:01.919+0000] {dag.py:3441} INFO - Setting next_dagrun for segunda_dag to None, run_after=None
[2024-10-10T18:00:01.949+0000] {processor.py:175} INFO - Processing /opt/airflow/dags/segundadag.py took 0.138 seconds
[2024-10-10T18:00:06.986+0000] {processor.py:153} INFO - Started process (PID=90) to work on /opt/airflow/dags/segundadag.py
[2024-10-10T18:00:06.988+0000] {processor.py:743} INFO - Processing file /opt/airflow/dags/segundadag.py for tasks to queue
[2024-10-10T18:00:06.988+0000] {logging_mixin.py:137} INFO - [2024-10-10T18:00:06.988+0000] {dagbag.py:538} INFO - Filling up the DagBag from /opt/airflow/dags/segundadag.py
[2024-10-10T18:00:07.008+0000] {processor.py:753} INFO - DAG(s) dict_keys(['segunda_dag']) retrieved from /opt/airflow/dags/segundadag.py
[2024-10-10T18:00:07.025+0000] {logging_mixin.py:137} INFO - [2024-10-10T18:00:07.024+0000] {dag.py:2690} INFO - Sync 1 DAGs
[2024-10-10T18:00:07.057+0000] {logging_mixin.py:137} INFO - [2024-10-10T18:00:07.057+0000] {dag.py:3441} INFO - Setting next_dagrun for segunda_dag to None, run_after=None
[2024-10-10T18:00:07.082+0000] {processor.py:175} INFO - Processing /opt/airflow/dags/segundadag.py took 0.099 seconds
[2024-10-10T18:00:12.123+0000] {processor.py:153} INFO - Started process (PID=106) to work on /opt/airflow/dags/segundadag.py
[2024-10-10T18:00:12.124+0000] {processor.py:743} INFO - Processing file /opt/airflow/dags/segundadag.py for tasks to queue
[2024-10-10T18:00:12.124+0000] {logging_mixin.py:137} INFO - [2024-10-10T18:00:12.124+0000] {dagbag.py:538} INFO - Filling up the DagBag from /opt/airflow/dags/segundadag.py
[2024-10-10T18:00:12.134+0000] {processor.py:753} INFO - DAG(s) dict_keys(['segunda_dag']) retrieved from /opt/airflow/dags/segundadag.py
[2024-10-10T18:00:12.148+0000] {logging_mixin.py:137} INFO - [2024-10-10T18:00:12.148+0000] {dag.py:2690} INFO - Sync 1 DAGs
[2024-10-10T18:00:12.170+0000] {logging_mixin.py:137} INFO - [2024-10-10T18:00:12.170+0000] {dag.py:3441} INFO - Setting next_dagrun for segunda_dag to None, run_after=None
[2024-10-10T18:00:12.195+0000] {processor.py:175} INFO - Processing /opt/airflow/dags/segundadag.py took 0.075 seconds
[2024-10-10T18:00:17.255+0000] {processor.py:153} INFO - Started process (PID=122) to work on /opt/airflow/dags/segundadag.py
[2024-10-10T18:00:17.256+0000] {processor.py:743} INFO - Processing file /opt/airflow/dags/segundadag.py for tasks to queue
[2024-10-10T18:00:17.257+0000] {logging_mixin.py:137} INFO - [2024-10-10T18:00:17.257+0000] {dagbag.py:538} INFO - Filling up the DagBag from /opt/airflow/dags/segundadag.py
[2024-10-10T18:00:17.273+0000] {processor.py:753} INFO - DAG(s) dict_keys(['segunda_dag']) retrieved from /opt/airflow/dags/segundadag.py
[2024-10-10T18:00:17.286+0000] {logging_mixin.py:137} INFO - [2024-10-10T18:00:17.286+0000] {dag.py:2690} INFO - Sync 1 DAGs
[2024-10-10T18:00:17.314+0000] {logging_mixin.py:137} INFO - [2024-10-10T18:00:17.313+0000] {dag.py:3441} INFO - Setting next_dagrun for segunda_dag to None, run_after=None
[2024-10-10T18:00:17.336+0000] {processor.py:175} INFO - Processing /opt/airflow/dags/segundadag.py took 0.084 seconds
[2024-10-10T18:00:23.184+0000] {processor.py:153} INFO - Started process (PID=158) to work on /opt/airflow/dags/segundadag.py
[2024-10-10T18:00:23.185+0000] {processor.py:743} INFO - Processing file /opt/airflow/dags/segundadag.py for tasks to queue
[2024-10-10T18:00:23.185+0000] {logging_mixin.py:137} INFO - [2024-10-10T18:00:23.185+0000] {dagbag.py:538} INFO - Filling up the DagBag from /opt/airflow/dags/segundadag.py
[2024-10-10T18:00:23.195+0000] {processor.py:753} INFO - DAG(s) dict_keys(['segunda_dag']) retrieved from /opt/airflow/dags/segundadag.py
[2024-10-10T18:00:23.210+0000] {logging_mixin.py:137} INFO - [2024-10-10T18:00:23.210+0000] {dag.py:2690} INFO - Sync 1 DAGs
[2024-10-10T18:00:23.232+0000] {logging_mixin.py:137} INFO - [2024-10-10T18:00:23.232+0000] {dag.py:3441} INFO - Setting next_dagrun for segunda_dag to None, run_after=None
[2024-10-10T18:00:23.256+0000] {processor.py:175} INFO - Processing /opt/airflow/dags/segundadag.py took 0.074 seconds
[2024-10-10T18:00:28.973+0000] {processor.py:153} INFO - Started process (PID=174) to work on /opt/airflow/dags/segundadag.py
[2024-10-10T18:00:28.974+0000] {processor.py:743} INFO - Processing file /opt/airflow/dags/segundadag.py for tasks to queue
[2024-10-10T18:00:28.975+0000] {logging_mixin.py:137} INFO - [2024-10-10T18:00:28.975+0000] {dagbag.py:538} INFO - Filling up the DagBag from /opt/airflow/dags/segundadag.py
[2024-10-10T18:00:28.990+0000] {processor.py:753} INFO - DAG(s) dict_keys(['segunda_dag']) retrieved from /opt/airflow/dags/segundadag.py
[2024-10-10T18:00:29.004+0000] {logging_mixin.py:137} INFO - [2024-10-10T18:00:29.004+0000] {dag.py:2690} INFO - Sync 1 DAGs
[2024-10-10T18:00:29.034+0000] {logging_mixin.py:137} INFO - [2024-10-10T18:00:29.034+0000] {dag.py:3441} INFO - Setting next_dagrun for segunda_dag to None, run_after=None
[2024-10-10T18:00:29.054+0000] {processor.py:175} INFO - Processing /opt/airflow/dags/segundadag.py took 0.084 seconds
[2024-10-10T18:00:34.911+0000] {processor.py:153} INFO - Started process (PID=210) to work on /opt/airflow/dags/segundadag.py
[2024-10-10T18:00:34.912+0000] {processor.py:743} INFO - Processing file /opt/airflow/dags/segundadag.py for tasks to queue
[2024-10-10T18:00:34.912+0000] {logging_mixin.py:137} INFO - [2024-10-10T18:00:34.912+0000] {dagbag.py:538} INFO - Filling up the DagBag from /opt/airflow/dags/segundadag.py
[2024-10-10T18:00:34.925+0000] {processor.py:753} INFO - DAG(s) dict_keys(['segunda_dag']) retrieved from /opt/airflow/dags/segundadag.py
[2024-10-10T18:00:34.950+0000] {logging_mixin.py:137} INFO - [2024-10-10T18:00:34.950+0000] {dag.py:2690} INFO - Sync 1 DAGs
[2024-10-10T18:00:34.978+0000] {logging_mixin.py:137} INFO - [2024-10-10T18:00:34.977+0000] {dag.py:3441} INFO - Setting next_dagrun for segunda_dag to None, run_after=None
[2024-10-10T18:00:34.997+0000] {processor.py:175} INFO - Processing /opt/airflow/dags/segundadag.py took 0.090 seconds
[2024-10-10T18:00:40.987+0000] {processor.py:153} INFO - Started process (PID=226) to work on /opt/airflow/dags/segundadag.py
[2024-10-10T18:00:40.989+0000] {processor.py:743} INFO - Processing file /opt/airflow/dags/segundadag.py for tasks to queue
[2024-10-10T18:00:40.989+0000] {logging_mixin.py:137} INFO - [2024-10-10T18:00:40.989+0000] {dagbag.py:538} INFO - Filling up the DagBag from /opt/airflow/dags/segundadag.py
[2024-10-10T18:00:41.004+0000] {processor.py:753} INFO - DAG(s) dict_keys(['segunda_dag']) retrieved from /opt/airflow/dags/segundadag.py
[2024-10-10T18:00:41.031+0000] {logging_mixin.py:137} INFO - [2024-10-10T18:00:41.031+0000] {dag.py:2690} INFO - Sync 1 DAGs
[2024-10-10T18:00:41.059+0000] {logging_mixin.py:137} INFO - [2024-10-10T18:00:41.059+0000] {dag.py:3441} INFO - Setting next_dagrun for segunda_dag to None, run_after=None
[2024-10-10T18:00:41.079+0000] {processor.py:175} INFO - Processing /opt/airflow/dags/segundadag.py took 0.095 seconds
[2024-10-10T18:00:46.110+0000] {processor.py:153} INFO - Started process (PID=261) to work on /opt/airflow/dags/segundadag.py
[2024-10-10T18:00:46.111+0000] {processor.py:743} INFO - Processing file /opt/airflow/dags/segundadag.py for tasks to queue
[2024-10-10T18:00:46.112+0000] {logging_mixin.py:137} INFO - [2024-10-10T18:00:46.111+0000] {dagbag.py:538} INFO - Filling up the DagBag from /opt/airflow/dags/segundadag.py
[2024-10-10T18:00:46.127+0000] {processor.py:753} INFO - DAG(s) dict_keys(['segunda_dag']) retrieved from /opt/airflow/dags/segundadag.py
[2024-10-10T18:00:46.156+0000] {logging_mixin.py:137} INFO - [2024-10-10T18:00:46.156+0000] {dag.py:2690} INFO - Sync 1 DAGs
[2024-10-10T18:00:46.185+0000] {logging_mixin.py:137} INFO - [2024-10-10T18:00:46.185+0000] {dag.py:3441} INFO - Setting next_dagrun for segunda_dag to None, run_after=None
[2024-10-10T18:00:46.205+0000] {processor.py:175} INFO - Processing /opt/airflow/dags/segundadag.py took 0.098 seconds
[2024-10-10T18:00:51.225+0000] {processor.py:153} INFO - Started process (PID=277) to work on /opt/airflow/dags/segundadag.py
[2024-10-10T18:00:51.226+0000] {processor.py:743} INFO - Processing file /opt/airflow/dags/segundadag.py for tasks to queue
[2024-10-10T18:00:51.227+0000] {logging_mixin.py:137} INFO - [2024-10-10T18:00:51.227+0000] {dagbag.py:538} INFO - Filling up the DagBag from /opt/airflow/dags/segundadag.py
[2024-10-10T18:00:51.237+0000] {processor.py:753} INFO - DAG(s) dict_keys(['segunda_dag']) retrieved from /opt/airflow/dags/segundadag.py
[2024-10-10T18:00:51.265+0000] {logging_mixin.py:137} INFO - [2024-10-10T18:00:51.264+0000] {dag.py:2690} INFO - Sync 1 DAGs
[2024-10-10T18:00:51.295+0000] {logging_mixin.py:137} INFO - [2024-10-10T18:00:51.295+0000] {dag.py:3441} INFO - Setting next_dagrun for segunda_dag to None, run_after=None
[2024-10-10T18:00:51.314+0000] {processor.py:175} INFO - Processing /opt/airflow/dags/segundadag.py took 0.090 seconds
[2024-10-10T18:00:56.422+0000] {processor.py:153} INFO - Started process (PID=313) to work on /opt/airflow/dags/segundadag.py
[2024-10-10T18:00:56.423+0000] {processor.py:743} INFO - Processing file /opt/airflow/dags/segundadag.py for tasks to queue
[2024-10-10T18:00:56.423+0000] {logging_mixin.py:137} INFO - [2024-10-10T18:00:56.423+0000] {dagbag.py:538} INFO - Filling up the DagBag from /opt/airflow/dags/segundadag.py
[2024-10-10T18:00:56.435+0000] {processor.py:753} INFO - DAG(s) dict_keys(['segunda_dag']) retrieved from /opt/airflow/dags/segundadag.py
[2024-10-10T18:00:56.462+0000] {logging_mixin.py:137} INFO - [2024-10-10T18:00:56.462+0000] {dag.py:2690} INFO - Sync 1 DAGs
[2024-10-10T18:00:56.492+0000] {logging_mixin.py:137} INFO - [2024-10-10T18:00:56.491+0000] {dag.py:3441} INFO - Setting next_dagrun for segunda_dag to None, run_after=None
[2024-10-10T18:00:56.513+0000] {processor.py:175} INFO - Processing /opt/airflow/dags/segundadag.py took 0.095 seconds
[2024-10-10T18:01:01.547+0000] {processor.py:153} INFO - Started process (PID=329) to work on /opt/airflow/dags/segundadag.py
[2024-10-10T18:01:01.548+0000] {processor.py:743} INFO - Processing file /opt/airflow/dags/segundadag.py for tasks to queue
[2024-10-10T18:01:01.548+0000] {logging_mixin.py:137} INFO - [2024-10-10T18:01:01.548+0000] {dagbag.py:538} INFO - Filling up the DagBag from /opt/airflow/dags/segundadag.py
[2024-10-10T18:01:01.558+0000] {processor.py:753} INFO - DAG(s) dict_keys(['segunda_dag']) retrieved from /opt/airflow/dags/segundadag.py
[2024-10-10T18:01:01.584+0000] {logging_mixin.py:137} INFO - [2024-10-10T18:01:01.583+0000] {dag.py:2690} INFO - Sync 1 DAGs
[2024-10-10T18:01:01.614+0000] {logging_mixin.py:137} INFO - [2024-10-10T18:01:01.614+0000] {dag.py:3441} INFO - Setting next_dagrun for segunda_dag to None, run_after=None
[2024-10-10T18:01:01.638+0000] {processor.py:175} INFO - Processing /opt/airflow/dags/segundadag.py took 0.094 seconds
[2024-10-10T18:01:07.473+0000] {processor.py:153} INFO - Started process (PID=365) to work on /opt/airflow/dags/segundadag.py
[2024-10-10T18:01:07.474+0000] {processor.py:743} INFO - Processing file /opt/airflow/dags/segundadag.py for tasks to queue
[2024-10-10T18:01:07.475+0000] {logging_mixin.py:137} INFO - [2024-10-10T18:01:07.475+0000] {dagbag.py:538} INFO - Filling up the DagBag from /opt/airflow/dags/segundadag.py
[2024-10-10T18:01:07.488+0000] {processor.py:753} INFO - DAG(s) dict_keys(['segunda_dag']) retrieved from /opt/airflow/dags/segundadag.py
[2024-10-10T18:01:07.515+0000] {logging_mixin.py:137} INFO - [2024-10-10T18:01:07.515+0000] {dag.py:2690} INFO - Sync 1 DAGs
[2024-10-10T18:01:07.544+0000] {logging_mixin.py:137} INFO - [2024-10-10T18:01:07.544+0000] {dag.py:3441} INFO - Setting next_dagrun for segunda_dag to None, run_after=None
[2024-10-10T18:01:07.560+0000] {processor.py:175} INFO - Processing /opt/airflow/dags/segundadag.py took 0.090 seconds
[2024-10-10T18:01:13.424+0000] {processor.py:153} INFO - Started process (PID=381) to work on /opt/airflow/dags/segundadag.py
[2024-10-10T18:01:13.425+0000] {processor.py:743} INFO - Processing file /opt/airflow/dags/segundadag.py for tasks to queue
[2024-10-10T18:01:13.425+0000] {logging_mixin.py:137} INFO - [2024-10-10T18:01:13.425+0000] {dagbag.py:538} INFO - Filling up the DagBag from /opt/airflow/dags/segundadag.py
[2024-10-10T18:01:13.435+0000] {processor.py:753} INFO - DAG(s) dict_keys(['segunda_dag']) retrieved from /opt/airflow/dags/segundadag.py
[2024-10-10T18:01:13.464+0000] {logging_mixin.py:137} INFO - [2024-10-10T18:01:13.464+0000] {dag.py:2690} INFO - Sync 1 DAGs
[2024-10-10T18:01:13.487+0000] {logging_mixin.py:137} INFO - [2024-10-10T18:01:13.486+0000] {dag.py:3441} INFO - Setting next_dagrun for segunda_dag to None, run_after=None
[2024-10-10T18:01:13.505+0000] {processor.py:175} INFO - Processing /opt/airflow/dags/segundadag.py took 0.083 seconds
[2024-10-10T18:01:19.327+0000] {processor.py:153} INFO - Started process (PID=417) to work on /opt/airflow/dags/segundadag.py
[2024-10-10T18:01:19.328+0000] {processor.py:743} INFO - Processing file /opt/airflow/dags/segundadag.py for tasks to queue
[2024-10-10T18:01:19.328+0000] {logging_mixin.py:137} INFO - [2024-10-10T18:01:19.328+0000] {dagbag.py:538} INFO - Filling up the DagBag from /opt/airflow/dags/segundadag.py
[2024-10-10T18:01:19.337+0000] {processor.py:753} INFO - DAG(s) dict_keys(['segunda_dag']) retrieved from /opt/airflow/dags/segundadag.py
[2024-10-10T18:01:19.356+0000] {logging_mixin.py:137} INFO - [2024-10-10T18:01:19.356+0000] {dag.py:2690} INFO - Sync 1 DAGs
[2024-10-10T18:01:19.378+0000] {logging_mixin.py:137} INFO - [2024-10-10T18:01:19.377+0000] {dag.py:3441} INFO - Setting next_dagrun for segunda_dag to None, run_after=None
[2024-10-10T18:01:19.400+0000] {processor.py:175} INFO - Processing /opt/airflow/dags/segundadag.py took 0.075 seconds
[2024-10-10T18:01:25.252+0000] {processor.py:153} INFO - Started process (PID=433) to work on /opt/airflow/dags/segundadag.py
[2024-10-10T18:01:25.253+0000] {processor.py:743} INFO - Processing file /opt/airflow/dags/segundadag.py for tasks to queue
[2024-10-10T18:01:25.254+0000] {logging_mixin.py:137} INFO - [2024-10-10T18:01:25.254+0000] {dagbag.py:538} INFO - Filling up the DagBag from /opt/airflow/dags/segundadag.py
[2024-10-10T18:01:25.269+0000] {processor.py:753} INFO - DAG(s) dict_keys(['segunda_dag']) retrieved from /opt/airflow/dags/segundadag.py
[2024-10-10T18:01:25.294+0000] {logging_mixin.py:137} INFO - [2024-10-10T18:01:25.294+0000] {dag.py:2690} INFO - Sync 1 DAGs
[2024-10-10T18:01:25.313+0000] {logging_mixin.py:137} INFO - [2024-10-10T18:01:25.313+0000] {dag.py:3441} INFO - Setting next_dagrun for segunda_dag to None, run_after=None
[2024-10-10T18:01:25.335+0000] {processor.py:175} INFO - Processing /opt/airflow/dags/segundadag.py took 0.086 seconds
[2024-10-10T18:01:31.049+0000] {processor.py:153} INFO - Started process (PID=469) to work on /opt/airflow/dags/segundadag.py
[2024-10-10T18:01:31.050+0000] {processor.py:743} INFO - Processing file /opt/airflow/dags/segundadag.py for tasks to queue
[2024-10-10T18:01:31.051+0000] {logging_mixin.py:137} INFO - [2024-10-10T18:01:31.050+0000] {dagbag.py:538} INFO - Filling up the DagBag from /opt/airflow/dags/segundadag.py
[2024-10-10T18:01:31.059+0000] {processor.py:753} INFO - DAG(s) dict_keys(['segunda_dag']) retrieved from /opt/airflow/dags/segundadag.py
[2024-10-10T18:01:31.085+0000] {logging_mixin.py:137} INFO - [2024-10-10T18:01:31.084+0000] {dag.py:2690} INFO - Sync 1 DAGs
[2024-10-10T18:01:31.104+0000] {logging_mixin.py:137} INFO - [2024-10-10T18:01:31.104+0000] {dag.py:3441} INFO - Setting next_dagrun for segunda_dag to None, run_after=None
[2024-10-10T18:01:31.116+0000] {processor.py:175} INFO - Processing /opt/airflow/dags/segundadag.py took 0.070 seconds
[2024-10-10T18:01:36.951+0000] {processor.py:153} INFO - Started process (PID=485) to work on /opt/airflow/dags/segundadag.py
[2024-10-10T18:01:36.951+0000] {processor.py:743} INFO - Processing file /opt/airflow/dags/segundadag.py for tasks to queue
[2024-10-10T18:01:36.952+0000] {logging_mixin.py:137} INFO - [2024-10-10T18:01:36.951+0000] {dagbag.py:538} INFO - Filling up the DagBag from /opt/airflow/dags/segundadag.py
[2024-10-10T18:01:36.961+0000] {processor.py:753} INFO - DAG(s) dict_keys(['segunda_dag']) retrieved from /opt/airflow/dags/segundadag.py
[2024-10-10T18:01:36.983+0000] {logging_mixin.py:137} INFO - [2024-10-10T18:01:36.983+0000] {dag.py:2690} INFO - Sync 1 DAGs
[2024-10-10T18:01:37.007+0000] {logging_mixin.py:137} INFO - [2024-10-10T18:01:37.006+0000] {dag.py:3441} INFO - Setting next_dagrun for segunda_dag to None, run_after=None
[2024-10-10T18:01:37.025+0000] {processor.py:175} INFO - Processing /opt/airflow/dags/segundadag.py took 0.076 seconds
[2024-10-10T18:01:42.729+0000] {processor.py:153} INFO - Started process (PID=521) to work on /opt/airflow/dags/segundadag.py
[2024-10-10T18:01:42.729+0000] {processor.py:743} INFO - Processing file /opt/airflow/dags/segundadag.py for tasks to queue
[2024-10-10T18:01:42.730+0000] {logging_mixin.py:137} INFO - [2024-10-10T18:01:42.729+0000] {dagbag.py:538} INFO - Filling up the DagBag from /opt/airflow/dags/segundadag.py
[2024-10-10T18:01:42.740+0000] {processor.py:753} INFO - DAG(s) dict_keys(['segunda_dag']) retrieved from /opt/airflow/dags/segundadag.py
[2024-10-10T18:01:42.763+0000] {logging_mixin.py:137} INFO - [2024-10-10T18:01:42.763+0000] {dag.py:2690} INFO - Sync 1 DAGs
[2024-10-10T18:01:42.783+0000] {logging_mixin.py:137} INFO - [2024-10-10T18:01:42.783+0000] {dag.py:3441} INFO - Setting next_dagrun for segunda_dag to None, run_after=None
[2024-10-10T18:01:42.806+0000] {processor.py:175} INFO - Processing /opt/airflow/dags/segundadag.py took 0.080 seconds
[2024-10-10T18:01:48.600+0000] {processor.py:153} INFO - Started process (PID=537) to work on /opt/airflow/dags/segundadag.py
[2024-10-10T18:01:48.601+0000] {processor.py:743} INFO - Processing file /opt/airflow/dags/segundadag.py for tasks to queue
[2024-10-10T18:01:48.601+0000] {logging_mixin.py:137} INFO - [2024-10-10T18:01:48.601+0000] {dagbag.py:538} INFO - Filling up the DagBag from /opt/airflow/dags/segundadag.py
[2024-10-10T18:01:48.612+0000] {processor.py:753} INFO - DAG(s) dict_keys(['segunda_dag']) retrieved from /opt/airflow/dags/segundadag.py
[2024-10-10T18:01:48.629+0000] {logging_mixin.py:137} INFO - [2024-10-10T18:01:48.629+0000] {dag.py:2690} INFO - Sync 1 DAGs
[2024-10-10T18:01:48.647+0000] {logging_mixin.py:137} INFO - [2024-10-10T18:01:48.647+0000] {dag.py:3441} INFO - Setting next_dagrun for segunda_dag to None, run_after=None
[2024-10-10T18:01:48.669+0000] {processor.py:175} INFO - Processing /opt/airflow/dags/segundadag.py took 0.072 seconds
[2024-10-10T18:01:54.524+0000] {processor.py:153} INFO - Started process (PID=573) to work on /opt/airflow/dags/segundadag.py
[2024-10-10T18:01:54.525+0000] {processor.py:743} INFO - Processing file /opt/airflow/dags/segundadag.py for tasks to queue
[2024-10-10T18:01:54.525+0000] {logging_mixin.py:137} INFO - [2024-10-10T18:01:54.525+0000] {dagbag.py:538} INFO - Filling up the DagBag from /opt/airflow/dags/segundadag.py
[2024-10-10T18:01:54.537+0000] {processor.py:753} INFO - DAG(s) dict_keys(['segunda_dag']) retrieved from /opt/airflow/dags/segundadag.py
[2024-10-10T18:01:54.562+0000] {logging_mixin.py:137} INFO - [2024-10-10T18:01:54.562+0000] {dag.py:2690} INFO - Sync 1 DAGs
[2024-10-10T18:01:54.585+0000] {logging_mixin.py:137} INFO - [2024-10-10T18:01:54.585+0000] {dag.py:3441} INFO - Setting next_dagrun for segunda_dag to None, run_after=None
[2024-10-10T18:01:54.602+0000] {processor.py:175} INFO - Processing /opt/airflow/dags/segundadag.py took 0.080 seconds
[2024-10-10T18:02:00.399+0000] {processor.py:153} INFO - Started process (PID=589) to work on /opt/airflow/dags/segundadag.py
[2024-10-10T18:02:00.401+0000] {processor.py:743} INFO - Processing file /opt/airflow/dags/segundadag.py for tasks to queue
[2024-10-10T18:02:00.401+0000] {logging_mixin.py:137} INFO - [2024-10-10T18:02:00.401+0000] {dagbag.py:538} INFO - Filling up the DagBag from /opt/airflow/dags/segundadag.py
[2024-10-10T18:02:00.413+0000] {processor.py:753} INFO - DAG(s) dict_keys(['segunda_dag']) retrieved from /opt/airflow/dags/segundadag.py
[2024-10-10T18:02:00.441+0000] {logging_mixin.py:137} INFO - [2024-10-10T18:02:00.441+0000] {dag.py:2690} INFO - Sync 1 DAGs
[2024-10-10T18:02:00.472+0000] {logging_mixin.py:137} INFO - [2024-10-10T18:02:00.472+0000] {dag.py:3441} INFO - Setting next_dagrun for segunda_dag to None, run_after=None
[2024-10-10T18:02:00.496+0000] {processor.py:175} INFO - Processing /opt/airflow/dags/segundadag.py took 0.100 seconds
[2024-10-10T18:02:06.392+0000] {processor.py:153} INFO - Started process (PID=625) to work on /opt/airflow/dags/segundadag.py
[2024-10-10T18:02:06.393+0000] {processor.py:743} INFO - Processing file /opt/airflow/dags/segundadag.py for tasks to queue
[2024-10-10T18:02:06.393+0000] {logging_mixin.py:137} INFO - [2024-10-10T18:02:06.393+0000] {dagbag.py:538} INFO - Filling up the DagBag from /opt/airflow/dags/segundadag.py
[2024-10-10T18:02:06.402+0000] {processor.py:753} INFO - DAG(s) dict_keys(['segunda_dag']) retrieved from /opt/airflow/dags/segundadag.py
[2024-10-10T18:02:06.430+0000] {logging_mixin.py:137} INFO - [2024-10-10T18:02:06.430+0000] {dag.py:2690} INFO - Sync 1 DAGs
[2024-10-10T18:02:06.453+0000] {logging_mixin.py:137} INFO - [2024-10-10T18:02:06.453+0000] {dag.py:3441} INFO - Setting next_dagrun for segunda_dag to None, run_after=None
[2024-10-10T18:02:06.474+0000] {processor.py:175} INFO - Processing /opt/airflow/dags/segundadag.py took 0.084 seconds
[2024-10-10T18:02:12.365+0000] {processor.py:153} INFO - Started process (PID=641) to work on /opt/airflow/dags/segundadag.py
[2024-10-10T18:02:12.366+0000] {processor.py:743} INFO - Processing file /opt/airflow/dags/segundadag.py for tasks to queue
[2024-10-10T18:02:12.366+0000] {logging_mixin.py:137} INFO - [2024-10-10T18:02:12.366+0000] {dagbag.py:538} INFO - Filling up the DagBag from /opt/airflow/dags/segundadag.py
[2024-10-10T18:02:12.378+0000] {processor.py:753} INFO - DAG(s) dict_keys(['segunda_dag']) retrieved from /opt/airflow/dags/segundadag.py
[2024-10-10T18:02:12.402+0000] {logging_mixin.py:137} INFO - [2024-10-10T18:02:12.401+0000] {dag.py:2690} INFO - Sync 1 DAGs
[2024-10-10T18:02:12.428+0000] {logging_mixin.py:137} INFO - [2024-10-10T18:02:12.428+0000] {dag.py:3441} INFO - Setting next_dagrun for segunda_dag to None, run_after=None
[2024-10-10T18:02:12.449+0000] {processor.py:175} INFO - Processing /opt/airflow/dags/segundadag.py took 0.087 seconds
[2024-10-10T18:02:18.212+0000] {processor.py:153} INFO - Started process (PID=677) to work on /opt/airflow/dags/segundadag.py
[2024-10-10T18:02:18.213+0000] {processor.py:743} INFO - Processing file /opt/airflow/dags/segundadag.py for tasks to queue
[2024-10-10T18:02:18.214+0000] {logging_mixin.py:137} INFO - [2024-10-10T18:02:18.213+0000] {dagbag.py:538} INFO - Filling up the DagBag from /opt/airflow/dags/segundadag.py
[2024-10-10T18:02:18.230+0000] {processor.py:753} INFO - DAG(s) dict_keys(['segunda_dag']) retrieved from /opt/airflow/dags/segundadag.py
[2024-10-10T18:02:18.255+0000] {logging_mixin.py:137} INFO - [2024-10-10T18:02:18.255+0000] {dag.py:2690} INFO - Sync 1 DAGs
[2024-10-10T18:02:18.283+0000] {logging_mixin.py:137} INFO - [2024-10-10T18:02:18.283+0000] {dag.py:3441} INFO - Setting next_dagrun for segunda_dag to None, run_after=None
[2024-10-10T18:02:18.304+0000] {processor.py:175} INFO - Processing /opt/airflow/dags/segundadag.py took 0.096 seconds
[2024-10-10T18:02:24.154+0000] {processor.py:153} INFO - Started process (PID=693) to work on /opt/airflow/dags/segundadag.py
[2024-10-10T18:02:24.155+0000] {processor.py:743} INFO - Processing file /opt/airflow/dags/segundadag.py for tasks to queue
[2024-10-10T18:02:24.156+0000] {logging_mixin.py:137} INFO - [2024-10-10T18:02:24.156+0000] {dagbag.py:538} INFO - Filling up the DagBag from /opt/airflow/dags/segundadag.py
[2024-10-10T18:02:24.175+0000] {processor.py:753} INFO - DAG(s) dict_keys(['segunda_dag']) retrieved from /opt/airflow/dags/segundadag.py
[2024-10-10T18:02:24.201+0000] {logging_mixin.py:137} INFO - [2024-10-10T18:02:24.201+0000] {dag.py:2690} INFO - Sync 1 DAGs
[2024-10-10T18:02:24.230+0000] {logging_mixin.py:137} INFO - [2024-10-10T18:02:24.230+0000] {dag.py:3441} INFO - Setting next_dagrun for segunda_dag to None, run_after=None
[2024-10-10T18:02:24.253+0000] {processor.py:175} INFO - Processing /opt/airflow/dags/segundadag.py took 0.102 seconds
