[2024-10-10T17:58:51.362+0000] {processor.py:153} INFO - Started process (PID=55) to work on /opt/airflow/dags/terceiradag.py
[2024-10-10T17:58:51.363+0000] {processor.py:743} INFO - Processing file /opt/airflow/dags/terceiradag.py for tasks to queue
[2024-10-10T17:58:51.364+0000] {logging_mixin.py:137} INFO - [2024-10-10T17:58:51.364+0000] {dagbag.py:538} INFO - Filling up the DagBag from /opt/airflow/dags/terceiradag.py
[2024-10-10T17:58:51.374+0000] {processor.py:753} INFO - DAG(s) dict_keys(['terceira_dag']) retrieved from /opt/airflow/dags/terceiradag.py
[2024-10-10T17:58:51.439+0000] {logging_mixin.py:137} INFO - [2024-10-10T17:58:51.439+0000] {dag.py:2690} INFO - Sync 1 DAGs
[2024-10-10T17:58:51.471+0000] {logging_mixin.py:137} INFO - [2024-10-10T17:58:51.471+0000] {dag.py:3441} INFO - Setting next_dagrun for terceira_dag to None, run_after=None
[2024-10-10T17:58:51.495+0000] {processor.py:175} INFO - Processing /opt/airflow/dags/terceiradag.py took 0.137 seconds
[2024-10-10T17:58:57.329+0000] {processor.py:153} INFO - Started process (PID=91) to work on /opt/airflow/dags/terceiradag.py
[2024-10-10T17:58:57.330+0000] {processor.py:743} INFO - Processing file /opt/airflow/dags/terceiradag.py for tasks to queue
[2024-10-10T17:58:57.330+0000] {logging_mixin.py:137} INFO - [2024-10-10T17:58:57.330+0000] {dagbag.py:538} INFO - Filling up the DagBag from /opt/airflow/dags/terceiradag.py
[2024-10-10T17:58:57.343+0000] {processor.py:753} INFO - DAG(s) dict_keys(['terceira_dag']) retrieved from /opt/airflow/dags/terceiradag.py
[2024-10-10T17:58:57.357+0000] {logging_mixin.py:137} INFO - [2024-10-10T17:58:57.356+0000] {dag.py:2690} INFO - Sync 1 DAGs
[2024-10-10T17:58:57.387+0000] {logging_mixin.py:137} INFO - [2024-10-10T17:58:57.386+0000] {dag.py:3441} INFO - Setting next_dagrun for terceira_dag to None, run_after=None
[2024-10-10T17:58:57.398+0000] {processor.py:175} INFO - Processing /opt/airflow/dags/terceiradag.py took 0.072 seconds
[2024-10-10T17:59:03.032+0000] {processor.py:153} INFO - Started process (PID=107) to work on /opt/airflow/dags/terceiradag.py
[2024-10-10T17:59:03.034+0000] {processor.py:743} INFO - Processing file /opt/airflow/dags/terceiradag.py for tasks to queue
[2024-10-10T17:59:03.034+0000] {logging_mixin.py:137} INFO - [2024-10-10T17:59:03.034+0000] {dagbag.py:538} INFO - Filling up the DagBag from /opt/airflow/dags/terceiradag.py
[2024-10-10T17:59:03.050+0000] {processor.py:753} INFO - DAG(s) dict_keys(['terceira_dag']) retrieved from /opt/airflow/dags/terceiradag.py
[2024-10-10T17:59:03.061+0000] {logging_mixin.py:137} INFO - [2024-10-10T17:59:03.061+0000] {dag.py:2690} INFO - Sync 1 DAGs
[2024-10-10T17:59:03.079+0000] {logging_mixin.py:137} INFO - [2024-10-10T17:59:03.079+0000] {dag.py:3441} INFO - Setting next_dagrun for terceira_dag to None, run_after=None
[2024-10-10T17:59:03.102+0000] {processor.py:175} INFO - Processing /opt/airflow/dags/terceiradag.py took 0.072 seconds
[2024-10-10T18:00:01.819+0000] {processor.py:153} INFO - Started process (PID=55) to work on /opt/airflow/dags/terceiradag.py
[2024-10-10T18:00:01.820+0000] {processor.py:743} INFO - Processing file /opt/airflow/dags/terceiradag.py for tasks to queue
[2024-10-10T18:00:01.821+0000] {logging_mixin.py:137} INFO - [2024-10-10T18:00:01.820+0000] {dagbag.py:538} INFO - Filling up the DagBag from /opt/airflow/dags/terceiradag.py
[2024-10-10T18:00:01.841+0000] {processor.py:753} INFO - DAG(s) dict_keys(['terceira_dag']) retrieved from /opt/airflow/dags/terceiradag.py
[2024-10-10T18:00:01.921+0000] {logging_mixin.py:137} INFO - [2024-10-10T18:00:01.920+0000] {dag.py:2690} INFO - Sync 1 DAGs
[2024-10-10T18:00:01.957+0000] {logging_mixin.py:137} INFO - [2024-10-10T18:00:01.957+0000] {dag.py:3441} INFO - Setting next_dagrun for terceira_dag to None, run_after=None
[2024-10-10T18:00:01.981+0000] {processor.py:175} INFO - Processing /opt/airflow/dags/terceiradag.py took 0.166 seconds
[2024-10-10T18:00:07.107+0000] {processor.py:153} INFO - Started process (PID=91) to work on /opt/airflow/dags/terceiradag.py
[2024-10-10T18:00:07.107+0000] {processor.py:743} INFO - Processing file /opt/airflow/dags/terceiradag.py for tasks to queue
[2024-10-10T18:00:07.108+0000] {logging_mixin.py:137} INFO - [2024-10-10T18:00:07.108+0000] {dagbag.py:538} INFO - Filling up the DagBag from /opt/airflow/dags/terceiradag.py
[2024-10-10T18:00:07.117+0000] {processor.py:753} INFO - DAG(s) dict_keys(['terceira_dag']) retrieved from /opt/airflow/dags/terceiradag.py
[2024-10-10T18:00:07.130+0000] {logging_mixin.py:137} INFO - [2024-10-10T18:00:07.129+0000] {dag.py:2690} INFO - Sync 1 DAGs
[2024-10-10T18:00:07.158+0000] {logging_mixin.py:137} INFO - [2024-10-10T18:00:07.158+0000] {dag.py:3441} INFO - Setting next_dagrun for terceira_dag to None, run_after=None
[2024-10-10T18:00:07.178+0000] {processor.py:175} INFO - Processing /opt/airflow/dags/terceiradag.py took 0.075 seconds
[2024-10-10T18:00:12.220+0000] {processor.py:153} INFO - Started process (PID=107) to work on /opt/airflow/dags/terceiradag.py
[2024-10-10T18:00:12.221+0000] {processor.py:743} INFO - Processing file /opt/airflow/dags/terceiradag.py for tasks to queue
[2024-10-10T18:00:12.222+0000] {logging_mixin.py:137} INFO - [2024-10-10T18:00:12.222+0000] {dagbag.py:538} INFO - Filling up the DagBag from /opt/airflow/dags/terceiradag.py
[2024-10-10T18:00:12.233+0000] {processor.py:753} INFO - DAG(s) dict_keys(['terceira_dag']) retrieved from /opt/airflow/dags/terceiradag.py
[2024-10-10T18:00:12.244+0000] {logging_mixin.py:137} INFO - [2024-10-10T18:00:12.244+0000] {dag.py:2690} INFO - Sync 1 DAGs
[2024-10-10T18:00:12.266+0000] {logging_mixin.py:137} INFO - [2024-10-10T18:00:12.266+0000] {dag.py:3441} INFO - Setting next_dagrun for terceira_dag to None, run_after=None
[2024-10-10T18:00:12.279+0000] {processor.py:175} INFO - Processing /opt/airflow/dags/terceiradag.py took 0.063 seconds
[2024-10-10T18:00:17.359+0000] {processor.py:153} INFO - Started process (PID=123) to work on /opt/airflow/dags/terceiradag.py
[2024-10-10T18:00:17.360+0000] {processor.py:743} INFO - Processing file /opt/airflow/dags/terceiradag.py for tasks to queue
[2024-10-10T18:00:17.361+0000] {logging_mixin.py:137} INFO - [2024-10-10T18:00:17.361+0000] {dagbag.py:538} INFO - Filling up the DagBag from /opt/airflow/dags/terceiradag.py
[2024-10-10T18:00:17.376+0000] {processor.py:753} INFO - DAG(s) dict_keys(['terceira_dag']) retrieved from /opt/airflow/dags/terceiradag.py
[2024-10-10T18:00:17.391+0000] {logging_mixin.py:137} INFO - [2024-10-10T18:00:17.391+0000] {dag.py:2690} INFO - Sync 1 DAGs
[2024-10-10T18:00:17.423+0000] {logging_mixin.py:137} INFO - [2024-10-10T18:00:17.423+0000] {dag.py:3441} INFO - Setting next_dagrun for terceira_dag to None, run_after=None
[2024-10-10T18:00:17.444+0000] {processor.py:175} INFO - Processing /opt/airflow/dags/terceiradag.py took 0.088 seconds
[2024-10-10T18:00:23.277+0000] {processor.py:153} INFO - Started process (PID=159) to work on /opt/airflow/dags/terceiradag.py
[2024-10-10T18:00:23.278+0000] {processor.py:743} INFO - Processing file /opt/airflow/dags/terceiradag.py for tasks to queue
[2024-10-10T18:00:23.279+0000] {logging_mixin.py:137} INFO - [2024-10-10T18:00:23.279+0000] {dagbag.py:538} INFO - Filling up the DagBag from /opt/airflow/dags/terceiradag.py
[2024-10-10T18:00:23.288+0000] {processor.py:753} INFO - DAG(s) dict_keys(['terceira_dag']) retrieved from /opt/airflow/dags/terceiradag.py
[2024-10-10T18:00:23.302+0000] {logging_mixin.py:137} INFO - [2024-10-10T18:00:23.302+0000] {dag.py:2690} INFO - Sync 1 DAGs
[2024-10-10T18:00:23.328+0000] {logging_mixin.py:137} INFO - [2024-10-10T18:00:23.328+0000] {dag.py:3441} INFO - Setting next_dagrun for terceira_dag to None, run_after=None
[2024-10-10T18:00:23.354+0000] {processor.py:175} INFO - Processing /opt/airflow/dags/terceiradag.py took 0.079 seconds
[2024-10-10T18:00:29.076+0000] {processor.py:153} INFO - Started process (PID=175) to work on /opt/airflow/dags/terceiradag.py
[2024-10-10T18:00:29.077+0000] {processor.py:743} INFO - Processing file /opt/airflow/dags/terceiradag.py for tasks to queue
[2024-10-10T18:00:29.077+0000] {logging_mixin.py:137} INFO - [2024-10-10T18:00:29.077+0000] {dagbag.py:538} INFO - Filling up the DagBag from /opt/airflow/dags/terceiradag.py
[2024-10-10T18:00:29.089+0000] {processor.py:753} INFO - DAG(s) dict_keys(['terceira_dag']) retrieved from /opt/airflow/dags/terceiradag.py
[2024-10-10T18:00:29.102+0000] {logging_mixin.py:137} INFO - [2024-10-10T18:00:29.102+0000] {dag.py:2690} INFO - Sync 1 DAGs
[2024-10-10T18:00:29.133+0000] {logging_mixin.py:137} INFO - [2024-10-10T18:00:29.133+0000] {dag.py:3441} INFO - Setting next_dagrun for terceira_dag to None, run_after=None
[2024-10-10T18:00:29.155+0000] {processor.py:175} INFO - Processing /opt/airflow/dags/terceiradag.py took 0.083 seconds
[2024-10-10T18:00:34.939+0000] {processor.py:153} INFO - Started process (PID=211) to work on /opt/airflow/dags/terceiradag.py
[2024-10-10T18:00:34.940+0000] {processor.py:743} INFO - Processing file /opt/airflow/dags/terceiradag.py for tasks to queue
[2024-10-10T18:00:34.941+0000] {logging_mixin.py:137} INFO - [2024-10-10T18:00:34.940+0000] {dagbag.py:538} INFO - Filling up the DagBag from /opt/airflow/dags/terceiradag.py
[2024-10-10T18:00:34.950+0000] {processor.py:753} INFO - DAG(s) dict_keys(['terceira_dag']) retrieved from /opt/airflow/dags/terceiradag.py
[2024-10-10T18:00:34.974+0000] {logging_mixin.py:137} INFO - [2024-10-10T18:00:34.974+0000] {dag.py:2690} INFO - Sync 1 DAGs
[2024-10-10T18:00:35.000+0000] {logging_mixin.py:137} INFO - [2024-10-10T18:00:35.000+0000] {dag.py:3441} INFO - Setting next_dagrun for terceira_dag to None, run_after=None
[2024-10-10T18:00:35.017+0000] {processor.py:175} INFO - Processing /opt/airflow/dags/terceiradag.py took 0.081 seconds
[2024-10-10T18:00:41.102+0000] {processor.py:153} INFO - Started process (PID=227) to work on /opt/airflow/dags/terceiradag.py
[2024-10-10T18:00:41.103+0000] {processor.py:743} INFO - Processing file /opt/airflow/dags/terceiradag.py for tasks to queue
[2024-10-10T18:00:41.104+0000] {logging_mixin.py:137} INFO - [2024-10-10T18:00:41.103+0000] {dagbag.py:538} INFO - Filling up the DagBag from /opt/airflow/dags/terceiradag.py
[2024-10-10T18:00:41.119+0000] {processor.py:753} INFO - DAG(s) dict_keys(['terceira_dag']) retrieved from /opt/airflow/dags/terceiradag.py
[2024-10-10T18:00:41.146+0000] {logging_mixin.py:137} INFO - [2024-10-10T18:00:41.146+0000] {dag.py:2690} INFO - Sync 1 DAGs
[2024-10-10T18:00:41.179+0000] {logging_mixin.py:137} INFO - [2024-10-10T18:00:41.179+0000] {dag.py:3441} INFO - Setting next_dagrun for terceira_dag to None, run_after=None
[2024-10-10T18:00:41.202+0000] {processor.py:175} INFO - Processing /opt/airflow/dags/terceiradag.py took 0.105 seconds
[2024-10-10T18:00:46.224+0000] {processor.py:153} INFO - Started process (PID=262) to work on /opt/airflow/dags/terceiradag.py
[2024-10-10T18:00:46.225+0000] {processor.py:743} INFO - Processing file /opt/airflow/dags/terceiradag.py for tasks to queue
[2024-10-10T18:00:46.226+0000] {logging_mixin.py:137} INFO - [2024-10-10T18:00:46.226+0000] {dagbag.py:538} INFO - Filling up the DagBag from /opt/airflow/dags/terceiradag.py
[2024-10-10T18:00:46.244+0000] {processor.py:753} INFO - DAG(s) dict_keys(['terceira_dag']) retrieved from /opt/airflow/dags/terceiradag.py
[2024-10-10T18:00:46.261+0000] {logging_mixin.py:137} INFO - [2024-10-10T18:00:46.261+0000] {dag.py:2690} INFO - Sync 1 DAGs
[2024-10-10T18:00:46.276+0000] {logging_mixin.py:137} INFO - [2024-10-10T18:00:46.276+0000] {dag.py:3441} INFO - Setting next_dagrun for terceira_dag to None, run_after=None
[2024-10-10T18:00:46.290+0000] {processor.py:175} INFO - Processing /opt/airflow/dags/terceiradag.py took 0.069 seconds
[2024-10-10T18:00:51.336+0000] {processor.py:153} INFO - Started process (PID=278) to work on /opt/airflow/dags/terceiradag.py
[2024-10-10T18:00:51.337+0000] {processor.py:743} INFO - Processing file /opt/airflow/dags/terceiradag.py for tasks to queue
[2024-10-10T18:00:51.338+0000] {logging_mixin.py:137} INFO - [2024-10-10T18:00:51.338+0000] {dagbag.py:538} INFO - Filling up the DagBag from /opt/airflow/dags/terceiradag.py
[2024-10-10T18:00:51.350+0000] {processor.py:753} INFO - DAG(s) dict_keys(['terceira_dag']) retrieved from /opt/airflow/dags/terceiradag.py
[2024-10-10T18:00:51.374+0000] {logging_mixin.py:137} INFO - [2024-10-10T18:00:51.374+0000] {dag.py:2690} INFO - Sync 1 DAGs
[2024-10-10T18:00:51.400+0000] {logging_mixin.py:137} INFO - [2024-10-10T18:00:51.400+0000] {dag.py:3441} INFO - Setting next_dagrun for terceira_dag to None, run_after=None
[2024-10-10T18:00:51.425+0000] {processor.py:175} INFO - Processing /opt/airflow/dags/terceiradag.py took 0.092 seconds
[2024-10-10T18:00:56.534+0000] {processor.py:153} INFO - Started process (PID=314) to work on /opt/airflow/dags/terceiradag.py
[2024-10-10T18:00:56.535+0000] {processor.py:743} INFO - Processing file /opt/airflow/dags/terceiradag.py for tasks to queue
[2024-10-10T18:00:56.535+0000] {logging_mixin.py:137} INFO - [2024-10-10T18:00:56.535+0000] {dagbag.py:538} INFO - Filling up the DagBag from /opt/airflow/dags/terceiradag.py
[2024-10-10T18:00:56.549+0000] {processor.py:753} INFO - DAG(s) dict_keys(['terceira_dag']) retrieved from /opt/airflow/dags/terceiradag.py
[2024-10-10T18:00:56.577+0000] {logging_mixin.py:137} INFO - [2024-10-10T18:00:56.576+0000] {dag.py:2690} INFO - Sync 1 DAGs
[2024-10-10T18:00:56.595+0000] {logging_mixin.py:137} INFO - [2024-10-10T18:00:56.595+0000] {dag.py:3441} INFO - Setting next_dagrun for terceira_dag to None, run_after=None
[2024-10-10T18:00:56.608+0000] {processor.py:175} INFO - Processing /opt/airflow/dags/terceiradag.py took 0.076 seconds
[2024-10-10T18:01:01.659+0000] {processor.py:153} INFO - Started process (PID=330) to work on /opt/airflow/dags/terceiradag.py
[2024-10-10T18:01:01.660+0000] {processor.py:743} INFO - Processing file /opt/airflow/dags/terceiradag.py for tasks to queue
[2024-10-10T18:01:01.661+0000] {logging_mixin.py:137} INFO - [2024-10-10T18:01:01.661+0000] {dagbag.py:538} INFO - Filling up the DagBag from /opt/airflow/dags/terceiradag.py
[2024-10-10T18:01:01.673+0000] {processor.py:753} INFO - DAG(s) dict_keys(['terceira_dag']) retrieved from /opt/airflow/dags/terceiradag.py
[2024-10-10T18:01:01.697+0000] {logging_mixin.py:137} INFO - [2024-10-10T18:01:01.697+0000] {dag.py:2690} INFO - Sync 1 DAGs
[2024-10-10T18:01:01.725+0000] {logging_mixin.py:137} INFO - [2024-10-10T18:01:01.725+0000] {dag.py:3441} INFO - Setting next_dagrun for terceira_dag to None, run_after=None
[2024-10-10T18:01:01.740+0000] {processor.py:175} INFO - Processing /opt/airflow/dags/terceiradag.py took 0.084 seconds
[2024-10-10T18:01:07.581+0000] {processor.py:153} INFO - Started process (PID=366) to work on /opt/airflow/dags/terceiradag.py
[2024-10-10T18:01:07.581+0000] {processor.py:743} INFO - Processing file /opt/airflow/dags/terceiradag.py for tasks to queue
[2024-10-10T18:01:07.582+0000] {logging_mixin.py:137} INFO - [2024-10-10T18:01:07.582+0000] {dagbag.py:538} INFO - Filling up the DagBag from /opt/airflow/dags/terceiradag.py
[2024-10-10T18:01:07.592+0000] {processor.py:753} INFO - DAG(s) dict_keys(['terceira_dag']) retrieved from /opt/airflow/dags/terceiradag.py
[2024-10-10T18:01:07.617+0000] {logging_mixin.py:137} INFO - [2024-10-10T18:01:07.617+0000] {dag.py:2690} INFO - Sync 1 DAGs
[2024-10-10T18:01:07.646+0000] {logging_mixin.py:137} INFO - [2024-10-10T18:01:07.646+0000] {dag.py:3441} INFO - Setting next_dagrun for terceira_dag to None, run_after=None
[2024-10-10T18:01:07.666+0000] {processor.py:175} INFO - Processing /opt/airflow/dags/terceiradag.py took 0.089 seconds
[2024-10-10T18:01:13.523+0000] {processor.py:153} INFO - Started process (PID=382) to work on /opt/airflow/dags/terceiradag.py
[2024-10-10T18:01:13.524+0000] {processor.py:743} INFO - Processing file /opt/airflow/dags/terceiradag.py for tasks to queue
[2024-10-10T18:01:13.524+0000] {logging_mixin.py:137} INFO - [2024-10-10T18:01:13.524+0000] {dagbag.py:538} INFO - Filling up the DagBag from /opt/airflow/dags/terceiradag.py
[2024-10-10T18:01:13.533+0000] {processor.py:753} INFO - DAG(s) dict_keys(['terceira_dag']) retrieved from /opt/airflow/dags/terceiradag.py
[2024-10-10T18:01:13.552+0000] {logging_mixin.py:137} INFO - [2024-10-10T18:01:13.551+0000] {dag.py:2690} INFO - Sync 1 DAGs
[2024-10-10T18:01:13.572+0000] {logging_mixin.py:137} INFO - [2024-10-10T18:01:13.572+0000] {dag.py:3441} INFO - Setting next_dagrun for terceira_dag to None, run_after=None
[2024-10-10T18:01:13.596+0000] {processor.py:175} INFO - Processing /opt/airflow/dags/terceiradag.py took 0.076 seconds
[2024-10-10T18:01:19.344+0000] {processor.py:153} INFO - Started process (PID=418) to work on /opt/airflow/dags/terceiradag.py
[2024-10-10T18:01:19.344+0000] {processor.py:743} INFO - Processing file /opt/airflow/dags/terceiradag.py for tasks to queue
[2024-10-10T18:01:19.345+0000] {logging_mixin.py:137} INFO - [2024-10-10T18:01:19.345+0000] {dagbag.py:538} INFO - Filling up the DagBag from /opt/airflow/dags/terceiradag.py
[2024-10-10T18:01:19.354+0000] {processor.py:753} INFO - DAG(s) dict_keys(['terceira_dag']) retrieved from /opt/airflow/dags/terceiradag.py
[2024-10-10T18:01:19.375+0000] {logging_mixin.py:137} INFO - [2024-10-10T18:01:19.375+0000] {dag.py:2690} INFO - Sync 1 DAGs
[2024-10-10T18:01:19.402+0000] {logging_mixin.py:137} INFO - [2024-10-10T18:01:19.401+0000] {dag.py:3441} INFO - Setting next_dagrun for terceira_dag to None, run_after=None
[2024-10-10T18:01:19.424+0000] {processor.py:175} INFO - Processing /opt/airflow/dags/terceiradag.py took 0.082 seconds
[2024-10-10T18:01:25.270+0000] {processor.py:153} INFO - Started process (PID=434) to work on /opt/airflow/dags/terceiradag.py
[2024-10-10T18:01:25.271+0000] {processor.py:743} INFO - Processing file /opt/airflow/dags/terceiradag.py for tasks to queue
[2024-10-10T18:01:25.272+0000] {logging_mixin.py:137} INFO - [2024-10-10T18:01:25.272+0000] {dagbag.py:538} INFO - Filling up the DagBag from /opt/airflow/dags/terceiradag.py
[2024-10-10T18:01:25.283+0000] {processor.py:753} INFO - DAG(s) dict_keys(['terceira_dag']) retrieved from /opt/airflow/dags/terceiradag.py
[2024-10-10T18:01:25.306+0000] {logging_mixin.py:137} INFO - [2024-10-10T18:01:25.306+0000] {dag.py:2690} INFO - Sync 1 DAGs
[2024-10-10T18:01:25.338+0000] {logging_mixin.py:137} INFO - [2024-10-10T18:01:25.337+0000] {dag.py:3441} INFO - Setting next_dagrun for terceira_dag to None, run_after=None
[2024-10-10T18:01:25.358+0000] {processor.py:175} INFO - Processing /opt/airflow/dags/terceiradag.py took 0.092 seconds
[2024-10-10T18:01:31.053+0000] {processor.py:153} INFO - Started process (PID=470) to work on /opt/airflow/dags/terceiradag.py
[2024-10-10T18:01:31.053+0000] {processor.py:743} INFO - Processing file /opt/airflow/dags/terceiradag.py for tasks to queue
[2024-10-10T18:01:31.053+0000] {logging_mixin.py:137} INFO - [2024-10-10T18:01:31.053+0000] {dagbag.py:538} INFO - Filling up the DagBag from /opt/airflow/dags/terceiradag.py
[2024-10-10T18:01:31.062+0000] {processor.py:753} INFO - DAG(s) dict_keys(['terceira_dag']) retrieved from /opt/airflow/dags/terceiradag.py
[2024-10-10T18:01:31.092+0000] {logging_mixin.py:137} INFO - [2024-10-10T18:01:31.091+0000] {dag.py:2690} INFO - Sync 1 DAGs
[2024-10-10T18:01:31.113+0000] {logging_mixin.py:137} INFO - [2024-10-10T18:01:31.113+0000] {dag.py:3441} INFO - Setting next_dagrun for terceira_dag to None, run_after=None
[2024-10-10T18:01:31.132+0000] {processor.py:175} INFO - Processing /opt/airflow/dags/terceiradag.py took 0.081 seconds
[2024-10-10T18:01:36.962+0000] {processor.py:153} INFO - Started process (PID=486) to work on /opt/airflow/dags/terceiradag.py
[2024-10-10T18:01:36.963+0000] {processor.py:743} INFO - Processing file /opt/airflow/dags/terceiradag.py for tasks to queue
[2024-10-10T18:01:36.963+0000] {logging_mixin.py:137} INFO - [2024-10-10T18:01:36.963+0000] {dagbag.py:538} INFO - Filling up the DagBag from /opt/airflow/dags/terceiradag.py
[2024-10-10T18:01:36.972+0000] {processor.py:753} INFO - DAG(s) dict_keys(['terceira_dag']) retrieved from /opt/airflow/dags/terceiradag.py
[2024-10-10T18:01:36.991+0000] {logging_mixin.py:137} INFO - [2024-10-10T18:01:36.991+0000] {dag.py:2690} INFO - Sync 1 DAGs
[2024-10-10T18:01:37.013+0000] {logging_mixin.py:137} INFO - [2024-10-10T18:01:37.013+0000] {dag.py:3441} INFO - Setting next_dagrun for terceira_dag to None, run_after=None
[2024-10-10T18:01:37.038+0000] {processor.py:175} INFO - Processing /opt/airflow/dags/terceiradag.py took 0.079 seconds
[2024-10-10T18:01:42.742+0000] {processor.py:153} INFO - Started process (PID=522) to work on /opt/airflow/dags/terceiradag.py
[2024-10-10T18:01:42.743+0000] {processor.py:743} INFO - Processing file /opt/airflow/dags/terceiradag.py for tasks to queue
[2024-10-10T18:01:42.743+0000] {logging_mixin.py:137} INFO - [2024-10-10T18:01:42.743+0000] {dagbag.py:538} INFO - Filling up the DagBag from /opt/airflow/dags/terceiradag.py
[2024-10-10T18:01:42.756+0000] {processor.py:753} INFO - DAG(s) dict_keys(['terceira_dag']) retrieved from /opt/airflow/dags/terceiradag.py
[2024-10-10T18:01:42.778+0000] {logging_mixin.py:137} INFO - [2024-10-10T18:01:42.778+0000] {dag.py:2690} INFO - Sync 1 DAGs
[2024-10-10T18:01:42.810+0000] {logging_mixin.py:137} INFO - [2024-10-10T18:01:42.810+0000] {dag.py:3441} INFO - Setting next_dagrun for terceira_dag to None, run_after=None
[2024-10-10T18:01:42.830+0000] {processor.py:175} INFO - Processing /opt/airflow/dags/terceiradag.py took 0.092 seconds
[2024-10-10T18:01:48.690+0000] {processor.py:153} INFO - Started process (PID=538) to work on /opt/airflow/dags/terceiradag.py
[2024-10-10T18:01:48.691+0000] {processor.py:743} INFO - Processing file /opt/airflow/dags/terceiradag.py for tasks to queue
[2024-10-10T18:01:48.691+0000] {logging_mixin.py:137} INFO - [2024-10-10T18:01:48.691+0000] {dagbag.py:538} INFO - Filling up the DagBag from /opt/airflow/dags/terceiradag.py
[2024-10-10T18:01:48.704+0000] {processor.py:753} INFO - DAG(s) dict_keys(['terceira_dag']) retrieved from /opt/airflow/dags/terceiradag.py
[2024-10-10T18:01:48.726+0000] {logging_mixin.py:137} INFO - [2024-10-10T18:01:48.726+0000] {dag.py:2690} INFO - Sync 1 DAGs
[2024-10-10T18:01:48.754+0000] {logging_mixin.py:137} INFO - [2024-10-10T18:01:48.754+0000] {dag.py:3441} INFO - Setting next_dagrun for terceira_dag to None, run_after=None
[2024-10-10T18:01:48.773+0000] {processor.py:175} INFO - Processing /opt/airflow/dags/terceiradag.py took 0.087 seconds
[2024-10-10T18:01:54.535+0000] {processor.py:153} INFO - Started process (PID=574) to work on /opt/airflow/dags/terceiradag.py
[2024-10-10T18:01:54.536+0000] {processor.py:743} INFO - Processing file /opt/airflow/dags/terceiradag.py for tasks to queue
[2024-10-10T18:01:54.537+0000] {logging_mixin.py:137} INFO - [2024-10-10T18:01:54.537+0000] {dagbag.py:538} INFO - Filling up the DagBag from /opt/airflow/dags/terceiradag.py
[2024-10-10T18:01:54.546+0000] {processor.py:753} INFO - DAG(s) dict_keys(['terceira_dag']) retrieved from /opt/airflow/dags/terceiradag.py
[2024-10-10T18:01:54.564+0000] {logging_mixin.py:137} INFO - [2024-10-10T18:01:54.564+0000] {dag.py:2690} INFO - Sync 1 DAGs
[2024-10-10T18:01:54.583+0000] {logging_mixin.py:137} INFO - [2024-10-10T18:01:54.583+0000] {dag.py:3441} INFO - Setting next_dagrun for terceira_dag to None, run_after=None
[2024-10-10T18:01:54.600+0000] {processor.py:175} INFO - Processing /opt/airflow/dags/terceiradag.py took 0.068 seconds
[2024-10-10T18:02:00.406+0000] {processor.py:153} INFO - Started process (PID=590) to work on /opt/airflow/dags/terceiradag.py
[2024-10-10T18:02:00.407+0000] {processor.py:743} INFO - Processing file /opt/airflow/dags/terceiradag.py for tasks to queue
[2024-10-10T18:02:00.408+0000] {logging_mixin.py:137} INFO - [2024-10-10T18:02:00.408+0000] {dagbag.py:538} INFO - Filling up the DagBag from /opt/airflow/dags/terceiradag.py
[2024-10-10T18:02:00.425+0000] {processor.py:753} INFO - DAG(s) dict_keys(['terceira_dag']) retrieved from /opt/airflow/dags/terceiradag.py
[2024-10-10T18:02:00.456+0000] {logging_mixin.py:137} INFO - [2024-10-10T18:02:00.455+0000] {dag.py:2690} INFO - Sync 1 DAGs
[2024-10-10T18:02:00.487+0000] {logging_mixin.py:137} INFO - [2024-10-10T18:02:00.487+0000] {dag.py:3441} INFO - Setting next_dagrun for terceira_dag to None, run_after=None
[2024-10-10T18:02:00.513+0000] {processor.py:175} INFO - Processing /opt/airflow/dags/terceiradag.py took 0.112 seconds
[2024-10-10T18:02:06.428+0000] {processor.py:153} INFO - Started process (PID=626) to work on /opt/airflow/dags/terceiradag.py
[2024-10-10T18:02:06.429+0000] {processor.py:743} INFO - Processing file /opt/airflow/dags/terceiradag.py for tasks to queue
[2024-10-10T18:02:06.430+0000] {logging_mixin.py:137} INFO - [2024-10-10T18:02:06.430+0000] {dagbag.py:538} INFO - Filling up the DagBag from /opt/airflow/dags/terceiradag.py
[2024-10-10T18:02:06.453+0000] {processor.py:753} INFO - DAG(s) dict_keys(['terceira_dag']) retrieved from /opt/airflow/dags/terceiradag.py
[2024-10-10T18:02:06.479+0000] {logging_mixin.py:137} INFO - [2024-10-10T18:02:06.479+0000] {dag.py:2690} INFO - Sync 1 DAGs
[2024-10-10T18:02:06.509+0000] {logging_mixin.py:137} INFO - [2024-10-10T18:02:06.508+0000] {dag.py:3441} INFO - Setting next_dagrun for terceira_dag to None, run_after=None
[2024-10-10T18:02:06.530+0000] {processor.py:175} INFO - Processing /opt/airflow/dags/terceiradag.py took 0.107 seconds
[2024-10-10T18:02:12.470+0000] {processor.py:153} INFO - Started process (PID=642) to work on /opt/airflow/dags/terceiradag.py
[2024-10-10T18:02:12.472+0000] {processor.py:743} INFO - Processing file /opt/airflow/dags/terceiradag.py for tasks to queue
[2024-10-10T18:02:12.472+0000] {logging_mixin.py:137} INFO - [2024-10-10T18:02:12.472+0000] {dagbag.py:538} INFO - Filling up the DagBag from /opt/airflow/dags/terceiradag.py
[2024-10-10T18:02:12.488+0000] {processor.py:753} INFO - DAG(s) dict_keys(['terceira_dag']) retrieved from /opt/airflow/dags/terceiradag.py
[2024-10-10T18:02:12.513+0000] {logging_mixin.py:137} INFO - [2024-10-10T18:02:12.513+0000] {dag.py:2690} INFO - Sync 1 DAGs
[2024-10-10T18:02:12.535+0000] {logging_mixin.py:137} INFO - [2024-10-10T18:02:12.535+0000] {dag.py:3441} INFO - Setting next_dagrun for terceira_dag to None, run_after=None
[2024-10-10T18:02:12.558+0000] {processor.py:175} INFO - Processing /opt/airflow/dags/terceiradag.py took 0.091 seconds
[2024-10-10T18:02:18.225+0000] {processor.py:153} INFO - Started process (PID=678) to work on /opt/airflow/dags/terceiradag.py
[2024-10-10T18:02:18.227+0000] {processor.py:743} INFO - Processing file /opt/airflow/dags/terceiradag.py for tasks to queue
[2024-10-10T18:02:18.227+0000] {logging_mixin.py:137} INFO - [2024-10-10T18:02:18.227+0000] {dagbag.py:538} INFO - Filling up the DagBag from /opt/airflow/dags/terceiradag.py
[2024-10-10T18:02:18.237+0000] {processor.py:753} INFO - DAG(s) dict_keys(['terceira_dag']) retrieved from /opt/airflow/dags/terceiradag.py
[2024-10-10T18:02:18.256+0000] {logging_mixin.py:137} INFO - [2024-10-10T18:02:18.255+0000] {dag.py:2690} INFO - Sync 1 DAGs
[2024-10-10T18:02:18.280+0000] {logging_mixin.py:137} INFO - [2024-10-10T18:02:18.280+0000] {dag.py:3441} INFO - Setting next_dagrun for terceira_dag to None, run_after=None
[2024-10-10T18:02:18.297+0000] {processor.py:175} INFO - Processing /opt/airflow/dags/terceiradag.py took 0.076 seconds
[2024-10-10T18:02:24.169+0000] {processor.py:153} INFO - Started process (PID=694) to work on /opt/airflow/dags/terceiradag.py
[2024-10-10T18:02:24.170+0000] {processor.py:743} INFO - Processing file /opt/airflow/dags/terceiradag.py for tasks to queue
[2024-10-10T18:02:24.171+0000] {logging_mixin.py:137} INFO - [2024-10-10T18:02:24.171+0000] {dagbag.py:538} INFO - Filling up the DagBag from /opt/airflow/dags/terceiradag.py
[2024-10-10T18:02:24.183+0000] {processor.py:753} INFO - DAG(s) dict_keys(['terceira_dag']) retrieved from /opt/airflow/dags/terceiradag.py
[2024-10-10T18:02:24.210+0000] {logging_mixin.py:137} INFO - [2024-10-10T18:02:24.210+0000] {dag.py:2690} INFO - Sync 1 DAGs
[2024-10-10T18:02:24.241+0000] {logging_mixin.py:137} INFO - [2024-10-10T18:02:24.241+0000] {dag.py:3441} INFO - Setting next_dagrun for terceira_dag to None, run_after=None
[2024-10-10T18:02:24.265+0000] {processor.py:175} INFO - Processing /opt/airflow/dags/terceiradag.py took 0.099 seconds
