[2024-10-10T17:58:51.165+0000] {processor.py:153} INFO - Started process (PID=52) to work on /opt/airflow/dags/triggerDag1.py
[2024-10-10T17:58:51.166+0000] {processor.py:743} INFO - Processing file /opt/airflow/dags/triggerDag1.py for tasks to queue
[2024-10-10T17:58:51.167+0000] {logging_mixin.py:137} INFO - [2024-10-10T17:58:51.167+0000] {dagbag.py:538} INFO - Filling up the DagBag from /opt/airflow/dags/triggerDag1.py
[2024-10-10T17:58:51.182+0000] {processor.py:753} INFO - DAG(s) dict_keys(['triggerDag1']) retrieved from /opt/airflow/dags/triggerDag1.py
[2024-10-10T17:58:51.234+0000] {logging_mixin.py:137} INFO - [2024-10-10T17:58:51.234+0000] {dag.py:2690} INFO - Sync 1 DAGs
[2024-10-10T17:58:51.263+0000] {logging_mixin.py:137} INFO - [2024-10-10T17:58:51.263+0000] {dag.py:3441} INFO - Setting next_dagrun for triggerDag1 to None, run_after=None
[2024-10-10T17:58:51.285+0000] {processor.py:175} INFO - Processing /opt/airflow/dags/triggerDag1.py took 0.123 seconds
[2024-10-10T17:58:57.147+0000] {processor.py:153} INFO - Started process (PID=88) to work on /opt/airflow/dags/triggerDag1.py
[2024-10-10T17:58:57.148+0000] {processor.py:743} INFO - Processing file /opt/airflow/dags/triggerDag1.py for tasks to queue
[2024-10-10T17:58:57.149+0000] {logging_mixin.py:137} INFO - [2024-10-10T17:58:57.149+0000] {dagbag.py:538} INFO - Filling up the DagBag from /opt/airflow/dags/triggerDag1.py
[2024-10-10T17:58:57.162+0000] {processor.py:753} INFO - DAG(s) dict_keys(['triggerDag1']) retrieved from /opt/airflow/dags/triggerDag1.py
[2024-10-10T17:58:57.175+0000] {logging_mixin.py:137} INFO - [2024-10-10T17:58:57.175+0000] {dag.py:2690} INFO - Sync 1 DAGs
[2024-10-10T17:58:57.203+0000] {logging_mixin.py:137} INFO - [2024-10-10T17:58:57.203+0000] {dag.py:3441} INFO - Setting next_dagrun for triggerDag1 to None, run_after=None
[2024-10-10T17:58:57.224+0000] {processor.py:175} INFO - Processing /opt/airflow/dags/triggerDag1.py took 0.081 seconds
[2024-10-10T17:59:02.920+0000] {processor.py:153} INFO - Started process (PID=104) to work on /opt/airflow/dags/triggerDag1.py
[2024-10-10T17:59:02.921+0000] {processor.py:743} INFO - Processing file /opt/airflow/dags/triggerDag1.py for tasks to queue
[2024-10-10T17:59:02.921+0000] {logging_mixin.py:137} INFO - [2024-10-10T17:59:02.921+0000] {dagbag.py:538} INFO - Filling up the DagBag from /opt/airflow/dags/triggerDag1.py
[2024-10-10T17:59:02.935+0000] {processor.py:753} INFO - DAG(s) dict_keys(['triggerDag1']) retrieved from /opt/airflow/dags/triggerDag1.py
[2024-10-10T17:59:02.946+0000] {logging_mixin.py:137} INFO - [2024-10-10T17:59:02.946+0000] {dag.py:2690} INFO - Sync 1 DAGs
[2024-10-10T17:59:02.963+0000] {logging_mixin.py:137} INFO - [2024-10-10T17:59:02.963+0000] {dag.py:3441} INFO - Setting next_dagrun for triggerDag1 to None, run_after=None
[2024-10-10T17:59:02.980+0000] {processor.py:175} INFO - Processing /opt/airflow/dags/triggerDag1.py took 0.064 seconds
[2024-10-10T18:00:01.474+0000] {processor.py:153} INFO - Started process (PID=52) to work on /opt/airflow/dags/triggerDag1.py
[2024-10-10T18:00:01.475+0000] {processor.py:743} INFO - Processing file /opt/airflow/dags/triggerDag1.py for tasks to queue
[2024-10-10T18:00:01.476+0000] {logging_mixin.py:137} INFO - [2024-10-10T18:00:01.476+0000] {dagbag.py:538} INFO - Filling up the DagBag from /opt/airflow/dags/triggerDag1.py
[2024-10-10T18:00:01.497+0000] {processor.py:753} INFO - DAG(s) dict_keys(['triggerDag1']) retrieved from /opt/airflow/dags/triggerDag1.py
[2024-10-10T18:00:01.574+0000] {logging_mixin.py:137} INFO - [2024-10-10T18:00:01.573+0000] {dag.py:2690} INFO - Sync 1 DAGs
[2024-10-10T18:00:01.605+0000] {logging_mixin.py:137} INFO - [2024-10-10T18:00:01.605+0000] {dag.py:3441} INFO - Setting next_dagrun for triggerDag1 to None, run_after=None
[2024-10-10T18:00:01.631+0000] {processor.py:175} INFO - Processing /opt/airflow/dags/triggerDag1.py took 0.161 seconds
[2024-10-10T18:00:06.717+0000] {processor.py:153} INFO - Started process (PID=77) to work on /opt/airflow/dags/triggerDag1.py
[2024-10-10T18:00:06.718+0000] {processor.py:743} INFO - Processing file /opt/airflow/dags/triggerDag1.py for tasks to queue
[2024-10-10T18:00:06.719+0000] {logging_mixin.py:137} INFO - [2024-10-10T18:00:06.719+0000] {dagbag.py:538} INFO - Filling up the DagBag from /opt/airflow/dags/triggerDag1.py
[2024-10-10T18:00:06.737+0000] {processor.py:753} INFO - DAG(s) dict_keys(['triggerDag1']) retrieved from /opt/airflow/dags/triggerDag1.py
[2024-10-10T18:00:06.751+0000] {logging_mixin.py:137} INFO - [2024-10-10T18:00:06.751+0000] {dag.py:2690} INFO - Sync 1 DAGs
[2024-10-10T18:00:06.780+0000] {logging_mixin.py:137} INFO - [2024-10-10T18:00:06.780+0000] {dag.py:3441} INFO - Setting next_dagrun for triggerDag1 to None, run_after=None
[2024-10-10T18:00:06.800+0000] {processor.py:175} INFO - Processing /opt/airflow/dags/triggerDag1.py took 0.087 seconds
[2024-10-10T18:00:11.931+0000] {processor.py:153} INFO - Started process (PID=104) to work on /opt/airflow/dags/triggerDag1.py
[2024-10-10T18:00:11.932+0000] {processor.py:743} INFO - Processing file /opt/airflow/dags/triggerDag1.py for tasks to queue
[2024-10-10T18:00:11.932+0000] {logging_mixin.py:137} INFO - [2024-10-10T18:00:11.932+0000] {dagbag.py:538} INFO - Filling up the DagBag from /opt/airflow/dags/triggerDag1.py
[2024-10-10T18:00:11.945+0000] {processor.py:753} INFO - DAG(s) dict_keys(['triggerDag1']) retrieved from /opt/airflow/dags/triggerDag1.py
[2024-10-10T18:00:11.960+0000] {logging_mixin.py:137} INFO - [2024-10-10T18:00:11.960+0000] {dag.py:2690} INFO - Sync 1 DAGs
[2024-10-10T18:00:11.983+0000] {logging_mixin.py:137} INFO - [2024-10-10T18:00:11.983+0000] {dag.py:3441} INFO - Setting next_dagrun for triggerDag1 to None, run_after=None
[2024-10-10T18:00:12.003+0000] {processor.py:175} INFO - Processing /opt/airflow/dags/triggerDag1.py took 0.075 seconds
[2024-10-10T18:00:17.066+0000] {processor.py:153} INFO - Started process (PID=120) to work on /opt/airflow/dags/triggerDag1.py
[2024-10-10T18:00:17.068+0000] {processor.py:743} INFO - Processing file /opt/airflow/dags/triggerDag1.py for tasks to queue
[2024-10-10T18:00:17.068+0000] {logging_mixin.py:137} INFO - [2024-10-10T18:00:17.068+0000] {dagbag.py:538} INFO - Filling up the DagBag from /opt/airflow/dags/triggerDag1.py
[2024-10-10T18:00:17.081+0000] {processor.py:753} INFO - DAG(s) dict_keys(['triggerDag1']) retrieved from /opt/airflow/dags/triggerDag1.py
[2024-10-10T18:00:17.095+0000] {logging_mixin.py:137} INFO - [2024-10-10T18:00:17.095+0000] {dag.py:2690} INFO - Sync 1 DAGs
[2024-10-10T18:00:17.126+0000] {logging_mixin.py:137} INFO - [2024-10-10T18:00:17.126+0000] {dag.py:3441} INFO - Setting next_dagrun for triggerDag1 to None, run_after=None
[2024-10-10T18:00:17.148+0000] {processor.py:175} INFO - Processing /opt/airflow/dags/triggerDag1.py took 0.085 seconds
[2024-10-10T18:00:23.087+0000] {processor.py:153} INFO - Started process (PID=156) to work on /opt/airflow/dags/triggerDag1.py
[2024-10-10T18:00:23.088+0000] {processor.py:743} INFO - Processing file /opt/airflow/dags/triggerDag1.py for tasks to queue
[2024-10-10T18:00:23.088+0000] {logging_mixin.py:137} INFO - [2024-10-10T18:00:23.088+0000] {dagbag.py:538} INFO - Filling up the DagBag from /opt/airflow/dags/triggerDag1.py
[2024-10-10T18:00:23.100+0000] {processor.py:753} INFO - DAG(s) dict_keys(['triggerDag1']) retrieved from /opt/airflow/dags/triggerDag1.py
[2024-10-10T18:00:23.113+0000] {logging_mixin.py:137} INFO - [2024-10-10T18:00:23.112+0000] {dag.py:2690} INFO - Sync 1 DAGs
[2024-10-10T18:00:23.143+0000] {logging_mixin.py:137} INFO - [2024-10-10T18:00:23.143+0000] {dag.py:3441} INFO - Setting next_dagrun for triggerDag1 to None, run_after=None
[2024-10-10T18:00:23.163+0000] {processor.py:175} INFO - Processing /opt/airflow/dags/triggerDag1.py took 0.081 seconds
[2024-10-10T18:00:28.869+0000] {processor.py:153} INFO - Started process (PID=172) to work on /opt/airflow/dags/triggerDag1.py
[2024-10-10T18:00:28.870+0000] {processor.py:743} INFO - Processing file /opt/airflow/dags/triggerDag1.py for tasks to queue
[2024-10-10T18:00:28.871+0000] {logging_mixin.py:137} INFO - [2024-10-10T18:00:28.870+0000] {dagbag.py:538} INFO - Filling up the DagBag from /opt/airflow/dags/triggerDag1.py
[2024-10-10T18:00:28.886+0000] {processor.py:753} INFO - DAG(s) dict_keys(['triggerDag1']) retrieved from /opt/airflow/dags/triggerDag1.py
[2024-10-10T18:00:28.900+0000] {logging_mixin.py:137} INFO - [2024-10-10T18:00:28.900+0000] {dag.py:2690} INFO - Sync 1 DAGs
[2024-10-10T18:00:28.930+0000] {logging_mixin.py:137} INFO - [2024-10-10T18:00:28.930+0000] {dag.py:3441} INFO - Setting next_dagrun for triggerDag1 to None, run_after=None
[2024-10-10T18:00:28.952+0000] {processor.py:175} INFO - Processing /opt/airflow/dags/triggerDag1.py took 0.087 seconds
[2024-10-10T18:00:34.828+0000] {processor.py:153} INFO - Started process (PID=208) to work on /opt/airflow/dags/triggerDag1.py
[2024-10-10T18:00:34.828+0000] {processor.py:743} INFO - Processing file /opt/airflow/dags/triggerDag1.py for tasks to queue
[2024-10-10T18:00:34.829+0000] {logging_mixin.py:137} INFO - [2024-10-10T18:00:34.829+0000] {dagbag.py:538} INFO - Filling up the DagBag from /opt/airflow/dags/triggerDag1.py
[2024-10-10T18:00:34.843+0000] {processor.py:753} INFO - DAG(s) dict_keys(['triggerDag1']) retrieved from /opt/airflow/dags/triggerDag1.py
[2024-10-10T18:00:34.865+0000] {logging_mixin.py:137} INFO - [2024-10-10T18:00:34.865+0000] {dag.py:2690} INFO - Sync 1 DAGs
[2024-10-10T18:00:34.890+0000] {logging_mixin.py:137} INFO - [2024-10-10T18:00:34.889+0000] {dag.py:3441} INFO - Setting next_dagrun for triggerDag1 to None, run_after=None
[2024-10-10T18:00:34.912+0000] {processor.py:175} INFO - Processing /opt/airflow/dags/triggerDag1.py took 0.088 seconds
[2024-10-10T18:00:40.866+0000] {processor.py:153} INFO - Started process (PID=224) to work on /opt/airflow/dags/triggerDag1.py
[2024-10-10T18:00:40.867+0000] {processor.py:743} INFO - Processing file /opt/airflow/dags/triggerDag1.py for tasks to queue
[2024-10-10T18:00:40.868+0000] {logging_mixin.py:137} INFO - [2024-10-10T18:00:40.868+0000] {dagbag.py:538} INFO - Filling up the DagBag from /opt/airflow/dags/triggerDag1.py
[2024-10-10T18:00:40.885+0000] {processor.py:753} INFO - DAG(s) dict_keys(['triggerDag1']) retrieved from /opt/airflow/dags/triggerDag1.py
[2024-10-10T18:00:40.912+0000] {logging_mixin.py:137} INFO - [2024-10-10T18:00:40.912+0000] {dag.py:2690} INFO - Sync 1 DAGs
[2024-10-10T18:00:40.941+0000] {logging_mixin.py:137} INFO - [2024-10-10T18:00:40.941+0000] {dag.py:3441} INFO - Setting next_dagrun for triggerDag1 to None, run_after=None
[2024-10-10T18:00:40.964+0000] {processor.py:175} INFO - Processing /opt/airflow/dags/triggerDag1.py took 0.102 seconds
[2024-10-10T18:00:45.996+0000] {processor.py:153} INFO - Started process (PID=259) to work on /opt/airflow/dags/triggerDag1.py
[2024-10-10T18:00:45.997+0000] {processor.py:743} INFO - Processing file /opt/airflow/dags/triggerDag1.py for tasks to queue
[2024-10-10T18:00:45.998+0000] {logging_mixin.py:137} INFO - [2024-10-10T18:00:45.997+0000] {dagbag.py:538} INFO - Filling up the DagBag from /opt/airflow/dags/triggerDag1.py
[2024-10-10T18:00:46.011+0000] {processor.py:753} INFO - DAG(s) dict_keys(['triggerDag1']) retrieved from /opt/airflow/dags/triggerDag1.py
[2024-10-10T18:00:46.040+0000] {logging_mixin.py:137} INFO - [2024-10-10T18:00:46.040+0000] {dag.py:2690} INFO - Sync 1 DAGs
[2024-10-10T18:00:46.071+0000] {logging_mixin.py:137} INFO - [2024-10-10T18:00:46.071+0000] {dag.py:3441} INFO - Setting next_dagrun for triggerDag1 to None, run_after=None
[2024-10-10T18:00:46.091+0000] {processor.py:175} INFO - Processing /opt/airflow/dags/triggerDag1.py took 0.099 seconds
[2024-10-10T18:00:51.120+0000] {processor.py:153} INFO - Started process (PID=275) to work on /opt/airflow/dags/triggerDag1.py
[2024-10-10T18:00:51.121+0000] {processor.py:743} INFO - Processing file /opt/airflow/dags/triggerDag1.py for tasks to queue
[2024-10-10T18:00:51.122+0000] {logging_mixin.py:137} INFO - [2024-10-10T18:00:51.121+0000] {dagbag.py:538} INFO - Filling up the DagBag from /opt/airflow/dags/triggerDag1.py
[2024-10-10T18:00:51.138+0000] {processor.py:753} INFO - DAG(s) dict_keys(['triggerDag1']) retrieved from /opt/airflow/dags/triggerDag1.py
[2024-10-10T18:00:51.168+0000] {logging_mixin.py:137} INFO - [2024-10-10T18:00:51.168+0000] {dag.py:2690} INFO - Sync 1 DAGs
[2024-10-10T18:00:51.193+0000] {logging_mixin.py:137} INFO - [2024-10-10T18:00:51.193+0000] {dag.py:3441} INFO - Setting next_dagrun for triggerDag1 to None, run_after=None
[2024-10-10T18:00:51.214+0000] {processor.py:175} INFO - Processing /opt/airflow/dags/triggerDag1.py took 0.099 seconds
[2024-10-10T18:00:56.310+0000] {processor.py:153} INFO - Started process (PID=311) to work on /opt/airflow/dags/triggerDag1.py
[2024-10-10T18:00:56.311+0000] {processor.py:743} INFO - Processing file /opt/airflow/dags/triggerDag1.py for tasks to queue
[2024-10-10T18:00:56.312+0000] {logging_mixin.py:137} INFO - [2024-10-10T18:00:56.311+0000] {dagbag.py:538} INFO - Filling up the DagBag from /opt/airflow/dags/triggerDag1.py
[2024-10-10T18:00:56.323+0000] {processor.py:753} INFO - DAG(s) dict_keys(['triggerDag1']) retrieved from /opt/airflow/dags/triggerDag1.py
[2024-10-10T18:00:56.347+0000] {logging_mixin.py:137} INFO - [2024-10-10T18:00:56.347+0000] {dag.py:2690} INFO - Sync 1 DAGs
[2024-10-10T18:00:56.377+0000] {logging_mixin.py:137} INFO - [2024-10-10T18:00:56.377+0000] {dag.py:3441} INFO - Setting next_dagrun for triggerDag1 to None, run_after=None
[2024-10-10T18:00:56.398+0000] {processor.py:175} INFO - Processing /opt/airflow/dags/triggerDag1.py took 0.092 seconds
[2024-10-10T18:01:01.466+0000] {processor.py:153} INFO - Started process (PID=327) to work on /opt/airflow/dags/triggerDag1.py
[2024-10-10T18:01:01.467+0000] {processor.py:743} INFO - Processing file /opt/airflow/dags/triggerDag1.py for tasks to queue
[2024-10-10T18:01:01.467+0000] {logging_mixin.py:137} INFO - [2024-10-10T18:01:01.467+0000] {dagbag.py:538} INFO - Filling up the DagBag from /opt/airflow/dags/triggerDag1.py
[2024-10-10T18:01:01.482+0000] {processor.py:753} INFO - DAG(s) dict_keys(['triggerDag1']) retrieved from /opt/airflow/dags/triggerDag1.py
[2024-10-10T18:01:01.503+0000] {logging_mixin.py:137} INFO - [2024-10-10T18:01:01.503+0000] {dag.py:2690} INFO - Sync 1 DAGs
[2024-10-10T18:01:01.529+0000] {logging_mixin.py:137} INFO - [2024-10-10T18:01:01.528+0000] {dag.py:3441} INFO - Setting next_dagrun for triggerDag1 to None, run_after=None
[2024-10-10T18:01:01.550+0000] {processor.py:175} INFO - Processing /opt/airflow/dags/triggerDag1.py took 0.088 seconds
[2024-10-10T18:01:07.385+0000] {processor.py:153} INFO - Started process (PID=363) to work on /opt/airflow/dags/triggerDag1.py
[2024-10-10T18:01:07.385+0000] {processor.py:743} INFO - Processing file /opt/airflow/dags/triggerDag1.py for tasks to queue
[2024-10-10T18:01:07.386+0000] {logging_mixin.py:137} INFO - [2024-10-10T18:01:07.385+0000] {dagbag.py:538} INFO - Filling up the DagBag from /opt/airflow/dags/triggerDag1.py
[2024-10-10T18:01:07.394+0000] {processor.py:753} INFO - DAG(s) dict_keys(['triggerDag1']) retrieved from /opt/airflow/dags/triggerDag1.py
[2024-10-10T18:01:07.419+0000] {logging_mixin.py:137} INFO - [2024-10-10T18:01:07.419+0000] {dag.py:2690} INFO - Sync 1 DAGs
[2024-10-10T18:01:07.440+0000] {logging_mixin.py:137} INFO - [2024-10-10T18:01:07.439+0000] {dag.py:3441} INFO - Setting next_dagrun for triggerDag1 to None, run_after=None
[2024-10-10T18:01:07.460+0000] {processor.py:175} INFO - Processing /opt/airflow/dags/triggerDag1.py took 0.077 seconds
[2024-10-10T18:01:13.327+0000] {processor.py:153} INFO - Started process (PID=379) to work on /opt/airflow/dags/triggerDag1.py
[2024-10-10T18:01:13.328+0000] {processor.py:743} INFO - Processing file /opt/airflow/dags/triggerDag1.py for tasks to queue
[2024-10-10T18:01:13.328+0000] {logging_mixin.py:137} INFO - [2024-10-10T18:01:13.328+0000] {dagbag.py:538} INFO - Filling up the DagBag from /opt/airflow/dags/triggerDag1.py
[2024-10-10T18:01:13.342+0000] {processor.py:753} INFO - DAG(s) dict_keys(['triggerDag1']) retrieved from /opt/airflow/dags/triggerDag1.py
[2024-10-10T18:01:13.368+0000] {logging_mixin.py:137} INFO - [2024-10-10T18:01:13.368+0000] {dag.py:2690} INFO - Sync 1 DAGs
[2024-10-10T18:01:13.393+0000] {logging_mixin.py:137} INFO - [2024-10-10T18:01:13.393+0000] {dag.py:3441} INFO - Setting next_dagrun for triggerDag1 to None, run_after=None
[2024-10-10T18:01:13.414+0000] {processor.py:175} INFO - Processing /opt/airflow/dags/triggerDag1.py took 0.092 seconds
[2024-10-10T18:01:19.227+0000] {processor.py:153} INFO - Started process (PID=415) to work on /opt/airflow/dags/triggerDag1.py
[2024-10-10T18:01:19.228+0000] {processor.py:743} INFO - Processing file /opt/airflow/dags/triggerDag1.py for tasks to queue
[2024-10-10T18:01:19.228+0000] {logging_mixin.py:137} INFO - [2024-10-10T18:01:19.228+0000] {dagbag.py:538} INFO - Filling up the DagBag from /opt/airflow/dags/triggerDag1.py
[2024-10-10T18:01:19.238+0000] {processor.py:753} INFO - DAG(s) dict_keys(['triggerDag1']) retrieved from /opt/airflow/dags/triggerDag1.py
[2024-10-10T18:01:19.267+0000] {logging_mixin.py:137} INFO - [2024-10-10T18:01:19.267+0000] {dag.py:2690} INFO - Sync 1 DAGs
[2024-10-10T18:01:19.288+0000] {logging_mixin.py:137} INFO - [2024-10-10T18:01:19.288+0000] {dag.py:3441} INFO - Setting next_dagrun for triggerDag1 to None, run_after=None
[2024-10-10T18:01:19.305+0000] {processor.py:175} INFO - Processing /opt/airflow/dags/triggerDag1.py took 0.082 seconds
[2024-10-10T18:01:25.152+0000] {processor.py:153} INFO - Started process (PID=431) to work on /opt/airflow/dags/triggerDag1.py
[2024-10-10T18:01:25.152+0000] {processor.py:743} INFO - Processing file /opt/airflow/dags/triggerDag1.py for tasks to queue
[2024-10-10T18:01:25.153+0000] {logging_mixin.py:137} INFO - [2024-10-10T18:01:25.153+0000] {dagbag.py:538} INFO - Filling up the DagBag from /opt/airflow/dags/triggerDag1.py
[2024-10-10T18:01:25.166+0000] {processor.py:753} INFO - DAG(s) dict_keys(['triggerDag1']) retrieved from /opt/airflow/dags/triggerDag1.py
[2024-10-10T18:01:25.186+0000] {logging_mixin.py:137} INFO - [2024-10-10T18:01:25.186+0000] {dag.py:2690} INFO - Sync 1 DAGs
[2024-10-10T18:01:25.210+0000] {logging_mixin.py:137} INFO - [2024-10-10T18:01:25.210+0000] {dag.py:3441} INFO - Setting next_dagrun for triggerDag1 to None, run_after=None
[2024-10-10T18:01:25.229+0000] {processor.py:175} INFO - Processing /opt/airflow/dags/triggerDag1.py took 0.080 seconds
[2024-10-10T18:01:30.913+0000] {processor.py:153} INFO - Started process (PID=467) to work on /opt/airflow/dags/triggerDag1.py
[2024-10-10T18:01:30.913+0000] {processor.py:743} INFO - Processing file /opt/airflow/dags/triggerDag1.py for tasks to queue
[2024-10-10T18:01:30.914+0000] {logging_mixin.py:137} INFO - [2024-10-10T18:01:30.914+0000] {dagbag.py:538} INFO - Filling up the DagBag from /opt/airflow/dags/triggerDag1.py
[2024-10-10T18:01:30.923+0000] {processor.py:753} INFO - DAG(s) dict_keys(['triggerDag1']) retrieved from /opt/airflow/dags/triggerDag1.py
[2024-10-10T18:01:30.943+0000] {logging_mixin.py:137} INFO - [2024-10-10T18:01:30.943+0000] {dag.py:2690} INFO - Sync 1 DAGs
[2024-10-10T18:01:30.971+0000] {logging_mixin.py:137} INFO - [2024-10-10T18:01:30.970+0000] {dag.py:3441} INFO - Setting next_dagrun for triggerDag1 to None, run_after=None
[2024-10-10T18:01:30.996+0000] {processor.py:175} INFO - Processing /opt/airflow/dags/triggerDag1.py took 0.087 seconds
[2024-10-10T18:01:36.853+0000] {processor.py:153} INFO - Started process (PID=483) to work on /opt/airflow/dags/triggerDag1.py
[2024-10-10T18:01:36.854+0000] {processor.py:743} INFO - Processing file /opt/airflow/dags/triggerDag1.py for tasks to queue
[2024-10-10T18:01:36.855+0000] {logging_mixin.py:137} INFO - [2024-10-10T18:01:36.855+0000] {dagbag.py:538} INFO - Filling up the DagBag from /opt/airflow/dags/triggerDag1.py
[2024-10-10T18:01:36.871+0000] {processor.py:753} INFO - DAG(s) dict_keys(['triggerDag1']) retrieved from /opt/airflow/dags/triggerDag1.py
[2024-10-10T18:01:36.891+0000] {logging_mixin.py:137} INFO - [2024-10-10T18:01:36.891+0000] {dag.py:2690} INFO - Sync 1 DAGs
[2024-10-10T18:01:36.921+0000] {logging_mixin.py:137} INFO - [2024-10-10T18:01:36.921+0000] {dag.py:3441} INFO - Setting next_dagrun for triggerDag1 to None, run_after=None
[2024-10-10T18:01:36.941+0000] {processor.py:175} INFO - Processing /opt/airflow/dags/triggerDag1.py took 0.092 seconds
[2024-10-10T18:01:42.625+0000] {processor.py:153} INFO - Started process (PID=519) to work on /opt/airflow/dags/triggerDag1.py
[2024-10-10T18:01:42.626+0000] {processor.py:743} INFO - Processing file /opt/airflow/dags/triggerDag1.py for tasks to queue
[2024-10-10T18:01:42.626+0000] {logging_mixin.py:137} INFO - [2024-10-10T18:01:42.626+0000] {dagbag.py:538} INFO - Filling up the DagBag from /opt/airflow/dags/triggerDag1.py
[2024-10-10T18:01:42.641+0000] {processor.py:753} INFO - DAG(s) dict_keys(['triggerDag1']) retrieved from /opt/airflow/dags/triggerDag1.py
[2024-10-10T18:01:42.666+0000] {logging_mixin.py:137} INFO - [2024-10-10T18:01:42.665+0000] {dag.py:2690} INFO - Sync 1 DAGs
[2024-10-10T18:01:42.690+0000] {logging_mixin.py:137} INFO - [2024-10-10T18:01:42.690+0000] {dag.py:3441} INFO - Setting next_dagrun for triggerDag1 to None, run_after=None
[2024-10-10T18:01:42.707+0000] {processor.py:175} INFO - Processing /opt/airflow/dags/triggerDag1.py took 0.086 seconds
[2024-10-10T18:01:48.489+0000] {processor.py:153} INFO - Started process (PID=535) to work on /opt/airflow/dags/triggerDag1.py
[2024-10-10T18:01:48.490+0000] {processor.py:743} INFO - Processing file /opt/airflow/dags/triggerDag1.py for tasks to queue
[2024-10-10T18:01:48.491+0000] {logging_mixin.py:137} INFO - [2024-10-10T18:01:48.491+0000] {dagbag.py:538} INFO - Filling up the DagBag from /opt/airflow/dags/triggerDag1.py
[2024-10-10T18:01:48.508+0000] {processor.py:753} INFO - DAG(s) dict_keys(['triggerDag1']) retrieved from /opt/airflow/dags/triggerDag1.py
[2024-10-10T18:01:48.532+0000] {logging_mixin.py:137} INFO - [2024-10-10T18:01:48.531+0000] {dag.py:2690} INFO - Sync 1 DAGs
[2024-10-10T18:01:48.561+0000] {logging_mixin.py:137} INFO - [2024-10-10T18:01:48.561+0000] {dag.py:3441} INFO - Setting next_dagrun for triggerDag1 to None, run_after=None
[2024-10-10T18:01:48.585+0000] {processor.py:175} INFO - Processing /opt/airflow/dags/triggerDag1.py took 0.099 seconds
[2024-10-10T18:01:54.433+0000] {processor.py:153} INFO - Started process (PID=571) to work on /opt/airflow/dags/triggerDag1.py
[2024-10-10T18:01:54.434+0000] {processor.py:743} INFO - Processing file /opt/airflow/dags/triggerDag1.py for tasks to queue
[2024-10-10T18:01:54.434+0000] {logging_mixin.py:137} INFO - [2024-10-10T18:01:54.434+0000] {dagbag.py:538} INFO - Filling up the DagBag from /opt/airflow/dags/triggerDag1.py
[2024-10-10T18:01:54.446+0000] {processor.py:753} INFO - DAG(s) dict_keys(['triggerDag1']) retrieved from /opt/airflow/dags/triggerDag1.py
[2024-10-10T18:01:54.469+0000] {logging_mixin.py:137} INFO - [2024-10-10T18:01:54.469+0000] {dag.py:2690} INFO - Sync 1 DAGs
[2024-10-10T18:01:54.488+0000] {logging_mixin.py:137} INFO - [2024-10-10T18:01:54.488+0000] {dag.py:3441} INFO - Setting next_dagrun for triggerDag1 to None, run_after=None
[2024-10-10T18:01:54.506+0000] {processor.py:175} INFO - Processing /opt/airflow/dags/triggerDag1.py took 0.077 seconds
[2024-10-10T18:02:00.245+0000] {processor.py:153} INFO - Started process (PID=587) to work on /opt/airflow/dags/triggerDag1.py
[2024-10-10T18:02:00.246+0000] {processor.py:743} INFO - Processing file /opt/airflow/dags/triggerDag1.py for tasks to queue
[2024-10-10T18:02:00.247+0000] {logging_mixin.py:137} INFO - [2024-10-10T18:02:00.247+0000] {dagbag.py:538} INFO - Filling up the DagBag from /opt/airflow/dags/triggerDag1.py
[2024-10-10T18:02:00.272+0000] {processor.py:753} INFO - DAG(s) dict_keys(['triggerDag1']) retrieved from /opt/airflow/dags/triggerDag1.py
[2024-10-10T18:02:00.316+0000] {logging_mixin.py:137} INFO - [2024-10-10T18:02:00.316+0000] {dag.py:2690} INFO - Sync 1 DAGs
[2024-10-10T18:02:00.344+0000] {logging_mixin.py:137} INFO - [2024-10-10T18:02:00.344+0000] {dag.py:3441} INFO - Setting next_dagrun for triggerDag1 to None, run_after=None
[2024-10-10T18:02:00.372+0000] {processor.py:175} INFO - Processing /opt/airflow/dags/triggerDag1.py took 0.131 seconds
[2024-10-10T18:02:06.275+0000] {processor.py:153} INFO - Started process (PID=623) to work on /opt/airflow/dags/triggerDag1.py
[2024-10-10T18:02:06.278+0000] {processor.py:743} INFO - Processing file /opt/airflow/dags/triggerDag1.py for tasks to queue
[2024-10-10T18:02:06.280+0000] {logging_mixin.py:137} INFO - [2024-10-10T18:02:06.280+0000] {dagbag.py:538} INFO - Filling up the DagBag from /opt/airflow/dags/triggerDag1.py
[2024-10-10T18:02:06.315+0000] {processor.py:753} INFO - DAG(s) dict_keys(['triggerDag1']) retrieved from /opt/airflow/dags/triggerDag1.py
[2024-10-10T18:02:06.342+0000] {logging_mixin.py:137} INFO - [2024-10-10T18:02:06.342+0000] {dag.py:2690} INFO - Sync 1 DAGs
[2024-10-10T18:02:06.373+0000] {logging_mixin.py:137} INFO - [2024-10-10T18:02:06.373+0000] {dag.py:3441} INFO - Setting next_dagrun for triggerDag1 to None, run_after=None
[2024-10-10T18:02:06.397+0000] {processor.py:175} INFO - Processing /opt/airflow/dags/triggerDag1.py took 0.132 seconds
[2024-10-10T18:02:12.256+0000] {processor.py:153} INFO - Started process (PID=639) to work on /opt/airflow/dags/triggerDag1.py
[2024-10-10T18:02:12.257+0000] {processor.py:743} INFO - Processing file /opt/airflow/dags/triggerDag1.py for tasks to queue
[2024-10-10T18:02:12.258+0000] {logging_mixin.py:137} INFO - [2024-10-10T18:02:12.258+0000] {dagbag.py:538} INFO - Filling up the DagBag from /opt/airflow/dags/triggerDag1.py
[2024-10-10T18:02:12.268+0000] {processor.py:753} INFO - DAG(s) dict_keys(['triggerDag1']) retrieved from /opt/airflow/dags/triggerDag1.py
[2024-10-10T18:02:12.294+0000] {logging_mixin.py:137} INFO - [2024-10-10T18:02:12.294+0000] {dag.py:2690} INFO - Sync 1 DAGs
[2024-10-10T18:02:12.323+0000] {logging_mixin.py:137} INFO - [2024-10-10T18:02:12.323+0000] {dag.py:3441} INFO - Setting next_dagrun for triggerDag1 to None, run_after=None
[2024-10-10T18:02:12.344+0000] {processor.py:175} INFO - Processing /opt/airflow/dags/triggerDag1.py took 0.092 seconds
[2024-10-10T18:02:18.093+0000] {processor.py:153} INFO - Started process (PID=675) to work on /opt/airflow/dags/triggerDag1.py
[2024-10-10T18:02:18.095+0000] {processor.py:743} INFO - Processing file /opt/airflow/dags/triggerDag1.py for tasks to queue
[2024-10-10T18:02:18.096+0000] {logging_mixin.py:137} INFO - [2024-10-10T18:02:18.096+0000] {dagbag.py:538} INFO - Filling up the DagBag from /opt/airflow/dags/triggerDag1.py
[2024-10-10T18:02:18.115+0000] {processor.py:753} INFO - DAG(s) dict_keys(['triggerDag1']) retrieved from /opt/airflow/dags/triggerDag1.py
[2024-10-10T18:02:18.148+0000] {logging_mixin.py:137} INFO - [2024-10-10T18:02:18.148+0000] {dag.py:2690} INFO - Sync 1 DAGs
[2024-10-10T18:02:18.177+0000] {logging_mixin.py:137} INFO - [2024-10-10T18:02:18.177+0000] {dag.py:3441} INFO - Setting next_dagrun for triggerDag1 to None, run_after=None
[2024-10-10T18:02:18.198+0000] {processor.py:175} INFO - Processing /opt/airflow/dags/triggerDag1.py took 0.112 seconds
[2024-10-10T18:02:24.038+0000] {processor.py:153} INFO - Started process (PID=691) to work on /opt/airflow/dags/triggerDag1.py
[2024-10-10T18:02:24.039+0000] {processor.py:743} INFO - Processing file /opt/airflow/dags/triggerDag1.py for tasks to queue
[2024-10-10T18:02:24.040+0000] {logging_mixin.py:137} INFO - [2024-10-10T18:02:24.040+0000] {dagbag.py:538} INFO - Filling up the DagBag from /opt/airflow/dags/triggerDag1.py
[2024-10-10T18:02:24.057+0000] {processor.py:753} INFO - DAG(s) dict_keys(['triggerDag1']) retrieved from /opt/airflow/dags/triggerDag1.py
[2024-10-10T18:02:24.084+0000] {logging_mixin.py:137} INFO - [2024-10-10T18:02:24.084+0000] {dag.py:2690} INFO - Sync 1 DAGs
[2024-10-10T18:02:24.116+0000] {logging_mixin.py:137} INFO - [2024-10-10T18:02:24.116+0000] {dag.py:3441} INFO - Setting next_dagrun for triggerDag1 to None, run_after=None
[2024-10-10T18:02:24.140+0000] {processor.py:175} INFO - Processing /opt/airflow/dags/triggerDag1.py took 0.106 seconds
