[2024-10-10T17:58:51.031+0000] {processor.py:153} INFO - Started process (PID=50) to work on /opt/airflow/dags/triggerDag3.py
[2024-10-10T17:58:51.032+0000] {processor.py:743} INFO - Processing file /opt/airflow/dags/triggerDag3.py for tasks to queue
[2024-10-10T17:58:51.032+0000] {logging_mixin.py:137} INFO - [2024-10-10T17:58:51.032+0000] {dagbag.py:538} INFO - Filling up the DagBag from /opt/airflow/dags/triggerDag3.py
[2024-10-10T17:58:51.041+0000] {processor.py:753} INFO - DAG(s) dict_keys(['triggerDag3']) retrieved from /opt/airflow/dags/triggerDag3.py
[2024-10-10T17:58:51.094+0000] {logging_mixin.py:137} INFO - [2024-10-10T17:58:51.094+0000] {dag.py:2690} INFO - Sync 1 DAGs
[2024-10-10T17:58:51.122+0000] {logging_mixin.py:137} INFO - [2024-10-10T17:58:51.121+0000] {dag.py:3441} INFO - Setting next_dagrun for triggerDag3 to None, run_after=None
[2024-10-10T17:58:51.145+0000] {processor.py:175} INFO - Processing /opt/airflow/dags/triggerDag3.py took 0.117 seconds
[2024-10-10T17:58:57.042+0000] {processor.py:153} INFO - Started process (PID=86) to work on /opt/airflow/dags/triggerDag3.py
[2024-10-10T17:58:57.043+0000] {processor.py:743} INFO - Processing file /opt/airflow/dags/triggerDag3.py for tasks to queue
[2024-10-10T17:58:57.043+0000] {logging_mixin.py:137} INFO - [2024-10-10T17:58:57.043+0000] {dagbag.py:538} INFO - Filling up the DagBag from /opt/airflow/dags/triggerDag3.py
[2024-10-10T17:58:57.055+0000] {processor.py:753} INFO - DAG(s) dict_keys(['triggerDag3']) retrieved from /opt/airflow/dags/triggerDag3.py
[2024-10-10T17:58:57.069+0000] {logging_mixin.py:137} INFO - [2024-10-10T17:58:57.069+0000] {dag.py:2690} INFO - Sync 1 DAGs
[2024-10-10T17:58:57.092+0000] {logging_mixin.py:137} INFO - [2024-10-10T17:58:57.092+0000] {dag.py:3441} INFO - Setting next_dagrun for triggerDag3 to None, run_after=None
[2024-10-10T17:58:57.116+0000] {processor.py:175} INFO - Processing /opt/airflow/dags/triggerDag3.py took 0.075 seconds
[2024-10-10T17:59:02.825+0000] {processor.py:153} INFO - Started process (PID=102) to work on /opt/airflow/dags/triggerDag3.py
[2024-10-10T17:59:02.826+0000] {processor.py:743} INFO - Processing file /opt/airflow/dags/triggerDag3.py for tasks to queue
[2024-10-10T17:59:02.826+0000] {logging_mixin.py:137} INFO - [2024-10-10T17:59:02.826+0000] {dagbag.py:538} INFO - Filling up the DagBag from /opt/airflow/dags/triggerDag3.py
[2024-10-10T17:59:02.837+0000] {processor.py:753} INFO - DAG(s) dict_keys(['triggerDag3']) retrieved from /opt/airflow/dags/triggerDag3.py
[2024-10-10T17:59:02.851+0000] {logging_mixin.py:137} INFO - [2024-10-10T17:59:02.851+0000] {dag.py:2690} INFO - Sync 1 DAGs
[2024-10-10T17:59:02.880+0000] {logging_mixin.py:137} INFO - [2024-10-10T17:59:02.880+0000] {dag.py:3441} INFO - Setting next_dagrun for triggerDag3 to None, run_after=None
[2024-10-10T17:59:02.900+0000] {processor.py:175} INFO - Processing /opt/airflow/dags/triggerDag3.py took 0.077 seconds
[2024-10-10T18:00:01.313+0000] {processor.py:153} INFO - Started process (PID=50) to work on /opt/airflow/dags/triggerDag3.py
[2024-10-10T18:00:01.314+0000] {processor.py:743} INFO - Processing file /opt/airflow/dags/triggerDag3.py for tasks to queue
[2024-10-10T18:00:01.315+0000] {logging_mixin.py:137} INFO - [2024-10-10T18:00:01.315+0000] {dagbag.py:538} INFO - Filling up the DagBag from /opt/airflow/dags/triggerDag3.py
[2024-10-10T18:00:01.327+0000] {processor.py:753} INFO - DAG(s) dict_keys(['triggerDag3']) retrieved from /opt/airflow/dags/triggerDag3.py
[2024-10-10T18:00:01.388+0000] {logging_mixin.py:137} INFO - [2024-10-10T18:00:01.388+0000] {dag.py:2690} INFO - Sync 1 DAGs
[2024-10-10T18:00:01.415+0000] {logging_mixin.py:137} INFO - [2024-10-10T18:00:01.415+0000] {dag.py:3441} INFO - Setting next_dagrun for triggerDag3 to None, run_after=None
[2024-10-10T18:00:01.440+0000] {processor.py:175} INFO - Processing /opt/airflow/dags/triggerDag3.py took 0.129 seconds
[2024-10-10T18:00:06.606+0000] {processor.py:153} INFO - Started process (PID=75) to work on /opt/airflow/dags/triggerDag3.py
[2024-10-10T18:00:06.607+0000] {processor.py:743} INFO - Processing file /opt/airflow/dags/triggerDag3.py for tasks to queue
[2024-10-10T18:00:06.608+0000] {logging_mixin.py:137} INFO - [2024-10-10T18:00:06.608+0000] {dagbag.py:538} INFO - Filling up the DagBag from /opt/airflow/dags/triggerDag3.py
[2024-10-10T18:00:06.624+0000] {processor.py:753} INFO - DAG(s) dict_keys(['triggerDag3']) retrieved from /opt/airflow/dags/triggerDag3.py
[2024-10-10T18:00:06.637+0000] {logging_mixin.py:137} INFO - [2024-10-10T18:00:06.637+0000] {dag.py:2690} INFO - Sync 1 DAGs
[2024-10-10T18:00:06.666+0000] {logging_mixin.py:137} INFO - [2024-10-10T18:00:06.666+0000] {dag.py:3441} INFO - Setting next_dagrun for triggerDag3 to None, run_after=None
[2024-10-10T18:00:06.687+0000] {processor.py:175} INFO - Processing /opt/airflow/dags/triggerDag3.py took 0.085 seconds
[2024-10-10T18:00:11.741+0000] {processor.py:153} INFO - Started process (PID=102) to work on /opt/airflow/dags/triggerDag3.py
[2024-10-10T18:00:11.742+0000] {processor.py:743} INFO - Processing file /opt/airflow/dags/triggerDag3.py for tasks to queue
[2024-10-10T18:00:11.743+0000] {logging_mixin.py:137} INFO - [2024-10-10T18:00:11.743+0000] {dagbag.py:538} INFO - Filling up the DagBag from /opt/airflow/dags/triggerDag3.py
[2024-10-10T18:00:11.756+0000] {processor.py:753} INFO - DAG(s) dict_keys(['triggerDag3']) retrieved from /opt/airflow/dags/triggerDag3.py
[2024-10-10T18:00:11.771+0000] {logging_mixin.py:137} INFO - [2024-10-10T18:00:11.771+0000] {dag.py:2690} INFO - Sync 1 DAGs
[2024-10-10T18:00:11.791+0000] {logging_mixin.py:137} INFO - [2024-10-10T18:00:11.791+0000] {dag.py:3441} INFO - Setting next_dagrun for triggerDag3 to None, run_after=None
[2024-10-10T18:00:11.806+0000] {processor.py:175} INFO - Processing /opt/airflow/dags/triggerDag3.py took 0.069 seconds
[2024-10-10T18:00:16.867+0000] {processor.py:153} INFO - Started process (PID=118) to work on /opt/airflow/dags/triggerDag3.py
[2024-10-10T18:00:16.868+0000] {processor.py:743} INFO - Processing file /opt/airflow/dags/triggerDag3.py for tasks to queue
[2024-10-10T18:00:16.869+0000] {logging_mixin.py:137} INFO - [2024-10-10T18:00:16.869+0000] {dagbag.py:538} INFO - Filling up the DagBag from /opt/airflow/dags/triggerDag3.py
[2024-10-10T18:00:16.879+0000] {processor.py:753} INFO - DAG(s) dict_keys(['triggerDag3']) retrieved from /opt/airflow/dags/triggerDag3.py
[2024-10-10T18:00:16.892+0000] {logging_mixin.py:137} INFO - [2024-10-10T18:00:16.892+0000] {dag.py:2690} INFO - Sync 1 DAGs
[2024-10-10T18:00:16.919+0000] {logging_mixin.py:137} INFO - [2024-10-10T18:00:16.919+0000] {dag.py:3441} INFO - Setting next_dagrun for triggerDag3 to None, run_after=None
[2024-10-10T18:00:16.941+0000] {processor.py:175} INFO - Processing /opt/airflow/dags/triggerDag3.py took 0.078 seconds
[2024-10-10T18:00:21.986+0000] {processor.py:153} INFO - Started process (PID=154) to work on /opt/airflow/dags/triggerDag3.py
[2024-10-10T18:00:21.987+0000] {processor.py:743} INFO - Processing file /opt/airflow/dags/triggerDag3.py for tasks to queue
[2024-10-10T18:00:21.987+0000] {logging_mixin.py:137} INFO - [2024-10-10T18:00:21.987+0000] {dagbag.py:538} INFO - Filling up the DagBag from /opt/airflow/dags/triggerDag3.py
[2024-10-10T18:00:21.996+0000] {processor.py:753} INFO - DAG(s) dict_keys(['triggerDag3']) retrieved from /opt/airflow/dags/triggerDag3.py
[2024-10-10T18:00:22.010+0000] {logging_mixin.py:137} INFO - [2024-10-10T18:00:22.010+0000] {dag.py:2690} INFO - Sync 1 DAGs
[2024-10-10T18:00:22.034+0000] {logging_mixin.py:137} INFO - [2024-10-10T18:00:22.034+0000] {dag.py:3441} INFO - Setting next_dagrun for triggerDag3 to None, run_after=None
[2024-10-10T18:00:22.054+0000] {processor.py:175} INFO - Processing /opt/airflow/dags/triggerDag3.py took 0.070 seconds
[2024-10-10T18:00:27.783+0000] {processor.py:153} INFO - Started process (PID=170) to work on /opt/airflow/dags/triggerDag3.py
[2024-10-10T18:00:27.783+0000] {processor.py:743} INFO - Processing file /opt/airflow/dags/triggerDag3.py for tasks to queue
[2024-10-10T18:00:27.784+0000] {logging_mixin.py:137} INFO - [2024-10-10T18:00:27.784+0000] {dagbag.py:538} INFO - Filling up the DagBag from /opt/airflow/dags/triggerDag3.py
[2024-10-10T18:00:27.793+0000] {processor.py:753} INFO - DAG(s) dict_keys(['triggerDag3']) retrieved from /opt/airflow/dags/triggerDag3.py
[2024-10-10T18:00:27.805+0000] {logging_mixin.py:137} INFO - [2024-10-10T18:00:27.804+0000] {dag.py:2690} INFO - Sync 1 DAGs
[2024-10-10T18:00:27.823+0000] {logging_mixin.py:137} INFO - [2024-10-10T18:00:27.823+0000] {dag.py:3441} INFO - Setting next_dagrun for triggerDag3 to None, run_after=None
[2024-10-10T18:00:27.841+0000] {processor.py:175} INFO - Processing /opt/airflow/dags/triggerDag3.py took 0.060 seconds
[2024-10-10T18:00:33.702+0000] {processor.py:153} INFO - Started process (PID=206) to work on /opt/airflow/dags/triggerDag3.py
[2024-10-10T18:00:33.703+0000] {processor.py:743} INFO - Processing file /opt/airflow/dags/triggerDag3.py for tasks to queue
[2024-10-10T18:00:33.703+0000] {logging_mixin.py:137} INFO - [2024-10-10T18:00:33.703+0000] {dagbag.py:538} INFO - Filling up the DagBag from /opt/airflow/dags/triggerDag3.py
[2024-10-10T18:00:33.716+0000] {processor.py:753} INFO - DAG(s) dict_keys(['triggerDag3']) retrieved from /opt/airflow/dags/triggerDag3.py
[2024-10-10T18:00:33.742+0000] {logging_mixin.py:137} INFO - [2024-10-10T18:00:33.742+0000] {dag.py:2690} INFO - Sync 1 DAGs
[2024-10-10T18:00:33.771+0000] {logging_mixin.py:137} INFO - [2024-10-10T18:00:33.771+0000] {dag.py:3441} INFO - Setting next_dagrun for triggerDag3 to None, run_after=None
[2024-10-10T18:00:33.792+0000] {processor.py:175} INFO - Processing /opt/airflow/dags/triggerDag3.py took 0.094 seconds
[2024-10-10T18:00:39.737+0000] {processor.py:153} INFO - Started process (PID=222) to work on /opt/airflow/dags/triggerDag3.py
[2024-10-10T18:00:39.739+0000] {processor.py:743} INFO - Processing file /opt/airflow/dags/triggerDag3.py for tasks to queue
[2024-10-10T18:00:39.740+0000] {logging_mixin.py:137} INFO - [2024-10-10T18:00:39.739+0000] {dagbag.py:538} INFO - Filling up the DagBag from /opt/airflow/dags/triggerDag3.py
[2024-10-10T18:00:39.755+0000] {processor.py:753} INFO - DAG(s) dict_keys(['triggerDag3']) retrieved from /opt/airflow/dags/triggerDag3.py
[2024-10-10T18:00:39.781+0000] {logging_mixin.py:137} INFO - [2024-10-10T18:00:39.781+0000] {dag.py:2690} INFO - Sync 1 DAGs
[2024-10-10T18:00:39.806+0000] {logging_mixin.py:137} INFO - [2024-10-10T18:00:39.806+0000] {dag.py:3441} INFO - Setting next_dagrun for triggerDag3 to None, run_after=None
[2024-10-10T18:00:39.826+0000] {processor.py:175} INFO - Processing /opt/airflow/dags/triggerDag3.py took 0.093 seconds
[2024-10-10T18:00:44.878+0000] {processor.py:153} INFO - Started process (PID=257) to work on /opt/airflow/dags/triggerDag3.py
[2024-10-10T18:00:44.880+0000] {processor.py:743} INFO - Processing file /opt/airflow/dags/triggerDag3.py for tasks to queue
[2024-10-10T18:00:44.881+0000] {logging_mixin.py:137} INFO - [2024-10-10T18:00:44.880+0000] {dagbag.py:538} INFO - Filling up the DagBag from /opt/airflow/dags/triggerDag3.py
[2024-10-10T18:00:44.890+0000] {processor.py:753} INFO - DAG(s) dict_keys(['triggerDag3']) retrieved from /opt/airflow/dags/triggerDag3.py
[2024-10-10T18:00:44.906+0000] {logging_mixin.py:137} INFO - [2024-10-10T18:00:44.906+0000] {dag.py:2690} INFO - Sync 1 DAGs
[2024-10-10T18:00:44.926+0000] {logging_mixin.py:137} INFO - [2024-10-10T18:00:44.926+0000] {dag.py:3441} INFO - Setting next_dagrun for triggerDag3 to None, run_after=None
[2024-10-10T18:00:44.947+0000] {processor.py:175} INFO - Processing /opt/airflow/dags/triggerDag3.py took 0.074 seconds
[2024-10-10T18:00:50.017+0000] {processor.py:153} INFO - Started process (PID=273) to work on /opt/airflow/dags/triggerDag3.py
[2024-10-10T18:00:50.018+0000] {processor.py:743} INFO - Processing file /opt/airflow/dags/triggerDag3.py for tasks to queue
[2024-10-10T18:00:50.019+0000] {logging_mixin.py:137} INFO - [2024-10-10T18:00:50.019+0000] {dagbag.py:538} INFO - Filling up the DagBag from /opt/airflow/dags/triggerDag3.py
[2024-10-10T18:00:50.028+0000] {processor.py:753} INFO - DAG(s) dict_keys(['triggerDag3']) retrieved from /opt/airflow/dags/triggerDag3.py
[2024-10-10T18:00:50.049+0000] {logging_mixin.py:137} INFO - [2024-10-10T18:00:50.049+0000] {dag.py:2690} INFO - Sync 1 DAGs
[2024-10-10T18:00:50.065+0000] {logging_mixin.py:137} INFO - [2024-10-10T18:00:50.065+0000] {dag.py:3441} INFO - Setting next_dagrun for triggerDag3 to None, run_after=None
[2024-10-10T18:00:50.084+0000] {processor.py:175} INFO - Processing /opt/airflow/dags/triggerDag3.py took 0.070 seconds
[2024-10-10T18:00:55.200+0000] {processor.py:153} INFO - Started process (PID=309) to work on /opt/airflow/dags/triggerDag3.py
[2024-10-10T18:00:55.201+0000] {processor.py:743} INFO - Processing file /opt/airflow/dags/triggerDag3.py for tasks to queue
[2024-10-10T18:00:55.201+0000] {logging_mixin.py:137} INFO - [2024-10-10T18:00:55.201+0000] {dagbag.py:538} INFO - Filling up the DagBag from /opt/airflow/dags/triggerDag3.py
[2024-10-10T18:00:55.210+0000] {processor.py:753} INFO - DAG(s) dict_keys(['triggerDag3']) retrieved from /opt/airflow/dags/triggerDag3.py
[2024-10-10T18:00:55.233+0000] {logging_mixin.py:137} INFO - [2024-10-10T18:00:55.233+0000] {dag.py:2690} INFO - Sync 1 DAGs
[2024-10-10T18:00:55.259+0000] {logging_mixin.py:137} INFO - [2024-10-10T18:00:55.259+0000] {dag.py:3441} INFO - Setting next_dagrun for triggerDag3 to None, run_after=None
[2024-10-10T18:00:55.277+0000] {processor.py:175} INFO - Processing /opt/airflow/dags/triggerDag3.py took 0.078 seconds
[2024-10-10T18:01:00.341+0000] {processor.py:153} INFO - Started process (PID=325) to work on /opt/airflow/dags/triggerDag3.py
[2024-10-10T18:01:00.342+0000] {processor.py:743} INFO - Processing file /opt/airflow/dags/triggerDag3.py for tasks to queue
[2024-10-10T18:01:00.342+0000] {logging_mixin.py:137} INFO - [2024-10-10T18:01:00.342+0000] {dagbag.py:538} INFO - Filling up the DagBag from /opt/airflow/dags/triggerDag3.py
[2024-10-10T18:01:00.351+0000] {processor.py:753} INFO - DAG(s) dict_keys(['triggerDag3']) retrieved from /opt/airflow/dags/triggerDag3.py
[2024-10-10T18:01:00.377+0000] {logging_mixin.py:137} INFO - [2024-10-10T18:01:00.377+0000] {dag.py:2690} INFO - Sync 1 DAGs
[2024-10-10T18:01:00.405+0000] {logging_mixin.py:137} INFO - [2024-10-10T18:01:00.405+0000] {dag.py:3441} INFO - Setting next_dagrun for triggerDag3 to None, run_after=None
[2024-10-10T18:01:00.418+0000] {processor.py:175} INFO - Processing /opt/airflow/dags/triggerDag3.py took 0.080 seconds
[2024-10-10T18:01:06.265+0000] {processor.py:153} INFO - Started process (PID=361) to work on /opt/airflow/dags/triggerDag3.py
[2024-10-10T18:01:06.266+0000] {processor.py:743} INFO - Processing file /opt/airflow/dags/triggerDag3.py for tasks to queue
[2024-10-10T18:01:06.267+0000] {logging_mixin.py:137} INFO - [2024-10-10T18:01:06.267+0000] {dagbag.py:538} INFO - Filling up the DagBag from /opt/airflow/dags/triggerDag3.py
[2024-10-10T18:01:06.282+0000] {processor.py:753} INFO - DAG(s) dict_keys(['triggerDag3']) retrieved from /opt/airflow/dags/triggerDag3.py
[2024-10-10T18:01:06.307+0000] {logging_mixin.py:137} INFO - [2024-10-10T18:01:06.307+0000] {dag.py:2690} INFO - Sync 1 DAGs
[2024-10-10T18:01:06.337+0000] {logging_mixin.py:137} INFO - [2024-10-10T18:01:06.337+0000] {dag.py:3441} INFO - Setting next_dagrun for triggerDag3 to None, run_after=None
[2024-10-10T18:01:06.359+0000] {processor.py:175} INFO - Processing /opt/airflow/dags/triggerDag3.py took 0.097 seconds
[2024-10-10T18:01:12.210+0000] {processor.py:153} INFO - Started process (PID=377) to work on /opt/airflow/dags/triggerDag3.py
[2024-10-10T18:01:12.211+0000] {processor.py:743} INFO - Processing file /opt/airflow/dags/triggerDag3.py for tasks to queue
[2024-10-10T18:01:12.211+0000] {logging_mixin.py:137} INFO - [2024-10-10T18:01:12.211+0000] {dagbag.py:538} INFO - Filling up the DagBag from /opt/airflow/dags/triggerDag3.py
[2024-10-10T18:01:12.220+0000] {processor.py:753} INFO - DAG(s) dict_keys(['triggerDag3']) retrieved from /opt/airflow/dags/triggerDag3.py
[2024-10-10T18:01:12.243+0000] {logging_mixin.py:137} INFO - [2024-10-10T18:01:12.242+0000] {dag.py:2690} INFO - Sync 1 DAGs
[2024-10-10T18:01:12.269+0000] {logging_mixin.py:137} INFO - [2024-10-10T18:01:12.269+0000] {dag.py:3441} INFO - Setting next_dagrun for triggerDag3 to None, run_after=None
[2024-10-10T18:01:12.291+0000] {processor.py:175} INFO - Processing /opt/airflow/dags/triggerDag3.py took 0.082 seconds
[2024-10-10T18:01:18.103+0000] {processor.py:153} INFO - Started process (PID=413) to work on /opt/airflow/dags/triggerDag3.py
[2024-10-10T18:01:18.104+0000] {processor.py:743} INFO - Processing file /opt/airflow/dags/triggerDag3.py for tasks to queue
[2024-10-10T18:01:18.104+0000] {logging_mixin.py:137} INFO - [2024-10-10T18:01:18.104+0000] {dagbag.py:538} INFO - Filling up the DagBag from /opt/airflow/dags/triggerDag3.py
[2024-10-10T18:01:18.114+0000] {processor.py:753} INFO - DAG(s) dict_keys(['triggerDag3']) retrieved from /opt/airflow/dags/triggerDag3.py
[2024-10-10T18:01:18.137+0000] {logging_mixin.py:137} INFO - [2024-10-10T18:01:18.137+0000] {dag.py:2690} INFO - Sync 1 DAGs
[2024-10-10T18:01:18.167+0000] {logging_mixin.py:137} INFO - [2024-10-10T18:01:18.167+0000] {dag.py:3441} INFO - Setting next_dagrun for triggerDag3 to None, run_after=None
[2024-10-10T18:01:18.192+0000] {processor.py:175} INFO - Processing /opt/airflow/dags/triggerDag3.py took 0.092 seconds
[2024-10-10T18:01:24.035+0000] {processor.py:153} INFO - Started process (PID=429) to work on /opt/airflow/dags/triggerDag3.py
[2024-10-10T18:01:24.036+0000] {processor.py:743} INFO - Processing file /opt/airflow/dags/triggerDag3.py for tasks to queue
[2024-10-10T18:01:24.036+0000] {logging_mixin.py:137} INFO - [2024-10-10T18:01:24.036+0000] {dagbag.py:538} INFO - Filling up the DagBag from /opt/airflow/dags/triggerDag3.py
[2024-10-10T18:01:24.048+0000] {processor.py:753} INFO - DAG(s) dict_keys(['triggerDag3']) retrieved from /opt/airflow/dags/triggerDag3.py
[2024-10-10T18:01:24.074+0000] {logging_mixin.py:137} INFO - [2024-10-10T18:01:24.074+0000] {dag.py:2690} INFO - Sync 1 DAGs
[2024-10-10T18:01:24.099+0000] {logging_mixin.py:137} INFO - [2024-10-10T18:01:24.099+0000] {dag.py:3441} INFO - Setting next_dagrun for triggerDag3 to None, run_after=None
[2024-10-10T18:01:24.117+0000] {processor.py:175} INFO - Processing /opt/airflow/dags/triggerDag3.py took 0.085 seconds
[2024-10-10T18:01:29.800+0000] {processor.py:153} INFO - Started process (PID=465) to work on /opt/airflow/dags/triggerDag3.py
[2024-10-10T18:01:29.801+0000] {processor.py:743} INFO - Processing file /opt/airflow/dags/triggerDag3.py for tasks to queue
[2024-10-10T18:01:29.801+0000] {logging_mixin.py:137} INFO - [2024-10-10T18:01:29.801+0000] {dagbag.py:538} INFO - Filling up the DagBag from /opt/airflow/dags/triggerDag3.py
[2024-10-10T18:01:29.811+0000] {processor.py:753} INFO - DAG(s) dict_keys(['triggerDag3']) retrieved from /opt/airflow/dags/triggerDag3.py
[2024-10-10T18:01:29.833+0000] {logging_mixin.py:137} INFO - [2024-10-10T18:01:29.833+0000] {dag.py:2690} INFO - Sync 1 DAGs
[2024-10-10T18:01:29.856+0000] {logging_mixin.py:137} INFO - [2024-10-10T18:01:29.856+0000] {dag.py:3441} INFO - Setting next_dagrun for triggerDag3 to None, run_after=None
[2024-10-10T18:01:29.876+0000] {processor.py:175} INFO - Processing /opt/airflow/dags/triggerDag3.py took 0.078 seconds
[2024-10-10T18:01:35.727+0000] {processor.py:153} INFO - Started process (PID=481) to work on /opt/airflow/dags/triggerDag3.py
[2024-10-10T18:01:35.728+0000] {processor.py:743} INFO - Processing file /opt/airflow/dags/triggerDag3.py for tasks to queue
[2024-10-10T18:01:35.729+0000] {logging_mixin.py:137} INFO - [2024-10-10T18:01:35.729+0000] {dagbag.py:538} INFO - Filling up the DagBag from /opt/airflow/dags/triggerDag3.py
[2024-10-10T18:01:35.744+0000] {processor.py:753} INFO - DAG(s) dict_keys(['triggerDag3']) retrieved from /opt/airflow/dags/triggerDag3.py
[2024-10-10T18:01:35.773+0000] {logging_mixin.py:137} INFO - [2024-10-10T18:01:35.772+0000] {dag.py:2690} INFO - Sync 1 DAGs
[2024-10-10T18:01:35.800+0000] {logging_mixin.py:137} INFO - [2024-10-10T18:01:35.800+0000] {dag.py:3441} INFO - Setting next_dagrun for triggerDag3 to None, run_after=None
[2024-10-10T18:01:35.821+0000] {processor.py:175} INFO - Processing /opt/airflow/dags/triggerDag3.py took 0.098 seconds
[2024-10-10T18:01:41.517+0000] {processor.py:153} INFO - Started process (PID=517) to work on /opt/airflow/dags/triggerDag3.py
[2024-10-10T18:01:41.518+0000] {processor.py:743} INFO - Processing file /opt/airflow/dags/triggerDag3.py for tasks to queue
[2024-10-10T18:01:41.518+0000] {logging_mixin.py:137} INFO - [2024-10-10T18:01:41.518+0000] {dagbag.py:538} INFO - Filling up the DagBag from /opt/airflow/dags/triggerDag3.py
[2024-10-10T18:01:41.528+0000] {processor.py:753} INFO - DAG(s) dict_keys(['triggerDag3']) retrieved from /opt/airflow/dags/triggerDag3.py
[2024-10-10T18:01:41.549+0000] {logging_mixin.py:137} INFO - [2024-10-10T18:01:41.549+0000] {dag.py:2690} INFO - Sync 1 DAGs
[2024-10-10T18:01:41.573+0000] {logging_mixin.py:137} INFO - [2024-10-10T18:01:41.573+0000] {dag.py:3441} INFO - Setting next_dagrun for triggerDag3 to None, run_after=None
[2024-10-10T18:01:41.593+0000] {processor.py:175} INFO - Processing /opt/airflow/dags/triggerDag3.py took 0.079 seconds
[2024-10-10T18:01:47.377+0000] {processor.py:153} INFO - Started process (PID=533) to work on /opt/airflow/dags/triggerDag3.py
[2024-10-10T18:01:47.378+0000] {processor.py:743} INFO - Processing file /opt/airflow/dags/triggerDag3.py for tasks to queue
[2024-10-10T18:01:47.379+0000] {logging_mixin.py:137} INFO - [2024-10-10T18:01:47.378+0000] {dagbag.py:538} INFO - Filling up the DagBag from /opt/airflow/dags/triggerDag3.py
[2024-10-10T18:01:47.390+0000] {processor.py:753} INFO - DAG(s) dict_keys(['triggerDag3']) retrieved from /opt/airflow/dags/triggerDag3.py
[2024-10-10T18:01:47.413+0000] {logging_mixin.py:137} INFO - [2024-10-10T18:01:47.413+0000] {dag.py:2690} INFO - Sync 1 DAGs
[2024-10-10T18:01:47.435+0000] {logging_mixin.py:137} INFO - [2024-10-10T18:01:47.435+0000] {dag.py:3441} INFO - Setting next_dagrun for triggerDag3 to None, run_after=None
[2024-10-10T18:01:47.452+0000] {processor.py:175} INFO - Processing /opt/airflow/dags/triggerDag3.py took 0.078 seconds
[2024-10-10T18:01:53.329+0000] {processor.py:153} INFO - Started process (PID=569) to work on /opt/airflow/dags/triggerDag3.py
[2024-10-10T18:01:53.330+0000] {processor.py:743} INFO - Processing file /opt/airflow/dags/triggerDag3.py for tasks to queue
[2024-10-10T18:01:53.331+0000] {logging_mixin.py:137} INFO - [2024-10-10T18:01:53.331+0000] {dagbag.py:538} INFO - Filling up the DagBag from /opt/airflow/dags/triggerDag3.py
[2024-10-10T18:01:53.341+0000] {processor.py:753} INFO - DAG(s) dict_keys(['triggerDag3']) retrieved from /opt/airflow/dags/triggerDag3.py
[2024-10-10T18:01:53.363+0000] {logging_mixin.py:137} INFO - [2024-10-10T18:01:53.363+0000] {dag.py:2690} INFO - Sync 1 DAGs
[2024-10-10T18:01:53.387+0000] {logging_mixin.py:137} INFO - [2024-10-10T18:01:53.387+0000] {dag.py:3441} INFO - Setting next_dagrun for triggerDag3 to None, run_after=None
[2024-10-10T18:01:53.408+0000] {processor.py:175} INFO - Processing /opt/airflow/dags/triggerDag3.py took 0.081 seconds
[2024-10-10T18:01:59.120+0000] {processor.py:153} INFO - Started process (PID=585) to work on /opt/airflow/dags/triggerDag3.py
[2024-10-10T18:01:59.121+0000] {processor.py:743} INFO - Processing file /opt/airflow/dags/triggerDag3.py for tasks to queue
[2024-10-10T18:01:59.122+0000] {logging_mixin.py:137} INFO - [2024-10-10T18:01:59.122+0000] {dagbag.py:538} INFO - Filling up the DagBag from /opt/airflow/dags/triggerDag3.py
[2024-10-10T18:01:59.136+0000] {processor.py:753} INFO - DAG(s) dict_keys(['triggerDag3']) retrieved from /opt/airflow/dags/triggerDag3.py
[2024-10-10T18:01:59.163+0000] {logging_mixin.py:137} INFO - [2024-10-10T18:01:59.163+0000] {dag.py:2690} INFO - Sync 1 DAGs
[2024-10-10T18:01:59.194+0000] {logging_mixin.py:137} INFO - [2024-10-10T18:01:59.194+0000] {dag.py:3441} INFO - Setting next_dagrun for triggerDag3 to None, run_after=None
[2024-10-10T18:01:59.215+0000] {processor.py:175} INFO - Processing /opt/airflow/dags/triggerDag3.py took 0.098 seconds
[2024-10-10T18:02:05.167+0000] {processor.py:153} INFO - Started process (PID=621) to work on /opt/airflow/dags/triggerDag3.py
[2024-10-10T18:02:05.168+0000] {processor.py:743} INFO - Processing file /opt/airflow/dags/triggerDag3.py for tasks to queue
[2024-10-10T18:02:05.168+0000] {logging_mixin.py:137} INFO - [2024-10-10T18:02:05.168+0000] {dagbag.py:538} INFO - Filling up the DagBag from /opt/airflow/dags/triggerDag3.py
[2024-10-10T18:02:05.179+0000] {processor.py:753} INFO - DAG(s) dict_keys(['triggerDag3']) retrieved from /opt/airflow/dags/triggerDag3.py
[2024-10-10T18:02:05.198+0000] {logging_mixin.py:137} INFO - [2024-10-10T18:02:05.198+0000] {dag.py:2690} INFO - Sync 1 DAGs
[2024-10-10T18:02:05.216+0000] {logging_mixin.py:137} INFO - [2024-10-10T18:02:05.216+0000] {dag.py:3441} INFO - Setting next_dagrun for triggerDag3 to None, run_after=None
[2024-10-10T18:02:05.232+0000] {processor.py:175} INFO - Processing /opt/airflow/dags/triggerDag3.py took 0.067 seconds
[2024-10-10T18:02:11.156+0000] {processor.py:153} INFO - Started process (PID=637) to work on /opt/airflow/dags/triggerDag3.py
[2024-10-10T18:02:11.157+0000] {processor.py:743} INFO - Processing file /opt/airflow/dags/triggerDag3.py for tasks to queue
[2024-10-10T18:02:11.158+0000] {logging_mixin.py:137} INFO - [2024-10-10T18:02:11.158+0000] {dagbag.py:538} INFO - Filling up the DagBag from /opt/airflow/dags/triggerDag3.py
[2024-10-10T18:02:11.174+0000] {processor.py:753} INFO - DAG(s) dict_keys(['triggerDag3']) retrieved from /opt/airflow/dags/triggerDag3.py
[2024-10-10T18:02:11.193+0000] {logging_mixin.py:137} INFO - [2024-10-10T18:02:11.193+0000] {dag.py:2690} INFO - Sync 1 DAGs
[2024-10-10T18:02:11.210+0000] {logging_mixin.py:137} INFO - [2024-10-10T18:02:11.210+0000] {dag.py:3441} INFO - Setting next_dagrun for triggerDag3 to None, run_after=None
[2024-10-10T18:02:11.229+0000] {processor.py:175} INFO - Processing /opt/airflow/dags/triggerDag3.py took 0.077 seconds
[2024-10-10T18:02:17.039+0000] {processor.py:153} INFO - Started process (PID=673) to work on /opt/airflow/dags/triggerDag3.py
[2024-10-10T18:02:17.040+0000] {processor.py:743} INFO - Processing file /opt/airflow/dags/triggerDag3.py for tasks to queue
[2024-10-10T18:02:17.041+0000] {logging_mixin.py:137} INFO - [2024-10-10T18:02:17.041+0000] {dagbag.py:538} INFO - Filling up the DagBag from /opt/airflow/dags/triggerDag3.py
[2024-10-10T18:02:17.060+0000] {processor.py:753} INFO - DAG(s) dict_keys(['triggerDag3']) retrieved from /opt/airflow/dags/triggerDag3.py
[2024-10-10T18:02:17.089+0000] {logging_mixin.py:137} INFO - [2024-10-10T18:02:17.088+0000] {dag.py:2690} INFO - Sync 1 DAGs
[2024-10-10T18:02:17.123+0000] {logging_mixin.py:137} INFO - [2024-10-10T18:02:17.122+0000] {dag.py:3441} INFO - Setting next_dagrun for triggerDag3 to None, run_after=None
[2024-10-10T18:02:17.144+0000] {processor.py:175} INFO - Processing /opt/airflow/dags/triggerDag3.py took 0.108 seconds
[2024-10-10T18:02:22.937+0000] {processor.py:153} INFO - Started process (PID=689) to work on /opt/airflow/dags/triggerDag3.py
[2024-10-10T18:02:22.938+0000] {processor.py:743} INFO - Processing file /opt/airflow/dags/triggerDag3.py for tasks to queue
[2024-10-10T18:02:22.938+0000] {logging_mixin.py:137} INFO - [2024-10-10T18:02:22.938+0000] {dagbag.py:538} INFO - Filling up the DagBag from /opt/airflow/dags/triggerDag3.py
[2024-10-10T18:02:22.948+0000] {processor.py:753} INFO - DAG(s) dict_keys(['triggerDag3']) retrieved from /opt/airflow/dags/triggerDag3.py
[2024-10-10T18:02:22.968+0000] {logging_mixin.py:137} INFO - [2024-10-10T18:02:22.968+0000] {dag.py:2690} INFO - Sync 1 DAGs
[2024-10-10T18:02:22.989+0000] {logging_mixin.py:137} INFO - [2024-10-10T18:02:22.988+0000] {dag.py:3441} INFO - Setting next_dagrun for triggerDag3 to None, run_after=None
[2024-10-10T18:02:23.009+0000] {processor.py:175} INFO - Processing /opt/airflow/dags/triggerDag3.py took 0.076 seconds
