[2024-10-10T17:58:51.054+0000] {processor.py:153} INFO - Started process (PID=51) to work on /opt/airflow/dags/triggerDag2.py
[2024-10-10T17:58:51.055+0000] {processor.py:743} INFO - Processing file /opt/airflow/dags/triggerDag2.py for tasks to queue
[2024-10-10T17:58:51.055+0000] {logging_mixin.py:137} INFO - [2024-10-10T17:58:51.055+0000] {dagbag.py:538} INFO - Filling up the DagBag from /opt/airflow/dags/triggerDag2.py
[2024-10-10T17:58:51.070+0000] {processor.py:753} INFO - DAG(s) dict_keys(['triggerDag2']) retrieved from /opt/airflow/dags/triggerDag2.py
[2024-10-10T17:58:51.140+0000] {logging_mixin.py:137} INFO - [2024-10-10T17:58:51.140+0000] {dag.py:2690} INFO - Sync 1 DAGs
[2024-10-10T17:58:51.165+0000] {logging_mixin.py:137} INFO - [2024-10-10T17:58:51.165+0000] {dag.py:3441} INFO - Setting next_dagrun for triggerDag2 to None, run_after=None
[2024-10-10T17:58:51.188+0000] {processor.py:175} INFO - Processing /opt/airflow/dags/triggerDag2.py took 0.137 seconds
[2024-10-10T17:58:57.139+0000] {processor.py:153} INFO - Started process (PID=87) to work on /opt/airflow/dags/triggerDag2.py
[2024-10-10T17:58:57.140+0000] {processor.py:743} INFO - Processing file /opt/airflow/dags/triggerDag2.py for tasks to queue
[2024-10-10T17:58:57.140+0000] {logging_mixin.py:137} INFO - [2024-10-10T17:58:57.140+0000] {dagbag.py:538} INFO - Filling up the DagBag from /opt/airflow/dags/triggerDag2.py
[2024-10-10T17:58:57.154+0000] {processor.py:753} INFO - DAG(s) dict_keys(['triggerDag2']) retrieved from /opt/airflow/dags/triggerDag2.py
[2024-10-10T17:58:57.167+0000] {logging_mixin.py:137} INFO - [2024-10-10T17:58:57.167+0000] {dag.py:2690} INFO - Sync 1 DAGs
[2024-10-10T17:58:57.190+0000] {logging_mixin.py:137} INFO - [2024-10-10T17:58:57.189+0000] {dag.py:3441} INFO - Setting next_dagrun for triggerDag2 to None, run_after=None
[2024-10-10T17:58:57.210+0000] {processor.py:175} INFO - Processing /opt/airflow/dags/triggerDag2.py took 0.075 seconds
[2024-10-10T17:59:02.846+0000] {processor.py:153} INFO - Started process (PID=103) to work on /opt/airflow/dags/triggerDag2.py
[2024-10-10T17:59:02.847+0000] {processor.py:743} INFO - Processing file /opt/airflow/dags/triggerDag2.py for tasks to queue
[2024-10-10T17:59:02.847+0000] {logging_mixin.py:137} INFO - [2024-10-10T17:59:02.847+0000] {dagbag.py:538} INFO - Filling up the DagBag from /opt/airflow/dags/triggerDag2.py
[2024-10-10T17:59:02.858+0000] {processor.py:753} INFO - DAG(s) dict_keys(['triggerDag2']) retrieved from /opt/airflow/dags/triggerDag2.py
[2024-10-10T17:59:02.872+0000] {logging_mixin.py:137} INFO - [2024-10-10T17:59:02.872+0000] {dag.py:2690} INFO - Sync 1 DAGs
[2024-10-10T17:59:02.893+0000] {logging_mixin.py:137} INFO - [2024-10-10T17:59:02.893+0000] {dag.py:3441} INFO - Setting next_dagrun for triggerDag2 to None, run_after=None
[2024-10-10T17:59:02.915+0000] {processor.py:175} INFO - Processing /opt/airflow/dags/triggerDag2.py took 0.070 seconds
[2024-10-10T18:00:01.466+0000] {processor.py:153} INFO - Started process (PID=51) to work on /opt/airflow/dags/triggerDag2.py
[2024-10-10T18:00:01.468+0000] {processor.py:743} INFO - Processing file /opt/airflow/dags/triggerDag2.py for tasks to queue
[2024-10-10T18:00:01.468+0000] {logging_mixin.py:137} INFO - [2024-10-10T18:00:01.468+0000] {dagbag.py:538} INFO - Filling up the DagBag from /opt/airflow/dags/triggerDag2.py
[2024-10-10T18:00:01.489+0000] {processor.py:753} INFO - DAG(s) dict_keys(['triggerDag2']) retrieved from /opt/airflow/dags/triggerDag2.py
[2024-10-10T18:00:01.566+0000] {logging_mixin.py:137} INFO - [2024-10-10T18:00:01.566+0000] {dag.py:2690} INFO - Sync 1 DAGs
[2024-10-10T18:00:01.598+0000] {logging_mixin.py:137} INFO - [2024-10-10T18:00:01.597+0000] {dag.py:3441} INFO - Setting next_dagrun for triggerDag2 to None, run_after=None
[2024-10-10T18:00:01.623+0000] {processor.py:175} INFO - Processing /opt/airflow/dags/triggerDag2.py took 0.160 seconds
[2024-10-10T18:00:06.709+0000] {processor.py:153} INFO - Started process (PID=76) to work on /opt/airflow/dags/triggerDag2.py
[2024-10-10T18:00:06.710+0000] {processor.py:743} INFO - Processing file /opt/airflow/dags/triggerDag2.py for tasks to queue
[2024-10-10T18:00:06.711+0000] {logging_mixin.py:137} INFO - [2024-10-10T18:00:06.711+0000] {dagbag.py:538} INFO - Filling up the DagBag from /opt/airflow/dags/triggerDag2.py
[2024-10-10T18:00:06.729+0000] {processor.py:753} INFO - DAG(s) dict_keys(['triggerDag2']) retrieved from /opt/airflow/dags/triggerDag2.py
[2024-10-10T18:00:06.744+0000] {logging_mixin.py:137} INFO - [2024-10-10T18:00:06.744+0000] {dag.py:2690} INFO - Sync 1 DAGs
[2024-10-10T18:00:06.775+0000] {logging_mixin.py:137} INFO - [2024-10-10T18:00:06.775+0000] {dag.py:3441} INFO - Setting next_dagrun for triggerDag2 to None, run_after=None
[2024-10-10T18:00:06.796+0000] {processor.py:175} INFO - Processing /opt/airflow/dags/triggerDag2.py took 0.091 seconds
[2024-10-10T18:00:11.825+0000] {processor.py:153} INFO - Started process (PID=103) to work on /opt/airflow/dags/triggerDag2.py
[2024-10-10T18:00:11.826+0000] {processor.py:743} INFO - Processing file /opt/airflow/dags/triggerDag2.py for tasks to queue
[2024-10-10T18:00:11.827+0000] {logging_mixin.py:137} INFO - [2024-10-10T18:00:11.827+0000] {dagbag.py:538} INFO - Filling up the DagBag from /opt/airflow/dags/triggerDag2.py
[2024-10-10T18:00:11.841+0000] {processor.py:753} INFO - DAG(s) dict_keys(['triggerDag2']) retrieved from /opt/airflow/dags/triggerDag2.py
[2024-10-10T18:00:11.856+0000] {logging_mixin.py:137} INFO - [2024-10-10T18:00:11.855+0000] {dag.py:2690} INFO - Sync 1 DAGs
[2024-10-10T18:00:11.888+0000] {logging_mixin.py:137} INFO - [2024-10-10T18:00:11.888+0000] {dag.py:3441} INFO - Setting next_dagrun for triggerDag2 to None, run_after=None
[2024-10-10T18:00:11.908+0000] {processor.py:175} INFO - Processing /opt/airflow/dags/triggerDag2.py took 0.086 seconds
[2024-10-10T18:00:16.963+0000] {processor.py:153} INFO - Started process (PID=119) to work on /opt/airflow/dags/triggerDag2.py
[2024-10-10T18:00:16.964+0000] {processor.py:743} INFO - Processing file /opt/airflow/dags/triggerDag2.py for tasks to queue
[2024-10-10T18:00:16.965+0000] {logging_mixin.py:137} INFO - [2024-10-10T18:00:16.965+0000] {dagbag.py:538} INFO - Filling up the DagBag from /opt/airflow/dags/triggerDag2.py
[2024-10-10T18:00:16.981+0000] {processor.py:753} INFO - DAG(s) dict_keys(['triggerDag2']) retrieved from /opt/airflow/dags/triggerDag2.py
[2024-10-10T18:00:16.995+0000] {logging_mixin.py:137} INFO - [2024-10-10T18:00:16.995+0000] {dag.py:2690} INFO - Sync 1 DAGs
[2024-10-10T18:00:17.027+0000] {logging_mixin.py:137} INFO - [2024-10-10T18:00:17.026+0000] {dag.py:3441} INFO - Setting next_dagrun for triggerDag2 to None, run_after=None
[2024-10-10T18:00:17.048+0000] {processor.py:175} INFO - Processing /opt/airflow/dags/triggerDag2.py took 0.088 seconds
[2024-10-10T18:00:22.075+0000] {processor.py:153} INFO - Started process (PID=155) to work on /opt/airflow/dags/triggerDag2.py
[2024-10-10T18:00:22.077+0000] {processor.py:743} INFO - Processing file /opt/airflow/dags/triggerDag2.py for tasks to queue
[2024-10-10T18:00:22.078+0000] {logging_mixin.py:137} INFO - [2024-10-10T18:00:22.078+0000] {dagbag.py:538} INFO - Filling up the DagBag from /opt/airflow/dags/triggerDag2.py
[2024-10-10T18:00:22.093+0000] {processor.py:753} INFO - DAG(s) dict_keys(['triggerDag2']) retrieved from /opt/airflow/dags/triggerDag2.py
[2024-10-10T18:00:22.105+0000] {logging_mixin.py:137} INFO - [2024-10-10T18:00:22.105+0000] {dag.py:2690} INFO - Sync 1 DAGs
[2024-10-10T18:00:22.127+0000] {logging_mixin.py:137} INFO - [2024-10-10T18:00:22.127+0000] {dag.py:3441} INFO - Setting next_dagrun for triggerDag2 to None, run_after=None
[2024-10-10T18:00:22.141+0000] {processor.py:175} INFO - Processing /opt/airflow/dags/triggerDag2.py took 0.070 seconds
[2024-10-10T18:00:27.843+0000] {processor.py:153} INFO - Started process (PID=171) to work on /opt/airflow/dags/triggerDag2.py
[2024-10-10T18:00:27.844+0000] {processor.py:743} INFO - Processing file /opt/airflow/dags/triggerDag2.py for tasks to queue
[2024-10-10T18:00:27.845+0000] {logging_mixin.py:137} INFO - [2024-10-10T18:00:27.845+0000] {dagbag.py:538} INFO - Filling up the DagBag from /opt/airflow/dags/triggerDag2.py
[2024-10-10T18:00:27.858+0000] {processor.py:753} INFO - DAG(s) dict_keys(['triggerDag2']) retrieved from /opt/airflow/dags/triggerDag2.py
[2024-10-10T18:00:27.872+0000] {logging_mixin.py:137} INFO - [2024-10-10T18:00:27.872+0000] {dag.py:2690} INFO - Sync 1 DAGs
[2024-10-10T18:00:27.903+0000] {logging_mixin.py:137} INFO - [2024-10-10T18:00:27.903+0000] {dag.py:3441} INFO - Setting next_dagrun for triggerDag2 to None, run_after=None
[2024-10-10T18:00:27.927+0000] {processor.py:175} INFO - Processing /opt/airflow/dags/triggerDag2.py took 0.088 seconds
[2024-10-10T18:00:33.796+0000] {processor.py:153} INFO - Started process (PID=207) to work on /opt/airflow/dags/triggerDag2.py
[2024-10-10T18:00:33.796+0000] {processor.py:743} INFO - Processing file /opt/airflow/dags/triggerDag2.py for tasks to queue
[2024-10-10T18:00:33.797+0000] {logging_mixin.py:137} INFO - [2024-10-10T18:00:33.797+0000] {dagbag.py:538} INFO - Filling up the DagBag from /opt/airflow/dags/triggerDag2.py
[2024-10-10T18:00:33.805+0000] {processor.py:753} INFO - DAG(s) dict_keys(['triggerDag2']) retrieved from /opt/airflow/dags/triggerDag2.py
[2024-10-10T18:00:33.829+0000] {logging_mixin.py:137} INFO - [2024-10-10T18:00:33.829+0000] {dag.py:2690} INFO - Sync 1 DAGs
[2024-10-10T18:00:33.855+0000] {logging_mixin.py:137} INFO - [2024-10-10T18:00:33.855+0000] {dag.py:3441} INFO - Setting next_dagrun for triggerDag2 to None, run_after=None
[2024-10-10T18:00:33.877+0000] {processor.py:175} INFO - Processing /opt/airflow/dags/triggerDag2.py took 0.084 seconds
[2024-10-10T18:00:39.745+0000] {processor.py:153} INFO - Started process (PID=223) to work on /opt/airflow/dags/triggerDag2.py
[2024-10-10T18:00:39.746+0000] {processor.py:743} INFO - Processing file /opt/airflow/dags/triggerDag2.py for tasks to queue
[2024-10-10T18:00:39.747+0000] {logging_mixin.py:137} INFO - [2024-10-10T18:00:39.747+0000] {dagbag.py:538} INFO - Filling up the DagBag from /opt/airflow/dags/triggerDag2.py
[2024-10-10T18:00:39.763+0000] {processor.py:753} INFO - DAG(s) dict_keys(['triggerDag2']) retrieved from /opt/airflow/dags/triggerDag2.py
[2024-10-10T18:00:39.793+0000] {logging_mixin.py:137} INFO - [2024-10-10T18:00:39.793+0000] {dag.py:2690} INFO - Sync 1 DAGs
[2024-10-10T18:00:39.821+0000] {logging_mixin.py:137} INFO - [2024-10-10T18:00:39.821+0000] {dag.py:3441} INFO - Setting next_dagrun for triggerDag2 to None, run_after=None
[2024-10-10T18:00:39.842+0000] {processor.py:175} INFO - Processing /opt/airflow/dags/triggerDag2.py took 0.101 seconds
[2024-10-10T18:00:44.883+0000] {processor.py:153} INFO - Started process (PID=258) to work on /opt/airflow/dags/triggerDag2.py
[2024-10-10T18:00:44.884+0000] {processor.py:743} INFO - Processing file /opt/airflow/dags/triggerDag2.py for tasks to queue
[2024-10-10T18:00:44.884+0000] {logging_mixin.py:137} INFO - [2024-10-10T18:00:44.884+0000] {dagbag.py:538} INFO - Filling up the DagBag from /opt/airflow/dags/triggerDag2.py
[2024-10-10T18:00:44.899+0000] {processor.py:753} INFO - DAG(s) dict_keys(['triggerDag2']) retrieved from /opt/airflow/dags/triggerDag2.py
[2024-10-10T18:00:44.920+0000] {logging_mixin.py:137} INFO - [2024-10-10T18:00:44.920+0000] {dag.py:2690} INFO - Sync 1 DAGs
[2024-10-10T18:00:44.948+0000] {logging_mixin.py:137} INFO - [2024-10-10T18:00:44.948+0000] {dag.py:3441} INFO - Setting next_dagrun for triggerDag2 to None, run_after=None
[2024-10-10T18:00:44.969+0000] {processor.py:175} INFO - Processing /opt/airflow/dags/triggerDag2.py took 0.091 seconds
[2024-10-10T18:00:50.021+0000] {processor.py:153} INFO - Started process (PID=274) to work on /opt/airflow/dags/triggerDag2.py
[2024-10-10T18:00:50.022+0000] {processor.py:743} INFO - Processing file /opt/airflow/dags/triggerDag2.py for tasks to queue
[2024-10-10T18:00:50.023+0000] {logging_mixin.py:137} INFO - [2024-10-10T18:00:50.023+0000] {dagbag.py:538} INFO - Filling up the DagBag from /opt/airflow/dags/triggerDag2.py
[2024-10-10T18:00:50.039+0000] {processor.py:753} INFO - DAG(s) dict_keys(['triggerDag2']) retrieved from /opt/airflow/dags/triggerDag2.py
[2024-10-10T18:00:50.061+0000] {logging_mixin.py:137} INFO - [2024-10-10T18:00:50.061+0000] {dag.py:2690} INFO - Sync 1 DAGs
[2024-10-10T18:00:50.083+0000] {logging_mixin.py:137} INFO - [2024-10-10T18:00:50.083+0000] {dag.py:3441} INFO - Setting next_dagrun for triggerDag2 to None, run_after=None
[2024-10-10T18:00:50.104+0000] {processor.py:175} INFO - Processing /opt/airflow/dags/triggerDag2.py took 0.087 seconds
[2024-10-10T18:00:55.224+0000] {processor.py:153} INFO - Started process (PID=310) to work on /opt/airflow/dags/triggerDag2.py
[2024-10-10T18:00:55.225+0000] {processor.py:743} INFO - Processing file /opt/airflow/dags/triggerDag2.py for tasks to queue
[2024-10-10T18:00:55.226+0000] {logging_mixin.py:137} INFO - [2024-10-10T18:00:55.225+0000] {dagbag.py:538} INFO - Filling up the DagBag from /opt/airflow/dags/triggerDag2.py
[2024-10-10T18:00:55.234+0000] {processor.py:753} INFO - DAG(s) dict_keys(['triggerDag2']) retrieved from /opt/airflow/dags/triggerDag2.py
[2024-10-10T18:00:55.256+0000] {logging_mixin.py:137} INFO - [2024-10-10T18:00:55.256+0000] {dag.py:2690} INFO - Sync 1 DAGs
[2024-10-10T18:00:55.285+0000] {logging_mixin.py:137} INFO - [2024-10-10T18:00:55.284+0000] {dag.py:3441} INFO - Setting next_dagrun for triggerDag2 to None, run_after=None
[2024-10-10T18:00:55.305+0000] {processor.py:175} INFO - Processing /opt/airflow/dags/triggerDag2.py took 0.084 seconds
[2024-10-10T18:01:00.351+0000] {processor.py:153} INFO - Started process (PID=326) to work on /opt/airflow/dags/triggerDag2.py
[2024-10-10T18:01:00.351+0000] {processor.py:743} INFO - Processing file /opt/airflow/dags/triggerDag2.py for tasks to queue
[2024-10-10T18:01:00.352+0000] {logging_mixin.py:137} INFO - [2024-10-10T18:01:00.352+0000] {dagbag.py:538} INFO - Filling up the DagBag from /opt/airflow/dags/triggerDag2.py
[2024-10-10T18:01:00.360+0000] {processor.py:753} INFO - DAG(s) dict_keys(['triggerDag2']) retrieved from /opt/airflow/dags/triggerDag2.py
[2024-10-10T18:01:00.386+0000] {logging_mixin.py:137} INFO - [2024-10-10T18:01:00.386+0000] {dag.py:2690} INFO - Sync 1 DAGs
[2024-10-10T18:01:00.414+0000] {logging_mixin.py:137} INFO - [2024-10-10T18:01:00.414+0000] {dag.py:3441} INFO - Setting next_dagrun for triggerDag2 to None, run_after=None
[2024-10-10T18:01:00.431+0000] {processor.py:175} INFO - Processing /opt/airflow/dags/triggerDag2.py took 0.082 seconds
[2024-10-10T18:01:06.318+0000] {processor.py:153} INFO - Started process (PID=362) to work on /opt/airflow/dags/triggerDag2.py
[2024-10-10T18:01:06.319+0000] {processor.py:743} INFO - Processing file /opt/airflow/dags/triggerDag2.py for tasks to queue
[2024-10-10T18:01:06.319+0000] {logging_mixin.py:137} INFO - [2024-10-10T18:01:06.319+0000] {dagbag.py:538} INFO - Filling up the DagBag from /opt/airflow/dags/triggerDag2.py
[2024-10-10T18:01:06.330+0000] {processor.py:753} INFO - DAG(s) dict_keys(['triggerDag2']) retrieved from /opt/airflow/dags/triggerDag2.py
[2024-10-10T18:01:06.351+0000] {logging_mixin.py:137} INFO - [2024-10-10T18:01:06.351+0000] {dag.py:2690} INFO - Sync 1 DAGs
[2024-10-10T18:01:06.372+0000] {logging_mixin.py:137} INFO - [2024-10-10T18:01:06.372+0000] {dag.py:3441} INFO - Setting next_dagrun for triggerDag2 to None, run_after=None
[2024-10-10T18:01:06.388+0000] {processor.py:175} INFO - Processing /opt/airflow/dags/triggerDag2.py took 0.074 seconds
[2024-10-10T18:01:12.302+0000] {processor.py:153} INFO - Started process (PID=378) to work on /opt/airflow/dags/triggerDag2.py
[2024-10-10T18:01:12.302+0000] {processor.py:743} INFO - Processing file /opt/airflow/dags/triggerDag2.py for tasks to queue
[2024-10-10T18:01:12.303+0000] {logging_mixin.py:137} INFO - [2024-10-10T18:01:12.303+0000] {dagbag.py:538} INFO - Filling up the DagBag from /opt/airflow/dags/triggerDag2.py
[2024-10-10T18:01:12.312+0000] {processor.py:753} INFO - DAG(s) dict_keys(['triggerDag2']) retrieved from /opt/airflow/dags/triggerDag2.py
[2024-10-10T18:01:12.340+0000] {logging_mixin.py:137} INFO - [2024-10-10T18:01:12.340+0000] {dag.py:2690} INFO - Sync 1 DAGs
[2024-10-10T18:01:12.364+0000] {logging_mixin.py:137} INFO - [2024-10-10T18:01:12.363+0000] {dag.py:3441} INFO - Setting next_dagrun for triggerDag2 to None, run_after=None
[2024-10-10T18:01:12.387+0000] {processor.py:175} INFO - Processing /opt/airflow/dags/triggerDag2.py took 0.089 seconds
[2024-10-10T18:01:18.176+0000] {processor.py:153} INFO - Started process (PID=414) to work on /opt/airflow/dags/triggerDag2.py
[2024-10-10T18:01:18.177+0000] {processor.py:743} INFO - Processing file /opt/airflow/dags/triggerDag2.py for tasks to queue
[2024-10-10T18:01:18.178+0000] {logging_mixin.py:137} INFO - [2024-10-10T18:01:18.178+0000] {dagbag.py:538} INFO - Filling up the DagBag from /opt/airflow/dags/triggerDag2.py
[2024-10-10T18:01:18.194+0000] {processor.py:753} INFO - DAG(s) dict_keys(['triggerDag2']) retrieved from /opt/airflow/dags/triggerDag2.py
[2024-10-10T18:01:18.214+0000] {logging_mixin.py:137} INFO - [2024-10-10T18:01:18.214+0000] {dag.py:2690} INFO - Sync 1 DAGs
[2024-10-10T18:01:18.233+0000] {logging_mixin.py:137} INFO - [2024-10-10T18:01:18.233+0000] {dag.py:3441} INFO - Setting next_dagrun for triggerDag2 to None, run_after=None
[2024-10-10T18:01:18.247+0000] {processor.py:175} INFO - Processing /opt/airflow/dags/triggerDag2.py took 0.075 seconds
[2024-10-10T18:01:24.137+0000] {processor.py:153} INFO - Started process (PID=430) to work on /opt/airflow/dags/triggerDag2.py
[2024-10-10T18:01:24.138+0000] {processor.py:743} INFO - Processing file /opt/airflow/dags/triggerDag2.py for tasks to queue
[2024-10-10T18:01:24.139+0000] {logging_mixin.py:137} INFO - [2024-10-10T18:01:24.139+0000] {dagbag.py:538} INFO - Filling up the DagBag from /opt/airflow/dags/triggerDag2.py
[2024-10-10T18:01:24.153+0000] {processor.py:753} INFO - DAG(s) dict_keys(['triggerDag2']) retrieved from /opt/airflow/dags/triggerDag2.py
[2024-10-10T18:01:24.181+0000] {logging_mixin.py:137} INFO - [2024-10-10T18:01:24.181+0000] {dag.py:2690} INFO - Sync 1 DAGs
[2024-10-10T18:01:24.211+0000] {logging_mixin.py:137} INFO - [2024-10-10T18:01:24.211+0000] {dag.py:3441} INFO - Setting next_dagrun for triggerDag2 to None, run_after=None
[2024-10-10T18:01:24.230+0000] {processor.py:175} INFO - Processing /opt/airflow/dags/triggerDag2.py took 0.097 seconds
[2024-10-10T18:01:29.899+0000] {processor.py:153} INFO - Started process (PID=466) to work on /opt/airflow/dags/triggerDag2.py
[2024-10-10T18:01:29.899+0000] {processor.py:743} INFO - Processing file /opt/airflow/dags/triggerDag2.py for tasks to queue
[2024-10-10T18:01:29.900+0000] {logging_mixin.py:137} INFO - [2024-10-10T18:01:29.900+0000] {dagbag.py:538} INFO - Filling up the DagBag from /opt/airflow/dags/triggerDag2.py
[2024-10-10T18:01:29.913+0000] {processor.py:753} INFO - DAG(s) dict_keys(['triggerDag2']) retrieved from /opt/airflow/dags/triggerDag2.py
[2024-10-10T18:01:29.939+0000] {logging_mixin.py:137} INFO - [2024-10-10T18:01:29.939+0000] {dag.py:2690} INFO - Sync 1 DAGs
[2024-10-10T18:01:29.964+0000] {logging_mixin.py:137} INFO - [2024-10-10T18:01:29.964+0000] {dag.py:3441} INFO - Setting next_dagrun for triggerDag2 to None, run_after=None
[2024-10-10T18:01:29.989+0000] {processor.py:175} INFO - Processing /opt/airflow/dags/triggerDag2.py took 0.093 seconds
[2024-10-10T18:01:35.739+0000] {processor.py:153} INFO - Started process (PID=482) to work on /opt/airflow/dags/triggerDag2.py
[2024-10-10T18:01:35.739+0000] {processor.py:743} INFO - Processing file /opt/airflow/dags/triggerDag2.py for tasks to queue
[2024-10-10T18:01:35.740+0000] {logging_mixin.py:137} INFO - [2024-10-10T18:01:35.740+0000] {dagbag.py:538} INFO - Filling up the DagBag from /opt/airflow/dags/triggerDag2.py
[2024-10-10T18:01:35.750+0000] {processor.py:753} INFO - DAG(s) dict_keys(['triggerDag2']) retrieved from /opt/airflow/dags/triggerDag2.py
[2024-10-10T18:01:35.775+0000] {logging_mixin.py:137} INFO - [2024-10-10T18:01:35.775+0000] {dag.py:2690} INFO - Sync 1 DAGs
[2024-10-10T18:01:35.804+0000] {logging_mixin.py:137} INFO - [2024-10-10T18:01:35.804+0000] {dag.py:3441} INFO - Setting next_dagrun for triggerDag2 to None, run_after=None
[2024-10-10T18:01:35.826+0000] {processor.py:175} INFO - Processing /opt/airflow/dags/triggerDag2.py took 0.090 seconds
[2024-10-10T18:01:41.593+0000] {processor.py:153} INFO - Started process (PID=518) to work on /opt/airflow/dags/triggerDag2.py
[2024-10-10T18:01:41.594+0000] {processor.py:743} INFO - Processing file /opt/airflow/dags/triggerDag2.py for tasks to queue
[2024-10-10T18:01:41.594+0000] {logging_mixin.py:137} INFO - [2024-10-10T18:01:41.594+0000] {dagbag.py:538} INFO - Filling up the DagBag from /opt/airflow/dags/triggerDag2.py
[2024-10-10T18:01:41.607+0000] {processor.py:753} INFO - DAG(s) dict_keys(['triggerDag2']) retrieved from /opt/airflow/dags/triggerDag2.py
[2024-10-10T18:01:41.623+0000] {logging_mixin.py:137} INFO - [2024-10-10T18:01:41.623+0000] {dag.py:2690} INFO - Sync 1 DAGs
[2024-10-10T18:01:41.639+0000] {logging_mixin.py:137} INFO - [2024-10-10T18:01:41.639+0000] {dag.py:3441} INFO - Setting next_dagrun for triggerDag2 to None, run_after=None
[2024-10-10T18:01:41.652+0000] {processor.py:175} INFO - Processing /opt/airflow/dags/triggerDag2.py took 0.063 seconds
[2024-10-10T18:01:47.470+0000] {processor.py:153} INFO - Started process (PID=534) to work on /opt/airflow/dags/triggerDag2.py
[2024-10-10T18:01:47.471+0000] {processor.py:743} INFO - Processing file /opt/airflow/dags/triggerDag2.py for tasks to queue
[2024-10-10T18:01:47.472+0000] {logging_mixin.py:137} INFO - [2024-10-10T18:01:47.472+0000] {dagbag.py:538} INFO - Filling up the DagBag from /opt/airflow/dags/triggerDag2.py
[2024-10-10T18:01:47.489+0000] {processor.py:753} INFO - DAG(s) dict_keys(['triggerDag2']) retrieved from /opt/airflow/dags/triggerDag2.py
[2024-10-10T18:01:47.520+0000] {logging_mixin.py:137} INFO - [2024-10-10T18:01:47.520+0000] {dag.py:2690} INFO - Sync 1 DAGs
[2024-10-10T18:01:47.544+0000] {logging_mixin.py:137} INFO - [2024-10-10T18:01:47.544+0000] {dag.py:3441} INFO - Setting next_dagrun for triggerDag2 to None, run_after=None
[2024-10-10T18:01:47.564+0000] {processor.py:175} INFO - Processing /opt/airflow/dags/triggerDag2.py took 0.098 seconds
[2024-10-10T18:01:53.334+0000] {processor.py:153} INFO - Started process (PID=570) to work on /opt/airflow/dags/triggerDag2.py
[2024-10-10T18:01:53.335+0000] {processor.py:743} INFO - Processing file /opt/airflow/dags/triggerDag2.py for tasks to queue
[2024-10-10T18:01:53.336+0000] {logging_mixin.py:137} INFO - [2024-10-10T18:01:53.335+0000] {dagbag.py:538} INFO - Filling up the DagBag from /opt/airflow/dags/triggerDag2.py
[2024-10-10T18:01:53.344+0000] {processor.py:753} INFO - DAG(s) dict_keys(['triggerDag2']) retrieved from /opt/airflow/dags/triggerDag2.py
[2024-10-10T18:01:53.372+0000] {logging_mixin.py:137} INFO - [2024-10-10T18:01:53.371+0000] {dag.py:2690} INFO - Sync 1 DAGs
[2024-10-10T18:01:53.395+0000] {logging_mixin.py:137} INFO - [2024-10-10T18:01:53.395+0000] {dag.py:3441} INFO - Setting next_dagrun for triggerDag2 to None, run_after=None
[2024-10-10T18:01:53.415+0000] {processor.py:175} INFO - Processing /opt/airflow/dags/triggerDag2.py took 0.084 seconds
[2024-10-10T18:01:59.191+0000] {processor.py:153} INFO - Started process (PID=586) to work on /opt/airflow/dags/triggerDag2.py
[2024-10-10T18:01:59.192+0000] {processor.py:743} INFO - Processing file /opt/airflow/dags/triggerDag2.py for tasks to queue
[2024-10-10T18:01:59.192+0000] {logging_mixin.py:137} INFO - [2024-10-10T18:01:59.192+0000] {dagbag.py:538} INFO - Filling up the DagBag from /opt/airflow/dags/triggerDag2.py
[2024-10-10T18:01:59.204+0000] {processor.py:753} INFO - DAG(s) dict_keys(['triggerDag2']) retrieved from /opt/airflow/dags/triggerDag2.py
[2024-10-10T18:01:59.231+0000] {logging_mixin.py:137} INFO - [2024-10-10T18:01:59.231+0000] {dag.py:2690} INFO - Sync 1 DAGs
[2024-10-10T18:01:59.264+0000] {logging_mixin.py:137} INFO - [2024-10-10T18:01:59.264+0000] {dag.py:3441} INFO - Setting next_dagrun for triggerDag2 to None, run_after=None
[2024-10-10T18:01:59.285+0000] {processor.py:175} INFO - Processing /opt/airflow/dags/triggerDag2.py took 0.098 seconds
[2024-10-10T18:02:05.248+0000] {processor.py:153} INFO - Started process (PID=622) to work on /opt/airflow/dags/triggerDag2.py
[2024-10-10T18:02:05.249+0000] {processor.py:743} INFO - Processing file /opt/airflow/dags/triggerDag2.py for tasks to queue
[2024-10-10T18:02:05.251+0000] {logging_mixin.py:137} INFO - [2024-10-10T18:02:05.250+0000] {dagbag.py:538} INFO - Filling up the DagBag from /opt/airflow/dags/triggerDag2.py
[2024-10-10T18:02:05.263+0000] {processor.py:753} INFO - DAG(s) dict_keys(['triggerDag2']) retrieved from /opt/airflow/dags/triggerDag2.py
[2024-10-10T18:02:05.282+0000] {logging_mixin.py:137} INFO - [2024-10-10T18:02:05.282+0000] {dag.py:2690} INFO - Sync 1 DAGs
[2024-10-10T18:02:05.298+0000] {logging_mixin.py:137} INFO - [2024-10-10T18:02:05.298+0000] {dag.py:3441} INFO - Setting next_dagrun for triggerDag2 to None, run_after=None
[2024-10-10T18:02:05.309+0000] {processor.py:175} INFO - Processing /opt/airflow/dags/triggerDag2.py took 0.066 seconds
[2024-10-10T18:02:11.218+0000] {processor.py:153} INFO - Started process (PID=638) to work on /opt/airflow/dags/triggerDag2.py
[2024-10-10T18:02:11.219+0000] {processor.py:743} INFO - Processing file /opt/airflow/dags/triggerDag2.py for tasks to queue
[2024-10-10T18:02:11.220+0000] {logging_mixin.py:137} INFO - [2024-10-10T18:02:11.219+0000] {dagbag.py:538} INFO - Filling up the DagBag from /opt/airflow/dags/triggerDag2.py
[2024-10-10T18:02:11.229+0000] {processor.py:753} INFO - DAG(s) dict_keys(['triggerDag2']) retrieved from /opt/airflow/dags/triggerDag2.py
[2024-10-10T18:02:11.255+0000] {logging_mixin.py:137} INFO - [2024-10-10T18:02:11.254+0000] {dag.py:2690} INFO - Sync 1 DAGs
[2024-10-10T18:02:11.278+0000] {logging_mixin.py:137} INFO - [2024-10-10T18:02:11.278+0000] {dag.py:3441} INFO - Setting next_dagrun for triggerDag2 to None, run_after=None
[2024-10-10T18:02:11.296+0000] {processor.py:175} INFO - Processing /opt/airflow/dags/triggerDag2.py took 0.082 seconds
[2024-10-10T18:02:17.076+0000] {processor.py:153} INFO - Started process (PID=674) to work on /opt/airflow/dags/triggerDag2.py
[2024-10-10T18:02:17.077+0000] {processor.py:743} INFO - Processing file /opt/airflow/dags/triggerDag2.py for tasks to queue
[2024-10-10T18:02:17.078+0000] {logging_mixin.py:137} INFO - [2024-10-10T18:02:17.077+0000] {dagbag.py:538} INFO - Filling up the DagBag from /opt/airflow/dags/triggerDag2.py
[2024-10-10T18:02:17.088+0000] {processor.py:753} INFO - DAG(s) dict_keys(['triggerDag2']) retrieved from /opt/airflow/dags/triggerDag2.py
[2024-10-10T18:02:17.113+0000] {logging_mixin.py:137} INFO - [2024-10-10T18:02:17.113+0000] {dag.py:2690} INFO - Sync 1 DAGs
[2024-10-10T18:02:17.131+0000] {logging_mixin.py:137} INFO - [2024-10-10T18:02:17.131+0000] {dag.py:3441} INFO - Setting next_dagrun for triggerDag2 to None, run_after=None
[2024-10-10T18:02:17.148+0000] {processor.py:175} INFO - Processing /opt/airflow/dags/triggerDag2.py took 0.077 seconds
[2024-10-10T18:02:23.006+0000] {processor.py:153} INFO - Started process (PID=690) to work on /opt/airflow/dags/triggerDag2.py
[2024-10-10T18:02:23.007+0000] {processor.py:743} INFO - Processing file /opt/airflow/dags/triggerDag2.py for tasks to queue
[2024-10-10T18:02:23.007+0000] {logging_mixin.py:137} INFO - [2024-10-10T18:02:23.007+0000] {dagbag.py:538} INFO - Filling up the DagBag from /opt/airflow/dags/triggerDag2.py
[2024-10-10T18:02:23.018+0000] {processor.py:753} INFO - DAG(s) dict_keys(['triggerDag2']) retrieved from /opt/airflow/dags/triggerDag2.py
[2024-10-10T18:02:23.041+0000] {logging_mixin.py:137} INFO - [2024-10-10T18:02:23.041+0000] {dag.py:2690} INFO - Sync 1 DAGs
[2024-10-10T18:02:23.061+0000] {logging_mixin.py:137} INFO - [2024-10-10T18:02:23.061+0000] {dag.py:3441} INFO - Setting next_dagrun for triggerDag2 to None, run_after=None
[2024-10-10T18:02:23.082+0000] {processor.py:175} INFO - Processing /opt/airflow/dags/triggerDag2.py took 0.079 seconds
