[2024-10-10T17:58:50.182+0000] {processor.py:153} INFO - Started process (PID=41) to work on /opt/airflow/dags/variaveis.py
[2024-10-10T17:58:50.183+0000] {processor.py:743} INFO - Processing file /opt/airflow/dags/variaveis.py for tasks to queue
[2024-10-10T17:58:50.184+0000] {logging_mixin.py:137} INFO - [2024-10-10T17:58:50.184+0000] {dagbag.py:538} INFO - Filling up the DagBag from /opt/airflow/dags/variaveis.py
[2024-10-10T17:58:50.217+0000] {processor.py:753} INFO - DAG(s) dict_keys(['variaveis']) retrieved from /opt/airflow/dags/variaveis.py
[2024-10-10T17:58:50.289+0000] {logging_mixin.py:137} INFO - [2024-10-10T17:58:50.289+0000] {dag.py:2690} INFO - Sync 1 DAGs
[2024-10-10T17:58:50.315+0000] {logging_mixin.py:137} INFO - [2024-10-10T17:58:50.315+0000] {dag.py:3441} INFO - Setting next_dagrun for variaveis to None, run_after=None
[2024-10-10T17:58:50.340+0000] {processor.py:175} INFO - Processing /opt/airflow/dags/variaveis.py took 0.162 seconds
[2024-10-10T17:58:55.536+0000] {processor.py:153} INFO - Started process (PID=77) to work on /opt/airflow/dags/variaveis.py
[2024-10-10T17:58:55.537+0000] {processor.py:743} INFO - Processing file /opt/airflow/dags/variaveis.py for tasks to queue
[2024-10-10T17:58:55.537+0000] {logging_mixin.py:137} INFO - [2024-10-10T17:58:55.537+0000] {dagbag.py:538} INFO - Filling up the DagBag from /opt/airflow/dags/variaveis.py
[2024-10-10T17:58:55.553+0000] {processor.py:753} INFO - DAG(s) dict_keys(['variaveis']) retrieved from /opt/airflow/dags/variaveis.py
[2024-10-10T17:58:55.567+0000] {logging_mixin.py:137} INFO - [2024-10-10T17:58:55.567+0000] {dag.py:2690} INFO - Sync 1 DAGs
[2024-10-10T17:58:55.594+0000] {logging_mixin.py:137} INFO - [2024-10-10T17:58:55.594+0000] {dag.py:3441} INFO - Setting next_dagrun for variaveis to None, run_after=None
[2024-10-10T17:58:55.616+0000] {processor.py:175} INFO - Processing /opt/airflow/dags/variaveis.py took 0.084 seconds
[2024-10-10T17:59:01.452+0000] {processor.py:153} INFO - Started process (PID=93) to work on /opt/airflow/dags/variaveis.py
[2024-10-10T17:59:01.453+0000] {processor.py:743} INFO - Processing file /opt/airflow/dags/variaveis.py for tasks to queue
[2024-10-10T17:59:01.454+0000] {logging_mixin.py:137} INFO - [2024-10-10T17:59:01.453+0000] {dagbag.py:538} INFO - Filling up the DagBag from /opt/airflow/dags/variaveis.py
[2024-10-10T17:59:01.470+0000] {processor.py:753} INFO - DAG(s) dict_keys(['variaveis']) retrieved from /opt/airflow/dags/variaveis.py
[2024-10-10T17:59:01.485+0000] {logging_mixin.py:137} INFO - [2024-10-10T17:59:01.484+0000] {dag.py:2690} INFO - Sync 1 DAGs
[2024-10-10T17:59:01.505+0000] {logging_mixin.py:137} INFO - [2024-10-10T17:59:01.504+0000] {dag.py:3441} INFO - Setting next_dagrun for variaveis to None, run_after=None
[2024-10-10T17:59:01.524+0000] {processor.py:175} INFO - Processing /opt/airflow/dags/variaveis.py took 0.075 seconds
[2024-10-10T17:59:07.156+0000] {processor.py:153} INFO - Started process (PID=129) to work on /opt/airflow/dags/variaveis.py
[2024-10-10T17:59:07.157+0000] {processor.py:743} INFO - Processing file /opt/airflow/dags/variaveis.py for tasks to queue
[2024-10-10T17:59:07.158+0000] {logging_mixin.py:137} INFO - [2024-10-10T17:59:07.158+0000] {dagbag.py:538} INFO - Filling up the DagBag from /opt/airflow/dags/variaveis.py
[2024-10-10T17:59:07.174+0000] {processor.py:753} INFO - DAG(s) dict_keys(['variaveis']) retrieved from /opt/airflow/dags/variaveis.py
[2024-10-10T17:59:07.190+0000] {logging_mixin.py:137} INFO - [2024-10-10T17:59:07.189+0000] {dag.py:2690} INFO - Sync 1 DAGs
[2024-10-10T17:59:07.213+0000] {logging_mixin.py:137} INFO - [2024-10-10T17:59:07.213+0000] {dag.py:3441} INFO - Setting next_dagrun for variaveis to None, run_after=None
[2024-10-10T17:59:07.235+0000] {processor.py:175} INFO - Processing /opt/airflow/dags/variaveis.py took 0.083 seconds
[2024-10-10T18:00:00.471+0000] {processor.py:153} INFO - Started process (PID=41) to work on /opt/airflow/dags/variaveis.py
[2024-10-10T18:00:00.472+0000] {processor.py:743} INFO - Processing file /opt/airflow/dags/variaveis.py for tasks to queue
[2024-10-10T18:00:00.473+0000] {logging_mixin.py:137} INFO - [2024-10-10T18:00:00.472+0000] {dagbag.py:538} INFO - Filling up the DagBag from /opt/airflow/dags/variaveis.py
[2024-10-10T18:00:00.490+0000] {processor.py:753} INFO - DAG(s) dict_keys(['variaveis']) retrieved from /opt/airflow/dags/variaveis.py
[2024-10-10T18:00:00.583+0000] {logging_mixin.py:137} INFO - [2024-10-10T18:00:00.583+0000] {dag.py:2690} INFO - Sync 1 DAGs
[2024-10-10T18:00:00.604+0000] {logging_mixin.py:137} INFO - [2024-10-10T18:00:00.604+0000] {dag.py:3441} INFO - Setting next_dagrun for variaveis to None, run_after=None
[2024-10-10T18:00:00.627+0000] {processor.py:175} INFO - Processing /opt/airflow/dags/variaveis.py took 0.160 seconds
[2024-10-10T18:00:06.032+0000] {processor.py:153} INFO - Started process (PID=66) to work on /opt/airflow/dags/variaveis.py
[2024-10-10T18:00:06.033+0000] {processor.py:743} INFO - Processing file /opt/airflow/dags/variaveis.py for tasks to queue
[2024-10-10T18:00:06.034+0000] {logging_mixin.py:137} INFO - [2024-10-10T18:00:06.034+0000] {dagbag.py:538} INFO - Filling up the DagBag from /opt/airflow/dags/variaveis.py
[2024-10-10T18:00:06.049+0000] {processor.py:753} INFO - DAG(s) dict_keys(['variaveis']) retrieved from /opt/airflow/dags/variaveis.py
[2024-10-10T18:00:06.063+0000] {logging_mixin.py:137} INFO - [2024-10-10T18:00:06.063+0000] {dag.py:2690} INFO - Sync 1 DAGs
[2024-10-10T18:00:06.094+0000] {logging_mixin.py:137} INFO - [2024-10-10T18:00:06.093+0000] {dag.py:3441} INFO - Setting next_dagrun for variaveis to None, run_after=None
[2024-10-10T18:00:06.119+0000] {processor.py:175} INFO - Processing /opt/airflow/dags/variaveis.py took 0.090 seconds
[2024-10-10T18:00:11.247+0000] {processor.py:153} INFO - Started process (PID=93) to work on /opt/airflow/dags/variaveis.py
[2024-10-10T18:00:11.248+0000] {processor.py:743} INFO - Processing file /opt/airflow/dags/variaveis.py for tasks to queue
[2024-10-10T18:00:11.249+0000] {logging_mixin.py:137} INFO - [2024-10-10T18:00:11.249+0000] {dagbag.py:538} INFO - Filling up the DagBag from /opt/airflow/dags/variaveis.py
[2024-10-10T18:00:11.263+0000] {processor.py:753} INFO - DAG(s) dict_keys(['variaveis']) retrieved from /opt/airflow/dags/variaveis.py
[2024-10-10T18:00:11.276+0000] {logging_mixin.py:137} INFO - [2024-10-10T18:00:11.276+0000] {dag.py:2690} INFO - Sync 1 DAGs
[2024-10-10T18:00:11.295+0000] {logging_mixin.py:137} INFO - [2024-10-10T18:00:11.295+0000] {dag.py:3441} INFO - Setting next_dagrun for variaveis to None, run_after=None
[2024-10-10T18:00:11.314+0000] {processor.py:175} INFO - Processing /opt/airflow/dags/variaveis.py took 0.072 seconds
[2024-10-10T18:00:16.338+0000] {processor.py:153} INFO - Started process (PID=109) to work on /opt/airflow/dags/variaveis.py
[2024-10-10T18:00:16.339+0000] {processor.py:743} INFO - Processing file /opt/airflow/dags/variaveis.py for tasks to queue
[2024-10-10T18:00:16.340+0000] {logging_mixin.py:137} INFO - [2024-10-10T18:00:16.340+0000] {dagbag.py:538} INFO - Filling up the DagBag from /opt/airflow/dags/variaveis.py
[2024-10-10T18:00:16.353+0000] {processor.py:753} INFO - DAG(s) dict_keys(['variaveis']) retrieved from /opt/airflow/dags/variaveis.py
[2024-10-10T18:00:16.364+0000] {logging_mixin.py:137} INFO - [2024-10-10T18:00:16.363+0000] {dag.py:2690} INFO - Sync 1 DAGs
[2024-10-10T18:00:16.379+0000] {logging_mixin.py:137} INFO - [2024-10-10T18:00:16.379+0000] {dag.py:3441} INFO - Setting next_dagrun for variaveis to None, run_after=None
[2024-10-10T18:00:16.392+0000] {processor.py:175} INFO - Processing /opt/airflow/dags/variaveis.py took 0.058 seconds
[2024-10-10T18:00:21.515+0000] {processor.py:153} INFO - Started process (PID=145) to work on /opt/airflow/dags/variaveis.py
[2024-10-10T18:00:21.516+0000] {processor.py:743} INFO - Processing file /opt/airflow/dags/variaveis.py for tasks to queue
[2024-10-10T18:00:21.517+0000] {logging_mixin.py:137} INFO - [2024-10-10T18:00:21.517+0000] {dagbag.py:538} INFO - Filling up the DagBag from /opt/airflow/dags/variaveis.py
[2024-10-10T18:00:21.526+0000] {processor.py:753} INFO - DAG(s) dict_keys(['variaveis']) retrieved from /opt/airflow/dags/variaveis.py
[2024-10-10T18:00:21.540+0000] {logging_mixin.py:137} INFO - [2024-10-10T18:00:21.540+0000] {dag.py:2690} INFO - Sync 1 DAGs
[2024-10-10T18:00:21.568+0000] {logging_mixin.py:137} INFO - [2024-10-10T18:00:21.568+0000] {dag.py:3441} INFO - Setting next_dagrun for variaveis to None, run_after=None
[2024-10-10T18:00:21.587+0000] {processor.py:175} INFO - Processing /opt/airflow/dags/variaveis.py took 0.074 seconds
[2024-10-10T18:00:27.406+0000] {processor.py:153} INFO - Started process (PID=161) to work on /opt/airflow/dags/variaveis.py
[2024-10-10T18:00:27.407+0000] {processor.py:743} INFO - Processing file /opt/airflow/dags/variaveis.py for tasks to queue
[2024-10-10T18:00:27.408+0000] {logging_mixin.py:137} INFO - [2024-10-10T18:00:27.407+0000] {dagbag.py:538} INFO - Filling up the DagBag from /opt/airflow/dags/variaveis.py
[2024-10-10T18:00:27.419+0000] {processor.py:753} INFO - DAG(s) dict_keys(['variaveis']) retrieved from /opt/airflow/dags/variaveis.py
[2024-10-10T18:00:27.428+0000] {logging_mixin.py:137} INFO - [2024-10-10T18:00:27.428+0000] {dag.py:2690} INFO - Sync 1 DAGs
[2024-10-10T18:00:27.445+0000] {logging_mixin.py:137} INFO - [2024-10-10T18:00:27.445+0000] {dag.py:3441} INFO - Setting next_dagrun for variaveis to None, run_after=None
[2024-10-10T18:00:27.461+0000] {processor.py:175} INFO - Processing /opt/airflow/dags/variaveis.py took 0.059 seconds
[2024-10-10T18:00:33.196+0000] {processor.py:153} INFO - Started process (PID=197) to work on /opt/airflow/dags/variaveis.py
[2024-10-10T18:00:33.197+0000] {processor.py:743} INFO - Processing file /opt/airflow/dags/variaveis.py for tasks to queue
[2024-10-10T18:00:33.197+0000] {logging_mixin.py:137} INFO - [2024-10-10T18:00:33.197+0000] {dagbag.py:538} INFO - Filling up the DagBag from /opt/airflow/dags/variaveis.py
[2024-10-10T18:00:33.208+0000] {processor.py:753} INFO - DAG(s) dict_keys(['variaveis']) retrieved from /opt/airflow/dags/variaveis.py
[2024-10-10T18:00:33.234+0000] {logging_mixin.py:137} INFO - [2024-10-10T18:00:33.234+0000] {dag.py:2690} INFO - Sync 1 DAGs
[2024-10-10T18:00:33.267+0000] {logging_mixin.py:137} INFO - [2024-10-10T18:00:33.267+0000] {dag.py:3441} INFO - Setting next_dagrun for variaveis to None, run_after=None
[2024-10-10T18:00:33.287+0000] {processor.py:175} INFO - Processing /opt/airflow/dags/variaveis.py took 0.095 seconds
[2024-10-10T18:00:39.079+0000] {processor.py:153} INFO - Started process (PID=213) to work on /opt/airflow/dags/variaveis.py
[2024-10-10T18:00:39.080+0000] {processor.py:743} INFO - Processing file /opt/airflow/dags/variaveis.py for tasks to queue
[2024-10-10T18:00:39.081+0000] {logging_mixin.py:137} INFO - [2024-10-10T18:00:39.081+0000] {dagbag.py:538} INFO - Filling up the DagBag from /opt/airflow/dags/variaveis.py
[2024-10-10T18:00:39.096+0000] {processor.py:753} INFO - DAG(s) dict_keys(['variaveis']) retrieved from /opt/airflow/dags/variaveis.py
[2024-10-10T18:00:39.118+0000] {logging_mixin.py:137} INFO - [2024-10-10T18:00:39.118+0000] {dag.py:2690} INFO - Sync 1 DAGs
[2024-10-10T18:00:39.138+0000] {logging_mixin.py:137} INFO - [2024-10-10T18:00:39.138+0000] {dag.py:3441} INFO - Setting next_dagrun for variaveis to None, run_after=None
[2024-10-10T18:00:39.159+0000] {processor.py:175} INFO - Processing /opt/airflow/dags/variaveis.py took 0.085 seconds
[2024-10-10T18:00:44.256+0000] {processor.py:153} INFO - Started process (PID=248) to work on /opt/airflow/dags/variaveis.py
[2024-10-10T18:00:44.257+0000] {processor.py:743} INFO - Processing file /opt/airflow/dags/variaveis.py for tasks to queue
[2024-10-10T18:00:44.258+0000] {logging_mixin.py:137} INFO - [2024-10-10T18:00:44.258+0000] {dagbag.py:538} INFO - Filling up the DagBag from /opt/airflow/dags/variaveis.py
[2024-10-10T18:00:44.272+0000] {processor.py:753} INFO - DAG(s) dict_keys(['variaveis']) retrieved from /opt/airflow/dags/variaveis.py
[2024-10-10T18:00:44.297+0000] {logging_mixin.py:137} INFO - [2024-10-10T18:00:44.297+0000] {dag.py:2690} INFO - Sync 1 DAGs
[2024-10-10T18:00:44.320+0000] {logging_mixin.py:137} INFO - [2024-10-10T18:00:44.320+0000] {dag.py:3441} INFO - Setting next_dagrun for variaveis to None, run_after=None
[2024-10-10T18:00:44.340+0000] {processor.py:175} INFO - Processing /opt/airflow/dags/variaveis.py took 0.087 seconds
[2024-10-10T18:00:49.411+0000] {processor.py:153} INFO - Started process (PID=264) to work on /opt/airflow/dags/variaveis.py
[2024-10-10T18:00:49.412+0000] {processor.py:743} INFO - Processing file /opt/airflow/dags/variaveis.py for tasks to queue
[2024-10-10T18:00:49.413+0000] {logging_mixin.py:137} INFO - [2024-10-10T18:00:49.413+0000] {dagbag.py:538} INFO - Filling up the DagBag from /opt/airflow/dags/variaveis.py
[2024-10-10T18:00:49.423+0000] {processor.py:753} INFO - DAG(s) dict_keys(['variaveis']) retrieved from /opt/airflow/dags/variaveis.py
[2024-10-10T18:00:49.441+0000] {logging_mixin.py:137} INFO - [2024-10-10T18:00:49.441+0000] {dag.py:2690} INFO - Sync 1 DAGs
[2024-10-10T18:00:49.459+0000] {logging_mixin.py:137} INFO - [2024-10-10T18:00:49.459+0000] {dag.py:3441} INFO - Setting next_dagrun for variaveis to None, run_after=None
[2024-10-10T18:00:49.479+0000] {processor.py:175} INFO - Processing /opt/airflow/dags/variaveis.py took 0.072 seconds
[2024-10-10T18:00:54.582+0000] {processor.py:153} INFO - Started process (PID=300) to work on /opt/airflow/dags/variaveis.py
[2024-10-10T18:00:54.583+0000] {processor.py:743} INFO - Processing file /opt/airflow/dags/variaveis.py for tasks to queue
[2024-10-10T18:00:54.584+0000] {logging_mixin.py:137} INFO - [2024-10-10T18:00:54.583+0000] {dagbag.py:538} INFO - Filling up the DagBag from /opt/airflow/dags/variaveis.py
[2024-10-10T18:00:54.597+0000] {processor.py:753} INFO - DAG(s) dict_keys(['variaveis']) retrieved from /opt/airflow/dags/variaveis.py
[2024-10-10T18:00:54.621+0000] {logging_mixin.py:137} INFO - [2024-10-10T18:00:54.621+0000] {dag.py:2690} INFO - Sync 1 DAGs
[2024-10-10T18:00:54.647+0000] {logging_mixin.py:137} INFO - [2024-10-10T18:00:54.647+0000] {dag.py:3441} INFO - Setting next_dagrun for variaveis to None, run_after=None
[2024-10-10T18:00:54.671+0000] {processor.py:175} INFO - Processing /opt/airflow/dags/variaveis.py took 0.093 seconds
[2024-10-10T18:00:59.758+0000] {processor.py:153} INFO - Started process (PID=316) to work on /opt/airflow/dags/variaveis.py
[2024-10-10T18:00:59.759+0000] {processor.py:743} INFO - Processing file /opt/airflow/dags/variaveis.py for tasks to queue
[2024-10-10T18:00:59.759+0000] {logging_mixin.py:137} INFO - [2024-10-10T18:00:59.759+0000] {dagbag.py:538} INFO - Filling up the DagBag from /opt/airflow/dags/variaveis.py
[2024-10-10T18:00:59.775+0000] {processor.py:753} INFO - DAG(s) dict_keys(['variaveis']) retrieved from /opt/airflow/dags/variaveis.py
[2024-10-10T18:00:59.802+0000] {logging_mixin.py:137} INFO - [2024-10-10T18:00:59.802+0000] {dag.py:2690} INFO - Sync 1 DAGs
[2024-10-10T18:00:59.829+0000] {logging_mixin.py:137} INFO - [2024-10-10T18:00:59.828+0000] {dag.py:3441} INFO - Setting next_dagrun for variaveis to None, run_after=None
[2024-10-10T18:00:59.850+0000] {processor.py:175} INFO - Processing /opt/airflow/dags/variaveis.py took 0.095 seconds
[2024-10-10T18:01:05.780+0000] {processor.py:153} INFO - Started process (PID=352) to work on /opt/airflow/dags/variaveis.py
[2024-10-10T18:01:05.781+0000] {processor.py:743} INFO - Processing file /opt/airflow/dags/variaveis.py for tasks to queue
[2024-10-10T18:01:05.781+0000] {logging_mixin.py:137} INFO - [2024-10-10T18:01:05.781+0000] {dagbag.py:538} INFO - Filling up the DagBag from /opt/airflow/dags/variaveis.py
[2024-10-10T18:01:05.789+0000] {processor.py:753} INFO - DAG(s) dict_keys(['variaveis']) retrieved from /opt/airflow/dags/variaveis.py
[2024-10-10T18:01:05.814+0000] {logging_mixin.py:137} INFO - [2024-10-10T18:01:05.814+0000] {dag.py:2690} INFO - Sync 1 DAGs
[2024-10-10T18:01:05.838+0000] {logging_mixin.py:137} INFO - [2024-10-10T18:01:05.838+0000] {dag.py:3441} INFO - Setting next_dagrun for variaveis to None, run_after=None
[2024-10-10T18:01:05.862+0000] {processor.py:175} INFO - Processing /opt/airflow/dags/variaveis.py took 0.086 seconds
[2024-10-10T18:01:11.624+0000] {processor.py:153} INFO - Started process (PID=368) to work on /opt/airflow/dags/variaveis.py
[2024-10-10T18:01:11.625+0000] {processor.py:743} INFO - Processing file /opt/airflow/dags/variaveis.py for tasks to queue
[2024-10-10T18:01:11.625+0000] {logging_mixin.py:137} INFO - [2024-10-10T18:01:11.625+0000] {dagbag.py:538} INFO - Filling up the DagBag from /opt/airflow/dags/variaveis.py
[2024-10-10T18:01:11.635+0000] {processor.py:753} INFO - DAG(s) dict_keys(['variaveis']) retrieved from /opt/airflow/dags/variaveis.py
[2024-10-10T18:01:11.661+0000] {logging_mixin.py:137} INFO - [2024-10-10T18:01:11.661+0000] {dag.py:2690} INFO - Sync 1 DAGs
[2024-10-10T18:01:11.690+0000] {logging_mixin.py:137} INFO - [2024-10-10T18:01:11.690+0000] {dag.py:3441} INFO - Setting next_dagrun for variaveis to None, run_after=None
[2024-10-10T18:01:11.711+0000] {processor.py:175} INFO - Processing /opt/airflow/dags/variaveis.py took 0.091 seconds
[2024-10-10T18:01:17.639+0000] {processor.py:153} INFO - Started process (PID=404) to work on /opt/airflow/dags/variaveis.py
[2024-10-10T18:01:17.640+0000] {processor.py:743} INFO - Processing file /opt/airflow/dags/variaveis.py for tasks to queue
[2024-10-10T18:01:17.641+0000] {logging_mixin.py:137} INFO - [2024-10-10T18:01:17.641+0000] {dagbag.py:538} INFO - Filling up the DagBag from /opt/airflow/dags/variaveis.py
[2024-10-10T18:01:17.655+0000] {processor.py:753} INFO - DAG(s) dict_keys(['variaveis']) retrieved from /opt/airflow/dags/variaveis.py
[2024-10-10T18:01:17.682+0000] {logging_mixin.py:137} INFO - [2024-10-10T18:01:17.682+0000] {dag.py:2690} INFO - Sync 1 DAGs
[2024-10-10T18:01:17.704+0000] {logging_mixin.py:137} INFO - [2024-10-10T18:01:17.704+0000] {dag.py:3441} INFO - Setting next_dagrun for variaveis to None, run_after=None
[2024-10-10T18:01:17.728+0000] {processor.py:175} INFO - Processing /opt/airflow/dags/variaveis.py took 0.094 seconds
[2024-10-10T18:01:23.496+0000] {processor.py:153} INFO - Started process (PID=420) to work on /opt/airflow/dags/variaveis.py
[2024-10-10T18:01:23.497+0000] {processor.py:743} INFO - Processing file /opt/airflow/dags/variaveis.py for tasks to queue
[2024-10-10T18:01:23.498+0000] {logging_mixin.py:137} INFO - [2024-10-10T18:01:23.498+0000] {dagbag.py:538} INFO - Filling up the DagBag from /opt/airflow/dags/variaveis.py
[2024-10-10T18:01:23.510+0000] {processor.py:753} INFO - DAG(s) dict_keys(['variaveis']) retrieved from /opt/airflow/dags/variaveis.py
[2024-10-10T18:01:23.536+0000] {logging_mixin.py:137} INFO - [2024-10-10T18:01:23.536+0000] {dag.py:2690} INFO - Sync 1 DAGs
[2024-10-10T18:01:23.559+0000] {logging_mixin.py:137} INFO - [2024-10-10T18:01:23.558+0000] {dag.py:3441} INFO - Setting next_dagrun for variaveis to None, run_after=None
[2024-10-10T18:01:23.578+0000] {processor.py:175} INFO - Processing /opt/airflow/dags/variaveis.py took 0.087 seconds
[2024-10-10T18:01:29.399+0000] {processor.py:153} INFO - Started process (PID=456) to work on /opt/airflow/dags/variaveis.py
[2024-10-10T18:01:29.400+0000] {processor.py:743} INFO - Processing file /opt/airflow/dags/variaveis.py for tasks to queue
[2024-10-10T18:01:29.400+0000] {logging_mixin.py:137} INFO - [2024-10-10T18:01:29.400+0000] {dagbag.py:538} INFO - Filling up the DagBag from /opt/airflow/dags/variaveis.py
[2024-10-10T18:01:29.410+0000] {processor.py:753} INFO - DAG(s) dict_keys(['variaveis']) retrieved from /opt/airflow/dags/variaveis.py
[2024-10-10T18:01:29.435+0000] {logging_mixin.py:137} INFO - [2024-10-10T18:01:29.435+0000] {dag.py:2690} INFO - Sync 1 DAGs
[2024-10-10T18:01:29.456+0000] {logging_mixin.py:137} INFO - [2024-10-10T18:01:29.456+0000] {dag.py:3441} INFO - Setting next_dagrun for variaveis to None, run_after=None
[2024-10-10T18:01:29.468+0000] {processor.py:175} INFO - Processing /opt/airflow/dags/variaveis.py took 0.073 seconds
[2024-10-10T18:01:35.197+0000] {processor.py:153} INFO - Started process (PID=472) to work on /opt/airflow/dags/variaveis.py
[2024-10-10T18:01:35.198+0000] {processor.py:743} INFO - Processing file /opt/airflow/dags/variaveis.py for tasks to queue
[2024-10-10T18:01:35.199+0000] {logging_mixin.py:137} INFO - [2024-10-10T18:01:35.199+0000] {dagbag.py:538} INFO - Filling up the DagBag from /opt/airflow/dags/variaveis.py
[2024-10-10T18:01:35.209+0000] {processor.py:753} INFO - DAG(s) dict_keys(['variaveis']) retrieved from /opt/airflow/dags/variaveis.py
[2024-10-10T18:01:35.230+0000] {logging_mixin.py:137} INFO - [2024-10-10T18:01:35.229+0000] {dag.py:2690} INFO - Sync 1 DAGs
[2024-10-10T18:01:35.256+0000] {logging_mixin.py:137} INFO - [2024-10-10T18:01:35.256+0000] {dag.py:3441} INFO - Setting next_dagrun for variaveis to None, run_after=None
[2024-10-10T18:01:35.276+0000] {processor.py:175} INFO - Processing /opt/airflow/dags/variaveis.py took 0.083 seconds
[2024-10-10T18:01:41.082+0000] {processor.py:153} INFO - Started process (PID=508) to work on /opt/airflow/dags/variaveis.py
[2024-10-10T18:01:41.082+0000] {processor.py:743} INFO - Processing file /opt/airflow/dags/variaveis.py for tasks to queue
[2024-10-10T18:01:41.083+0000] {logging_mixin.py:137} INFO - [2024-10-10T18:01:41.083+0000] {dagbag.py:538} INFO - Filling up the DagBag from /opt/airflow/dags/variaveis.py
[2024-10-10T18:01:41.092+0000] {processor.py:753} INFO - DAG(s) dict_keys(['variaveis']) retrieved from /opt/airflow/dags/variaveis.py
[2024-10-10T18:01:41.116+0000] {logging_mixin.py:137} INFO - [2024-10-10T18:01:41.115+0000] {dag.py:2690} INFO - Sync 1 DAGs
[2024-10-10T18:01:41.134+0000] {logging_mixin.py:137} INFO - [2024-10-10T18:01:41.134+0000] {dag.py:3441} INFO - Setting next_dagrun for variaveis to None, run_after=None
[2024-10-10T18:01:41.151+0000] {processor.py:175} INFO - Processing /opt/airflow/dags/variaveis.py took 0.074 seconds
[2024-10-10T18:01:46.882+0000] {processor.py:153} INFO - Started process (PID=524) to work on /opt/airflow/dags/variaveis.py
[2024-10-10T18:01:46.883+0000] {processor.py:743} INFO - Processing file /opt/airflow/dags/variaveis.py for tasks to queue
[2024-10-10T18:01:46.883+0000] {logging_mixin.py:137} INFO - [2024-10-10T18:01:46.883+0000] {dagbag.py:538} INFO - Filling up the DagBag from /opt/airflow/dags/variaveis.py
[2024-10-10T18:01:46.895+0000] {processor.py:753} INFO - DAG(s) dict_keys(['variaveis']) retrieved from /opt/airflow/dags/variaveis.py
[2024-10-10T18:01:46.921+0000] {logging_mixin.py:137} INFO - [2024-10-10T18:01:46.921+0000] {dag.py:2690} INFO - Sync 1 DAGs
[2024-10-10T18:01:46.951+0000] {logging_mixin.py:137} INFO - [2024-10-10T18:01:46.951+0000] {dag.py:3441} INFO - Setting next_dagrun for variaveis to None, run_after=None
[2024-10-10T18:01:46.976+0000] {processor.py:175} INFO - Processing /opt/airflow/dags/variaveis.py took 0.097 seconds
[2024-10-10T18:01:52.815+0000] {processor.py:153} INFO - Started process (PID=560) to work on /opt/airflow/dags/variaveis.py
[2024-10-10T18:01:52.816+0000] {processor.py:743} INFO - Processing file /opt/airflow/dags/variaveis.py for tasks to queue
[2024-10-10T18:01:52.817+0000] {logging_mixin.py:137} INFO - [2024-10-10T18:01:52.817+0000] {dagbag.py:538} INFO - Filling up the DagBag from /opt/airflow/dags/variaveis.py
[2024-10-10T18:01:52.830+0000] {processor.py:753} INFO - DAG(s) dict_keys(['variaveis']) retrieved from /opt/airflow/dags/variaveis.py
[2024-10-10T18:01:52.852+0000] {logging_mixin.py:137} INFO - [2024-10-10T18:01:52.852+0000] {dag.py:2690} INFO - Sync 1 DAGs
[2024-10-10T18:01:52.877+0000] {logging_mixin.py:137} INFO - [2024-10-10T18:01:52.877+0000] {dag.py:3441} INFO - Setting next_dagrun for variaveis to None, run_after=None
[2024-10-10T18:01:52.897+0000] {processor.py:175} INFO - Processing /opt/airflow/dags/variaveis.py took 0.086 seconds
[2024-10-10T18:01:58.650+0000] {processor.py:153} INFO - Started process (PID=576) to work on /opt/airflow/dags/variaveis.py
[2024-10-10T18:01:58.651+0000] {processor.py:743} INFO - Processing file /opt/airflow/dags/variaveis.py for tasks to queue
[2024-10-10T18:01:58.652+0000] {logging_mixin.py:137} INFO - [2024-10-10T18:01:58.651+0000] {dagbag.py:538} INFO - Filling up the DagBag from /opt/airflow/dags/variaveis.py
[2024-10-10T18:01:58.665+0000] {processor.py:753} INFO - DAG(s) dict_keys(['variaveis']) retrieved from /opt/airflow/dags/variaveis.py
[2024-10-10T18:01:58.689+0000] {logging_mixin.py:137} INFO - [2024-10-10T18:01:58.689+0000] {dag.py:2690} INFO - Sync 1 DAGs
[2024-10-10T18:01:58.714+0000] {logging_mixin.py:137} INFO - [2024-10-10T18:01:58.714+0000] {dag.py:3441} INFO - Setting next_dagrun for variaveis to None, run_after=None
[2024-10-10T18:01:58.734+0000] {processor.py:175} INFO - Processing /opt/airflow/dags/variaveis.py took 0.087 seconds
[2024-10-10T18:02:04.573+0000] {processor.py:153} INFO - Started process (PID=612) to work on /opt/airflow/dags/variaveis.py
[2024-10-10T18:02:04.575+0000] {processor.py:743} INFO - Processing file /opt/airflow/dags/variaveis.py for tasks to queue
[2024-10-10T18:02:04.575+0000] {logging_mixin.py:137} INFO - [2024-10-10T18:02:04.575+0000] {dagbag.py:538} INFO - Filling up the DagBag from /opt/airflow/dags/variaveis.py
[2024-10-10T18:02:04.592+0000] {processor.py:753} INFO - DAG(s) dict_keys(['variaveis']) retrieved from /opt/airflow/dags/variaveis.py
[2024-10-10T18:02:04.623+0000] {logging_mixin.py:137} INFO - [2024-10-10T18:02:04.623+0000] {dag.py:2690} INFO - Sync 1 DAGs
[2024-10-10T18:02:04.646+0000] {logging_mixin.py:137} INFO - [2024-10-10T18:02:04.646+0000] {dag.py:3441} INFO - Setting next_dagrun for variaveis to None, run_after=None
[2024-10-10T18:02:04.676+0000] {processor.py:175} INFO - Processing /opt/airflow/dags/variaveis.py took 0.106 seconds
[2024-10-10T18:02:10.583+0000] {processor.py:153} INFO - Started process (PID=628) to work on /opt/airflow/dags/variaveis.py
[2024-10-10T18:02:10.584+0000] {processor.py:743} INFO - Processing file /opt/airflow/dags/variaveis.py for tasks to queue
[2024-10-10T18:02:10.584+0000] {logging_mixin.py:137} INFO - [2024-10-10T18:02:10.584+0000] {dagbag.py:538} INFO - Filling up the DagBag from /opt/airflow/dags/variaveis.py
[2024-10-10T18:02:10.597+0000] {processor.py:753} INFO - DAG(s) dict_keys(['variaveis']) retrieved from /opt/airflow/dags/variaveis.py
[2024-10-10T18:02:10.620+0000] {logging_mixin.py:137} INFO - [2024-10-10T18:02:10.619+0000] {dag.py:2690} INFO - Sync 1 DAGs
[2024-10-10T18:02:10.648+0000] {logging_mixin.py:137} INFO - [2024-10-10T18:02:10.648+0000] {dag.py:3441} INFO - Setting next_dagrun for variaveis to None, run_after=None
[2024-10-10T18:02:10.669+0000] {processor.py:175} INFO - Processing /opt/airflow/dags/variaveis.py took 0.090 seconds
[2024-10-10T18:02:16.507+0000] {processor.py:153} INFO - Started process (PID=664) to work on /opt/airflow/dags/variaveis.py
[2024-10-10T18:02:16.509+0000] {processor.py:743} INFO - Processing file /opt/airflow/dags/variaveis.py for tasks to queue
[2024-10-10T18:02:16.510+0000] {logging_mixin.py:137} INFO - [2024-10-10T18:02:16.510+0000] {dagbag.py:538} INFO - Filling up the DagBag from /opt/airflow/dags/variaveis.py
[2024-10-10T18:02:16.536+0000] {processor.py:753} INFO - DAG(s) dict_keys(['variaveis']) retrieved from /opt/airflow/dags/variaveis.py
[2024-10-10T18:02:16.558+0000] {logging_mixin.py:137} INFO - [2024-10-10T18:02:16.557+0000] {dag.py:2690} INFO - Sync 1 DAGs
[2024-10-10T18:02:16.575+0000] {logging_mixin.py:137} INFO - [2024-10-10T18:02:16.575+0000] {dag.py:3441} INFO - Setting next_dagrun for variaveis to None, run_after=None
[2024-10-10T18:02:16.588+0000] {processor.py:175} INFO - Processing /opt/airflow/dags/variaveis.py took 0.086 seconds
[2024-10-10T18:02:22.370+0000] {processor.py:153} INFO - Started process (PID=680) to work on /opt/airflow/dags/variaveis.py
[2024-10-10T18:02:22.371+0000] {processor.py:743} INFO - Processing file /opt/airflow/dags/variaveis.py for tasks to queue
[2024-10-10T18:02:22.371+0000] {logging_mixin.py:137} INFO - [2024-10-10T18:02:22.371+0000] {dagbag.py:538} INFO - Filling up the DagBag from /opt/airflow/dags/variaveis.py
[2024-10-10T18:02:22.385+0000] {processor.py:753} INFO - DAG(s) dict_keys(['variaveis']) retrieved from /opt/airflow/dags/variaveis.py
[2024-10-10T18:02:22.403+0000] {logging_mixin.py:137} INFO - [2024-10-10T18:02:22.403+0000] {dag.py:2690} INFO - Sync 1 DAGs
[2024-10-10T18:02:22.422+0000] {logging_mixin.py:137} INFO - [2024-10-10T18:02:22.422+0000] {dag.py:3441} INFO - Setting next_dagrun for variaveis to None, run_after=None
[2024-10-10T18:02:22.442+0000] {processor.py:175} INFO - Processing /opt/airflow/dags/variaveis.py took 0.077 seconds
[2024-10-10T18:02:28.315+0000] {processor.py:153} INFO - Started process (PID=716) to work on /opt/airflow/dags/variaveis.py
[2024-10-10T18:02:28.316+0000] {processor.py:743} INFO - Processing file /opt/airflow/dags/variaveis.py for tasks to queue
[2024-10-10T18:02:28.317+0000] {logging_mixin.py:137} INFO - [2024-10-10T18:02:28.317+0000] {dagbag.py:538} INFO - Filling up the DagBag from /opt/airflow/dags/variaveis.py
[2024-10-10T18:02:28.335+0000] {processor.py:753} INFO - DAG(s) dict_keys(['variaveis']) retrieved from /opt/airflow/dags/variaveis.py
[2024-10-10T18:02:28.363+0000] {logging_mixin.py:137} INFO - [2024-10-10T18:02:28.363+0000] {dag.py:2690} INFO - Sync 1 DAGs
[2024-10-10T18:02:28.386+0000] {logging_mixin.py:137} INFO - [2024-10-10T18:02:28.386+0000] {dag.py:3441} INFO - Setting next_dagrun for variaveis to None, run_after=None
[2024-10-10T18:02:28.407+0000] {processor.py:175} INFO - Processing /opt/airflow/dags/variaveis.py took 0.096 seconds
