[2024-10-10T17:58:50.391+0000] {processor.py:153} INFO - Started process (PID=44) to work on /opt/airflow/dags/xcom.py
[2024-10-10T17:58:50.392+0000] {processor.py:743} INFO - Processing file /opt/airflow/dags/xcom.py for tasks to queue
[2024-10-10T17:58:50.393+0000] {logging_mixin.py:137} INFO - [2024-10-10T17:58:50.393+0000] {dagbag.py:538} INFO - Filling up the DagBag from /opt/airflow/dags/xcom.py
[2024-10-10T17:58:50.412+0000] {processor.py:753} INFO - DAG(s) dict_keys(['xcom']) retrieved from /opt/airflow/dags/xcom.py
[2024-10-10T17:58:50.491+0000] {logging_mixin.py:137} INFO - [2024-10-10T17:58:50.490+0000] {dag.py:2690} INFO - Sync 1 DAGs
[2024-10-10T17:58:50.520+0000] {logging_mixin.py:137} INFO - [2024-10-10T17:58:50.520+0000] {dag.py:3441} INFO - Setting next_dagrun for xcom to None, run_after=None
[2024-10-10T17:58:50.546+0000] {processor.py:175} INFO - Processing /opt/airflow/dags/xcom.py took 0.159 seconds
[2024-10-10T17:58:55.723+0000] {processor.py:153} INFO - Started process (PID=80) to work on /opt/airflow/dags/xcom.py
[2024-10-10T17:58:55.724+0000] {processor.py:743} INFO - Processing file /opt/airflow/dags/xcom.py for tasks to queue
[2024-10-10T17:58:55.725+0000] {logging_mixin.py:137} INFO - [2024-10-10T17:58:55.724+0000] {dagbag.py:538} INFO - Filling up the DagBag from /opt/airflow/dags/xcom.py
[2024-10-10T17:58:55.740+0000] {processor.py:753} INFO - DAG(s) dict_keys(['xcom']) retrieved from /opt/airflow/dags/xcom.py
[2024-10-10T17:58:55.753+0000] {logging_mixin.py:137} INFO - [2024-10-10T17:58:55.753+0000] {dag.py:2690} INFO - Sync 1 DAGs
[2024-10-10T17:58:55.774+0000] {logging_mixin.py:137} INFO - [2024-10-10T17:58:55.774+0000] {dag.py:3441} INFO - Setting next_dagrun for xcom to None, run_after=None
[2024-10-10T17:58:55.798+0000] {processor.py:175} INFO - Processing /opt/airflow/dags/xcom.py took 0.078 seconds
[2024-10-10T17:59:01.633+0000] {processor.py:153} INFO - Started process (PID=96) to work on /opt/airflow/dags/xcom.py
[2024-10-10T17:59:01.633+0000] {processor.py:743} INFO - Processing file /opt/airflow/dags/xcom.py for tasks to queue
[2024-10-10T17:59:01.634+0000] {logging_mixin.py:137} INFO - [2024-10-10T17:59:01.634+0000] {dagbag.py:538} INFO - Filling up the DagBag from /opt/airflow/dags/xcom.py
[2024-10-10T17:59:01.647+0000] {processor.py:753} INFO - DAG(s) dict_keys(['xcom']) retrieved from /opt/airflow/dags/xcom.py
[2024-10-10T17:59:01.660+0000] {logging_mixin.py:137} INFO - [2024-10-10T17:59:01.660+0000] {dag.py:2690} INFO - Sync 1 DAGs
[2024-10-10T17:59:01.688+0000] {logging_mixin.py:137} INFO - [2024-10-10T17:59:01.687+0000] {dag.py:3441} INFO - Setting next_dagrun for xcom to None, run_after=None
[2024-10-10T17:59:01.707+0000] {processor.py:175} INFO - Processing /opt/airflow/dags/xcom.py took 0.078 seconds
[2024-10-10T17:59:07.272+0000] {processor.py:153} INFO - Started process (PID=132) to work on /opt/airflow/dags/xcom.py
[2024-10-10T17:59:07.273+0000] {processor.py:743} INFO - Processing file /opt/airflow/dags/xcom.py for tasks to queue
[2024-10-10T17:59:07.273+0000] {logging_mixin.py:137} INFO - [2024-10-10T17:59:07.273+0000] {dagbag.py:538} INFO - Filling up the DagBag from /opt/airflow/dags/xcom.py
[2024-10-10T17:59:07.284+0000] {processor.py:753} INFO - DAG(s) dict_keys(['xcom']) retrieved from /opt/airflow/dags/xcom.py
[2024-10-10T17:59:07.295+0000] {logging_mixin.py:137} INFO - [2024-10-10T17:59:07.295+0000] {dag.py:2690} INFO - Sync 1 DAGs
[2024-10-10T17:59:07.314+0000] {logging_mixin.py:137} INFO - [2024-10-10T17:59:07.314+0000] {dag.py:3441} INFO - Setting next_dagrun for xcom to None, run_after=None
[2024-10-10T17:59:07.352+0000] {processor.py:175} INFO - Processing /opt/airflow/dags/xcom.py took 0.082 seconds
[2024-10-10T18:00:00.784+0000] {processor.py:153} INFO - Started process (PID=44) to work on /opt/airflow/dags/xcom.py
[2024-10-10T18:00:00.786+0000] {processor.py:743} INFO - Processing file /opt/airflow/dags/xcom.py for tasks to queue
[2024-10-10T18:00:00.787+0000] {logging_mixin.py:137} INFO - [2024-10-10T18:00:00.787+0000] {dagbag.py:538} INFO - Filling up the DagBag from /opt/airflow/dags/xcom.py
[2024-10-10T18:00:00.811+0000] {processor.py:753} INFO - DAG(s) dict_keys(['xcom']) retrieved from /opt/airflow/dags/xcom.py
[2024-10-10T18:00:00.874+0000] {logging_mixin.py:137} INFO - [2024-10-10T18:00:00.874+0000] {dag.py:2690} INFO - Sync 1 DAGs
[2024-10-10T18:00:00.903+0000] {logging_mixin.py:137} INFO - [2024-10-10T18:00:00.903+0000] {dag.py:3441} INFO - Setting next_dagrun for xcom to None, run_after=None
[2024-10-10T18:00:00.925+0000] {processor.py:175} INFO - Processing /opt/airflow/dags/xcom.py took 0.147 seconds
[2024-10-10T18:00:06.258+0000] {processor.py:153} INFO - Started process (PID=69) to work on /opt/airflow/dags/xcom.py
[2024-10-10T18:00:06.259+0000] {processor.py:743} INFO - Processing file /opt/airflow/dags/xcom.py for tasks to queue
[2024-10-10T18:00:06.260+0000] {logging_mixin.py:137} INFO - [2024-10-10T18:00:06.260+0000] {dagbag.py:538} INFO - Filling up the DagBag from /opt/airflow/dags/xcom.py
[2024-10-10T18:00:06.279+0000] {processor.py:753} INFO - DAG(s) dict_keys(['xcom']) retrieved from /opt/airflow/dags/xcom.py
[2024-10-10T18:00:06.293+0000] {logging_mixin.py:137} INFO - [2024-10-10T18:00:06.293+0000] {dag.py:2690} INFO - Sync 1 DAGs
[2024-10-10T18:00:06.323+0000] {logging_mixin.py:137} INFO - [2024-10-10T18:00:06.323+0000] {dag.py:3441} INFO - Setting next_dagrun for xcom to None, run_after=None
[2024-10-10T18:00:06.345+0000] {processor.py:175} INFO - Processing /opt/airflow/dags/xcom.py took 0.091 seconds
[2024-10-10T18:00:11.441+0000] {processor.py:153} INFO - Started process (PID=96) to work on /opt/airflow/dags/xcom.py
[2024-10-10T18:00:11.442+0000] {processor.py:743} INFO - Processing file /opt/airflow/dags/xcom.py for tasks to queue
[2024-10-10T18:00:11.443+0000] {logging_mixin.py:137} INFO - [2024-10-10T18:00:11.442+0000] {dagbag.py:538} INFO - Filling up the DagBag from /opt/airflow/dags/xcom.py
[2024-10-10T18:00:11.461+0000] {processor.py:753} INFO - DAG(s) dict_keys(['xcom']) retrieved from /opt/airflow/dags/xcom.py
[2024-10-10T18:00:11.475+0000] {logging_mixin.py:137} INFO - [2024-10-10T18:00:11.475+0000] {dag.py:2690} INFO - Sync 1 DAGs
[2024-10-10T18:00:11.499+0000] {logging_mixin.py:137} INFO - [2024-10-10T18:00:11.499+0000] {dag.py:3441} INFO - Setting next_dagrun for xcom to None, run_after=None
[2024-10-10T18:00:11.527+0000] {processor.py:175} INFO - Processing /opt/airflow/dags/xcom.py took 0.090 seconds
[2024-10-10T18:00:16.594+0000] {processor.py:153} INFO - Started process (PID=112) to work on /opt/airflow/dags/xcom.py
[2024-10-10T18:00:16.595+0000] {processor.py:743} INFO - Processing file /opt/airflow/dags/xcom.py for tasks to queue
[2024-10-10T18:00:16.596+0000] {logging_mixin.py:137} INFO - [2024-10-10T18:00:16.596+0000] {dagbag.py:538} INFO - Filling up the DagBag from /opt/airflow/dags/xcom.py
[2024-10-10T18:00:16.616+0000] {processor.py:753} INFO - DAG(s) dict_keys(['xcom']) retrieved from /opt/airflow/dags/xcom.py
[2024-10-10T18:00:16.627+0000] {logging_mixin.py:137} INFO - [2024-10-10T18:00:16.627+0000] {dag.py:2690} INFO - Sync 1 DAGs
[2024-10-10T18:00:16.645+0000] {logging_mixin.py:137} INFO - [2024-10-10T18:00:16.645+0000] {dag.py:3441} INFO - Setting next_dagrun for xcom to None, run_after=None
[2024-10-10T18:00:16.663+0000] {processor.py:175} INFO - Processing /opt/airflow/dags/xcom.py took 0.074 seconds
[2024-10-10T18:00:21.709+0000] {processor.py:153} INFO - Started process (PID=148) to work on /opt/airflow/dags/xcom.py
[2024-10-10T18:00:21.710+0000] {processor.py:743} INFO - Processing file /opt/airflow/dags/xcom.py for tasks to queue
[2024-10-10T18:00:21.711+0000] {logging_mixin.py:137} INFO - [2024-10-10T18:00:21.711+0000] {dagbag.py:538} INFO - Filling up the DagBag from /opt/airflow/dags/xcom.py
[2024-10-10T18:00:21.726+0000] {processor.py:753} INFO - DAG(s) dict_keys(['xcom']) retrieved from /opt/airflow/dags/xcom.py
[2024-10-10T18:00:21.741+0000] {logging_mixin.py:137} INFO - [2024-10-10T18:00:21.740+0000] {dag.py:2690} INFO - Sync 1 DAGs
[2024-10-10T18:00:21.768+0000] {logging_mixin.py:137} INFO - [2024-10-10T18:00:21.768+0000] {dag.py:3441} INFO - Setting next_dagrun for xcom to None, run_after=None
[2024-10-10T18:00:21.789+0000] {processor.py:175} INFO - Processing /opt/airflow/dags/xcom.py took 0.084 seconds
[2024-10-10T18:00:27.507+0000] {processor.py:153} INFO - Started process (PID=164) to work on /opt/airflow/dags/xcom.py
[2024-10-10T18:00:27.508+0000] {processor.py:743} INFO - Processing file /opt/airflow/dags/xcom.py for tasks to queue
[2024-10-10T18:00:27.509+0000] {logging_mixin.py:137} INFO - [2024-10-10T18:00:27.509+0000] {dagbag.py:538} INFO - Filling up the DagBag from /opt/airflow/dags/xcom.py
[2024-10-10T18:00:27.523+0000] {processor.py:753} INFO - DAG(s) dict_keys(['xcom']) retrieved from /opt/airflow/dags/xcom.py
[2024-10-10T18:00:27.534+0000] {logging_mixin.py:137} INFO - [2024-10-10T18:00:27.534+0000] {dag.py:2690} INFO - Sync 1 DAGs
[2024-10-10T18:00:27.564+0000] {logging_mixin.py:137} INFO - [2024-10-10T18:00:27.564+0000] {dag.py:3441} INFO - Setting next_dagrun for xcom to None, run_after=None
[2024-10-10T18:00:27.584+0000] {processor.py:175} INFO - Processing /opt/airflow/dags/xcom.py took 0.080 seconds
[2024-10-10T18:00:33.318+0000] {processor.py:153} INFO - Started process (PID=200) to work on /opt/airflow/dags/xcom.py
[2024-10-10T18:00:33.319+0000] {processor.py:743} INFO - Processing file /opt/airflow/dags/xcom.py for tasks to queue
[2024-10-10T18:00:33.320+0000] {logging_mixin.py:137} INFO - [2024-10-10T18:00:33.320+0000] {dagbag.py:538} INFO - Filling up the DagBag from /opt/airflow/dags/xcom.py
[2024-10-10T18:00:33.331+0000] {processor.py:753} INFO - DAG(s) dict_keys(['xcom']) retrieved from /opt/airflow/dags/xcom.py
[2024-10-10T18:00:33.354+0000] {logging_mixin.py:137} INFO - [2024-10-10T18:00:33.354+0000] {dag.py:2690} INFO - Sync 1 DAGs
[2024-10-10T18:00:33.372+0000] {logging_mixin.py:137} INFO - [2024-10-10T18:00:33.372+0000] {dag.py:3441} INFO - Setting next_dagrun for xcom to None, run_after=None
[2024-10-10T18:00:33.393+0000] {processor.py:175} INFO - Processing /opt/airflow/dags/xcom.py took 0.079 seconds
[2024-10-10T18:00:39.287+0000] {processor.py:153} INFO - Started process (PID=216) to work on /opt/airflow/dags/xcom.py
[2024-10-10T18:00:39.288+0000] {processor.py:743} INFO - Processing file /opt/airflow/dags/xcom.py for tasks to queue
[2024-10-10T18:00:39.289+0000] {logging_mixin.py:137} INFO - [2024-10-10T18:00:39.289+0000] {dagbag.py:538} INFO - Filling up the DagBag from /opt/airflow/dags/xcom.py
[2024-10-10T18:00:39.307+0000] {processor.py:753} INFO - DAG(s) dict_keys(['xcom']) retrieved from /opt/airflow/dags/xcom.py
[2024-10-10T18:00:39.334+0000] {logging_mixin.py:137} INFO - [2024-10-10T18:00:39.334+0000] {dag.py:2690} INFO - Sync 1 DAGs
[2024-10-10T18:00:39.361+0000] {logging_mixin.py:137} INFO - [2024-10-10T18:00:39.361+0000] {dag.py:3441} INFO - Setting next_dagrun for xcom to None, run_after=None
[2024-10-10T18:00:39.382+0000] {processor.py:175} INFO - Processing /opt/airflow/dags/xcom.py took 0.100 seconds
[2024-10-10T18:00:44.446+0000] {processor.py:153} INFO - Started process (PID=251) to work on /opt/airflow/dags/xcom.py
[2024-10-10T18:00:44.447+0000] {processor.py:743} INFO - Processing file /opt/airflow/dags/xcom.py for tasks to queue
[2024-10-10T18:00:44.447+0000] {logging_mixin.py:137} INFO - [2024-10-10T18:00:44.447+0000] {dagbag.py:538} INFO - Filling up the DagBag from /opt/airflow/dags/xcom.py
[2024-10-10T18:00:44.464+0000] {processor.py:753} INFO - DAG(s) dict_keys(['xcom']) retrieved from /opt/airflow/dags/xcom.py
[2024-10-10T18:00:44.489+0000] {logging_mixin.py:137} INFO - [2024-10-10T18:00:44.489+0000] {dag.py:2690} INFO - Sync 1 DAGs
[2024-10-10T18:00:44.516+0000] {logging_mixin.py:137} INFO - [2024-10-10T18:00:44.516+0000] {dag.py:3441} INFO - Setting next_dagrun for xcom to None, run_after=None
[2024-10-10T18:00:44.540+0000] {processor.py:175} INFO - Processing /opt/airflow/dags/xcom.py took 0.098 seconds
[2024-10-10T18:00:49.592+0000] {processor.py:153} INFO - Started process (PID=267) to work on /opt/airflow/dags/xcom.py
[2024-10-10T18:00:49.593+0000] {processor.py:743} INFO - Processing file /opt/airflow/dags/xcom.py for tasks to queue
[2024-10-10T18:00:49.593+0000] {logging_mixin.py:137} INFO - [2024-10-10T18:00:49.593+0000] {dagbag.py:538} INFO - Filling up the DagBag from /opt/airflow/dags/xcom.py
[2024-10-10T18:00:49.605+0000] {processor.py:753} INFO - DAG(s) dict_keys(['xcom']) retrieved from /opt/airflow/dags/xcom.py
[2024-10-10T18:00:49.626+0000] {logging_mixin.py:137} INFO - [2024-10-10T18:00:49.625+0000] {dag.py:2690} INFO - Sync 1 DAGs
[2024-10-10T18:00:49.651+0000] {logging_mixin.py:137} INFO - [2024-10-10T18:00:49.651+0000] {dag.py:3441} INFO - Setting next_dagrun for xcom to None, run_after=None
[2024-10-10T18:00:49.672+0000] {processor.py:175} INFO - Processing /opt/airflow/dags/xcom.py took 0.084 seconds
[2024-10-10T18:00:54.804+0000] {processor.py:153} INFO - Started process (PID=303) to work on /opt/airflow/dags/xcom.py
[2024-10-10T18:00:54.804+0000] {processor.py:743} INFO - Processing file /opt/airflow/dags/xcom.py for tasks to queue
[2024-10-10T18:00:54.805+0000] {logging_mixin.py:137} INFO - [2024-10-10T18:00:54.805+0000] {dagbag.py:538} INFO - Filling up the DagBag from /opt/airflow/dags/xcom.py
[2024-10-10T18:00:54.819+0000] {processor.py:753} INFO - DAG(s) dict_keys(['xcom']) retrieved from /opt/airflow/dags/xcom.py
[2024-10-10T18:00:54.845+0000] {logging_mixin.py:137} INFO - [2024-10-10T18:00:54.845+0000] {dag.py:2690} INFO - Sync 1 DAGs
[2024-10-10T18:00:54.873+0000] {logging_mixin.py:137} INFO - [2024-10-10T18:00:54.872+0000] {dag.py:3441} INFO - Setting next_dagrun for xcom to None, run_after=None
[2024-10-10T18:00:54.891+0000] {processor.py:175} INFO - Processing /opt/airflow/dags/xcom.py took 0.090 seconds
[2024-10-10T18:00:59.952+0000] {processor.py:153} INFO - Started process (PID=319) to work on /opt/airflow/dags/xcom.py
[2024-10-10T18:00:59.953+0000] {processor.py:743} INFO - Processing file /opt/airflow/dags/xcom.py for tasks to queue
[2024-10-10T18:00:59.954+0000] {logging_mixin.py:137} INFO - [2024-10-10T18:00:59.953+0000] {dagbag.py:538} INFO - Filling up the DagBag from /opt/airflow/dags/xcom.py
[2024-10-10T18:00:59.970+0000] {processor.py:753} INFO - DAG(s) dict_keys(['xcom']) retrieved from /opt/airflow/dags/xcom.py
[2024-10-10T18:00:59.994+0000] {logging_mixin.py:137} INFO - [2024-10-10T18:00:59.994+0000] {dag.py:2690} INFO - Sync 1 DAGs
[2024-10-10T18:01:00.024+0000] {logging_mixin.py:137} INFO - [2024-10-10T18:01:00.024+0000] {dag.py:3441} INFO - Setting next_dagrun for xcom to None, run_after=None
[2024-10-10T18:01:00.046+0000] {processor.py:175} INFO - Processing /opt/airflow/dags/xcom.py took 0.099 seconds
[2024-10-10T18:01:05.902+0000] {processor.py:153} INFO - Started process (PID=355) to work on /opt/airflow/dags/xcom.py
[2024-10-10T18:01:05.903+0000] {processor.py:743} INFO - Processing file /opt/airflow/dags/xcom.py for tasks to queue
[2024-10-10T18:01:05.903+0000] {logging_mixin.py:137} INFO - [2024-10-10T18:01:05.903+0000] {dagbag.py:538} INFO - Filling up the DagBag from /opt/airflow/dags/xcom.py
[2024-10-10T18:01:05.914+0000] {processor.py:753} INFO - DAG(s) dict_keys(['xcom']) retrieved from /opt/airflow/dags/xcom.py
[2024-10-10T18:01:05.937+0000] {logging_mixin.py:137} INFO - [2024-10-10T18:01:05.937+0000] {dag.py:2690} INFO - Sync 1 DAGs
[2024-10-10T18:01:05.957+0000] {logging_mixin.py:137} INFO - [2024-10-10T18:01:05.957+0000] {dag.py:3441} INFO - Setting next_dagrun for xcom to None, run_after=None
[2024-10-10T18:01:05.971+0000] {processor.py:175} INFO - Processing /opt/airflow/dags/xcom.py took 0.070 seconds
[2024-10-10T18:01:11.851+0000] {processor.py:153} INFO - Started process (PID=371) to work on /opt/airflow/dags/xcom.py
[2024-10-10T18:01:11.852+0000] {processor.py:743} INFO - Processing file /opt/airflow/dags/xcom.py for tasks to queue
[2024-10-10T18:01:11.853+0000] {logging_mixin.py:137} INFO - [2024-10-10T18:01:11.853+0000] {dagbag.py:538} INFO - Filling up the DagBag from /opt/airflow/dags/xcom.py
[2024-10-10T18:01:11.864+0000] {processor.py:753} INFO - DAG(s) dict_keys(['xcom']) retrieved from /opt/airflow/dags/xcom.py
[2024-10-10T18:01:11.896+0000] {logging_mixin.py:137} INFO - [2024-10-10T18:01:11.895+0000] {dag.py:2690} INFO - Sync 1 DAGs
[2024-10-10T18:01:11.924+0000] {logging_mixin.py:137} INFO - [2024-10-10T18:01:11.924+0000] {dag.py:3441} INFO - Setting next_dagrun for xcom to None, run_after=None
[2024-10-10T18:01:11.945+0000] {processor.py:175} INFO - Processing /opt/airflow/dags/xcom.py took 0.097 seconds
[2024-10-10T18:01:17.768+0000] {processor.py:153} INFO - Started process (PID=407) to work on /opt/airflow/dags/xcom.py
[2024-10-10T18:01:17.769+0000] {processor.py:743} INFO - Processing file /opt/airflow/dags/xcom.py for tasks to queue
[2024-10-10T18:01:17.769+0000] {logging_mixin.py:137} INFO - [2024-10-10T18:01:17.769+0000] {dagbag.py:538} INFO - Filling up the DagBag from /opt/airflow/dags/xcom.py
[2024-10-10T18:01:17.780+0000] {processor.py:753} INFO - DAG(s) dict_keys(['xcom']) retrieved from /opt/airflow/dags/xcom.py
[2024-10-10T18:01:17.801+0000] {logging_mixin.py:137} INFO - [2024-10-10T18:01:17.801+0000] {dag.py:2690} INFO - Sync 1 DAGs
[2024-10-10T18:01:17.825+0000] {logging_mixin.py:137} INFO - [2024-10-10T18:01:17.825+0000] {dag.py:3441} INFO - Setting next_dagrun for xcom to None, run_after=None
[2024-10-10T18:01:17.848+0000] {processor.py:175} INFO - Processing /opt/airflow/dags/xcom.py took 0.084 seconds
[2024-10-10T18:01:23.618+0000] {processor.py:153} INFO - Started process (PID=423) to work on /opt/airflow/dags/xcom.py
[2024-10-10T18:01:23.618+0000] {processor.py:743} INFO - Processing file /opt/airflow/dags/xcom.py for tasks to queue
[2024-10-10T18:01:23.619+0000] {logging_mixin.py:137} INFO - [2024-10-10T18:01:23.619+0000] {dagbag.py:538} INFO - Filling up the DagBag from /opt/airflow/dags/xcom.py
[2024-10-10T18:01:23.628+0000] {processor.py:753} INFO - DAG(s) dict_keys(['xcom']) retrieved from /opt/airflow/dags/xcom.py
[2024-10-10T18:01:23.652+0000] {logging_mixin.py:137} INFO - [2024-10-10T18:01:23.652+0000] {dag.py:2690} INFO - Sync 1 DAGs
[2024-10-10T18:01:23.678+0000] {logging_mixin.py:137} INFO - [2024-10-10T18:01:23.678+0000] {dag.py:3441} INFO - Setting next_dagrun for xcom to None, run_after=None
[2024-10-10T18:01:23.699+0000] {processor.py:175} INFO - Processing /opt/airflow/dags/xcom.py took 0.084 seconds
[2024-10-10T18:01:29.501+0000] {processor.py:153} INFO - Started process (PID=459) to work on /opt/airflow/dags/xcom.py
[2024-10-10T18:01:29.502+0000] {processor.py:743} INFO - Processing file /opt/airflow/dags/xcom.py for tasks to queue
[2024-10-10T18:01:29.502+0000] {logging_mixin.py:137} INFO - [2024-10-10T18:01:29.502+0000] {dagbag.py:538} INFO - Filling up the DagBag from /opt/airflow/dags/xcom.py
[2024-10-10T18:01:29.511+0000] {processor.py:753} INFO - DAG(s) dict_keys(['xcom']) retrieved from /opt/airflow/dags/xcom.py
[2024-10-10T18:01:29.535+0000] {logging_mixin.py:137} INFO - [2024-10-10T18:01:29.535+0000] {dag.py:2690} INFO - Sync 1 DAGs
[2024-10-10T18:01:29.563+0000] {logging_mixin.py:137} INFO - [2024-10-10T18:01:29.563+0000] {dag.py:3441} INFO - Setting next_dagrun for xcom to None, run_after=None
[2024-10-10T18:01:29.583+0000] {processor.py:175} INFO - Processing /opt/airflow/dags/xcom.py took 0.084 seconds
[2024-10-10T18:01:35.311+0000] {processor.py:153} INFO - Started process (PID=475) to work on /opt/airflow/dags/xcom.py
[2024-10-10T18:01:35.312+0000] {processor.py:743} INFO - Processing file /opt/airflow/dags/xcom.py for tasks to queue
[2024-10-10T18:01:35.314+0000] {logging_mixin.py:137} INFO - [2024-10-10T18:01:35.313+0000] {dagbag.py:538} INFO - Filling up the DagBag from /opt/airflow/dags/xcom.py
[2024-10-10T18:01:35.328+0000] {processor.py:753} INFO - DAG(s) dict_keys(['xcom']) retrieved from /opt/airflow/dags/xcom.py
[2024-10-10T18:01:35.348+0000] {logging_mixin.py:137} INFO - [2024-10-10T18:01:35.348+0000] {dag.py:2690} INFO - Sync 1 DAGs
[2024-10-10T18:01:35.365+0000] {logging_mixin.py:137} INFO - [2024-10-10T18:01:35.364+0000] {dag.py:3441} INFO - Setting next_dagrun for xcom to None, run_after=None
[2024-10-10T18:01:35.382+0000] {processor.py:175} INFO - Processing /opt/airflow/dags/xcom.py took 0.074 seconds
[2024-10-10T18:01:41.199+0000] {processor.py:153} INFO - Started process (PID=511) to work on /opt/airflow/dags/xcom.py
[2024-10-10T18:01:41.200+0000] {processor.py:743} INFO - Processing file /opt/airflow/dags/xcom.py for tasks to queue
[2024-10-10T18:01:41.200+0000] {logging_mixin.py:137} INFO - [2024-10-10T18:01:41.200+0000] {dagbag.py:538} INFO - Filling up the DagBag from /opt/airflow/dags/xcom.py
[2024-10-10T18:01:41.215+0000] {processor.py:753} INFO - DAG(s) dict_keys(['xcom']) retrieved from /opt/airflow/dags/xcom.py
[2024-10-10T18:01:41.233+0000] {logging_mixin.py:137} INFO - [2024-10-10T18:01:41.232+0000] {dag.py:2690} INFO - Sync 1 DAGs
[2024-10-10T18:01:41.261+0000] {logging_mixin.py:137} INFO - [2024-10-10T18:01:41.261+0000] {dag.py:3441} INFO - Setting next_dagrun for xcom to None, run_after=None
[2024-10-10T18:01:41.284+0000] {processor.py:175} INFO - Processing /opt/airflow/dags/xcom.py took 0.088 seconds
[2024-10-10T18:01:47.098+0000] {processor.py:153} INFO - Started process (PID=527) to work on /opt/airflow/dags/xcom.py
[2024-10-10T18:01:47.099+0000] {processor.py:743} INFO - Processing file /opt/airflow/dags/xcom.py for tasks to queue
[2024-10-10T18:01:47.100+0000] {logging_mixin.py:137} INFO - [2024-10-10T18:01:47.100+0000] {dagbag.py:538} INFO - Filling up the DagBag from /opt/airflow/dags/xcom.py
[2024-10-10T18:01:47.114+0000] {processor.py:753} INFO - DAG(s) dict_keys(['xcom']) retrieved from /opt/airflow/dags/xcom.py
[2024-10-10T18:01:47.136+0000] {logging_mixin.py:137} INFO - [2024-10-10T18:01:47.135+0000] {dag.py:2690} INFO - Sync 1 DAGs
[2024-10-10T18:01:47.162+0000] {logging_mixin.py:137} INFO - [2024-10-10T18:01:47.161+0000] {dag.py:3441} INFO - Setting next_dagrun for xcom to None, run_after=None
[2024-10-10T18:01:47.181+0000] {processor.py:175} INFO - Processing /opt/airflow/dags/xcom.py took 0.088 seconds
[2024-10-10T18:01:52.932+0000] {processor.py:153} INFO - Started process (PID=563) to work on /opt/airflow/dags/xcom.py
[2024-10-10T18:01:52.933+0000] {processor.py:743} INFO - Processing file /opt/airflow/dags/xcom.py for tasks to queue
[2024-10-10T18:01:52.934+0000] {logging_mixin.py:137} INFO - [2024-10-10T18:01:52.934+0000] {dagbag.py:538} INFO - Filling up the DagBag from /opt/airflow/dags/xcom.py
[2024-10-10T18:01:52.944+0000] {processor.py:753} INFO - DAG(s) dict_keys(['xcom']) retrieved from /opt/airflow/dags/xcom.py
[2024-10-10T18:01:52.967+0000] {logging_mixin.py:137} INFO - [2024-10-10T18:01:52.966+0000] {dag.py:2690} INFO - Sync 1 DAGs
[2024-10-10T18:01:52.994+0000] {logging_mixin.py:137} INFO - [2024-10-10T18:01:52.994+0000] {dag.py:3441} INFO - Setting next_dagrun for xcom to None, run_after=None
[2024-10-10T18:01:53.016+0000] {processor.py:175} INFO - Processing /opt/airflow/dags/xcom.py took 0.087 seconds
[2024-10-10T18:01:58.772+0000] {processor.py:153} INFO - Started process (PID=579) to work on /opt/airflow/dags/xcom.py
[2024-10-10T18:01:58.773+0000] {processor.py:743} INFO - Processing file /opt/airflow/dags/xcom.py for tasks to queue
[2024-10-10T18:01:58.774+0000] {logging_mixin.py:137} INFO - [2024-10-10T18:01:58.774+0000] {dagbag.py:538} INFO - Filling up the DagBag from /opt/airflow/dags/xcom.py
[2024-10-10T18:01:58.791+0000] {processor.py:753} INFO - DAG(s) dict_keys(['xcom']) retrieved from /opt/airflow/dags/xcom.py
[2024-10-10T18:01:58.817+0000] {logging_mixin.py:137} INFO - [2024-10-10T18:01:58.817+0000] {dag.py:2690} INFO - Sync 1 DAGs
[2024-10-10T18:01:58.843+0000] {logging_mixin.py:137} INFO - [2024-10-10T18:01:58.843+0000] {dag.py:3441} INFO - Setting next_dagrun for xcom to None, run_after=None
[2024-10-10T18:01:58.864+0000] {processor.py:175} INFO - Processing /opt/airflow/dags/xcom.py took 0.094 seconds
[2024-10-10T18:02:04.786+0000] {processor.py:153} INFO - Started process (PID=615) to work on /opt/airflow/dags/xcom.py
[2024-10-10T18:02:04.788+0000] {processor.py:743} INFO - Processing file /opt/airflow/dags/xcom.py for tasks to queue
[2024-10-10T18:02:04.789+0000] {logging_mixin.py:137} INFO - [2024-10-10T18:02:04.788+0000] {dagbag.py:538} INFO - Filling up the DagBag from /opt/airflow/dags/xcom.py
[2024-10-10T18:02:04.807+0000] {processor.py:753} INFO - DAG(s) dict_keys(['xcom']) retrieved from /opt/airflow/dags/xcom.py
[2024-10-10T18:02:04.836+0000] {logging_mixin.py:137} INFO - [2024-10-10T18:02:04.836+0000] {dag.py:2690} INFO - Sync 1 DAGs
[2024-10-10T18:02:04.869+0000] {logging_mixin.py:137} INFO - [2024-10-10T18:02:04.869+0000] {dag.py:3441} INFO - Setting next_dagrun for xcom to None, run_after=None
[2024-10-10T18:02:04.896+0000] {processor.py:175} INFO - Processing /opt/airflow/dags/xcom.py took 0.113 seconds
[2024-10-10T18:02:10.834+0000] {processor.py:153} INFO - Started process (PID=631) to work on /opt/airflow/dags/xcom.py
[2024-10-10T18:02:10.835+0000] {processor.py:743} INFO - Processing file /opt/airflow/dags/xcom.py for tasks to queue
[2024-10-10T18:02:10.836+0000] {logging_mixin.py:137} INFO - [2024-10-10T18:02:10.836+0000] {dagbag.py:538} INFO - Filling up the DagBag from /opt/airflow/dags/xcom.py
[2024-10-10T18:02:10.854+0000] {processor.py:753} INFO - DAG(s) dict_keys(['xcom']) retrieved from /opt/airflow/dags/xcom.py
[2024-10-10T18:02:10.884+0000] {logging_mixin.py:137} INFO - [2024-10-10T18:02:10.884+0000] {dag.py:2690} INFO - Sync 1 DAGs
[2024-10-10T18:02:10.911+0000] {logging_mixin.py:137} INFO - [2024-10-10T18:02:10.911+0000] {dag.py:3441} INFO - Setting next_dagrun for xcom to None, run_after=None
[2024-10-10T18:02:10.928+0000] {processor.py:175} INFO - Processing /opt/airflow/dags/xcom.py took 0.099 seconds
[2024-10-10T18:02:16.628+0000] {processor.py:153} INFO - Started process (PID=667) to work on /opt/airflow/dags/xcom.py
[2024-10-10T18:02:16.629+0000] {processor.py:743} INFO - Processing file /opt/airflow/dags/xcom.py for tasks to queue
[2024-10-10T18:02:16.629+0000] {logging_mixin.py:137} INFO - [2024-10-10T18:02:16.629+0000] {dagbag.py:538} INFO - Filling up the DagBag from /opt/airflow/dags/xcom.py
[2024-10-10T18:02:16.646+0000] {processor.py:753} INFO - DAG(s) dict_keys(['xcom']) retrieved from /opt/airflow/dags/xcom.py
[2024-10-10T18:02:16.674+0000] {logging_mixin.py:137} INFO - [2024-10-10T18:02:16.674+0000] {dag.py:2690} INFO - Sync 1 DAGs
[2024-10-10T18:02:16.696+0000] {logging_mixin.py:137} INFO - [2024-10-10T18:02:16.696+0000] {dag.py:3441} INFO - Setting next_dagrun for xcom to None, run_after=None
[2024-10-10T18:02:16.712+0000] {processor.py:175} INFO - Processing /opt/airflow/dags/xcom.py took 0.088 seconds
[2024-10-10T18:02:22.590+0000] {processor.py:153} INFO - Started process (PID=683) to work on /opt/airflow/dags/xcom.py
[2024-10-10T18:02:22.591+0000] {processor.py:743} INFO - Processing file /opt/airflow/dags/xcom.py for tasks to queue
[2024-10-10T18:02:22.592+0000] {logging_mixin.py:137} INFO - [2024-10-10T18:02:22.592+0000] {dagbag.py:538} INFO - Filling up the DagBag from /opt/airflow/dags/xcom.py
[2024-10-10T18:02:22.606+0000] {processor.py:753} INFO - DAG(s) dict_keys(['xcom']) retrieved from /opt/airflow/dags/xcom.py
[2024-10-10T18:02:22.637+0000] {logging_mixin.py:137} INFO - [2024-10-10T18:02:22.637+0000] {dag.py:2690} INFO - Sync 1 DAGs
[2024-10-10T18:02:22.665+0000] {logging_mixin.py:137} INFO - [2024-10-10T18:02:22.665+0000] {dag.py:3441} INFO - Setting next_dagrun for xcom to None, run_after=None
[2024-10-10T18:02:22.689+0000] {processor.py:175} INFO - Processing /opt/airflow/dags/xcom.py took 0.103 seconds
[2024-10-10T18:02:28.535+0000] {processor.py:153} INFO - Started process (PID=719) to work on /opt/airflow/dags/xcom.py
[2024-10-10T18:02:28.536+0000] {processor.py:743} INFO - Processing file /opt/airflow/dags/xcom.py for tasks to queue
[2024-10-10T18:02:28.537+0000] {logging_mixin.py:137} INFO - [2024-10-10T18:02:28.537+0000] {dagbag.py:538} INFO - Filling up the DagBag from /opt/airflow/dags/xcom.py
[2024-10-10T18:02:28.549+0000] {processor.py:753} INFO - DAG(s) dict_keys(['xcom']) retrieved from /opt/airflow/dags/xcom.py
[2024-10-10T18:02:28.567+0000] {logging_mixin.py:137} INFO - [2024-10-10T18:02:28.567+0000] {dag.py:2690} INFO - Sync 1 DAGs
[2024-10-10T18:02:28.589+0000] {logging_mixin.py:137} INFO - [2024-10-10T18:02:28.589+0000] {dag.py:3441} INFO - Setting next_dagrun for xcom to None, run_after=None
[2024-10-10T18:02:28.612+0000] {processor.py:175} INFO - Processing /opt/airflow/dags/xcom.py took 0.080 seconds
