[2024-10-29T23:09:35.672+0000] {taskinstance.py:1083} INFO - Dependencies all met for <TaskInstance: dagrundag2.tsk2 manual__2024-10-29T23:09:27.666318+00:00 [queued]>
[2024-10-29T23:09:35.692+0000] {taskinstance.py:1083} INFO - Dependencies all met for <TaskInstance: dagrundag2.tsk2 manual__2024-10-29T23:09:27.666318+00:00 [queued]>
[2024-10-29T23:09:35.692+0000] {taskinstance.py:1279} INFO - 
--------------------------------------------------------------------------------
[2024-10-29T23:09:35.692+0000] {taskinstance.py:1280} INFO - Starting attempt 1 of 1
[2024-10-29T23:09:35.693+0000] {taskinstance.py:1281} INFO - 
--------------------------------------------------------------------------------
[2024-10-29T23:09:35.722+0000] {taskinstance.py:1300} INFO - Executing <Task(BashOperator): tsk2> on 2024-10-29 23:09:27.666318+00:00
[2024-10-29T23:09:35.734+0000] {standard_task_runner.py:55} INFO - Started process 940 to run task
[2024-10-29T23:09:35.740+0000] {standard_task_runner.py:82} INFO - Running: ['***', 'tasks', 'run', 'dagrundag2', 'tsk2', 'manual__2024-10-29T23:09:27.666318+00:00', '--job-id', '48', '--raw', '--subdir', 'DAGS_FOLDER/dagrundag2.py', '--cfg-path', '/tmp/tmpg9lcqd_9']
[2024-10-29T23:09:35.741+0000] {standard_task_runner.py:83} INFO - Job 48: Subtask tsk2
[2024-10-29T23:09:35.853+0000] {task_command.py:388} INFO - Running <TaskInstance: dagrundag2.tsk2 manual__2024-10-29T23:09:27.666318+00:00 [running]> on host 55e2175811f2
[2024-10-29T23:09:36.008+0000] {taskinstance.py:1509} INFO - Exporting the following env vars:
AIRFLOW_CTX_DAG_OWNER=***
AIRFLOW_CTX_DAG_ID=dagrundag2
AIRFLOW_CTX_TASK_ID=tsk2
AIRFLOW_CTX_EXECUTION_DATE=2024-10-29T23:09:27.666318+00:00
AIRFLOW_CTX_TRY_NUMBER=1
AIRFLOW_CTX_DAG_RUN_ID=manual__2024-10-29T23:09:27.666318+00:00
[2024-10-29T23:09:36.010+0000] {subprocess.py:63} INFO - Tmp dir root location: 
 /tmp
[2024-10-29T23:09:36.012+0000] {subprocess.py:75} INFO - Running command: ['/bin/bash', '-c', 'sleep 5']
[2024-10-29T23:09:36.035+0000] {subprocess.py:86} INFO - Output:
[2024-10-29T23:09:41.043+0000] {subprocess.py:97} INFO - Command exited with return code 0
[2024-10-29T23:09:41.063+0000] {taskinstance.py:1323} INFO - Marking task as SUCCESS. dag_id=dagrundag2, task_id=tsk2, execution_date=20241029T230927, start_date=20241029T230935, end_date=20241029T230941
[2024-10-29T23:09:41.091+0000] {local_task_job.py:208} INFO - Task exited with return code 0
[2024-10-29T23:09:41.104+0000] {taskinstance.py:2578} INFO - 0 downstream tasks scheduled from follow-on schedule check
