[2024-10-29T23:21:59.434+0000] {taskinstance.py:1083} INFO - Dependencies all met for <TaskInstance: bancodedados.query_data manual__2024-10-29T23:21:56.326275+00:00 [queued]>
[2024-10-29T23:21:59.440+0000] {taskinstance.py:1083} INFO - Dependencies all met for <TaskInstance: bancodedados.query_data manual__2024-10-29T23:21:56.326275+00:00 [queued]>
[2024-10-29T23:21:59.440+0000] {taskinstance.py:1279} INFO - 
--------------------------------------------------------------------------------
[2024-10-29T23:21:59.440+0000] {taskinstance.py:1280} INFO - Starting attempt 1 of 1
[2024-10-29T23:21:59.440+0000] {taskinstance.py:1281} INFO - 
--------------------------------------------------------------------------------
[2024-10-29T23:21:59.448+0000] {taskinstance.py:1300} INFO - Executing <Task(PostgresOperator): query_data> on 2024-10-29 23:21:56.326275+00:00
[2024-10-29T23:21:59.454+0000] {standard_task_runner.py:55} INFO - Started process 147 to run task
[2024-10-29T23:21:59.456+0000] {standard_task_runner.py:82} INFO - Running: ['***', 'tasks', 'run', 'bancodedados', 'query_data', 'manual__2024-10-29T23:21:56.326275+00:00', '--job-id', '87', '--raw', '--subdir', 'DAGS_FOLDER/bancodedados.py', '--cfg-path', '/tmp/tmpmvvblj7q']
[2024-10-29T23:21:59.457+0000] {standard_task_runner.py:83} INFO - Job 87: Subtask query_data
[2024-10-29T23:21:59.509+0000] {task_command.py:388} INFO - Running <TaskInstance: bancodedados.query_data manual__2024-10-29T23:21:56.326275+00:00 [running]> on host 55e2175811f2
[2024-10-29T23:21:59.555+0000] {taskinstance.py:1509} INFO - Exporting the following env vars:
AIRFLOW_CTX_DAG_OWNER=***
AIRFLOW_CTX_DAG_ID=bancodedados
AIRFLOW_CTX_TASK_ID=query_data
AIRFLOW_CTX_EXECUTION_DATE=2024-10-29T23:21:56.326275+00:00
AIRFLOW_CTX_TRY_NUMBER=1
AIRFLOW_CTX_DAG_RUN_ID=manual__2024-10-29T23:21:56.326275+00:00
[2024-10-29T23:21:59.555+0000] {sql.py:254} INFO - Executing: select * from teste;
[2024-10-29T23:21:59.562+0000] {base.py:73} INFO - Using connection ID 'postgres' for task execution.
[2024-10-29T23:21:59.667+0000] {base.py:73} INFO - Using connection ID 'postgres' for task execution.
[2024-10-29T23:21:59.670+0000] {sql.py:375} INFO - Running statement: select * from teste;, parameters: None
[2024-10-29T23:21:59.671+0000] {sql.py:384} INFO - Rows affected: 1
[2024-10-29T23:21:59.691+0000] {taskinstance.py:1323} INFO - Marking task as SUCCESS. dag_id=bancodedados, task_id=query_data, execution_date=20241029T232156, start_date=20241029T232159, end_date=20241029T232159
[2024-10-29T23:21:59.708+0000] {local_task_job.py:208} INFO - Task exited with return code 0
[2024-10-29T23:21:59.725+0000] {taskinstance.py:2578} INFO - 1 downstream tasks scheduled from follow-on schedule check
