[2024-10-29T23:10:06.527+0000] {taskinstance.py:1083} INFO - Dependencies all met for <TaskInstance: primeira_dag.tsk1 manual__2024-10-29T23:10:06.049735+00:00 [queued]>
[2024-10-29T23:10:06.543+0000] {taskinstance.py:1083} INFO - Dependencies all met for <TaskInstance: primeira_dag.tsk1 manual__2024-10-29T23:10:06.049735+00:00 [queued]>
[2024-10-29T23:10:06.544+0000] {taskinstance.py:1279} INFO - 
--------------------------------------------------------------------------------
[2024-10-29T23:10:06.544+0000] {taskinstance.py:1280} INFO - Starting attempt 1 of 1
[2024-10-29T23:10:06.544+0000] {taskinstance.py:1281} INFO - 
--------------------------------------------------------------------------------
[2024-10-29T23:10:06.563+0000] {taskinstance.py:1300} INFO - Executing <Task(BashOperator): tsk1> on 2024-10-29 23:10:06.049735+00:00
[2024-10-29T23:10:06.570+0000] {standard_task_runner.py:55} INFO - Started process 1052 to run task
[2024-10-29T23:10:06.575+0000] {standard_task_runner.py:82} INFO - Running: ['***', 'tasks', 'run', 'primeira_dag', 'tsk1', 'manual__2024-10-29T23:10:06.049735+00:00', '--job-id', '75', '--raw', '--subdir', 'DAGS_FOLDER/primeiradag.py', '--cfg-path', '/tmp/tmpachdebuc']
[2024-10-29T23:10:06.576+0000] {standard_task_runner.py:83} INFO - Job 75: Subtask tsk1
[2024-10-29T23:10:06.656+0000] {task_command.py:388} INFO - Running <TaskInstance: primeira_dag.tsk1 manual__2024-10-29T23:10:06.049735+00:00 [running]> on host 55e2175811f2
[2024-10-29T23:10:06.750+0000] {taskinstance.py:1509} INFO - Exporting the following env vars:
AIRFLOW_CTX_DAG_OWNER=***
AIRFLOW_CTX_DAG_ID=primeira_dag
AIRFLOW_CTX_TASK_ID=tsk1
AIRFLOW_CTX_EXECUTION_DATE=2024-10-29T23:10:06.049735+00:00
AIRFLOW_CTX_TRY_NUMBER=1
AIRFLOW_CTX_DAG_RUN_ID=manual__2024-10-29T23:10:06.049735+00:00
[2024-10-29T23:10:06.752+0000] {subprocess.py:63} INFO - Tmp dir root location: 
 /tmp
[2024-10-29T23:10:06.754+0000] {subprocess.py:75} INFO - Running command: ['/bin/bash', '-c', 'sleep 5']
[2024-10-29T23:10:06.770+0000] {subprocess.py:86} INFO - Output:
[2024-10-29T23:10:11.776+0000] {subprocess.py:97} INFO - Command exited with return code 0
[2024-10-29T23:10:11.817+0000] {taskinstance.py:1323} INFO - Marking task as SUCCESS. dag_id=primeira_dag, task_id=tsk1, execution_date=20241029T231006, start_date=20241029T231006, end_date=20241029T231011
[2024-10-29T23:10:11.858+0000] {local_task_job.py:208} INFO - Task exited with return code 0
[2024-10-29T23:10:11.895+0000] {taskinstance.py:2578} INFO - 1 downstream tasks scheduled from follow-on schedule check
