[2024-10-29T23:29:34.952+0000] {taskinstance.py:1083} INFO - Dependencies all met for <TaskInstance: triggerdag2.tsk2 manual__2024-10-29T23:29:33.122355+00:00 [queued]>
[2024-10-29T23:29:34.969+0000] {taskinstance.py:1083} INFO - Dependencies all met for <TaskInstance: triggerdag2.tsk2 manual__2024-10-29T23:29:33.122355+00:00 [queued]>
[2024-10-29T23:29:34.969+0000] {taskinstance.py:1279} INFO - 
--------------------------------------------------------------------------------
[2024-10-29T23:29:34.969+0000] {taskinstance.py:1280} INFO - Starting attempt 1 of 1
[2024-10-29T23:29:34.970+0000] {taskinstance.py:1281} INFO - 
--------------------------------------------------------------------------------
[2024-10-29T23:29:34.986+0000] {taskinstance.py:1300} INFO - Executing <Task(BashOperator): tsk2> on 2024-10-29 23:29:33.122355+00:00
[2024-10-29T23:29:34.995+0000] {standard_task_runner.py:55} INFO - Started process 999 to run task
[2024-10-29T23:29:34.998+0000] {standard_task_runner.py:82} INFO - Running: ['***', 'tasks', 'run', 'triggerdag2', 'tsk2', 'manual__2024-10-29T23:29:33.122355+00:00', '--job-id', '103', '--raw', '--subdir', 'DAGS_FOLDER/triggerDag2.py', '--cfg-path', '/tmp/tmp15_c08qf']
[2024-10-29T23:29:34.999+0000] {standard_task_runner.py:83} INFO - Job 103: Subtask tsk2
[2024-10-29T23:29:35.082+0000] {task_command.py:388} INFO - Running <TaskInstance: triggerdag2.tsk2 manual__2024-10-29T23:29:33.122355+00:00 [running]> on host 55e2175811f2
[2024-10-29T23:29:35.177+0000] {taskinstance.py:1509} INFO - Exporting the following env vars:
AIRFLOW_CTX_DAG_OWNER=***
AIRFLOW_CTX_DAG_ID=triggerdag2
AIRFLOW_CTX_TASK_ID=tsk2
AIRFLOW_CTX_EXECUTION_DATE=2024-10-29T23:29:33.122355+00:00
AIRFLOW_CTX_TRY_NUMBER=1
AIRFLOW_CTX_DAG_RUN_ID=manual__2024-10-29T23:29:33.122355+00:00
[2024-10-29T23:29:35.179+0000] {subprocess.py:63} INFO - Tmp dir root location: 
 /tmp
[2024-10-29T23:29:35.180+0000] {subprocess.py:75} INFO - Running command: ['/bin/bash', '-c', 'sleep 5']
[2024-10-29T23:29:35.204+0000] {subprocess.py:86} INFO - Output:
[2024-10-29T23:29:40.212+0000] {subprocess.py:97} INFO - Command exited with return code 0
[2024-10-29T23:29:40.243+0000] {taskinstance.py:1323} INFO - Marking task as SUCCESS. dag_id=triggerdag2, task_id=tsk2, execution_date=20241029T232933, start_date=20241029T232934, end_date=20241029T232940
[2024-10-29T23:29:40.270+0000] {local_task_job.py:208} INFO - Task exited with return code 0
[2024-10-29T23:29:40.289+0000] {taskinstance.py:2578} INFO - 0 downstream tasks scheduled from follow-on schedule check
