[2024-10-29T23:09:10.242+0000] {taskinstance.py:1083} INFO - Dependencies all met for <TaskInstance: segunda_dag.tsk3 manual__2024-10-29T23:09:02.922957+00:00 [queued]>
[2024-10-29T23:09:10.258+0000] {taskinstance.py:1083} INFO - Dependencies all met for <TaskInstance: segunda_dag.tsk3 manual__2024-10-29T23:09:02.922957+00:00 [queued]>
[2024-10-29T23:09:10.258+0000] {taskinstance.py:1279} INFO - 
--------------------------------------------------------------------------------
[2024-10-29T23:09:10.259+0000] {taskinstance.py:1280} INFO - Starting attempt 1 of 1
[2024-10-29T23:09:10.259+0000] {taskinstance.py:1281} INFO - 
--------------------------------------------------------------------------------
[2024-10-29T23:09:10.280+0000] {taskinstance.py:1300} INFO - Executing <Task(BashOperator): tsk3> on 2024-10-29 23:09:02.922957+00:00
[2024-10-29T23:09:10.290+0000] {standard_task_runner.py:55} INFO - Started process 814 to run task
[2024-10-29T23:09:10.294+0000] {standard_task_runner.py:82} INFO - Running: ['***', 'tasks', 'run', 'segunda_dag', 'tsk3', 'manual__2024-10-29T23:09:02.922957+00:00', '--job-id', '23', '--raw', '--subdir', 'DAGS_FOLDER/segundadag.py', '--cfg-path', '/tmp/tmphn8qn903']
[2024-10-29T23:09:10.295+0000] {standard_task_runner.py:83} INFO - Job 23: Subtask tsk3
[2024-10-29T23:09:10.437+0000] {task_command.py:388} INFO - Running <TaskInstance: segunda_dag.tsk3 manual__2024-10-29T23:09:02.922957+00:00 [running]> on host 55e2175811f2
[2024-10-29T23:09:10.561+0000] {taskinstance.py:1509} INFO - Exporting the following env vars:
AIRFLOW_CTX_DAG_OWNER=***
AIRFLOW_CTX_DAG_ID=segunda_dag
AIRFLOW_CTX_TASK_ID=tsk3
AIRFLOW_CTX_EXECUTION_DATE=2024-10-29T23:09:02.922957+00:00
AIRFLOW_CTX_TRY_NUMBER=1
AIRFLOW_CTX_DAG_RUN_ID=manual__2024-10-29T23:09:02.922957+00:00
[2024-10-29T23:09:10.563+0000] {subprocess.py:63} INFO - Tmp dir root location: 
 /tmp
[2024-10-29T23:09:10.564+0000] {subprocess.py:75} INFO - Running command: ['/bin/bash', '-c', 'sleep 5']
[2024-10-29T23:09:10.585+0000] {subprocess.py:86} INFO - Output:
[2024-10-29T23:09:15.594+0000] {subprocess.py:97} INFO - Command exited with return code 0
[2024-10-29T23:09:15.626+0000] {taskinstance.py:1323} INFO - Marking task as SUCCESS. dag_id=segunda_dag, task_id=tsk3, execution_date=20241029T230902, start_date=20241029T230910, end_date=20241029T230915
[2024-10-29T23:09:15.665+0000] {local_task_job.py:208} INFO - Task exited with return code 0
[2024-10-29T23:09:15.705+0000] {taskinstance.py:2578} INFO - 0 downstream tasks scheduled from follow-on schedule check
