[2024-10-29T23:29:38.154+0000] {taskinstance.py:1083} INFO - Dependencies all met for <TaskInstance: triggerdag3.tsk3 manual__2024-10-29T23:29:35.051208+00:00 [queued]>
[2024-10-29T23:29:38.166+0000] {taskinstance.py:1083} INFO - Dependencies all met for <TaskInstance: triggerdag3.tsk3 manual__2024-10-29T23:29:35.051208+00:00 [queued]>
[2024-10-29T23:29:38.166+0000] {taskinstance.py:1279} INFO - 
--------------------------------------------------------------------------------
[2024-10-29T23:29:38.166+0000] {taskinstance.py:1280} INFO - Starting attempt 1 of 1
[2024-10-29T23:29:38.166+0000] {taskinstance.py:1281} INFO - 
--------------------------------------------------------------------------------
[2024-10-29T23:29:38.184+0000] {taskinstance.py:1300} INFO - Executing <Task(BashOperator): tsk3> on 2024-10-29 23:29:35.051208+00:00
[2024-10-29T23:29:38.192+0000] {standard_task_runner.py:55} INFO - Started process 1019 to run task
[2024-10-29T23:29:38.197+0000] {standard_task_runner.py:82} INFO - Running: ['***', 'tasks', 'run', 'triggerdag3', 'tsk3', 'manual__2024-10-29T23:29:35.051208+00:00', '--job-id', '108', '--raw', '--subdir', 'DAGS_FOLDER/triggerDag3.py', '--cfg-path', '/tmp/tmpn7me_cs2']
[2024-10-29T23:29:38.199+0000] {standard_task_runner.py:83} INFO - Job 108: Subtask tsk3
[2024-10-29T23:29:38.269+0000] {task_command.py:388} INFO - Running <TaskInstance: triggerdag3.tsk3 manual__2024-10-29T23:29:35.051208+00:00 [running]> on host 55e2175811f2
[2024-10-29T23:29:38.361+0000] {taskinstance.py:1509} INFO - Exporting the following env vars:
AIRFLOW_CTX_DAG_OWNER=***
AIRFLOW_CTX_DAG_ID=triggerdag3
AIRFLOW_CTX_TASK_ID=tsk3
AIRFLOW_CTX_EXECUTION_DATE=2024-10-29T23:29:35.051208+00:00
AIRFLOW_CTX_TRY_NUMBER=1
AIRFLOW_CTX_DAG_RUN_ID=manual__2024-10-29T23:29:35.051208+00:00
[2024-10-29T23:29:38.362+0000] {subprocess.py:63} INFO - Tmp dir root location: 
 /tmp
[2024-10-29T23:29:38.363+0000] {subprocess.py:75} INFO - Running command: ['/bin/bash', '-c', 'sleep 5']
[2024-10-29T23:29:38.380+0000] {subprocess.py:86} INFO - Output:
[2024-10-29T23:29:43.385+0000] {subprocess.py:97} INFO - Command exited with return code 0
[2024-10-29T23:29:43.406+0000] {taskinstance.py:1323} INFO - Marking task as SUCCESS. dag_id=triggerdag3, task_id=tsk3, execution_date=20241029T232935, start_date=20241029T232938, end_date=20241029T232943
[2024-10-29T23:29:43.425+0000] {local_task_job.py:208} INFO - Task exited with return code 0
[2024-10-29T23:29:43.439+0000] {taskinstance.py:2578} INFO - 0 downstream tasks scheduled from follow-on schedule check
