[2024-10-29T23:09:37.980+0000] {taskinstance.py:1083} INFO - Dependencies all met for <TaskInstance: daggroup.tsk6 manual__2024-10-29T23:09:17.718653+00:00 [queued]>
[2024-10-29T23:09:38.001+0000] {taskinstance.py:1083} INFO - Dependencies all met for <TaskInstance: daggroup.tsk6 manual__2024-10-29T23:09:17.718653+00:00 [queued]>
[2024-10-29T23:09:38.002+0000] {taskinstance.py:1279} INFO - 
--------------------------------------------------------------------------------
[2024-10-29T23:09:38.002+0000] {taskinstance.py:1280} INFO - Starting attempt 1 of 1
[2024-10-29T23:09:38.002+0000] {taskinstance.py:1281} INFO - 
--------------------------------------------------------------------------------
[2024-10-29T23:09:38.045+0000] {taskinstance.py:1300} INFO - Executing <Task(BashOperator): tsk6> on 2024-10-29 23:09:17.718653+00:00
[2024-10-29T23:09:38.056+0000] {standard_task_runner.py:55} INFO - Started process 955 to run task
[2024-10-29T23:09:38.060+0000] {standard_task_runner.py:82} INFO - Running: ['***', 'tasks', 'run', 'daggroup', 'tsk6', 'manual__2024-10-29T23:09:17.718653+00:00', '--job-id', '54', '--raw', '--subdir', 'DAGS_FOLDER/daggroup.py', '--cfg-path', '/tmp/tmp2q9b_tsk']
[2024-10-29T23:09:38.061+0000] {standard_task_runner.py:83} INFO - Job 54: Subtask tsk6
[2024-10-29T23:09:38.169+0000] {task_command.py:388} INFO - Running <TaskInstance: daggroup.tsk6 manual__2024-10-29T23:09:17.718653+00:00 [running]> on host 55e2175811f2
[2024-10-29T23:09:38.294+0000] {taskinstance.py:1509} INFO - Exporting the following env vars:
AIRFLOW_CTX_DAG_OWNER=***
AIRFLOW_CTX_DAG_ID=daggroup
AIRFLOW_CTX_TASK_ID=tsk6
AIRFLOW_CTX_EXECUTION_DATE=2024-10-29T23:09:17.718653+00:00
AIRFLOW_CTX_TRY_NUMBER=1
AIRFLOW_CTX_DAG_RUN_ID=manual__2024-10-29T23:09:17.718653+00:00
[2024-10-29T23:09:38.296+0000] {subprocess.py:63} INFO - Tmp dir root location: 
 /tmp
[2024-10-29T23:09:38.297+0000] {subprocess.py:75} INFO - Running command: ['/bin/bash', '-c', 'sleep 5']
[2024-10-29T23:09:38.315+0000] {subprocess.py:86} INFO - Output:
[2024-10-29T23:09:43.321+0000] {subprocess.py:97} INFO - Command exited with return code 0
[2024-10-29T23:09:43.372+0000] {taskinstance.py:1323} INFO - Marking task as SUCCESS. dag_id=daggroup, task_id=tsk6, execution_date=20241029T230917, start_date=20241029T230937, end_date=20241029T230943
[2024-10-29T23:09:43.431+0000] {local_task_job.py:208} INFO - Task exited with return code 0
[2024-10-29T23:09:43.483+0000] {taskinstance.py:2578} INFO - 2 downstream tasks scheduled from follow-on schedule check
