[2024-10-29T23:09:22.781+0000] {taskinstance.py:1083} INFO - Dependencies all met for <TaskInstance: dagcomplexa.tsk4 manual__2024-10-29T23:09:14.896033+00:00 [queued]>
[2024-10-29T23:09:22.791+0000] {taskinstance.py:1083} INFO - Dependencies all met for <TaskInstance: dagcomplexa.tsk4 manual__2024-10-29T23:09:14.896033+00:00 [queued]>
[2024-10-29T23:09:22.791+0000] {taskinstance.py:1279} INFO - 
--------------------------------------------------------------------------------
[2024-10-29T23:09:22.791+0000] {taskinstance.py:1280} INFO - Starting attempt 1 of 1
[2024-10-29T23:09:22.791+0000] {taskinstance.py:1281} INFO - 
--------------------------------------------------------------------------------
[2024-10-29T23:09:22.804+0000] {taskinstance.py:1300} INFO - Executing <Task(BashOperator): tsk4> on 2024-10-29 23:09:14.896033+00:00
[2024-10-29T23:09:22.810+0000] {standard_task_runner.py:55} INFO - Started process 861 to run task
[2024-10-29T23:09:22.814+0000] {standard_task_runner.py:82} INFO - Running: ['***', 'tasks', 'run', 'dagcomplexa', 'tsk4', 'manual__2024-10-29T23:09:14.896033+00:00', '--job-id', '34', '--raw', '--subdir', 'DAGS_FOLDER/dagcomplexa.py', '--cfg-path', '/tmp/tmpp_lca4pl']
[2024-10-29T23:09:22.815+0000] {standard_task_runner.py:83} INFO - Job 34: Subtask tsk4
[2024-10-29T23:09:22.900+0000] {task_command.py:388} INFO - Running <TaskInstance: dagcomplexa.tsk4 manual__2024-10-29T23:09:14.896033+00:00 [running]> on host 55e2175811f2
[2024-10-29T23:09:22.985+0000] {taskinstance.py:1509} INFO - Exporting the following env vars:
AIRFLOW_CTX_DAG_OWNER=***
AIRFLOW_CTX_DAG_ID=dagcomplexa
AIRFLOW_CTX_TASK_ID=tsk4
AIRFLOW_CTX_EXECUTION_DATE=2024-10-29T23:09:14.896033+00:00
AIRFLOW_CTX_TRY_NUMBER=1
AIRFLOW_CTX_DAG_RUN_ID=manual__2024-10-29T23:09:14.896033+00:00
[2024-10-29T23:09:22.986+0000] {subprocess.py:63} INFO - Tmp dir root location: 
 /tmp
[2024-10-29T23:09:22.986+0000] {subprocess.py:75} INFO - Running command: ['/bin/bash', '-c', 'sleep 5']
[2024-10-29T23:09:22.998+0000] {subprocess.py:86} INFO - Output:
[2024-10-29T23:09:28.002+0000] {subprocess.py:97} INFO - Command exited with return code 0
[2024-10-29T23:09:28.063+0000] {taskinstance.py:1323} INFO - Marking task as SUCCESS. dag_id=dagcomplexa, task_id=tsk4, execution_date=20241029T230914, start_date=20241029T230922, end_date=20241029T230928
[2024-10-29T23:09:28.120+0000] {local_task_job.py:208} INFO - Task exited with return code 0
[2024-10-29T23:09:28.162+0000] {taskinstance.py:2578} INFO - 1 downstream tasks scheduled from follow-on schedule check
