[2024-10-29T23:08:46.612+0000] {taskinstance.py:1083} INFO - Dependencies all met for <TaskInstance: triggerdag2.tsk2 manual__2024-10-29T23:08:45.592291+00:00 [queued]>
[2024-10-29T23:08:46.630+0000] {taskinstance.py:1083} INFO - Dependencies all met for <TaskInstance: triggerdag2.tsk2 manual__2024-10-29T23:08:45.592291+00:00 [queued]>
[2024-10-29T23:08:46.630+0000] {taskinstance.py:1279} INFO - 
--------------------------------------------------------------------------------
[2024-10-29T23:08:46.630+0000] {taskinstance.py:1280} INFO - Starting attempt 1 of 1
[2024-10-29T23:08:46.631+0000] {taskinstance.py:1281} INFO - 
--------------------------------------------------------------------------------
[2024-10-29T23:08:46.650+0000] {taskinstance.py:1300} INFO - Executing <Task(BashOperator): tsk2> on 2024-10-29 23:08:45.592291+00:00
[2024-10-29T23:08:46.658+0000] {standard_task_runner.py:55} INFO - Started process 750 to run task
[2024-10-29T23:08:46.661+0000] {standard_task_runner.py:82} INFO - Running: ['***', 'tasks', 'run', 'triggerdag2', 'tsk2', 'manual__2024-10-29T23:08:45.592291+00:00', '--job-id', '12', '--raw', '--subdir', 'DAGS_FOLDER/triggerDag2.py', '--cfg-path', '/tmp/tmp81pjkm85']
[2024-10-29T23:08:46.662+0000] {standard_task_runner.py:83} INFO - Job 12: Subtask tsk2
[2024-10-29T23:08:46.739+0000] {task_command.py:388} INFO - Running <TaskInstance: triggerdag2.tsk2 manual__2024-10-29T23:08:45.592291+00:00 [running]> on host 55e2175811f2
[2024-10-29T23:08:46.834+0000] {taskinstance.py:1509} INFO - Exporting the following env vars:
AIRFLOW_CTX_DAG_OWNER=***
AIRFLOW_CTX_DAG_ID=triggerdag2
AIRFLOW_CTX_TASK_ID=tsk2
AIRFLOW_CTX_EXECUTION_DATE=2024-10-29T23:08:45.592291+00:00
AIRFLOW_CTX_TRY_NUMBER=1
AIRFLOW_CTX_DAG_RUN_ID=manual__2024-10-29T23:08:45.592291+00:00
[2024-10-29T23:08:46.835+0000] {subprocess.py:63} INFO - Tmp dir root location: 
 /tmp
[2024-10-29T23:08:46.836+0000] {subprocess.py:75} INFO - Running command: ['/bin/bash', '-c', 'sleep 5']
[2024-10-29T23:08:46.848+0000] {subprocess.py:86} INFO - Output:
[2024-10-29T23:08:51.852+0000] {subprocess.py:97} INFO - Command exited with return code 0
[2024-10-29T23:08:51.898+0000] {taskinstance.py:1323} INFO - Marking task as SUCCESS. dag_id=triggerdag2, task_id=tsk2, execution_date=20241029T230845, start_date=20241029T230846, end_date=20241029T230851
[2024-10-29T23:08:51.947+0000] {local_task_job.py:208} INFO - Task exited with return code 0
[2024-10-29T23:08:51.966+0000] {taskinstance.py:2578} INFO - 0 downstream tasks scheduled from follow-on schedule check
