[2024-10-29T23:09:27.487+0000] {taskinstance.py:1083} INFO - Dependencies all met for <TaskInstance: dagrundag1.tsk2 manual__2024-10-29T23:09:19.498092+00:00 [queued]>
[2024-10-29T23:09:27.498+0000] {taskinstance.py:1083} INFO - Dependencies all met for <TaskInstance: dagrundag1.tsk2 manual__2024-10-29T23:09:19.498092+00:00 [queued]>
[2024-10-29T23:09:27.498+0000] {taskinstance.py:1279} INFO - 
--------------------------------------------------------------------------------
[2024-10-29T23:09:27.498+0000] {taskinstance.py:1280} INFO - Starting attempt 1 of 1
[2024-10-29T23:09:27.498+0000] {taskinstance.py:1281} INFO - 
--------------------------------------------------------------------------------
[2024-10-29T23:09:27.512+0000] {taskinstance.py:1300} INFO - Executing <Task(TriggerDagRunOperator): tsk2> on 2024-10-29 23:09:19.498092+00:00
[2024-10-29T23:09:27.516+0000] {standard_task_runner.py:55} INFO - Started process 886 to run task
[2024-10-29T23:09:27.519+0000] {standard_task_runner.py:82} INFO - Running: ['***', 'tasks', 'run', 'dagrundag1', 'tsk2', 'manual__2024-10-29T23:09:19.498092+00:00', '--job-id', '38', '--raw', '--subdir', 'DAGS_FOLDER/dagrundag1.py', '--cfg-path', '/tmp/tmp7in6kqb8']
[2024-10-29T23:09:27.520+0000] {standard_task_runner.py:83} INFO - Job 38: Subtask tsk2
[2024-10-29T23:09:27.586+0000] {task_command.py:388} INFO - Running <TaskInstance: dagrundag1.tsk2 manual__2024-10-29T23:09:19.498092+00:00 [running]> on host 55e2175811f2
[2024-10-29T23:09:27.665+0000] {taskinstance.py:1509} INFO - Exporting the following env vars:
AIRFLOW_CTX_DAG_OWNER=***
AIRFLOW_CTX_DAG_ID=dagrundag1
AIRFLOW_CTX_TASK_ID=tsk2
AIRFLOW_CTX_EXECUTION_DATE=2024-10-29T23:09:19.498092+00:00
AIRFLOW_CTX_TRY_NUMBER=1
AIRFLOW_CTX_DAG_RUN_ID=manual__2024-10-29T23:09:19.498092+00:00
[2024-10-29T23:09:27.759+0000] {taskinstance.py:1323} INFO - Marking task as SUCCESS. dag_id=dagrundag1, task_id=tsk2, execution_date=20241029T230919, start_date=20241029T230927, end_date=20241029T230927
[2024-10-29T23:09:27.810+0000] {local_task_job.py:208} INFO - Task exited with return code 0
[2024-10-29T23:09:27.838+0000] {taskinstance.py:2578} INFO - 0 downstream tasks scheduled from follow-on schedule check
