[2024-10-29T23:08:47.864+0000] {taskinstance.py:1083} INFO - Dependencies all met for <TaskInstance: triggerdag2.tsk3 manual__2024-10-29T23:08:45.592291+00:00 [queued]>
[2024-10-29T23:08:47.878+0000] {taskinstance.py:1083} INFO - Dependencies all met for <TaskInstance: triggerdag2.tsk3 manual__2024-10-29T23:08:45.592291+00:00 [queued]>
[2024-10-29T23:08:47.878+0000] {taskinstance.py:1279} INFO - 
--------------------------------------------------------------------------------
[2024-10-29T23:08:47.878+0000] {taskinstance.py:1280} INFO - Starting attempt 1 of 1
[2024-10-29T23:08:47.878+0000] {taskinstance.py:1281} INFO - 
--------------------------------------------------------------------------------
[2024-10-29T23:08:47.895+0000] {taskinstance.py:1300} INFO - Executing <Task(BashOperator): tsk3> on 2024-10-29 23:08:45.592291+00:00
[2024-10-29T23:08:47.904+0000] {standard_task_runner.py:55} INFO - Started process 754 to run task
[2024-10-29T23:08:47.908+0000] {standard_task_runner.py:82} INFO - Running: ['***', 'tasks', 'run', 'triggerdag2', 'tsk3', 'manual__2024-10-29T23:08:45.592291+00:00', '--job-id', '13', '--raw', '--subdir', 'DAGS_FOLDER/triggerDag2.py', '--cfg-path', '/tmp/tmplpe0jen1']
[2024-10-29T23:08:47.908+0000] {standard_task_runner.py:83} INFO - Job 13: Subtask tsk3
[2024-10-29T23:08:47.983+0000] {task_command.py:388} INFO - Running <TaskInstance: triggerdag2.tsk3 manual__2024-10-29T23:08:45.592291+00:00 [running]> on host 55e2175811f2
[2024-10-29T23:08:48.063+0000] {taskinstance.py:1509} INFO - Exporting the following env vars:
AIRFLOW_CTX_DAG_OWNER=***
AIRFLOW_CTX_DAG_ID=triggerdag2
AIRFLOW_CTX_TASK_ID=tsk3
AIRFLOW_CTX_EXECUTION_DATE=2024-10-29T23:08:45.592291+00:00
AIRFLOW_CTX_TRY_NUMBER=1
AIRFLOW_CTX_DAG_RUN_ID=manual__2024-10-29T23:08:45.592291+00:00
[2024-10-29T23:08:48.064+0000] {subprocess.py:63} INFO - Tmp dir root location: 
 /tmp
[2024-10-29T23:08:48.065+0000] {subprocess.py:75} INFO - Running command: ['/bin/bash', '-c', 'sleep 5']
[2024-10-29T23:08:48.077+0000] {subprocess.py:86} INFO - Output:
[2024-10-29T23:08:53.082+0000] {subprocess.py:97} INFO - Command exited with return code 0
[2024-10-29T23:08:53.112+0000] {taskinstance.py:1323} INFO - Marking task as SUCCESS. dag_id=triggerdag2, task_id=tsk3, execution_date=20241029T230845, start_date=20241029T230847, end_date=20241029T230853
[2024-10-29T23:08:53.135+0000] {local_task_job.py:208} INFO - Task exited with return code 0
[2024-10-29T23:08:53.155+0000] {taskinstance.py:2578} INFO - 0 downstream tasks scheduled from follow-on schedule check
