[2024-10-29T23:09:35.830+0000] {taskinstance.py:1083} INFO - Dependencies all met for <TaskInstance: dummy.tsk5 manual__2024-10-29T23:09:31.567615+00:00 [queued]>
[2024-10-29T23:09:35.844+0000] {taskinstance.py:1083} INFO - Dependencies all met for <TaskInstance: dummy.tsk5 manual__2024-10-29T23:09:31.567615+00:00 [queued]>
[2024-10-29T23:09:35.844+0000] {taskinstance.py:1279} INFO - 
--------------------------------------------------------------------------------
[2024-10-29T23:09:35.844+0000] {taskinstance.py:1280} INFO - Starting attempt 1 of 1
[2024-10-29T23:09:35.844+0000] {taskinstance.py:1281} INFO - 
--------------------------------------------------------------------------------
[2024-10-29T23:09:35.883+0000] {taskinstance.py:1300} INFO - Executing <Task(BashOperator): tsk5> on 2024-10-29 23:09:31.567615+00:00
[2024-10-29T23:09:35.896+0000] {standard_task_runner.py:55} INFO - Started process 945 to run task
[2024-10-29T23:09:35.902+0000] {standard_task_runner.py:82} INFO - Running: ['***', 'tasks', 'run', 'dummy', 'tsk5', 'manual__2024-10-29T23:09:31.567615+00:00', '--job-id', '52', '--raw', '--subdir', 'DAGS_FOLDER/dummy.py', '--cfg-path', '/tmp/tmp2440soz8']
[2024-10-29T23:09:35.903+0000] {standard_task_runner.py:83} INFO - Job 52: Subtask tsk5
[2024-10-29T23:09:36.012+0000] {task_command.py:388} INFO - Running <TaskInstance: dummy.tsk5 manual__2024-10-29T23:09:31.567615+00:00 [running]> on host 55e2175811f2
[2024-10-29T23:09:36.133+0000] {taskinstance.py:1509} INFO - Exporting the following env vars:
AIRFLOW_CTX_DAG_OWNER=***
AIRFLOW_CTX_DAG_ID=dummy
AIRFLOW_CTX_TASK_ID=tsk5
AIRFLOW_CTX_EXECUTION_DATE=2024-10-29T23:09:31.567615+00:00
AIRFLOW_CTX_TRY_NUMBER=1
AIRFLOW_CTX_DAG_RUN_ID=manual__2024-10-29T23:09:31.567615+00:00
[2024-10-29T23:09:36.135+0000] {subprocess.py:63} INFO - Tmp dir root location: 
 /tmp
[2024-10-29T23:09:36.136+0000] {subprocess.py:75} INFO - Running command: ['/bin/bash', '-c', 'sleep 1']
[2024-10-29T23:09:36.156+0000] {subprocess.py:86} INFO - Output:
[2024-10-29T23:09:37.163+0000] {subprocess.py:97} INFO - Command exited with return code 0
[2024-10-29T23:09:37.199+0000] {taskinstance.py:1323} INFO - Marking task as SUCCESS. dag_id=dummy, task_id=tsk5, execution_date=20241029T230931, start_date=20241029T230935, end_date=20241029T230937
[2024-10-29T23:09:37.236+0000] {local_task_job.py:208} INFO - Task exited with return code 0
[2024-10-29T23:09:37.260+0000] {taskinstance.py:2578} INFO - 0 downstream tasks scheduled from follow-on schedule check
