[2024-10-29T23:09:29.069+0000] {taskinstance.py:1083} INFO - Dependencies all met for <TaskInstance: defaultargs.tsk1 manual__2024-10-29T23:09:27.707345+00:00 [queued]>
[2024-10-29T23:09:29.088+0000] {taskinstance.py:1083} INFO - Dependencies all met for <TaskInstance: defaultargs.tsk1 manual__2024-10-29T23:09:27.707345+00:00 [queued]>
[2024-10-29T23:09:29.089+0000] {taskinstance.py:1279} INFO - 
--------------------------------------------------------------------------------
[2024-10-29T23:09:29.089+0000] {taskinstance.py:1280} INFO - Starting attempt 1 of 4
[2024-10-29T23:09:29.089+0000] {taskinstance.py:1281} INFO - 
--------------------------------------------------------------------------------
[2024-10-29T23:09:29.122+0000] {taskinstance.py:1300} INFO - Executing <Task(BashOperator): tsk1> on 2024-10-29 23:09:27.707345+00:00
[2024-10-29T23:09:29.137+0000] {standard_task_runner.py:55} INFO - Started process 894 to run task
[2024-10-29T23:09:29.144+0000] {standard_task_runner.py:82} INFO - Running: ['***', 'tasks', 'run', 'defaultargs', 'tsk1', 'manual__2024-10-29T23:09:27.707345+00:00', '--job-id', '42', '--raw', '--subdir', 'DAGS_FOLDER/defaultargs.py', '--cfg-path', '/tmp/tmp1b7ojdgf']
[2024-10-29T23:09:29.145+0000] {standard_task_runner.py:83} INFO - Job 42: Subtask tsk1
[2024-10-29T23:09:29.282+0000] {task_command.py:388} INFO - Running <TaskInstance: defaultargs.tsk1 manual__2024-10-29T23:09:27.707345+00:00 [running]> on host 55e2175811f2
[2024-10-29T23:09:29.450+0000] {taskinstance.py:1509} INFO - Exporting the following env vars:
AIRFLOW_CTX_DAG_EMAIL=test@test.com
AIRFLOW_CTX_DAG_OWNER=***
AIRFLOW_CTX_DAG_ID=defaultargs
AIRFLOW_CTX_TASK_ID=tsk1
AIRFLOW_CTX_EXECUTION_DATE=2024-10-29T23:09:27.707345+00:00
AIRFLOW_CTX_TRY_NUMBER=1
AIRFLOW_CTX_DAG_RUN_ID=manual__2024-10-29T23:09:27.707345+00:00
[2024-10-29T23:09:29.452+0000] {subprocess.py:63} INFO - Tmp dir root location: 
 /tmp
[2024-10-29T23:09:29.452+0000] {subprocess.py:75} INFO - Running command: ['/bin/bash', '-c', 'sleep 5']
[2024-10-29T23:09:29.468+0000] {subprocess.py:86} INFO - Output:
[2024-10-29T23:09:34.473+0000] {subprocess.py:97} INFO - Command exited with return code 0
[2024-10-29T23:09:34.512+0000] {taskinstance.py:1323} INFO - Marking task as SUCCESS. dag_id=defaultargs, task_id=tsk1, execution_date=20241029T230927, start_date=20241029T230929, end_date=20241029T230934
[2024-10-29T23:09:34.546+0000] {local_task_job.py:208} INFO - Task exited with return code 0
[2024-10-29T23:09:34.595+0000] {taskinstance.py:2578} INFO - 1 downstream tasks scheduled from follow-on schedule check
