[2024-10-29T23:09:44.833+0000] {taskinstance.py:1083} INFO - Dependencies all met for <TaskInstance: exemplo_xcom.tsk2 manual__2024-10-29T23:09:41.722243+00:00 [queued]>
[2024-10-29T23:09:44.849+0000] {taskinstance.py:1083} INFO - Dependencies all met for <TaskInstance: exemplo_xcom.tsk2 manual__2024-10-29T23:09:41.722243+00:00 [queued]>
[2024-10-29T23:09:44.850+0000] {taskinstance.py:1279} INFO - 
--------------------------------------------------------------------------------
[2024-10-29T23:09:44.850+0000] {taskinstance.py:1280} INFO - Starting attempt 1 of 1
[2024-10-29T23:09:44.850+0000] {taskinstance.py:1281} INFO - 
--------------------------------------------------------------------------------
[2024-10-29T23:09:44.871+0000] {taskinstance.py:1300} INFO - Executing <Task(PythonOperator): tsk2> on 2024-10-29 23:09:41.722243+00:00
[2024-10-29T23:09:44.880+0000] {standard_task_runner.py:55} INFO - Started process 985 to run task
[2024-10-29T23:09:44.884+0000] {standard_task_runner.py:82} INFO - Running: ['***', 'tasks', 'run', 'exemplo_xcom', 'tsk2', 'manual__2024-10-29T23:09:41.722243+00:00', '--job-id', '64', '--raw', '--subdir', 'DAGS_FOLDER/xcom.py', '--cfg-path', '/tmp/tmpuuqkepit']
[2024-10-29T23:09:44.885+0000] {standard_task_runner.py:83} INFO - Job 64: Subtask tsk2
[2024-10-29T23:09:44.974+0000] {task_command.py:388} INFO - Running <TaskInstance: exemplo_xcom.tsk2 manual__2024-10-29T23:09:41.722243+00:00 [running]> on host 55e2175811f2
[2024-10-29T23:09:45.072+0000] {taskinstance.py:1509} INFO - Exporting the following env vars:
AIRFLOW_CTX_DAG_OWNER=***
AIRFLOW_CTX_DAG_ID=exemplo_xcom
AIRFLOW_CTX_TASK_ID=tsk2
AIRFLOW_CTX_EXECUTION_DATE=2024-10-29T23:09:41.722243+00:00
AIRFLOW_CTX_TRY_NUMBER=1
AIRFLOW_CTX_DAG_RUN_ID=manual__2024-10-29T23:09:41.722243+00:00
[2024-10-29T23:09:45.091+0000] {logging_mixin.py:137} INFO - Valor recuperado : 10200
[2024-10-29T23:09:45.091+0000] {python.py:177} INFO - Done. Returned value was: None
[2024-10-29T23:09:45.103+0000] {taskinstance.py:1323} INFO - Marking task as SUCCESS. dag_id=exemplo_xcom, task_id=tsk2, execution_date=20241029T230941, start_date=20241029T230944, end_date=20241029T230945
[2024-10-29T23:09:45.137+0000] {local_task_job.py:208} INFO - Task exited with return code 0
[2024-10-29T23:09:45.158+0000] {taskinstance.py:2578} INFO - 0 downstream tasks scheduled from follow-on schedule check
