[2024-10-29T23:08:57.153+0000] {taskinstance.py:1083} INFO - Dependencies all met for <TaskInstance: terceira_dag.tsk1 manual__2024-10-29T23:08:55.905519+00:00 [queued]>
[2024-10-29T23:08:57.176+0000] {taskinstance.py:1083} INFO - Dependencies all met for <TaskInstance: terceira_dag.tsk1 manual__2024-10-29T23:08:55.905519+00:00 [queued]>
[2024-10-29T23:08:57.176+0000] {taskinstance.py:1279} INFO - 
--------------------------------------------------------------------------------
[2024-10-29T23:08:57.176+0000] {taskinstance.py:1280} INFO - Starting attempt 1 of 1
[2024-10-29T23:08:57.176+0000] {taskinstance.py:1281} INFO - 
--------------------------------------------------------------------------------
[2024-10-29T23:08:57.199+0000] {taskinstance.py:1300} INFO - Executing <Task(BashOperator): tsk1> on 2024-10-29 23:08:55.905519+00:00
[2024-10-29T23:08:57.207+0000] {standard_task_runner.py:55} INFO - Started process 784 to run task
[2024-10-29T23:08:57.210+0000] {standard_task_runner.py:82} INFO - Running: ['***', 'tasks', 'run', 'terceira_dag', 'tsk1', 'manual__2024-10-29T23:08:55.905519+00:00', '--job-id', '16', '--raw', '--subdir', 'DAGS_FOLDER/terceiradag.py', '--cfg-path', '/tmp/tmpfqiho6y7']
[2024-10-29T23:08:57.210+0000] {standard_task_runner.py:83} INFO - Job 16: Subtask tsk1
[2024-10-29T23:08:57.308+0000] {task_command.py:388} INFO - Running <TaskInstance: terceira_dag.tsk1 manual__2024-10-29T23:08:55.905519+00:00 [running]> on host 55e2175811f2
[2024-10-29T23:08:57.413+0000] {taskinstance.py:1509} INFO - Exporting the following env vars:
AIRFLOW_CTX_DAG_OWNER=***
AIRFLOW_CTX_DAG_ID=terceira_dag
AIRFLOW_CTX_TASK_ID=tsk1
AIRFLOW_CTX_EXECUTION_DATE=2024-10-29T23:08:55.905519+00:00
AIRFLOW_CTX_TRY_NUMBER=1
AIRFLOW_CTX_DAG_RUN_ID=manual__2024-10-29T23:08:55.905519+00:00
[2024-10-29T23:08:57.415+0000] {subprocess.py:63} INFO - Tmp dir root location: 
 /tmp
[2024-10-29T23:08:57.416+0000] {subprocess.py:75} INFO - Running command: ['/bin/bash', '-c', 'sleep 5']
[2024-10-29T23:08:57.430+0000] {subprocess.py:86} INFO - Output:
[2024-10-29T23:09:02.436+0000] {subprocess.py:97} INFO - Command exited with return code 0
[2024-10-29T23:09:02.467+0000] {taskinstance.py:1323} INFO - Marking task as SUCCESS. dag_id=terceira_dag, task_id=tsk1, execution_date=20241029T230855, start_date=20241029T230857, end_date=20241029T230902
[2024-10-29T23:09:02.516+0000] {local_task_job.py:208} INFO - Task exited with return code 0
[2024-10-29T23:09:02.535+0000] {taskinstance.py:2578} INFO - 1 downstream tasks scheduled from follow-on schedule check
