[2024-10-29T23:22:00.613+0000] {taskinstance.py:1083} INFO - Dependencies all met for <TaskInstance: bancodedados.print_result_task manual__2024-10-29T23:21:56.326275+00:00 [queued]>
[2024-10-29T23:22:00.621+0000] {taskinstance.py:1083} INFO - Dependencies all met for <TaskInstance: bancodedados.print_result_task manual__2024-10-29T23:21:56.326275+00:00 [queued]>
[2024-10-29T23:22:00.622+0000] {taskinstance.py:1279} INFO - 
--------------------------------------------------------------------------------
[2024-10-29T23:22:00.622+0000] {taskinstance.py:1280} INFO - Starting attempt 1 of 1
[2024-10-29T23:22:00.622+0000] {taskinstance.py:1281} INFO - 
--------------------------------------------------------------------------------
[2024-10-29T23:22:00.630+0000] {taskinstance.py:1300} INFO - Executing <Task(PythonOperator): print_result_task> on 2024-10-29 23:21:56.326275+00:00
[2024-10-29T23:22:00.634+0000] {standard_task_runner.py:55} INFO - Started process 150 to run task
[2024-10-29T23:22:00.638+0000] {standard_task_runner.py:82} INFO - Running: ['***', 'tasks', 'run', 'bancodedados', 'print_result_task', 'manual__2024-10-29T23:21:56.326275+00:00', '--job-id', '88', '--raw', '--subdir', 'DAGS_FOLDER/bancodedados.py', '--cfg-path', '/tmp/tmpzacbexrb']
[2024-10-29T23:22:00.640+0000] {standard_task_runner.py:83} INFO - Job 88: Subtask print_result_task
[2024-10-29T23:22:00.689+0000] {task_command.py:388} INFO - Running <TaskInstance: bancodedados.print_result_task manual__2024-10-29T23:21:56.326275+00:00 [running]> on host 55e2175811f2
[2024-10-29T23:22:00.748+0000] {taskinstance.py:1509} INFO - Exporting the following env vars:
AIRFLOW_CTX_DAG_OWNER=***
AIRFLOW_CTX_DAG_ID=bancodedados
AIRFLOW_CTX_TASK_ID=print_result_task
AIRFLOW_CTX_EXECUTION_DATE=2024-10-29T23:21:56.326275+00:00
AIRFLOW_CTX_TRY_NUMBER=1
AIRFLOW_CTX_DAG_RUN_ID=manual__2024-10-29T23:21:56.326275+00:00
[2024-10-29T23:22:00.759+0000] {logging_mixin.py:137} INFO - Resultado da consulta:
[2024-10-29T23:22:00.759+0000] {logging_mixin.py:137} INFO - [1]
[2024-10-29T23:22:00.760+0000] {python.py:177} INFO - Done. Returned value was: None
[2024-10-29T23:22:00.769+0000] {taskinstance.py:1323} INFO - Marking task as SUCCESS. dag_id=bancodedados, task_id=print_result_task, execution_date=20241029T232156, start_date=20241029T232200, end_date=20241029T232200
[2024-10-29T23:22:00.809+0000] {local_task_job.py:208} INFO - Task exited with return code 0
[2024-10-29T23:22:00.822+0000] {taskinstance.py:2578} INFO - 0 downstream tasks scheduled from follow-on schedule check
