[2024-10-29T23:09:33.130+0000] {taskinstance.py:1083} INFO - Dependencies all met for <TaskInstance: dummy.tsk1 manual__2024-10-29T23:09:31.567615+00:00 [queued]>
[2024-10-29T23:09:33.148+0000] {taskinstance.py:1083} INFO - Dependencies all met for <TaskInstance: dummy.tsk1 manual__2024-10-29T23:09:31.567615+00:00 [queued]>
[2024-10-29T23:09:33.149+0000] {taskinstance.py:1279} INFO - 
--------------------------------------------------------------------------------
[2024-10-29T23:09:33.149+0000] {taskinstance.py:1280} INFO - Starting attempt 1 of 1
[2024-10-29T23:09:33.149+0000] {taskinstance.py:1281} INFO - 
--------------------------------------------------------------------------------
[2024-10-29T23:09:33.174+0000] {taskinstance.py:1300} INFO - Executing <Task(BashOperator): tsk1> on 2024-10-29 23:09:31.567615+00:00
[2024-10-29T23:09:33.185+0000] {standard_task_runner.py:55} INFO - Started process 909 to run task
[2024-10-29T23:09:33.191+0000] {standard_task_runner.py:82} INFO - Running: ['***', 'tasks', 'run', 'dummy', 'tsk1', 'manual__2024-10-29T23:09:31.567615+00:00', '--job-id', '46', '--raw', '--subdir', 'DAGS_FOLDER/dummy.py', '--cfg-path', '/tmp/tmplk1mec1f']
[2024-10-29T23:09:33.192+0000] {standard_task_runner.py:83} INFO - Job 46: Subtask tsk1
[2024-10-29T23:09:33.288+0000] {task_command.py:388} INFO - Running <TaskInstance: dummy.tsk1 manual__2024-10-29T23:09:31.567615+00:00 [running]> on host 55e2175811f2
[2024-10-29T23:09:33.394+0000] {taskinstance.py:1509} INFO - Exporting the following env vars:
AIRFLOW_CTX_DAG_OWNER=***
AIRFLOW_CTX_DAG_ID=dummy
AIRFLOW_CTX_TASK_ID=tsk1
AIRFLOW_CTX_EXECUTION_DATE=2024-10-29T23:09:31.567615+00:00
AIRFLOW_CTX_TRY_NUMBER=1
AIRFLOW_CTX_DAG_RUN_ID=manual__2024-10-29T23:09:31.567615+00:00
[2024-10-29T23:09:33.396+0000] {subprocess.py:63} INFO - Tmp dir root location: 
 /tmp
[2024-10-29T23:09:33.397+0000] {subprocess.py:75} INFO - Running command: ['/bin/bash', '-c', 'sleep 1']
[2024-10-29T23:09:33.413+0000] {subprocess.py:86} INFO - Output:
[2024-10-29T23:09:34.419+0000] {subprocess.py:97} INFO - Command exited with return code 0
[2024-10-29T23:09:34.450+0000] {taskinstance.py:1323} INFO - Marking task as SUCCESS. dag_id=dummy, task_id=tsk1, execution_date=20241029T230931, start_date=20241029T230933, end_date=20241029T230934
[2024-10-29T23:09:34.485+0000] {local_task_job.py:208} INFO - Task exited with return code 0
[2024-10-29T23:09:34.559+0000] {taskinstance.py:2578} INFO - 1 downstream tasks scheduled from follow-on schedule check
