[2024-10-29T23:09:29.046+0000] {taskinstance.py:1083} INFO - Dependencies all met for <TaskInstance: dagcomplexa.tsk5 manual__2024-10-29T23:09:14.896033+00:00 [queued]>
[2024-10-29T23:09:29.066+0000] {taskinstance.py:1083} INFO - Dependencies all met for <TaskInstance: dagcomplexa.tsk5 manual__2024-10-29T23:09:14.896033+00:00 [queued]>
[2024-10-29T23:09:29.067+0000] {taskinstance.py:1279} INFO - 
--------------------------------------------------------------------------------
[2024-10-29T23:09:29.067+0000] {taskinstance.py:1280} INFO - Starting attempt 1 of 1
[2024-10-29T23:09:29.067+0000] {taskinstance.py:1281} INFO - 
--------------------------------------------------------------------------------
[2024-10-29T23:09:29.096+0000] {taskinstance.py:1300} INFO - Executing <Task(BashOperator): tsk5> on 2024-10-29 23:09:14.896033+00:00
[2024-10-29T23:09:29.107+0000] {standard_task_runner.py:55} INFO - Started process 892 to run task
[2024-10-29T23:09:29.116+0000] {standard_task_runner.py:82} INFO - Running: ['***', 'tasks', 'run', 'dagcomplexa', 'tsk5', 'manual__2024-10-29T23:09:14.896033+00:00', '--job-id', '40', '--raw', '--subdir', 'DAGS_FOLDER/dagcomplexa.py', '--cfg-path', '/tmp/tmpx_8h1y8g']
[2024-10-29T23:09:29.118+0000] {standard_task_runner.py:83} INFO - Job 40: Subtask tsk5
[2024-10-29T23:09:29.245+0000] {task_command.py:388} INFO - Running <TaskInstance: dagcomplexa.tsk5 manual__2024-10-29T23:09:14.896033+00:00 [running]> on host 55e2175811f2
[2024-10-29T23:09:29.415+0000] {taskinstance.py:1509} INFO - Exporting the following env vars:
AIRFLOW_CTX_DAG_OWNER=***
AIRFLOW_CTX_DAG_ID=dagcomplexa
AIRFLOW_CTX_TASK_ID=tsk5
AIRFLOW_CTX_EXECUTION_DATE=2024-10-29T23:09:14.896033+00:00
AIRFLOW_CTX_TRY_NUMBER=1
AIRFLOW_CTX_DAG_RUN_ID=manual__2024-10-29T23:09:14.896033+00:00
[2024-10-29T23:09:29.418+0000] {subprocess.py:63} INFO - Tmp dir root location: 
 /tmp
[2024-10-29T23:09:29.419+0000] {subprocess.py:75} INFO - Running command: ['/bin/bash', '-c', 'sleep 5']
[2024-10-29T23:09:29.440+0000] {subprocess.py:86} INFO - Output:
[2024-10-29T23:09:34.444+0000] {subprocess.py:97} INFO - Command exited with return code 0
[2024-10-29T23:09:34.480+0000] {taskinstance.py:1323} INFO - Marking task as SUCCESS. dag_id=dagcomplexa, task_id=tsk5, execution_date=20241029T230914, start_date=20241029T230929, end_date=20241029T230934
[2024-10-29T23:09:34.518+0000] {local_task_job.py:208} INFO - Task exited with return code 0
[2024-10-29T23:09:34.559+0000] {taskinstance.py:2578} INFO - 1 downstream tasks scheduled from follow-on schedule check
