[2024-10-29T23:09:33.190+0000] {taskinstance.py:1083} INFO - Dependencies all met for <TaskInstance: dummy.tsk2 manual__2024-10-29T23:09:31.567615+00:00 [queued]>
[2024-10-29T23:09:33.208+0000] {taskinstance.py:1083} INFO - Dependencies all met for <TaskInstance: dummy.tsk2 manual__2024-10-29T23:09:31.567615+00:00 [queued]>
[2024-10-29T23:09:33.209+0000] {taskinstance.py:1279} INFO - 
--------------------------------------------------------------------------------
[2024-10-29T23:09:33.210+0000] {taskinstance.py:1280} INFO - Starting attempt 1 of 1
[2024-10-29T23:09:33.210+0000] {taskinstance.py:1281} INFO - 
--------------------------------------------------------------------------------
[2024-10-29T23:09:33.231+0000] {taskinstance.py:1300} INFO - Executing <Task(BashOperator): tsk2> on 2024-10-29 23:09:31.567615+00:00
[2024-10-29T23:09:33.237+0000] {standard_task_runner.py:55} INFO - Started process 910 to run task
[2024-10-29T23:09:33.240+0000] {standard_task_runner.py:82} INFO - Running: ['***', 'tasks', 'run', 'dummy', 'tsk2', 'manual__2024-10-29T23:09:31.567615+00:00', '--job-id', '47', '--raw', '--subdir', 'DAGS_FOLDER/dummy.py', '--cfg-path', '/tmp/tmp171av8lw']
[2024-10-29T23:09:33.241+0000] {standard_task_runner.py:83} INFO - Job 47: Subtask tsk2
[2024-10-29T23:09:33.336+0000] {task_command.py:388} INFO - Running <TaskInstance: dummy.tsk2 manual__2024-10-29T23:09:31.567615+00:00 [running]> on host 55e2175811f2
[2024-10-29T23:09:33.441+0000] {taskinstance.py:1509} INFO - Exporting the following env vars:
AIRFLOW_CTX_DAG_OWNER=***
AIRFLOW_CTX_DAG_ID=dummy
AIRFLOW_CTX_TASK_ID=tsk2
AIRFLOW_CTX_EXECUTION_DATE=2024-10-29T23:09:31.567615+00:00
AIRFLOW_CTX_TRY_NUMBER=1
AIRFLOW_CTX_DAG_RUN_ID=manual__2024-10-29T23:09:31.567615+00:00
[2024-10-29T23:09:33.443+0000] {subprocess.py:63} INFO - Tmp dir root location: 
 /tmp
[2024-10-29T23:09:33.443+0000] {subprocess.py:75} INFO - Running command: ['/bin/bash', '-c', 'sleep 1']
[2024-10-29T23:09:33.457+0000] {subprocess.py:86} INFO - Output:
[2024-10-29T23:09:34.463+0000] {subprocess.py:97} INFO - Command exited with return code 0
[2024-10-29T23:09:34.501+0000] {taskinstance.py:1323} INFO - Marking task as SUCCESS. dag_id=dummy, task_id=tsk2, execution_date=20241029T230931, start_date=20241029T230933, end_date=20241029T230934
[2024-10-29T23:09:34.535+0000] {local_task_job.py:208} INFO - Task exited with return code 0
[2024-10-29T23:09:34.581+0000] {taskinstance.py:2578} INFO - 0 downstream tasks scheduled from follow-on schedule check
