[2024-10-29T23:33:57.798+0000] {taskinstance.py:1083} INFO - Dependencies all met for <TaskInstance: pool.tsk4 manual__2024-10-29T23:29:29.851552+00:00 [queued]>
[2024-10-29T23:33:57.810+0000] {taskinstance.py:1083} INFO - Dependencies all met for <TaskInstance: pool.tsk4 manual__2024-10-29T23:29:29.851552+00:00 [queued]>
[2024-10-29T23:33:57.810+0000] {taskinstance.py:1279} INFO - 
--------------------------------------------------------------------------------
[2024-10-29T23:33:57.810+0000] {taskinstance.py:1280} INFO - Starting attempt 1 of 1
[2024-10-29T23:33:57.811+0000] {taskinstance.py:1281} INFO - 
--------------------------------------------------------------------------------
[2024-10-29T23:33:57.830+0000] {taskinstance.py:1300} INFO - Executing <Task(BashOperator): tsk4> on 2024-10-29 23:29:29.851552+00:00
[2024-10-29T23:33:57.837+0000] {standard_task_runner.py:55} INFO - Started process 1501 to run task
[2024-10-29T23:33:57.840+0000] {standard_task_runner.py:82} INFO - Running: ['***', 'tasks', 'run', 'pool', 'tsk4', 'manual__2024-10-29T23:29:29.851552+00:00', '--job-id', '118', '--raw', '--subdir', 'DAGS_FOLDER/pools.py', '--cfg-path', '/tmp/tmph_7dkyo0']
[2024-10-29T23:33:57.843+0000] {standard_task_runner.py:83} INFO - Job 118: Subtask tsk4
[2024-10-29T23:33:57.909+0000] {task_command.py:388} INFO - Running <TaskInstance: pool.tsk4 manual__2024-10-29T23:29:29.851552+00:00 [running]> on host 55e2175811f2
[2024-10-29T23:33:58.001+0000] {taskinstance.py:1509} INFO - Exporting the following env vars:
AIRFLOW_CTX_DAG_OWNER=***
AIRFLOW_CTX_DAG_ID=pool
AIRFLOW_CTX_TASK_ID=tsk4
AIRFLOW_CTX_EXECUTION_DATE=2024-10-29T23:29:29.851552+00:00
AIRFLOW_CTX_TRY_NUMBER=1
AIRFLOW_CTX_DAG_RUN_ID=manual__2024-10-29T23:29:29.851552+00:00
[2024-10-29T23:33:58.002+0000] {subprocess.py:63} INFO - Tmp dir root location: 
 /tmp
[2024-10-29T23:33:58.002+0000] {subprocess.py:75} INFO - Running command: ['/bin/bash', '-c', 'sleep 5']
[2024-10-29T23:33:58.033+0000] {subprocess.py:86} INFO - Output:
[2024-10-29T23:34:03.040+0000] {subprocess.py:97} INFO - Command exited with return code 0
[2024-10-29T23:34:03.064+0000] {taskinstance.py:1323} INFO - Marking task as SUCCESS. dag_id=pool, task_id=tsk4, execution_date=20241029T232929, start_date=20241029T233357, end_date=20241029T233403
[2024-10-29T23:34:03.111+0000] {local_task_job.py:208} INFO - Task exited with return code 0
[2024-10-29T23:34:03.125+0000] {taskinstance.py:2578} INFO - 0 downstream tasks scheduled from follow-on schedule check
