[2024-10-29T23:09:25.578+0000] {taskinstance.py:1083} INFO - Dependencies all met for <TaskInstance: daggroup.tsk4 manual__2024-10-29T23:09:17.718653+00:00 [queued]>
[2024-10-29T23:09:25.602+0000] {taskinstance.py:1083} INFO - Dependencies all met for <TaskInstance: daggroup.tsk4 manual__2024-10-29T23:09:17.718653+00:00 [queued]>
[2024-10-29T23:09:25.602+0000] {taskinstance.py:1279} INFO - 
--------------------------------------------------------------------------------
[2024-10-29T23:09:25.603+0000] {taskinstance.py:1280} INFO - Starting attempt 1 of 1
[2024-10-29T23:09:25.603+0000] {taskinstance.py:1281} INFO - 
--------------------------------------------------------------------------------
[2024-10-29T23:09:25.627+0000] {taskinstance.py:1300} INFO - Executing <Task(BashOperator): tsk4> on 2024-10-29 23:09:17.718653+00:00
[2024-10-29T23:09:25.642+0000] {standard_task_runner.py:55} INFO - Started process 880 to run task
[2024-10-29T23:09:25.648+0000] {standard_task_runner.py:82} INFO - Running: ['***', 'tasks', 'run', 'daggroup', 'tsk4', 'manual__2024-10-29T23:09:17.718653+00:00', '--job-id', '36', '--raw', '--subdir', 'DAGS_FOLDER/daggroup.py', '--cfg-path', '/tmp/tmp1arn2og_']
[2024-10-29T23:09:25.649+0000] {standard_task_runner.py:83} INFO - Job 36: Subtask tsk4
[2024-10-29T23:09:25.771+0000] {task_command.py:388} INFO - Running <TaskInstance: daggroup.tsk4 manual__2024-10-29T23:09:17.718653+00:00 [running]> on host 55e2175811f2
[2024-10-29T23:09:25.903+0000] {taskinstance.py:1509} INFO - Exporting the following env vars:
AIRFLOW_CTX_DAG_OWNER=***
AIRFLOW_CTX_DAG_ID=daggroup
AIRFLOW_CTX_TASK_ID=tsk4
AIRFLOW_CTX_EXECUTION_DATE=2024-10-29T23:09:17.718653+00:00
AIRFLOW_CTX_TRY_NUMBER=1
AIRFLOW_CTX_DAG_RUN_ID=manual__2024-10-29T23:09:17.718653+00:00
[2024-10-29T23:09:25.904+0000] {subprocess.py:63} INFO - Tmp dir root location: 
 /tmp
[2024-10-29T23:09:25.905+0000] {subprocess.py:75} INFO - Running command: ['/bin/bash', '-c', 'sleep 5']
[2024-10-29T23:09:25.922+0000] {subprocess.py:86} INFO - Output:
[2024-10-29T23:09:30.929+0000] {subprocess.py:97} INFO - Command exited with return code 0
[2024-10-29T23:09:30.954+0000] {taskinstance.py:1323} INFO - Marking task as SUCCESS. dag_id=daggroup, task_id=tsk4, execution_date=20241029T230917, start_date=20241029T230925, end_date=20241029T230930
[2024-10-29T23:09:31.001+0000] {local_task_job.py:208} INFO - Task exited with return code 0
[2024-10-29T23:09:31.030+0000] {taskinstance.py:2578} INFO - 1 downstream tasks scheduled from follow-on schedule check
