[2024-10-29T23:08:42.438+0000] {taskinstance.py:1083} INFO - Dependencies all met for <TaskInstance: triggerdag3.tsk3 manual__2024-10-29T23:08:40.416167+00:00 [queued]>
[2024-10-29T23:08:42.454+0000] {taskinstance.py:1083} INFO - Dependencies all met for <TaskInstance: triggerdag3.tsk3 manual__2024-10-29T23:08:40.416167+00:00 [queued]>
[2024-10-29T23:08:42.454+0000] {taskinstance.py:1279} INFO - 
--------------------------------------------------------------------------------
[2024-10-29T23:08:42.454+0000] {taskinstance.py:1280} INFO - Starting attempt 1 of 1
[2024-10-29T23:08:42.455+0000] {taskinstance.py:1281} INFO - 
--------------------------------------------------------------------------------
[2024-10-29T23:08:42.476+0000] {taskinstance.py:1300} INFO - Executing <Task(BashOperator): tsk3> on 2024-10-29 23:08:40.416167+00:00
[2024-10-29T23:08:42.484+0000] {standard_task_runner.py:55} INFO - Started process 725 to run task
[2024-10-29T23:08:42.487+0000] {standard_task_runner.py:82} INFO - Running: ['***', 'tasks', 'run', 'triggerdag3', 'tsk3', 'manual__2024-10-29T23:08:40.416167+00:00', '--job-id', '10', '--raw', '--subdir', 'DAGS_FOLDER/triggerDag3.py', '--cfg-path', '/tmp/tmp5md9oh4f']
[2024-10-29T23:08:42.488+0000] {standard_task_runner.py:83} INFO - Job 10: Subtask tsk3
[2024-10-29T23:08:42.569+0000] {task_command.py:388} INFO - Running <TaskInstance: triggerdag3.tsk3 manual__2024-10-29T23:08:40.416167+00:00 [running]> on host 55e2175811f2
[2024-10-29T23:08:42.651+0000] {taskinstance.py:1509} INFO - Exporting the following env vars:
AIRFLOW_CTX_DAG_OWNER=***
AIRFLOW_CTX_DAG_ID=triggerdag3
AIRFLOW_CTX_TASK_ID=tsk3
AIRFLOW_CTX_EXECUTION_DATE=2024-10-29T23:08:40.416167+00:00
AIRFLOW_CTX_TRY_NUMBER=1
AIRFLOW_CTX_DAG_RUN_ID=manual__2024-10-29T23:08:40.416167+00:00
[2024-10-29T23:08:42.652+0000] {subprocess.py:63} INFO - Tmp dir root location: 
 /tmp
[2024-10-29T23:08:42.652+0000] {subprocess.py:75} INFO - Running command: ['/bin/bash', '-c', 'sleep 5']
[2024-10-29T23:08:42.665+0000] {subprocess.py:86} INFO - Output:
[2024-10-29T23:08:47.669+0000] {subprocess.py:97} INFO - Command exited with return code 0
[2024-10-29T23:08:47.699+0000] {taskinstance.py:1323} INFO - Marking task as SUCCESS. dag_id=triggerdag3, task_id=tsk3, execution_date=20241029T230840, start_date=20241029T230842, end_date=20241029T230847
[2024-10-29T23:08:47.756+0000] {local_task_job.py:208} INFO - Task exited with return code 0
[2024-10-29T23:08:47.777+0000] {taskinstance.py:2578} INFO - 0 downstream tasks scheduled from follow-on schedule check
