[2024-10-29T23:34:28.900+0000] {taskinstance.py:1083} INFO - Dependencies all met for <TaskInstance: pool.tsk4 manual__2024-10-29T23:34:01.786984+00:00 [queued]>
[2024-10-29T23:34:28.906+0000] {taskinstance.py:1083} INFO - Dependencies all met for <TaskInstance: pool.tsk4 manual__2024-10-29T23:34:01.786984+00:00 [queued]>
[2024-10-29T23:34:28.906+0000] {taskinstance.py:1279} INFO - 
--------------------------------------------------------------------------------
[2024-10-29T23:34:28.906+0000] {taskinstance.py:1280} INFO - Starting attempt 1 of 1
[2024-10-29T23:34:28.906+0000] {taskinstance.py:1281} INFO - 
--------------------------------------------------------------------------------
[2024-10-29T23:34:28.915+0000] {taskinstance.py:1300} INFO - Executing <Task(BashOperator): tsk4> on 2024-10-29 23:34:01.786984+00:00
[2024-10-29T23:34:28.920+0000] {standard_task_runner.py:55} INFO - Started process 1572 to run task
[2024-10-29T23:34:28.923+0000] {standard_task_runner.py:82} INFO - Running: ['***', 'tasks', 'run', 'pool', 'tsk4', 'manual__2024-10-29T23:34:01.786984+00:00', '--job-id', '123', '--raw', '--subdir', 'DAGS_FOLDER/pools.py', '--cfg-path', '/tmp/tmp2ychma08']
[2024-10-29T23:34:28.925+0000] {standard_task_runner.py:83} INFO - Job 123: Subtask tsk4
[2024-10-29T23:34:28.975+0000] {task_command.py:388} INFO - Running <TaskInstance: pool.tsk4 manual__2024-10-29T23:34:01.786984+00:00 [running]> on host 55e2175811f2
[2024-10-29T23:34:29.027+0000] {taskinstance.py:1509} INFO - Exporting the following env vars:
AIRFLOW_CTX_DAG_OWNER=***
AIRFLOW_CTX_DAG_ID=pool
AIRFLOW_CTX_TASK_ID=tsk4
AIRFLOW_CTX_EXECUTION_DATE=2024-10-29T23:34:01.786984+00:00
AIRFLOW_CTX_TRY_NUMBER=1
AIRFLOW_CTX_DAG_RUN_ID=manual__2024-10-29T23:34:01.786984+00:00
[2024-10-29T23:34:29.028+0000] {subprocess.py:63} INFO - Tmp dir root location: 
 /tmp
[2024-10-29T23:34:29.029+0000] {subprocess.py:75} INFO - Running command: ['/bin/bash', '-c', 'sleep 5']
[2024-10-29T23:34:29.041+0000] {subprocess.py:86} INFO - Output:
[2024-10-29T23:34:34.044+0000] {subprocess.py:97} INFO - Command exited with return code 0
[2024-10-29T23:34:34.066+0000] {taskinstance.py:1323} INFO - Marking task as SUCCESS. dag_id=pool, task_id=tsk4, execution_date=20241029T233401, start_date=20241029T233428, end_date=20241029T233434
[2024-10-29T23:34:34.105+0000] {local_task_job.py:208} INFO - Task exited with return code 0
[2024-10-29T23:34:34.119+0000] {taskinstance.py:2578} INFO - 0 downstream tasks scheduled from follow-on schedule check
