[2024-10-29T23:09:54.401+0000] {taskinstance.py:1083} INFO - Dependencies all met for <TaskInstance: quarta_dag.tsk2 manual__2024-10-29T23:09:47.497955+00:00 [queued]>
[2024-10-29T23:09:54.413+0000] {taskinstance.py:1083} INFO - Dependencies all met for <TaskInstance: quarta_dag.tsk2 manual__2024-10-29T23:09:47.497955+00:00 [queued]>
[2024-10-29T23:09:54.413+0000] {taskinstance.py:1279} INFO - 
--------------------------------------------------------------------------------
[2024-10-29T23:09:54.413+0000] {taskinstance.py:1280} INFO - Starting attempt 1 of 1
[2024-10-29T23:09:54.413+0000] {taskinstance.py:1281} INFO - 
--------------------------------------------------------------------------------
[2024-10-29T23:09:54.426+0000] {taskinstance.py:1300} INFO - Executing <Task(BashOperator): tsk2> on 2024-10-29 23:09:47.497955+00:00
[2024-10-29T23:09:54.431+0000] {standard_task_runner.py:55} INFO - Started process 1018 to run task
[2024-10-29T23:09:54.434+0000] {standard_task_runner.py:82} INFO - Running: ['***', 'tasks', 'run', 'quarta_dag', 'tsk2', 'manual__2024-10-29T23:09:47.497955+00:00', '--job-id', '70', '--raw', '--subdir', 'DAGS_FOLDER/quartadag.py', '--cfg-path', '/tmp/tmpwnz_in42']
[2024-10-29T23:09:54.435+0000] {standard_task_runner.py:83} INFO - Job 70: Subtask tsk2
[2024-10-29T23:09:54.497+0000] {task_command.py:388} INFO - Running <TaskInstance: quarta_dag.tsk2 manual__2024-10-29T23:09:47.497955+00:00 [running]> on host 55e2175811f2
[2024-10-29T23:09:54.569+0000] {taskinstance.py:1509} INFO - Exporting the following env vars:
AIRFLOW_CTX_DAG_OWNER=***
AIRFLOW_CTX_DAG_ID=quarta_dag
AIRFLOW_CTX_TASK_ID=tsk2
AIRFLOW_CTX_EXECUTION_DATE=2024-10-29T23:09:47.497955+00:00
AIRFLOW_CTX_TRY_NUMBER=1
AIRFLOW_CTX_DAG_RUN_ID=manual__2024-10-29T23:09:47.497955+00:00
[2024-10-29T23:09:54.569+0000] {subprocess.py:63} INFO - Tmp dir root location: 
 /tmp
[2024-10-29T23:09:54.570+0000] {subprocess.py:75} INFO - Running command: ['/bin/bash', '-c', 'sleep 5']
[2024-10-29T23:09:54.581+0000] {subprocess.py:86} INFO - Output:
[2024-10-29T23:09:59.585+0000] {subprocess.py:97} INFO - Command exited with return code 0
[2024-10-29T23:09:59.612+0000] {taskinstance.py:1323} INFO - Marking task as SUCCESS. dag_id=quarta_dag, task_id=tsk2, execution_date=20241029T230947, start_date=20241029T230954, end_date=20241029T230959
[2024-10-29T23:09:59.666+0000] {local_task_job.py:208} INFO - Task exited with return code 0
[2024-10-29T23:09:59.689+0000] {taskinstance.py:2578} INFO - 1 downstream tasks scheduled from follow-on schedule check
